Log file open, 08/29/18 23:37:36
LogWindows: Failed to load 'aqProf.dll' (GetLastError=126)
LogWindows: File 'aqProf.dll' does not exist
LogWindows: Failed to load 'VSPerf140.dll' (GetLastError=126)
LogWindows: File 'VSPerf140.dll' does not exist
LogWindows: Failed to load 'VtuneApi.dll' (GetLastError=126)
LogWindows: File 'VtuneApi.dll' does not exist
LogWindows: Failed to load 'VtuneApi32e.dll' (GetLastError=126)
LogWindows: File 'VtuneApi32e.dll' does not exist
LogInit: Display: Running engine for game: MyProject
LogPlatformFile: Not using cached read wrapper
LogTaskGraph: Started task graph with 5 named threads and 23 total threads with 3 sets of task threads.
LogStats: Stats thread started at 0.297561
LogD3D11RHI: Loaded GFSDK_Aftermath_Lib.x64.dll
LogICUInternationalization: Display: ICU TimeZone Detection - Raw Offset: -5:00, Platform Override: ''
LogPluginManager: Mounting plugin Paper2D
LogPluginManager: Mounting plugin AISupport
LogPluginManager: Mounting plugin LightPropagationVolume
LogPluginManager: Mounting plugin CLionSourceCodeAccess
LogPluginManager: Mounting plugin CodeLiteSourceCodeAccess
LogPluginManager: Mounting plugin GitSourceControl
LogPluginManager: Mounting plugin KDevelopSourceCodeAccess
LogPluginManager: Mounting plugin NullSourceCodeAccess
LogPluginManager: Mounting plugin PerforceSourceControl
LogPluginManager: Mounting plugin SubversionSourceControl
LogPluginManager: Mounting plugin UObjectPlugin
LogPluginManager: Mounting plugin VisualStudioCodeSourceCodeAccess
LogPluginManager: Mounting plugin VisualStudioSourceCodeAccess
LogPluginManager: Mounting plugin XCodeSourceCodeAccess
LogPluginManager: Mounting plugin AssetManagerEditor
LogPluginManager: Mounting plugin CryptoKeys
LogPluginManager: Mounting plugin DataValidation
LogPluginManager: Mounting plugin FacialAnimation
LogPluginManager: Mounting plugin GameplayTagsEditor
LogPluginManager: Mounting plugin MacGraphicsSwitching
LogPluginManager: Mounting plugin MeshEditor
LogPluginManager: Mounting plugin MobileLauncherProfileWizard
LogPluginManager: Mounting plugin PluginBrowser
LogPluginManager: Mounting plugin SpeedTreeImporter
LogPluginManager: Mounting plugin DatasmithContent
LogPluginManager: Mounting plugin AlembicImporter
LogPluginManager: Mounting plugin AppleImageUtils
LogPluginManager: Mounting plugin AppleVision
LogPluginManager: Mounting plugin BackChannel
LogPluginManager: Mounting plugin CharacterAI
LogPluginManager: Mounting plugin GeometryCache
LogPluginManager: Mounting plugin HTML5Networking
LogPluginManager: Mounting plugin ProxyLODPlugin
LogPluginManager: Mounting plugin MagicLeap
LogPluginManager: Mounting plugin MagicLeapEmulator
LogPluginManager: Mounting plugin MagicLeapMedia
LogPluginManager: Mounting plugin AndroidMedia
LogPluginManager: Mounting plugin AvfMedia
LogPluginManager: Mounting plugin ImgMedia
LogPluginManager: Mounting plugin LinearTimecode
LogPluginManager: Mounting plugin MediaCompositing
LogPluginManager: Mounting plugin MediaPlayerEditor
LogPluginManager: Mounting plugin WmfMedia
LogPluginManager: Mounting plugin TcpMessaging
LogPluginManager: Mounting plugin UdpMessaging
LogPluginManager: Mounting plugin ActorSequence
LogPluginManager: Mounting plugin LevelSequenceEditor
LogPluginManager: Mounting plugin MatineeToLevelSequence
LogPluginManager: Mounting plugin NetcodeUnitTest
LogPluginManager: Mounting plugin NUTUnrealEngine4
LogPluginManager: Mounting plugin OnlineSubsystemGooglePlay
LogPluginManager: Mounting plugin OnlineSubsystemIOS
LogPluginManager: Mounting plugin OnlineSubsystem
LogPluginManager: Mounting plugin OnlineSubsystemNull
LogPluginManager: Mounting plugin OnlineSubsystemUtils
LogPluginManager: Mounting plugin LauncherChunkInstaller
LogPluginManager: Mounting plugin AndroidDeviceProfileSelector
LogPluginManager: Mounting plugin AndroidMoviePlayer
LogPluginManager: Mounting plugin AndroidPermission
LogPluginManager: Mounting plugin AppleMoviePlayer
LogPluginManager: Mounting plugin ArchVisCharacter
LogPluginManager: Mounting plugin AudioCapture
LogPluginManager: Mounting plugin CableComponent
LogPluginManager: Mounting plugin CustomMeshComponent
LogPluginManager: Mounting plugin EditableMesh
LogPluginManager: Mounting plugin ExampleDeviceProfileSelector
LogPluginManager: Mounting plugin GoogleCloudMessaging
LogPluginManager: Mounting plugin ImmediatePhysics
LogPluginManager: Mounting plugin IOSDeviceProfileSelector
LogPluginManager: Mounting plugin LinuxDeviceProfileSelector
LogPluginManager: Mounting plugin LocationServicesBPLibrary
LogPluginManager: Mounting plugin MobilePatchingUtils
LogPluginManager: Mounting plugin OculusVR
LogPluginManager: Plugin shader directory ../../../Engine/Plugins/Runtime/Oculus/OculusVR/Shaders found
LogPluginManager: Mapping shader source directory ../../../Engine/Plugins/Runtime/Oculus/OculusVR/Shaders to virtual directory /Plugin/OculusVR
LogPluginManager: Mounting plugin PhysXVehicles
LogPluginManager: Mounting plugin ProceduralMeshComponent
LogPluginManager: Mounting plugin RuntimePhysXCooking
LogPluginManager: Mounting plugin SteamVR
LogPluginManager: Mounting plugin WindowsMoviePlayer
LogStreaming: Display: Took  0.097s to configure plugins.
LogInit: Using libcurl 7.55.1-DEV
LogInit:  - built for x86_64-pc-win32
LogInit:  - supports SSL with OpenSSL/1.0.2h
LogInit:  - supports HTTP deflate (compression) using libz 1.2.8
LogInit:  - other features:
LogInit:      CURL_VERSION_SSL
LogInit:      CURL_VERSION_LIBZ
LogInit:      CURL_VERSION_IPV6
LogInit:      CURL_VERSION_ASYNCHDNS
LogInit:      CURL_VERSION_LARGEFILE
LogInit:      CURL_VERSION_IDN
LogInit:  CurlRequestOptions (configurable via config and command line):
LogInit:  - bVerifyPeer = false  - Libcurl will NOT verify peer certificate
LogInit:  - bUseHttpProxy = false  - Libcurl will NOT use HTTP proxy
LogInit:  - bDontReuseConnections = false  - Libcurl will reuse connections
LogInit:  - CertBundlePath = nullptr  - Libcurl will use whatever was configured at build time.
LogInit:  - MaxHostConnections = 16  - Libcurl will limit the number of connections to a host
LogInit:  - LocalHostAddr = Default
LogInit:  - BufferSize = 65536
LogInit: WinSock: version 1.1 (2.2), MaxSocks=32767, MaxUdp=65467
LogInit: Build: ++UE4+Release-4.20-CL-4302132
LogInit: Engine Version: 4.20.2-4302132+++UE4+Release-4.20
LogInit: Compatible Engine Version: 4.20.0-4212847+++UE4+Release-4.20
LogInit: Net CL: 4212847
LogInit: OS: Windows 10 (), CPU: Intel(R) Core(TM) i5-8300H CPU @ 2.30GHz, GPU: Intel(R) UHD Graphics 630
LogInit: Compiled (64-bit): Aug 21 2018 02:06:06
LogInit: Compiled with Visual C++: 19.13.26129.00
LogInit: Build Configuration: Development
LogInit: Branch Name: ++UE4+Release-4.20
LogInit: Command Line: 
LogInit: Base Directory: C:/Program Files/Epic Games/UE_4.20/Engine/Binaries/Win64/
LogInit: Installed Engine Build: 1
LogDevObjectVersion: Number of dev versions registered: 20
LogDevObjectVersion:   Dev-Blueprints (B0D832E4-1F89-4F0D-ACCF-7EB736FD4AA2): 10
LogDevObjectVersion:   Dev-Build (E1C64328-A22C-4D53-A36C-8E866417BD8C): 0
LogDevObjectVersion:   Dev-Core (375EC13C-06E4-48FB-B500-84F0262A717E): 2
LogDevObjectVersion:   Dev-Editor (E4B068ED-F494-42E9-A231-DA0B2E46BB41): 24
LogDevObjectVersion:   Dev-Framework (CFFC743F-43B0-4480-9391-14DF171D2073): 34
LogDevObjectVersion:   Dev-Mobile (B02B49B5-BB20-44E9-A304-32B752E40360): 2
LogDevObjectVersion:   Dev-Networking (A4E4105C-59A1-49B5-A7C5-40C4547EDFEE): 0
LogDevObjectVersion:   Dev-Online (39C831C9-5AE6-47DC-9A44-9C173E1C8E7C): 0
LogDevObjectVersion:   Dev-Physics (78F01B33-EBEA-4F98-B9B4-84EACCB95AA2): 0
LogDevObjectVersion:   Dev-Platform (6631380F-2D4D-43E0-8009-CF276956A95A): 0
LogDevObjectVersion:   Dev-Rendering (12F88B9F-8875-4AFC-A67C-D90C383ABD29): 26
LogDevObjectVersion:   Dev-Sequencer (7B5AE74C-D270-4C10-A958-57980B212A5A): 9
LogDevObjectVersion:   Dev-VR (D7296918-1DD6-4BDD-9DE2-64A83CC13884): 2
LogDevObjectVersion:   Dev-LoadTimes (C2A15278-BFE7-4AFE-6C17-90FF531DF755): 1
LogDevObjectVersion:   Private-Geometry (6EACA3D4-40EC-4CC1-B786-8BED09428FC5): 3
LogDevObjectVersion:   Dev-AnimPhys (29E575DD-E0A3-4627-9D10-D276232CDCEA): 17
LogDevObjectVersion:   Dev-ReflectionCapture (6B266CEC-1EC7-4B8F-A30B-E4D90942FC07): 1
LogDevObjectVersion:   Dev-Automation (0DF73D61-A23F-47EA-B727-89E90C41499A): 1
LogDevObjectVersion:   FortniteMain (601D1886-AC64-4F84-AA16-D3DE0DEAC7D6): 12
LogDevObjectVersion:   Dev-Enterprise (9DFFBCD6-494F-0158-E221-12823C92A888): 1
LogStreaming: Display: Took  0.000s to delete old logs.
LogInit: Presizing for max 8388607 objects, including 0 objects not considered by GC, pre-allocating 0 bytes for permanent pool.
LogInit: Object subsystem initialized
[2018.08.30-03.37.36:950][  0]LogInit: Selected Device Profile: [Windows]
[2018.08.30-03.37.36:950][  0]LogInit: Applying CVar settings loaded from the selected device profile: [Windows]
[2018.08.30-03.37.36:967][  0]LogHAL: Display: Platform has ~ 8 GB [8461172736 / 8589934592 / 8], which maps to Default [LargestMinGB=32, LargerMinGB=12, DefaultMinGB=8, SmallerMinGB=6, SmallestMinGB=0)
[2018.08.30-03.37.36:967][  0]LogInit: Setting Device Profile CVar: [[r.Vulkan.UseRealUBs:1]]
[2018.08.30-03.37.36:967][  0]LogInit: Going up to parent DeviceProfile []
[2018.08.30-03.37.36:967][  0]LogInit: Computer: MSI-VINCENT
[2018.08.30-03.37.36:967][  0]LogInit: User: Vincent
[2018.08.30-03.37.36:967][  0]LogInit: CPU Page size=4096, Cores=4
[2018.08.30-03.37.36:967][  0]LogInit: High frequency timer resolution =2.250000 MHz
[2018.08.30-03.37.36:968][  0]LogMemory: Memory total: Physical=7.9GB (8GB approx)
[2018.08.30-03.37.36:968][  0]LogMemory: Platform Memory Stats for Windows
[2018.08.30-03.37.36:968][  0]LogMemory: Process Physical Memory: 100.00 MB used, 100.00 MB peak
[2018.08.30-03.37.36:968][  0]LogMemory: Process Virtual Memory: 91.04 MB used, 91.04 MB peak
[2018.08.30-03.37.36:968][  0]LogMemory: Physical Memory: 6374.48 MB used,  1694.72 MB free, 8069.20 MB total
[2018.08.30-03.37.36:968][  0]LogMemory: Virtual Memory: 4640.12 MB used,  1694.72 MB free, 134217728.00 MB total
[2018.08.30-03.37.36:984][  0]LogInit: Using OS detected language (fr-FR).
[2018.08.30-03.37.36:984][  0]LogInit: Using OS detected locale (fr-FR).
[2018.08.30-03.37.36:984][  0]LogTextLocalizationManager: No specific localization for 'fr-FR' exists, so the 'fr' localization will be used.
[2018.08.30-03.37.36:986][  0]LogStreaming: Display: Took  0.002s to InitEngineTextLocalization.
[2018.08.30-03.37.37:025][  0]LogSlate: New Slate User Created.  User Index 0, Is Virtual User: 0
[2018.08.30-03.37.37:025][  0]LogSlate: Slate User Registered.  User Index 0, Is Virtual User: 0
[2018.08.30-03.37.37:231][  0]LogHMD: Failed to initialize OpenVR with code 110
[2018.08.30-03.37.37:231][  0]LogD3D11RHI: D3D11 adapters:
[2018.08.30-03.37.37:312][  0]LogD3D11RHI:    0. 'NVIDIA GeForce GTX 1060' (Feature Level 11_0)
[2018.08.30-03.37.37:312][  0]LogD3D11RHI:       6052/0/4034 MB DedicatedVideo/DedicatedSystem/SharedSystem, Outputs:1, VendorId:0x10de
[2018.08.30-03.37.37:323][  0]LogD3D11RHI:    1. 'Intel(R) UHD Graphics 630' (Feature Level 11_0)
[2018.08.30-03.37.37:323][  0]LogD3D11RHI:       128/0/4034 MB DedicatedVideo/DedicatedSystem/SharedSystem, Outputs:0, VendorId:0x8086
[2018.08.30-03.37.37:325][  0]LogD3D11RHI:    2. 'Microsoft Basic Render Driver' (Feature Level 11_0)
[2018.08.30-03.37.37:325][  0]LogD3D11RHI:       0/0/4034 MB DedicatedVideo/DedicatedSystem/SharedSystem, Outputs:0, VendorId:0x1414
[2018.08.30-03.37.37:325][  0]LogD3D11RHI: Chosen D3D11 Adapter: 0
[2018.08.30-03.37.37:354][  0]LogD3D11RHI: Creating new Direct3DDevice
[2018.08.30-03.37.37:354][  0]LogD3D11RHI:     GPU DeviceId: 0x1c20 (for the marketing name, search the web for "GPU Device Id")
[2018.08.30-03.37.37:354][  0]LogWindows: EnumDisplayDevices:
[2018.08.30-03.37.37:354][  0]LogWindows:    0. 'Intel(R) UHD Graphics 630' (P:1 D:1)
[2018.08.30-03.37.37:355][  0]LogWindows:    1. 'Intel(R) UHD Graphics 630' (P:0 D:0)
[2018.08.30-03.37.37:355][  0]LogWindows:    2. 'Intel(R) UHD Graphics 630' (P:0 D:0)
[2018.08.30-03.37.37:355][  0]LogWindows:    3. 'NVIDIA GeForce GTX 1060' (P:0 D:0)
[2018.08.30-03.37.37:355][  0]LogWindows:    4. 'NVIDIA GeForce GTX 1060' (P:0 D:0)
[2018.08.30-03.37.37:355][  0]LogWindows:    5. 'NVIDIA GeForce GTX 1060' (P:0 D:0)
[2018.08.30-03.37.37:356][  0]LogWindows:    6. 'NVIDIA GeForce GTX 1060' (P:0 D:0)
[2018.08.30-03.37.37:356][  0]LogWindows: DebugString: PrimaryIsNotTheChoosenAdapter PrimaryIsNotTheChoosenAdapter PrimaryIsNotTheChoosenAdapter FoundDriverCount:4 
[2018.08.30-03.37.37:356][  0]LogD3D11RHI:     Adapter Name: NVIDIA GeForce GTX 1060
[2018.08.30-03.37.37:356][  0]LogD3D11RHI:   Driver Version: 399.07 (internal:24.21.13.9907, unified:399.07)
[2018.08.30-03.37.37:356][  0]LogD3D11RHI:      Driver Date: 8-21-2018
[2018.08.30-03.37.37:356][  0]LogRHI: Texture pool is 4236 MB (70% of 6052 MB)
[2018.08.30-03.37.37:394][  0]LogD3D11RHI: Async texture creation enabled
[2018.08.30-03.37.37:414][  0]LogD3D11RHI: GPU Timing Frequency: 1000.000000 (Debug: 2 2)
[2018.08.30-03.37.37:415][  0]LogShaderCompilers: Guid format shader working directory is -40 characters bigger than the processId version (../../../../../../Users/Vincent/Desktop/Cours/Mondes virtuels/projet-unreal-2018-VinSey1/Intermediate/Shaders/WorkingDirectory/1620/).
[2018.08.30-03.37.37:415][  0]LogShaderCompilers: Cleaned the shader compiler working directory 'C:/Users/Vincent/AppData/Local/Temp/UnrealShaderWorkingDir/7EFD0E65498DFC01E6B112A0E0D23498/'.
[2018.08.30-03.37.37:665][  0]LogTemp: Display: Loaded TP AllDesktopTargetPlatform
[2018.08.30-03.37.37:678][  0]LogTemp: Display: Loaded TP MacClientTargetPlatform
[2018.08.30-03.37.37:689][  0]LogTemp: Display: Loaded TP MacNoEditorTargetPlatform
[2018.08.30-03.37.37:701][  0]LogTemp: Display: Loaded TP MacServerTargetPlatform
[2018.08.30-03.37.37:713][  0]LogTemp: Display: Loaded TP MacTargetPlatform
[2018.08.30-03.37.37:725][  0]LogTemp: Display: Loaded TP WindowsClientTargetPlatform
[2018.08.30-03.37.37:736][  0]LogTemp: Display: Loaded TP WindowsNoEditorTargetPlatform
[2018.08.30-03.37.37:748][  0]LogTemp: Display: Loaded TP WindowsServerTargetPlatform
[2018.08.30-03.37.37:754][  0]LogTemp: Display: Loaded TP WindowsTargetPlatform
[2018.08.30-03.37.37:833][  0]LogTemp: Display: Loaded TP AndroidTargetPlatform
[2018.08.30-03.37.37:833][  0]LogTemp: Display: Loaded TP AndroidTargetPlatform
[2018.08.30-03.37.37:833][  0]LogTemp: Display: Loaded TP AndroidTargetPlatform
[2018.08.30-03.37.37:833][  0]LogTemp: Display: Loaded TP AndroidTargetPlatform
[2018.08.30-03.37.37:833][  0]LogTemp: Display: Loaded TP AndroidTargetPlatform
[2018.08.30-03.37.37:833][  0]LogTemp: Display: Loaded TP AndroidTargetPlatform
[2018.08.30-03.37.37:833][  0]LogTemp: Display: Loaded TP AndroidTargetPlatform
[2018.08.30-03.37.37:833][  0]LogTemp: Display: Loaded TP AndroidTargetPlatform
[2018.08.30-03.37.37:833][  0]LogTemp: Display: Loaded TP AndroidTargetPlatform
[2018.08.30-03.37.37:833][  0]LogTemp: Display: Loaded TP AndroidTargetPlatform
[2018.08.30-03.37.37:833][  0]LogTemp: Display: Loaded TP AndroidTargetPlatform
[2018.08.30-03.37.37:833][  0]LogTemp: Display: Loaded TP AndroidTargetPlatform
[2018.08.30-03.37.37:833][  0]LogTemp: Display: Loaded TP AndroidTargetPlatform
[2018.08.30-03.37.37:833][  0]LogTemp: Display: Loaded TP AndroidTargetPlatform
[2018.08.30-03.37.37:833][  0]LogTemp: Display: Loaded TP AndroidTargetPlatform
[2018.08.30-03.37.37:833][  0]LogTemp: Display: Loaded TP AndroidTargetPlatform
[2018.08.30-03.37.37:833][  0]LogTemp: Display: Loaded TP AndroidTargetPlatform
[2018.08.30-03.37.37:833][  0]LogTemp: Display: Loaded TP AndroidTargetPlatform
[2018.08.30-03.37.37:834][  0]LogTemp: Display: Loaded TP HTML5TargetPlatform
[2018.08.30-03.37.37:893][  0]LogTemp: Display: Loaded TP IOSTargetPlatform
[2018.08.30-03.37.37:893][  0]LogTemp: Display: Loaded TP IOSTargetPlatform
[2018.08.30-03.37.37:913][  0]LogTemp: Display: Loaded TP TVOSTargetPlatform
[2018.08.30-03.37.37:913][  0]LogTemp: Display: Loaded TP TVOSTargetPlatform
[2018.08.30-03.37.37:925][  0]LogTemp: Display: Loaded TP LinuxClientTargetPlatform
[2018.08.30-03.37.37:935][  0]LogTemp: Display: Loaded TP LinuxNoEditorTargetPlatform
[2018.08.30-03.37.37:946][  0]LogTemp: Display: Loaded TP LinuxServerTargetPlatform
[2018.08.30-03.37.37:958][  0]LogTemp: Display: Loaded TP LinuxTargetPlatform
[2018.08.30-03.37.37:966][  0]LogTemp: Display: Loaded TP LuminTargetPlatform
[2018.08.30-03.37.37:966][  0]LogTargetPlatformManager: Display: Building Assets For Windows
[2018.08.30-03.37.38:017][  0]LogXGEController: Cannot use XGE Controller as Incredibuild is not installed on this machine.
[2018.08.30-03.37.38:017][  0]LogShaderCompilers: Cannot use XGE Shader Compiler as Incredibuild is not installed on this machine.
[2018.08.30-03.37.38:017][  0]LogShaderCompilers: Display: Using Local Shader Compiler.
[2018.08.30-03.37.38:732][  0]LogDerivedDataCache: Display: Max Cache Size: 512 MB
[2018.08.30-03.37.38:791][  0]LogDerivedDataCache: Loaded boot cache 0.06s 71MB C:/Users/Vincent/AppData/Local/UnrealEngine/4.20/DerivedDataCache/Boot.ddc.
[2018.08.30-03.37.38:792][  0]LogDerivedDataCache: Display: Loaded Boot cache: C:/Users/Vincent/AppData/Local/UnrealEngine/4.20/DerivedDataCache/Boot.ddc
[2018.08.30-03.37.38:792][  0]LogDerivedDataCache: FDerivedDataBackendGraph:  Pak pak cache file ../../../../../../Users/Vincent/Desktop/Cours/Mondes virtuels/projet-unreal-2018-VinSey1/DerivedDataCache/DDC.ddp not found, will not use a pak cache.
[2018.08.30-03.37.38:792][  0]LogDerivedDataCache: Unable to find inner node Pak for hierarchical cache Hierarchy.
[2018.08.30-03.37.38:792][  0]LogDerivedDataCache: FDerivedDataBackendGraph:  CompressedPak pak cache file ../../../../../../Users/Vincent/Desktop/Cours/Mondes virtuels/projet-unreal-2018-VinSey1/DerivedDataCache/Compressed.ddp not found, will not use a pak cache.
[2018.08.30-03.37.38:792][  0]LogDerivedDataCache: Unable to find inner node CompressedPak for hierarchical cache Hierarchy.
[2018.08.30-03.37.38:804][  0]LogDerivedDataCache: Display: Pak cache opened for reading ../../../Engine/DerivedDataCache/Compressed.ddp.
[2018.08.30-03.37.38:817][  0]LogDerivedDataCache: Using Local data cache path C:/Users/Vincent/AppData/Local/UnrealEngine/Common/DerivedDataCache: Writable
[2018.08.30-03.37.38:817][  0]LogDerivedDataCache: Shared data cache path not found in *engine.ini, will not use an Shared cache.
[2018.08.30-03.37.38:817][  0]LogDerivedDataCache: Unable to find inner node Shared for hierarchical cache Hierarchy.
[2018.08.30-03.37.38:836][  0]LogMaterial: Verifying Global Shaders for PCD3D_SM5
[2018.08.30-03.37.38:837][  0]LogSlate: Using FreeType 2.6.0
[2018.08.30-03.37.38:838][  0]LogSlate: SlateFontServices - WITH_FREETYPE: 1, WITH_HARFBUZZ: 1
[2018.08.30-03.37.38:910][  0]LogAssetRegistry: FAssetRegistry took 0.0267 seconds to start up
[2018.08.30-03.37.39:249][  0]LogInit: Selected Device Profile: [Windows]
[2018.08.30-03.37.39:382][  0]LogSimplygon: Simplygon DLL not present - disabling.
[2018.08.30-03.37.39:385][  0]LogMeshReduction: Using SimplygonSwarm for distributed automatic mesh merging
[2018.08.30-03.37.39:385][  0]LogMeshReduction: Using ProxyLODMeshReduction for automatic mesh merging
[2018.08.30-03.37.39:385][  0]LogMeshReduction: Using QuadricMeshReduction for automatic static mesh reduction
[2018.08.30-03.37.39:385][  0]LogMeshReduction: No automatic skeletal mesh reduction module available
[2018.08.30-03.37.39:399][  0]LogNetVersion: MyProject 1.0.0, NetCL: 4212847, EngineNetVer: 5, GameNetVer: 0 (Checksum: 1110078900)
[2018.08.30-03.37.39:914][  0]LogPackageLocalizationCache: Processed 11 localized package path(s) for 2 prioritized culture(s) in 0.108884 seconds
[2018.08.30-03.37.39:921][  0]LogUObjectArray: 38425 objects as part of root set at end of initial load.
[2018.08.30-03.37.39:921][  0]LogUObjectAllocator: 6690872 out of 0 bytes used by permanent object pool.
[2018.08.30-03.37.39:921][  0]LogUObjectArray: CloseDisregardForGC: 0/0 objects in disregard for GC pool
[2018.08.30-03.37.40:766][  0]LogTcpMessaging: Initializing TcpMessaging bridge
[2018.08.30-03.37.40:779][  0]LogUdpMessaging: Initializing bridge on interface 0.0.0.0:0 to multicast group 230.0.0.1:6666.
[2018.08.30-03.37.40:916][  0]SourceControl: Source control is disabled
[2018.08.30-03.37.40:916][  0]SourceControl: Source control is disabled
[2018.08.30-03.37.40:918][  0]SourceControl: Source control is disabled
[2018.08.30-03.37.40:918][  0]SourceControl: Source control is disabled
[2018.08.30-03.37.41:078][  0]LogAndroidPermission: UAndroidPermissionCallbackProxy::GetInstance
[2018.08.30-03.37.41:125][  0]LogOcInput: OculusInput pre-init called
[2018.08.30-03.37.41:185][  0]LogEngine: Initializing Engine...
[2018.08.30-03.37.41:186][  0]LogHMD: Failed to initialize OpenVR with code 110
[2018.08.30-03.37.41:187][  0]LogStats: UGameplayTagsManager::ConstructGameplayTagTree: ImportINI prefixes -  0.000 s
[2018.08.30-03.37.41:187][  0]LogStats: UGameplayTagsManager::ConstructGameplayTagTree: Construct from data asset -  0.000 s
[2018.08.30-03.37.41:187][  0]LogStats: UGameplayTagsManager::ConstructGameplayTagTree: ImportINI -  0.000 s
[2018.08.30-03.37.41:187][  0]LogStats: UGameplayTagsManager::ConstructGameplayTagTree: GameplayTagTreeChangedEvent.Broadcast -  0.000 s
[2018.08.30-03.37.41:421][  0]LogInit: Initializing FReadOnlyCVARCache
[2018.08.30-03.37.41:440][  0]LogAIModule: Creating AISystem for world Untitled
[2018.08.30-03.37.41:505][  0]LogInit: XAudio2 using 'Casque pour téléphone (HyperX 7.1 Audio)' : 2 channels at 48 kHz using 16 bits per sample (channel mask 0x3)
[2018.08.30-03.37.41:517][  0]LogInit: FAudioDevice initialized.
[2018.08.30-03.37.41:517][  0]LogNetVersion: Set ProjectVersion to 1.0.0.0. Version Checksum will be recalculated on next use.
[2018.08.30-03.37.41:594][  0]LogDerivedDataCache: Saved boot cache 0.08s 71MB C:/Users/Vincent/AppData/Local/UnrealEngine/4.20/DerivedDataCache/Boot.ddc.
[2018.08.30-03.37.41:608][  0]LogInit: Texture streaming: Enabled
[2018.08.30-03.37.41:626][  0]LogEngineSessionManager: EngineSessionManager initialized
[2018.08.30-03.37.41:643][  0]LogInit: Transaction tracking system initialized
[2018.08.30-03.37.41:666][  0]BlueprintLog: New page: Editor Load
[2018.08.30-03.37.41:744][  0]LocalizationService: Localization service is disabled
[2018.08.30-03.37.41:984][  0]LogCook: Display: Max memory allowance for cook 16384mb min free memory 0mb
[2018.08.30-03.37.41:984][  0]LogCook: Display: Mobile HDR setting 1
[2018.08.30-03.37.41:984][  0]LogGameplayTags: Display: UGameplayTagsManager::DoneAddingNativeTags. DelegateIsBound: 0
[2018.08.30-03.37.41:984][  0]LogStats: UGameplayTagsManager::ConstructGameplayTagTree: ImportINI prefixes -  0.000 s
[2018.08.30-03.37.41:984][  0]LogStats: UGameplayTagsManager::ConstructGameplayTagTree: Construct from data asset -  0.000 s
[2018.08.30-03.37.41:984][  0]LogStats: UGameplayTagsManager::ConstructGameplayTagTree: ImportINI -  0.000 s
[2018.08.30-03.37.41:984][  0]LogStats: UGameplayTagsManager::ConstructGameplayTagTree: GameplayTagTreeChangedEvent.Broadcast -  0.000 s
[2018.08.30-03.37.42:103][  0]LogFileCache: Scanning file cache for directory 'C:/Users/Vincent/Desktop/Cours/Mondes virtuels/projet-unreal-2018-VinSey1/Content/' took 0.01s
[2018.08.30-03.37.42:103][  0]SourceControl: Source control is disabled
[2018.08.30-03.37.42:103][  0]Cmd: MAP LOAD FILE="../../../../../../Users/Vincent/Desktop/Cours/Mondes virtuels/projet-unreal-2018-VinSey1/Content/FirstPersonBP/Maps/FirstPersonExampleMap.umap" TEMPLATE=0 SHOWPROGRESS=1 FEATURELEVEL=3
[2018.08.30-03.37.42:103][  0]LightingResults: New page: Lighting Build
[2018.08.30-03.37.42:106][  0]MapCheck: New page: Map Check
[2018.08.30-03.37.42:106][  0]LightingResults: New page: Lighting Build
[2018.08.30-03.37.42:550][  0]LogMaterial: Display: Missing cached shader map for material Material_010, compiling. 
[2018.08.30-03.37.42:550][  0]LogMaterial: Warning: C:\Users\Vincent\Desktop\Cours\Mondes virtuels\projet-unreal-2018-VinSey1\Content\Salle\Material_010.uasset: Failed to compile Material for platform PCD3D_SM5, Default Material will be used in game.
[2018.08.30-03.37.42:550][  0]LogMaterial: 	(Node TextureSample) Texture Sample> Missing input texture
[2018.08.30-03.37.42:699][  0]LogAIModule: Creating AISystem for world FirstPersonExampleMap
[2018.08.30-03.37.42:709][  0]LogEditorServer: Finished looking for orphan Actors (0.000 secs)
[2018.08.30-03.37.42:732][  0]Cmd: MAP CHECKDEP NOCLEARLOG
[2018.08.30-03.37.42:815][  0]MapCheck: Map check complete: 0 Error(s), 0 Warning(s), took 84,147ms to complete.
[2018.08.30-03.37.42:815][  0]LogFileHelpers: Loading map 'FirstPersonExampleMap' took 0.713
[2018.08.30-03.37.42:938][  0]LogSlate: Updating window title bar state: overlay mode, drag disabled, window buttons hidden, title bar hidden
[2018.08.30-03.37.42:945][  0]LogSlate: Updating window title bar state: overlay mode, drag disabled, window buttons hidden, title bar hidden
[2018.08.30-03.37.42:954][  0]LogSlate: Updating window title bar state: overlay mode, drag disabled, window buttons hidden, title bar hidden
[2018.08.30-03.37.42:962][  0]LogSlate: Updating window title bar state: overlay mode, drag disabled, window buttons hidden, title bar hidden
[2018.08.30-03.37.42:969][  0]LogCollectionManager: Loaded 0 collections in 0.001876 seconds
[2018.08.30-03.37.43:009][  0]LogFileCache: Scanning file cache for directory 'C:/Users/Vincent/Desktop/Cours/Mondes virtuels/projet-unreal-2018-VinSey1/Saved/Collections/' took 0.01s
[2018.08.30-03.37.43:009][  0]LogFileCache: Scanning file cache for directory 'C:/Users/Vincent/Desktop/Cours/Mondes virtuels/projet-unreal-2018-VinSey1/Content/Developers/Vincent/Collections/' took 0.01s
[2018.08.30-03.37.43:009][  0]LogFileCache: Scanning file cache for directory 'C:/Users/Vincent/Desktop/Cours/Mondes virtuels/projet-unreal-2018-VinSey1/Content/Collections/' took 0.01s
[2018.08.30-03.37.43:009][  0]LogCollectionManager: Rebuilt the GUID cache for 0 collections in 0.000000 seconds
[2018.08.30-03.37.43:020][  0]LogContentBrowser: Native class hierarchy populated in 0.0100 seconds. Added 2572 classes and 603 folders.
[2018.08.30-03.37.43:026][  0]LogContentBrowser: Native class hierarchy updated for 'WidgetCarousel' in 0.0002 seconds. Added 0 classes and 0 folders.
[2018.08.30-03.37.43:068][  0]LogContentBrowser: Native class hierarchy updated for 'AddContentDialog' in 0.0002 seconds. Added 0 classes and 0 folders.
[2018.08.30-03.37.43:074][  0]LogContentBrowser: Native class hierarchy updated for 'SceneOutliner' in 0.0003 seconds. Added 1 classes and 2 folders.
[2018.08.30-03.37.43:088][  0]LogSlate: Took 0.000251 seconds to synchronously load lazily loaded font '../../../Engine/Content/Slate/Fonts/Roboto-Regular.ttf' (155K)
[2018.08.30-03.37.43:091][  0]LogSlate: Took 0.000249 seconds to synchronously load lazily loaded font '../../../Engine/Content/Slate/Fonts/Roboto-Bold.ttf' (160K)
[2018.08.30-03.37.43:098][  0]LogSlate: Took 0.000242 seconds to synchronously load lazily loaded font '../../../Engine/Content/Editor/Slate/Fonts/FontAwesome.ttf' (139K)
[2018.08.30-03.37.43:194][  0]LogRenderer: Reallocating scene render targets to support 964x436 Format 10 NumSamples 1 (Frame:1).
[2018.08.30-03.37.43:265][  0]LogSlate: Took 0.000229 seconds to synchronously load lazily loaded font '../../../Engine/Content/Slate/Fonts/Roboto-Light.ttf' (167K)
[2018.08.30-03.37.43:434][  0]LogContentBrowser: Native class hierarchy updated for 'HierarchicalLODOutliner' in 0.0003 seconds. Added 0 classes and 0 folders.
[2018.08.30-03.37.43:434][  0]LogLoad: (Engine Initialization) Total time: 7.98 seconds
[2018.08.30-03.37.43:434][  0]LogLoad: (Engine Initialization) Total Blueprint compile time: 0.00 seconds
[2018.08.30-03.37.43:452][  0]LogWindowsTextInputMethodSystem: Display: IME system now deactivated.
[2018.08.30-03.37.43:475][  0]LogContentStreaming: Texture pool size now 1000 MB
[2018.08.30-03.37.43:507][  1]LogAssetRegistry: Asset discovery search completed in 4.6197 seconds
[2018.08.30-03.37.43:509][  1]LogCollectionManager: Rebuilt the object cache for 0 collections in 0.000000 seconds (found 0 objects)
[2018.08.30-03.37.43:509][  1]LogCollectionManager: Fixed up redirectors for 0 collections in 0.000064 seconds (updated 0 objects)
[2018.08.30-03.37.45:203][ 88]LogSlate: FSceneViewport::OnFocusLost() reason 0
[2018.08.30-03.37.45:236][ 90]LogTemp: Repeating last play command: Selected Viewport
[2018.08.30-03.37.45:254][ 90]LogBlueprintUserMessages: Early PlayInEditor Detection: Level '/Game/FirstPersonBP/Maps/FirstPersonExampleMap.FirstPersonExampleMap:PersistentLevel' has LevelScriptBlueprint '/Game/FirstPersonBP/Maps/FirstPersonExampleMap.FirstPersonExampleMap:PersistentLevel.FirstPersonExampleMap' with GeneratedClass '/Game/FirstPersonBP/Maps/FirstPersonExampleMap.FirstPersonExampleMap_C' with ClassGeneratedBy '/Game/FirstPersonBP/Maps/FirstPersonExampleMap.FirstPersonExampleMap:PersistentLevel.FirstPersonExampleMap'
[2018.08.30-03.37.45:254][ 90]LogPlayLevel: PlayLevel: No blueprints needed recompiling
[2018.08.30-03.37.45:267][ 90]PIE: New page: PIE session: FirstPersonExampleMap (29 août 2018 19:37:45)
[2018.08.30-03.37.45:267][ 90]LogPlayLevel: Creating play world package: /Game/FirstPersonBP/Maps/UEDPIE_0_FirstPersonExampleMap
[2018.08.30-03.37.45:289][ 90]LogPlayLevel: PIE: StaticDuplicateObject took: (0.021226s)
[2018.08.30-03.37.45:289][ 90]LogAIModule: Creating AISystem for world FirstPersonExampleMap
[2018.08.30-03.37.45:289][ 90]LogPlayLevel: PIE: World Init took: (0.000820s)
[2018.08.30-03.37.45:289][ 90]LogPlayLevel: PIE: Created PIE world by copying editor world from /Game/FirstPersonBP/Maps/FirstPersonExampleMap.FirstPersonExampleMap to /Game/FirstPersonBP/Maps/UEDPIE_0_FirstPersonExampleMap.FirstPersonExampleMap (0.022227s)
[2018.08.30-03.37.45:317][ 90]LogInit: XAudio2 using 'Casque pour téléphone (HyperX 7.1 Audio)' : 2 channels at 48 kHz using 16 bits per sample (channel mask 0x3)
[2018.08.30-03.37.45:325][ 90]LogInit: FAudioDevice initialized.
[2018.08.30-03.37.45:369][ 90]LogLoad: Game class is 'FirstPersonGameMode_C'
[2018.08.30-03.37.45:371][ 90]LogWorld: Bringing World /Game/FirstPersonBP/Maps/UEDPIE_0_FirstPersonExampleMap.FirstPersonExampleMap up for play (max tick rate 60) at 2018.08.29-23.37.45
[2018.08.30-03.37.45:372][ 90]LogWorld: Bringing up level for play took: 0.001944
[2018.08.30-03.37.45:388][ 90]LogContentBrowser: Native class hierarchy updated for 'MovieSceneCapture' in 0.0003 seconds. Added 10 classes and 0 folders.
[2018.08.30-03.37.45:389][ 90]PIE: Play in editor start time for /Game/FirstPersonBP/Maps/UEDPIE_0_FirstPersonExampleMap 0,24
[2018.08.30-03.37.45:389][ 90]LogBlueprintUserMessages: Late PlayInEditor Detection: Level '/Game/FirstPersonBP/Maps/FirstPersonExampleMap.FirstPersonExampleMap:PersistentLevel' has LevelScriptBlueprint '/Game/FirstPersonBP/Maps/FirstPersonExampleMap.FirstPersonExampleMap:PersistentLevel.FirstPersonExampleMap' with GeneratedClass '/Game/FirstPersonBP/Maps/FirstPersonExampleMap.FirstPersonExampleMap_C' with ClassGeneratedBy '/Game/FirstPersonBP/Maps/FirstPersonExampleMap.FirstPersonExampleMap:PersistentLevel.FirstPersonExampleMap'
[2018.08.30-03.37.49:784][352]LogBlueprintUserMessages: Early EndPlayMap Detection: Level '/Game/FirstPersonBP/Maps/FirstPersonExampleMap.FirstPersonExampleMap:PersistentLevel' has LevelScriptBlueprint '/Game/FirstPersonBP/Maps/FirstPersonExampleMap.FirstPersonExampleMap:PersistentLevel.FirstPersonExampleMap' with GeneratedClass '/Game/FirstPersonBP/Maps/FirstPersonExampleMap.FirstPersonExampleMap_C' with ClassGeneratedBy '/Game/FirstPersonBP/Maps/FirstPersonExampleMap.FirstPersonExampleMap:PersistentLevel.FirstPersonExampleMap'
[2018.08.30-03.37.49:784][352]LogSlate: Updating window title bar state: overlay mode, drag disabled, window buttons hidden, title bar hidden
[2018.08.30-03.37.49:820][352]LogPlayLevel: Display: Shutting down PIE online subsystems
[2018.08.30-03.37.49:821][352]LogBlueprintUserMessages: Late EndPlayMap Detection: Level '/Game/FirstPersonBP/Maps/FirstPersonExampleMap.FirstPersonExampleMap:PersistentLevel' has LevelScriptBlueprint '/Game/FirstPersonBP/Maps/FirstPersonExampleMap.FirstPersonExampleMap:PersistentLevel.FirstPersonExampleMap' with GeneratedClass '/Game/FirstPersonBP/Maps/FirstPersonExampleMap.FirstPersonExampleMap_C' with ClassGeneratedBy '/Game/FirstPersonBP/Maps/FirstPersonExampleMap.FirstPersonExampleMap:PersistentLevel.FirstPersonExampleMap'
[2018.08.30-03.37.49:842][352]LogSlate: Updating window title bar state: overlay mode, drag disabled, window buttons hidden, title bar hidden
[2018.08.30-03.37.49:892][355]LogPlayLevel: Display: Destroying online subsystem :Context_2
[2018.08.30-03.37.53:211][554]LogSlate: FSceneViewport::OnFocusLost() reason 0
[2018.08.30-03.37.55:501][676]LogSlate: Took 0.000235 seconds to synchronously load lazily loaded font '../../../Engine/Content/Slate/Fonts/Roboto-Light.ttf' (167K)
[2018.08.30-03.37.55:510][676]LogAssetEditorManager: Opening Asset editor for Blueprint /Game/ScrollBookCandle_Book_Blueprint.ScrollBookCandle_Book_Blueprint
[2018.08.30-03.37.56:179][676]LogContentBrowser: Native class hierarchy updated for 'BlueprintGraph' in 0.0005 seconds. Added 116 classes and 0 folders.
[2018.08.30-03.37.57:112][676]LogSlate: Took 0.005174 seconds to synchronously load lazily loaded font '../../../Engine/Content/Slate/Fonts/Roboto-BoldCondensed.ttf' (158K)
[2018.08.30-03.37.57:229][677]LogSlate: Took 0.005892 seconds to synchronously load lazily loaded font '../../../Engine/Content/Slate/Fonts/Roboto-Italic.ttf' (157K)
[2018.08.30-03.38.06:689][215]LogSavePackage: Moving '../../../../../../Users/Vincent/Desktop/Cours/Mondes virtuels/projet-unreal-2018-VinSey1/Saved/ScrollBookCandle_Book_BlueprintB3C321314AFA12CCEDB35EAE875285FE.tmp' to '../../../../../../Users/Vincent/Desktop/Cours/Mondes virtuels/projet-unreal-2018-VinSey1/Content/ScrollBookCandle_Book_Blueprint.uasset'
[2018.08.30-03.38.07:418][256]BlueprintLog: New page: Compile ScrollBookCandle_Book_Blueprint
[2018.08.30-03.38.09:086][333]LogTemp: Repeating last play command: Selected Viewport
[2018.08.30-03.38.09:109][333]LogBlueprintUserMessages: Early PlayInEditor Detection: Level '/Game/FirstPersonBP/Maps/FirstPersonExampleMap.FirstPersonExampleMap:PersistentLevel' has LevelScriptBlueprint '/Game/FirstPersonBP/Maps/FirstPersonExampleMap.FirstPersonExampleMap:PersistentLevel.FirstPersonExampleMap' with GeneratedClass '/Game/FirstPersonBP/Maps/FirstPersonExampleMap.FirstPersonExampleMap_C' with ClassGeneratedBy '/Game/FirstPersonBP/Maps/FirstPersonExampleMap.FirstPersonExampleMap:PersistentLevel.FirstPersonExampleMap'
[2018.08.30-03.38.09:109][333]LogPlayLevel: PlayLevel: No blueprints needed recompiling
[2018.08.30-03.38.09:109][333]PIE: New page: PIE session: FirstPersonExampleMap (29 août 2018 19:38:09)
[2018.08.30-03.38.09:109][333]LogPlayLevel: Creating play world package: /Game/FirstPersonBP/Maps/UEDPIE_0_FirstPersonExampleMap
[2018.08.30-03.38.09:121][333]LogPlayLevel: PIE: StaticDuplicateObject took: (0.012125s)
[2018.08.30-03.38.09:122][333]LogAIModule: Creating AISystem for world FirstPersonExampleMap
[2018.08.30-03.38.09:122][333]LogPlayLevel: PIE: World Init took: (0.000734s)
[2018.08.30-03.38.09:122][333]LogPlayLevel: PIE: Created PIE world by copying editor world from /Game/FirstPersonBP/Maps/FirstPersonExampleMap.FirstPersonExampleMap to /Game/FirstPersonBP/Maps/UEDPIE_0_FirstPersonExampleMap.FirstPersonExampleMap (0.013020s)
[2018.08.30-03.38.09:174][333]LogInit: XAudio2 using 'Casque pour téléphone (HyperX 7.1 Audio)' : 2 channels at 48 kHz using 16 bits per sample (channel mask 0x3)
[2018.08.30-03.38.09:182][333]LogInit: FAudioDevice initialized.
[2018.08.30-03.38.09:214][333]LogLoad: Game class is 'FirstPersonGameMode_C'
[2018.08.30-03.38.09:216][333]LogWorld: Bringing World /Game/FirstPersonBP/Maps/UEDPIE_0_FirstPersonExampleMap.FirstPersonExampleMap up for play (max tick rate 60) at 2018.08.29-23.38.09
[2018.08.30-03.38.09:217][333]LogWorld: Bringing up level for play took: 0.001577
[2018.08.30-03.38.09:230][333]PIE: Play in editor start time for /Game/FirstPersonBP/Maps/UEDPIE_0_FirstPersonExampleMap 0,08
[2018.08.30-03.38.09:230][333]LogBlueprintUserMessages: Late PlayInEditor Detection: Level '/Game/FirstPersonBP/Maps/FirstPersonExampleMap.FirstPersonExampleMap:PersistentLevel' has LevelScriptBlueprint '/Game/FirstPersonBP/Maps/FirstPersonExampleMap.FirstPersonExampleMap:PersistentLevel.FirstPersonExampleMap' with GeneratedClass '/Game/FirstPersonBP/Maps/FirstPersonExampleMap.FirstPersonExampleMap_C' with ClassGeneratedBy '/Game/FirstPersonBP/Maps/FirstPersonExampleMap.FirstPersonExampleMap:PersistentLevel.FirstPersonExampleMap'
[2018.08.30-03.38.13:928][612]LogBlueprintUserMessages: Early EndPlayMap Detection: Level '/Game/FirstPersonBP/Maps/FirstPersonExampleMap.FirstPersonExampleMap:PersistentLevel' has LevelScriptBlueprint '/Game/FirstPersonBP/Maps/FirstPersonExampleMap.FirstPersonExampleMap:PersistentLevel.FirstPersonExampleMap' with GeneratedClass '/Game/FirstPersonBP/Maps/FirstPersonExampleMap.FirstPersonExampleMap_C' with ClassGeneratedBy '/Game/FirstPersonBP/Maps/FirstPersonExampleMap.FirstPersonExampleMap:PersistentLevel.FirstPersonExampleMap'
[2018.08.30-03.38.13:928][612]LogSlate: Updating window title bar state: overlay mode, drag disabled, window buttons hidden, title bar hidden
[2018.08.30-03.38.13:966][612]LogPlayLevel: Display: Shutting down PIE online subsystems
[2018.08.30-03.38.13:966][612]LogBlueprintUserMessages: Late EndPlayMap Detection: Level '/Game/FirstPersonBP/Maps/FirstPersonExampleMap.FirstPersonExampleMap:PersistentLevel' has LevelScriptBlueprint '/Game/FirstPersonBP/Maps/FirstPersonExampleMap.FirstPersonExampleMap:PersistentLevel.FirstPersonExampleMap' with GeneratedClass '/Game/FirstPersonBP/Maps/FirstPersonExampleMap.FirstPersonExampleMap_C' with ClassGeneratedBy '/Game/FirstPersonBP/Maps/FirstPersonExampleMap.FirstPersonExampleMap:PersistentLevel.FirstPersonExampleMap'
[2018.08.30-03.38.13:989][612]LogSlate: Updating window title bar state: overlay mode, drag disabled, window buttons hidden, title bar hidden
[2018.08.30-03.38.14:041][615]LogPlayLevel: Display: Destroying online subsystem :Context_6
[2018.08.30-03.38.17:108][799]LogSlate: FSceneViewport::OnFocusLost() reason 0
[2018.08.30-03.38.17:339][802]LogSavePackage: Moving '../../../../../../Users/Vincent/Desktop/Cours/Mondes virtuels/projet-unreal-2018-VinSey1/Saved/FirstPersonExampleMapE68157804B89AB89746D48A42F9C79C4.tmp' to '../../../../../../Users/Vincent/Desktop/Cours/Mondes virtuels/projet-unreal-2018-VinSey1/Content/FirstPersonBP/Maps/FirstPersonExampleMap.umap'
[2018.08.30-03.38.18:436][802]LogSavePackage: Moving '../../../../../../Users/Vincent/Desktop/Cours/Mondes virtuels/projet-unreal-2018-VinSey1/Saved/FirstPersonExampleMap_BuiltData80DA5E1F40AAE77B5BB77A85782E8F76.tmp' to '../../../../../../Users/Vincent/Desktop/Cours/Mondes virtuels/projet-unreal-2018-VinSey1/Content/FirstPersonBP/Maps/FirstPersonExampleMap_BuiltData.uasset'
[2018.08.30-03.39.46:982][552]LogUProjectInfo: Found projects:
[2018.08.30-03.39.54:027][973]LogSlate: Window 'Open Project' being destroyed
[2018.08.30-03.39.54:686][  7]LogSlate: Window 'ScrollBookCandle_Book_Blueprint' being destroyed
[2018.08.30-03.39.54:747][  7]LogSlate: Window 'MyProject - Unreal Editor' being destroyed
[2018.08.30-03.39.54:747][  7]LogWindowsTextInputMethodSystem: Display: IME system now deactivated.
[2018.08.30-03.39.54:983][  8]Cmd: QUIT_EDITOR
[2018.08.30-03.39.55:873][  8]LogExit: Preparing to exit.
[2018.08.30-03.39.56:896][  8]LogExit: Editor shut down
[2018.08.30-03.39.56:896][  8]LogExit: Transaction tracking system shut down
[2018.08.30-03.39.57:523][  8]LogExit: Object subsystem successfully closed.
[2018.08.30-03.39.57:564][  8]LogShaderCompilers: Display: Shaders left to compile 0
[2018.08.30-03.39.57:579][  8]LogD3D11RHI: Shutdown
[2018.08.30-03.39.57:580][  8]LogD3D11RHI: CleanupD3DDevice
[2018.08.30-03.39.57:591][  8]LogD3D11RHI: ~FD3D11DynamicRHI
[2018.08.30-03.39.57:631][  8]LogModuleManager: Shutting down and abandoning module BlueprintGraph (616)
[2018.08.30-03.39.57:631][  8]LogModuleManager: Shutting down and abandoning module MovieSceneCapture (614)
[2018.08.30-03.39.57:631][  8]LogModuleManager: Shutting down and abandoning module Voice (612)
[2018.08.30-03.39.57:631][  8]LogModuleManager: Shutting down and abandoning module HierarchicalLODOutliner (610)
[2018.08.30-03.39.57:631][  8]LogModuleManager: Shutting down and abandoning module SceneOutliner (608)
[2018.08.30-03.39.57:631][  8]LogModuleManager: Shutting down and abandoning module AddContentDialog (606)
[2018.08.30-03.39.57:632][  8]LogModuleManager: Shutting down and abandoning module WidgetCarousel (605)
[2018.08.30-03.39.57:632][  8]LogModuleManager: Shutting down and abandoning module EditorWidgets (602)
[2018.08.30-03.39.57:632][  8]LogModuleManager: Shutting down and abandoning module CollectionManager (600)
[2018.08.30-03.39.57:632][  8]LogModuleManager: Shutting down and abandoning module StatsViewer (598)
[2018.08.30-03.39.57:632][  8]LogModuleManager: Shutting down and abandoning module FoliageEdit (596)
[2018.08.30-03.39.57:632][  8]LogModuleManager: Shutting down and abandoning module LandscapeEditor (594)
[2018.08.30-03.39.57:632][  8]LogModuleManager: Shutting down and abandoning module MeshPaintMode (592)
[2018.08.30-03.39.57:632][  8]LogModuleManager: Shutting down and abandoning module SceneDepthPickerMode (590)
[2018.08.30-03.39.57:632][  8]LogModuleManager: Shutting down and abandoning module ActorPickerMode (588)
[2018.08.30-03.39.57:632][  8]LogModuleManager: Shutting down and abandoning module GeometryMode (586)
[2018.08.30-03.39.57:632][  8]LogModuleManager: Shutting down and abandoning module TextureAlignMode (584)
[2018.08.30-03.39.57:632][  8]LogModuleManager: Shutting down and abandoning module BspMode (582)
[2018.08.30-03.39.57:632][  8]LogModuleManager: Shutting down and abandoning module PIEPreviewDeviceProfileSelector (580)
[2018.08.30-03.39.57:632][  8]LogModuleManager: Shutting down and abandoning module SequenceRecorderSections (578)
[2018.08.30-03.39.57:632][  8]LogModuleManager: Shutting down and abandoning module AutomationWorker (576)
[2018.08.30-03.39.57:632][  8]LogModuleManager: Shutting down and abandoning module AudioCaptureEditor (574)
[2018.08.30-03.39.57:632][  8]LogModuleManager: Shutting down and abandoning module SequenceRecorder (573)
[2018.08.30-03.39.57:632][  8]LogModuleManager: Shutting down and abandoning module MatineeToLevelSequence (570)
[2018.08.30-03.39.57:632][  8]LogModuleManager: Shutting down and abandoning module LevelSequenceEditor (568)
[2018.08.30-03.39.57:632][  8]LogModuleManager: Shutting down and abandoning module PlacementMode (567)
[2018.08.30-03.39.57:632][  8]LogModuleManager: Shutting down and abandoning module MaterialEditor (566)
[2018.08.30-03.39.57:632][  8]LogModuleManager: Shutting down and abandoning module WmfMediaFactory (562)
[2018.08.30-03.39.57:632][  8]LogModuleManager: Shutting down and abandoning module WmfMediaEditor (560)
[2018.08.30-03.39.57:632][  8]LogModuleManager: Shutting down and abandoning module MediaPlayerEditor (558)
[2018.08.30-03.39.57:632][  8]LogModuleManager: Shutting down and abandoning module OpenExrWrapper (556)
[2018.08.30-03.39.57:632][  8]LogModuleManager: Shutting down and abandoning module ImgMediaFactory (554)
[2018.08.30-03.39.57:632][  8]LogModuleManager: Shutting down and abandoning module ImgMediaEditor (552)
[2018.08.30-03.39.57:632][  8]LogModuleManager: Shutting down and abandoning module AvfMediaFactory (550)
[2018.08.30-03.39.57:632][  8]LogModuleManager: Shutting down and abandoning module AvfMediaEditor (548)
[2018.08.30-03.39.57:632][  8]LogModuleManager: Shutting down and abandoning module AndroidMediaFactory (546)
[2018.08.30-03.39.57:632][  8]LogModuleManager: Shutting down and abandoning module AndroidMediaEditor (544)
[2018.08.30-03.39.57:632][  8]LogModuleManager: Shutting down and abandoning module MagicLeapCameraPreviewFactory (542)
[2018.08.30-03.39.57:632][  8]LogModuleManager: Shutting down and abandoning module MagicLeapMediaFactory (540)
[2018.08.30-03.39.57:632][  8]LogModuleManager: Shutting down and abandoning module MagicLeapMediaEditor (538)
[2018.08.30-03.39.57:632][  8]LogModuleManager: Shutting down and abandoning module CharacterAI (536)
[2018.08.30-03.39.57:632][  8]LogModuleManager: Shutting down and abandoning module SmartSnapping (534)
[2018.08.30-03.39.57:632][  8]LogModuleManager: Shutting down and abandoning module SessionServices (532)
[2018.08.30-03.39.57:632][  8]LogModuleManager: Shutting down and abandoning module ViewportSnapping (530)
[2018.08.30-03.39.57:632][  8]LogModuleManager: Shutting down and abandoning module ViewportInteraction (528)
[2018.08.30-03.39.57:632][  8]LogModuleManager: Shutting down and abandoning module ClothPainter (526)
[2018.08.30-03.39.57:633][  8]LogModuleManager: Shutting down and abandoning module SkeletalMeshEditor (525)
[2018.08.30-03.39.57:633][  8]LogModuleManager: Shutting down and abandoning module LogVisualizer (522)
[2018.08.30-03.39.57:633][  8]LogModuleManager: Shutting down and abandoning module IntroTutorials (520)
[2018.08.30-03.39.57:633][  8]LogModuleManager: Shutting down and abandoning module GameProjectGeneration (519)
[2018.08.30-03.39.57:633][  8]LogModuleManager: Shutting down and abandoning module LuminPlatformEditor (516)
[2018.08.30-03.39.57:633][  8]LogModuleManager: Shutting down and abandoning module IOSPlatformEditor (514)
[2018.08.30-03.39.57:633][  8]LogModuleManager: Shutting down and abandoning module HTML5PlatformEditor (512)
[2018.08.30-03.39.57:633][  8]LogModuleManager: Shutting down and abandoning module AndroidPlatformEditor (510)
[2018.08.30-03.39.57:633][  8]LogModuleManager: Shutting down and abandoning module AndroidDeviceDetection (509)
[2018.08.30-03.39.57:859][  8]LogModuleManager: Shutting down and abandoning module WindowsPlatformEditor (506)
[2018.08.30-03.39.57:859][  8]LogModuleManager: Shutting down and abandoning module LuminRuntimeSettings (504)
[2018.08.30-03.39.57:859][  8]LogModuleManager: Shutting down and abandoning module IOSRuntimeSettings (502)
[2018.08.30-03.39.57:859][  8]LogModuleManager: Shutting down and abandoning module AndroidRuntimeSettings (500)
[2018.08.30-03.39.57:859][  8]LogModuleManager: Shutting down and abandoning module InputBindingEditor (498)
[2018.08.30-03.39.57:859][  8]LogModuleManager: Shutting down and abandoning module MergeActors (496)
[2018.08.30-03.39.57:859][  8]LogModuleManager: Shutting down and abandoning module LocalizationDashboard (494)
[2018.08.30-03.39.57:860][  8]LogModuleManager: Shutting down and abandoning module LocalizationService (493)
[2018.08.30-03.39.57:860][  8]LogModuleManager: Shutting down and abandoning module HardwareTargeting (490)
[2018.08.30-03.39.57:860][  8]LogModuleManager: Shutting down and abandoning module DeviceProfileEditor (488)
[2018.08.30-03.39.57:860][  8]LogModuleManager: Shutting down and abandoning module UndoHistory (486)
[2018.08.30-03.39.57:860][  8]LogModuleManager: Shutting down and abandoning module XmlParser (484)
[2018.08.30-03.39.57:860][  8]LogModuleManager: Shutting down and abandoning module Blutility (482)
[2018.08.30-03.39.57:860][  8]LogModuleManager: Shutting down and abandoning module ProjectSettingsViewer (480)
[2018.08.30-03.39.57:860][  8]LogModuleManager: Shutting down and abandoning module ProjectTargetPlatformEditor (479)
[2018.08.30-03.39.57:860][  8]LogModuleManager: Shutting down and abandoning module EditorSettingsViewer (476)
[2018.08.30-03.39.57:860][  8]LogModuleManager: Shutting down and abandoning module SettingsEditor (474)
[2018.08.30-03.39.57:860][  8]LogModuleManager: Shutting down and abandoning module ProjectLauncher (472)
[2018.08.30-03.39.57:860][  8]LogModuleManager: Shutting down and abandoning module SessionFrontend (470)
[2018.08.30-03.39.57:860][  8]LogModuleManager: Shutting down and abandoning module ProfilerClient (468)
[2018.08.30-03.39.57:860][  8]LogModuleManager: Shutting down and abandoning module DeviceManager (466)
[2018.08.30-03.39.57:860][  8]LogModuleManager: Shutting down and abandoning module TargetDeviceServices (465)
[2018.08.30-03.39.57:915][  8]LogModuleManager: Shutting down and abandoning module AutomationController (462)
[2018.08.30-03.39.57:915][  8]LogModuleManager: Shutting down and abandoning module AutomationWindow (460)
[2018.08.30-03.39.57:915][  8]LogModuleManager: Shutting down and abandoning module Layers (458)
[2018.08.30-03.39.57:915][  8]LogModuleManager: Shutting down and abandoning module ComponentVisualizers (456)
[2018.08.30-03.39.57:915][  8]LogModuleManager: Shutting down and abandoning module DetailCustomizations (454)
[2018.08.30-03.39.57:915][  8]LogModuleManager: Shutting down and abandoning module PackagesDialog (452)
[2018.08.30-03.39.57:915][  8]LogModuleManager: Shutting down and abandoning module Persona (450)
[2018.08.30-03.39.57:915][  8]LogModuleManager: Shutting down and abandoning module AdvancedPreviewScene (449)
[2018.08.30-03.39.57:915][  8]LogModuleManager: Shutting down and abandoning module AnimGraph (447)
[2018.08.30-03.39.57:915][  8]LogModuleManager: Shutting down and abandoning module Kismet (444)
[2018.08.30-03.39.57:921][  8]LogModuleManager: Shutting down and abandoning module GraphEditor (442)
[2018.08.30-03.39.57:921][  8]LogModuleManager: Shutting down and abandoning module ClassViewer (440)
[2018.08.30-03.39.57:921][  8]LogModuleManager: Shutting down and abandoning module Toolbox (438)
[2018.08.30-03.39.57:921][  8]LogModuleManager: Shutting down and abandoning module ModuleUI (436)
[2018.08.30-03.39.57:921][  8]LogModuleManager: Shutting down and abandoning module MovieSceneTools (434)
[2018.08.30-03.39.57:922][  8]LogModuleManager: Shutting down and abandoning module OutputLog (432)
[2018.08.30-03.39.57:922][  8]LogModuleManager: Shutting down and abandoning module GammaUI (430)
[2018.08.30-03.39.57:922][  8]LogModuleManager: Shutting down and abandoning module Documentation (428)
[2018.08.30-03.39.57:922][  8]LogModuleManager: Shutting down and abandoning module MovieSceneTracks (426)
[2018.08.30-03.39.57:922][  8]LogModuleManager: Shutting down and abandoning module MovieScene (424)
[2018.08.30-03.39.57:922][  8]LogModuleManager: Shutting down and abandoning module StreamingPauseRendering (422)
[2018.08.30-03.39.57:922][  8]LogModuleManager: Shutting down and abandoning module LauncherPlatform (420)
[2018.08.30-03.39.57:922][  8]LogModuleManager: Shutting down and abandoning module AnalyticsET (418)
[2018.08.30-03.39.57:922][  8]LogModuleManager: Shutting down and abandoning module PortalServices (416)
[2018.08.30-03.39.57:922][  8]LogModuleManager: Shutting down and abandoning module PortalRpc (414)
[2018.08.30-03.39.57:922][  8]LogModuleManager: Shutting down and abandoning module MessagingRpc (412)
[2018.08.30-03.39.57:922][  8]LogModuleManager: Shutting down and abandoning module AIModule (410)
[2018.08.30-03.39.57:922][  8]LogModuleManager: Shutting down and abandoning module GameplayDebugger (409)
[2018.08.30-03.39.57:922][  8]LogModuleManager: Shutting down and abandoning module AITestSuite (407)
[2018.08.30-03.39.57:922][  8]LogModuleManager: Shutting down and abandoning module NavigationSystem (405)
[2018.08.30-03.39.57:922][  8]LogModuleManager: Shutting down and abandoning module DesktopPlatform (402)
[2018.08.30-03.39.57:922][  8]LogModuleManager: Shutting down and abandoning module ProfilerService (400)
[2018.08.30-03.39.58:106][  8]LogModuleManager: Shutting down and abandoning module TaskGraph (398)
[2018.08.30-03.39.58:106][  8]LogModuleManager: Shutting down and abandoning module SteamVRController (396)
[2018.08.30-03.39.58:107][  8]LogModuleManager: Shutting down and abandoning module ProceduralMeshComponentEditor (394)
[2018.08.30-03.39.58:107][  8]LogModuleManager: Shutting down and abandoning module ProceduralMeshComponent (392)
[2018.08.30-03.39.58:107][  8]LogModuleManager: Shutting down and abandoning module OculusInput (390)
[2018.08.30-03.39.58:107][  8]LogModuleManager: Shutting down and abandoning module MobilePatchingUtils (388)
[2018.08.30-03.39.58:107][  8]LogModuleManager: Shutting down and abandoning module EditableMesh (386)
[2018.08.30-03.39.58:107][  8]LogModuleManager: Shutting down and abandoning module CustomMeshComponent (384)
[2018.08.30-03.39.58:107][  8]LogModuleManager: Shutting down and abandoning module CableComponent (382)
[2018.08.30-03.39.58:107][  8]LogModuleManager: Shutting down and abandoning module AudioCapture (380)
[2018.08.30-03.39.58:107][  8]LogModuleManager: Shutting down and abandoning module ArchVisCharacter (378)
[2018.08.30-03.39.58:107][  8]LogModuleManager: Shutting down and abandoning module AndroidPermission (376)
[2018.08.30-03.39.58:107][  8]LogModuleManager: Shutting down and abandoning module NUTUnrealEngine4 (374)
[2018.08.30-03.39.58:107][  8]LogModuleManager: Shutting down and abandoning module NetcodeUnitTest (372)
[2018.08.30-03.39.58:107][  8]LogModuleManager: Shutting down and abandoning module MediaCompositingEditor (370)
[2018.08.30-03.39.58:107][  8]LogModuleManager: Shutting down and abandoning module MediaCompositing (368)
[2018.08.30-03.39.58:107][  8]LogModuleManager: Shutting down and abandoning module LinearTimecode (366)
[2018.08.30-03.39.58:107][  8]LogModuleManager: Shutting down and abandoning module ImgMedia (364)
[2018.08.30-03.39.58:110][  8]LogModuleManager: Shutting down and abandoning module HTML5Networking (362)
[2018.08.30-03.39.58:110][  8]LogModuleManager: Shutting down and abandoning module GeometryCacheTracks (360)
[2018.08.30-03.39.58:110][  8]LogModuleManager: Shutting down and abandoning module GeometryCacheSequencer (358)
[2018.08.30-03.39.58:110][  8]LogModuleManager: Shutting down and abandoning module BackChannel (356)
[2018.08.30-03.39.58:110][  8]LogModuleManager: Shutting down and abandoning module AppleVision (354)
[2018.08.30-03.39.58:110][  8]LogModuleManager: Shutting down and abandoning module AppleImageUtils (352)
[2018.08.30-03.39.58:110][  8]LogModuleManager: Shutting down and abandoning module AlembicImporter (350)
[2018.08.30-03.39.58:110][  8]LogModuleManager: Shutting down and abandoning module AlembicLibrary (349)
[2018.08.30-03.39.58:110][  8]LogModuleManager: Shutting down and abandoning module GeometryCache (348)
[2018.08.30-03.39.58:110][  8]LogModuleManager: Shutting down and abandoning module GeometryCacheEd (347)
[2018.08.30-03.39.58:110][  8]LogModuleManager: Shutting down and abandoning module DatasmithContentEditor (342)
[2018.08.30-03.39.58:110][  8]LogModuleManager: Shutting down and abandoning module DatasmithContent (340)
[2018.08.30-03.39.58:110][  8]LogModuleManager: Shutting down and abandoning module SpeedTreeImporter (338)
[2018.08.30-03.39.58:110][  8]LogModuleManager: Shutting down and abandoning module PluginBrowser (336)
[2018.08.30-03.39.58:110][  8]LogModuleManager: Shutting down and abandoning module MobileLauncherProfileWizard (334)
[2018.08.30-03.39.58:110][  8]LogModuleManager: Shutting down and abandoning module PolygonModeling (332)
[2018.08.30-03.39.58:110][  8]LogModuleManager: Shutting down and abandoning module MeshEditor (330)
[2018.08.30-03.39.58:110][  8]LogModuleManager: Shutting down and abandoning module CryptoKeysOpenSSL (328)
[2018.08.30-03.39.58:110][  8]LogModuleManager: Shutting down and abandoning module CryptoKeys (326)
[2018.08.30-03.39.58:110][  8]LogModuleManager: Shutting down and abandoning module VisualStudioSourceCodeAccess (324)
[2018.08.30-03.39.58:111][  8]LogModuleManager: Shutting down and abandoning module VisualStudioCodeSourceCodeAccess (322)
[2018.08.30-03.39.58:111][  8]LogModuleManager: Shutting down and abandoning module UObjectPlugin (320)
[2018.08.30-03.39.58:111][  8]LogModuleManager: Shutting down and abandoning module SubversionSourceControl (318)
[2018.08.30-03.39.58:111][  8]LogModuleManager: Shutting down and abandoning module PerforceSourceControl (316)
[2018.08.30-03.39.58:111][  8]LogModuleManager: Shutting down and abandoning module GitSourceControl (314)
[2018.08.30-03.39.58:111][  8]LogModuleManager: Shutting down and abandoning module SourceControl (313)
[2018.08.30-03.39.58:111][  8]LogModuleManager: Shutting down and abandoning module CLionSourceCodeAccess (310)
[2018.08.30-03.39.58:111][  8]LogModuleManager: Shutting down and abandoning module LightPropagationVolumeEditor (308)
[2018.08.30-03.39.58:111][  8]LogModuleManager: Shutting down and abandoning module PaperTiledImporter (306)
[2018.08.30-03.39.58:111][  8]LogModuleManager: Shutting down and abandoning module PaperSpriteSheetImporter (304)
[2018.08.30-03.39.58:111][  8]LogModuleManager: Shutting down and abandoning module Paper2DEditor (302)
[2018.08.30-03.39.58:111][  8]LogModuleManager: Shutting down and abandoning module MeshPaint (301)
[2018.08.30-03.39.58:111][  8]LogModuleManager: Shutting down and abandoning module RuntimePhysXCooking (298)
[2018.08.30-03.39.58:111][  8]LogModuleManager: Shutting down and abandoning module PhysXVehiclesEditor (296)
[2018.08.30-03.39.58:111][  8]LogModuleManager: Shutting down and abandoning module PhysXVehicles (294)
[2018.08.30-03.39.58:111][  8]LogModuleManager: Shutting down and abandoning module OculusEditor (292)
[2018.08.30-03.39.58:111][  8]LogModuleManager: Shutting down and abandoning module LocationServicesBPLibrary (290)
[2018.08.30-03.39.58:111][  8]LogModuleManager: Shutting down and abandoning module ImmediatePhysicsEditor (288)
[2018.08.30-03.39.58:111][  8]LogModuleManager: Shutting down and abandoning module ImmediatePhysics (286)
[2018.08.30-03.39.58:111][  8]LogModuleManager: Shutting down and abandoning module ActorSequence (284)
[2018.08.30-03.39.58:111][  8]LogModuleManager: Shutting down and abandoning module UdpMessaging (282)
[2018.08.30-03.39.58:212][  8]LogModuleManager: Shutting down and abandoning module TcpMessaging (280)
[2018.08.30-03.39.58:313][  8]LogModuleManager: Shutting down and abandoning module MagicLeapAudio (278)
[2018.08.30-03.39.58:313][  8]LogModuleManager: Shutting down and abandoning module GameplayTagsEditor (276)
[2018.08.30-03.39.58:313][  8]LogModuleManager: Shutting down and abandoning module FacialAnimationEditor (274)
[2018.08.30-03.39.58:313][  8]LogModuleManager: Shutting down and abandoning module FacialAnimation (272)
[2018.08.30-03.39.58:313][  8]LogModuleManager: Shutting down and abandoning module DataValidation (270)
[2018.08.30-03.39.58:313][  8]LogModuleManager: Shutting down and abandoning module AssetManagerEditor (268)
[2018.08.30-03.39.58:313][  8]LogModuleManager: Shutting down and abandoning module LevelEditor (267)
[2018.08.30-03.39.58:313][  8]LogModuleManager: Shutting down and abandoning module PixelInspectorModule (266)
[2018.08.30-03.39.58:314][  8]LogModuleManager: Shutting down and abandoning module CommonMenuExtensions (264)
[2018.08.30-03.39.58:314][  8]LogModuleManager: Shutting down and abandoning module MainFrame (262)
[2018.08.30-03.39.58:314][  8]LogModuleManager: Shutting down and abandoning module HotReload (261)
[2018.08.30-03.39.58:314][  8]LogModuleManager: Shutting down and abandoning module ContentBrowser (257)
[2018.08.30-03.39.58:315][  8]LogModuleManager: Shutting down and abandoning module TreeMap (255)
[2018.08.30-03.39.58:315][  8]LogModuleManager: Shutting down and abandoning module LightPropagationVolumeRuntime (252)
[2018.08.30-03.39.58:316][  8]LogModuleManager: Shutting down and abandoning module AISupportModule (250)
[2018.08.30-03.39.58:316][  8]LogModuleManager: Shutting down and abandoning module Paper2D (248)
[2018.08.30-03.39.58:316][  8]LogModuleManager: Shutting down and abandoning module WindowsMoviePlayer (246)
[2018.08.30-03.39.58:316][  8]LogModuleManager: Shutting down and abandoning module WmfMedia (244)
[2018.08.30-03.39.58:317][  8]LogModuleManager: Shutting down and abandoning module Media (243)
[2018.08.30-03.39.58:323][  8]LogModuleManager: Shutting down and abandoning module PacketHandler (240)
[2018.08.30-03.39.58:323][  8]LogModuleManager: Shutting down and abandoning module ClothingSystemEditor (238)
[2018.08.30-03.39.58:323][  8]LogModuleManager: Shutting down and abandoning module ClothingSystemRuntime (236)
[2018.08.30-03.39.58:323][  8]LogModuleManager: Shutting down and abandoning module MediaAssets (234)
[2018.08.30-03.39.58:323][  8]LogModuleManager: Shutting down and abandoning module Overlay (232)
[2018.08.30-03.39.58:323][  8]LogModuleManager: Shutting down and abandoning module OverlayEditor (231)
[2018.08.30-03.39.58:323][  8]LogModuleManager: Shutting down and abandoning module VREditor (228)
[2018.08.30-03.39.58:323][  8]LogModuleManager: Shutting down and abandoning module StringTableEditor (226)
[2018.08.30-03.39.58:323][  8]LogModuleManager: Shutting down and abandoning module GameplayTasksEditor (224)
[2018.08.30-03.39.58:323][  8]LogModuleManager: Shutting down and abandoning module BehaviorTreeEditor (222)
[2018.08.30-03.39.58:323][  8]LogModuleManager: Shutting down and abandoning module FunctionalTesting (220)
[2018.08.30-03.39.58:323][  8]LogModuleManager: Shutting down and abandoning module CollisionAnalyzer (218)
[2018.08.30-03.39.58:323][  8]LogModuleManager: Shutting down and abandoning module WorkspaceMenuStructure (217)
[2018.08.30-03.39.58:324][  8]LogModuleManager: Shutting down and abandoning module UMG (214)
[2018.08.30-03.39.58:324][  8]LogModuleManager: Shutting down and abandoning module UMGEditor (213)
[2018.08.30-03.39.58:324][  8]LogModuleManager: Shutting down and abandoning module Sequencer (212)
[2018.08.30-03.39.58:324][  8]LogModuleManager: Shutting down and abandoning module MessageLog (209)
[2018.08.30-03.39.58:324][  8]LogModuleManager: Shutting down and abandoning module SlateReflector (204)
[2018.08.30-03.39.58:324][  8]LogModuleManager: Shutting down and abandoning module Slate (202)
[2018.08.30-03.39.58:324][  8]LogModuleManager: Shutting down and abandoning module EditorStyle (200)
[2018.08.30-03.39.58:325][  8]LogModuleManager: Shutting down and abandoning module MRMesh (198)
[2018.08.30-03.39.58:326][  8]LogModuleManager: Shutting down and abandoning module SourceCodeAccess (196)
[2018.08.30-03.39.58:326][  8]LogModuleManager: Shutting down and abandoning module HeadMountedDisplay (194)
[2018.08.30-03.39.58:326][  8]LogModuleManager: Shutting down and abandoning module XAudio2 (192)
[2018.08.30-03.39.58:326][  8]LogModuleManager: Shutting down and abandoning module Networking (190)
[2018.08.30-03.39.58:326][  8]LogModuleManager: Shutting down and abandoning module Core (188)
[2018.08.30-03.39.58:326][  8]LogModuleManager: Shutting down and abandoning module LevelSequence (186)
[2018.08.30-03.39.58:326][  8]LogModuleManager: Shutting down and abandoning module KismetCompiler (184)
[2018.08.30-03.39.58:326][  8]LogModuleManager: Shutting down and abandoning module MeshUtilities (182)
[2018.08.30-03.39.58:326][  8]LogModuleManager: Shutting down and abandoning module MeshMergeUtilities (181)
[2018.08.30-03.39.58:326][  8]LogModuleManager: Shutting down and abandoning module MeshReductionInterface (180)
[2018.08.30-03.39.58:326][  8]LogModuleManager: Shutting down and abandoning module SimplygonSwarm (179)
[2018.08.30-03.39.58:326][  8]LogModuleManager: Shutting down and abandoning module ProxyLODMeshReduction (177)
[2018.08.30-03.39.58:326][  8]LogModuleManager: Shutting down and abandoning module SimplygonMeshReduction (175)
[2018.08.30-03.39.58:326][  8]LogModuleManager: Shutting down and abandoning module QuadricMeshReduction (173)
[2018.08.30-03.39.58:326][  8]LogModuleManager: Shutting down and abandoning module MaterialBaking (169)
[2018.08.30-03.39.58:326][  8]LogModuleManager: Shutting down and abandoning module DirectoryWatcher (165)
[2018.08.30-03.39.58:326][  8]LogModuleManager: Shutting down and abandoning module DerivedDataCache (162)
[2018.08.30-03.39.58:387][  8]LogDerivedDataCache: Shutdown
[2018.08.30-03.39.58:387][  8]LogModuleManager: Shutting down and abandoning module XGEController (160)
[2018.08.30-03.39.58:387][  8]LogModuleManager: Shutting down and abandoning module TargetPlatform (158)
[2018.08.30-03.39.58:387][  8]LogModuleManager: Shutting down and abandoning module VulkanShaderFormat (157)
[2018.08.30-03.39.58:387][  8]LogModuleManager: Shutting down and abandoning module ShaderFormatVectorVM (155)
[2018.08.30-03.39.58:387][  8]LogModuleManager: Shutting down and abandoning module ShaderFormatOpenGL (153)
[2018.08.30-03.39.58:387][  8]LogModuleManager: Shutting down and abandoning module ShaderFormatD3D (151)
[2018.08.30-03.39.58:387][  8]LogModuleManager: Shutting down and abandoning module MetalShaderFormat (149)
[2018.08.30-03.39.58:387][  8]LogModuleManager: Shutting down and abandoning module TextureFormatUncompressed (147)
[2018.08.30-03.39.58:387][  8]LogModuleManager: Shutting down and abandoning module TextureFormatPVR (145)
[2018.08.30-03.39.58:387][  8]LogModuleManager: Shutting down and abandoning module TextureFormatDXT (143)
[2018.08.30-03.39.58:387][  8]LogModuleManager: Shutting down and abandoning module TextureFormatIntelISPCTexComp (141)
[2018.08.30-03.39.58:387][  8]LogModuleManager: Shutting down and abandoning module TextureFormatASTC (139)
[2018.08.30-03.39.58:387][  8]LogModuleManager: Shutting down and abandoning module ImageWrapper (138)
[2018.08.30-03.39.58:387][  8]LogModuleManager: Shutting down and abandoning module TextureFormatAndroid (135)
[2018.08.30-03.39.58:387][  8]LogModuleManager: Shutting down and abandoning module AudioFormatOpus (133)
[2018.08.30-03.39.58:387][  8]LogModuleManager: Shutting down and abandoning module AudioFormatOgg (131)
[2018.08.30-03.39.58:387][  8]LogModuleManager: Shutting down and abandoning module AudioFormatADPCM (129)
[2018.08.30-03.39.58:388][  8]LogModuleManager: Shutting down and abandoning module LuminTargetPlatform (127)
[2018.08.30-03.39.58:388][  8]LogModuleManager: Shutting down and abandoning module LinuxTargetPlatform (125)
[2018.08.30-03.39.58:388][  8]LogModuleManager: Shutting down and abandoning module LinuxServerTargetPlatform (123)
[2018.08.30-03.39.58:388][  8]LogModuleManager: Shutting down and abandoning module LinuxNoEditorTargetPlatform (121)
[2018.08.30-03.39.58:388][  8]LogModuleManager: Shutting down and abandoning module LinuxClientTargetPlatform (119)
[2018.08.30-03.39.58:388][  8]LogModuleManager: Shutting down and abandoning module TVOSTargetPlatform (117)
[2018.08.30-03.39.58:388][  8]LogModuleManager: Shutting down and abandoning module Messaging (115)
[2018.08.30-03.39.58:388][  8]LogModuleManager: Shutting down and abandoning module IOSTargetPlatform (113)
[2018.08.30-03.39.58:389][  8]LogModuleManager: Shutting down and abandoning module HTML5TargetPlatform (111)
[2018.08.30-03.39.58:389][  8]LogModuleManager: Shutting down and abandoning module AndroidTargetPlatform (109)
[2018.08.30-03.39.58:395][  8]LogModuleManager: Shutting down and abandoning module WindowsTargetPlatform (107)
[2018.08.30-03.39.58:395][  8]LogModuleManager: Shutting down and abandoning module WindowsServerTargetPlatform (105)
[2018.08.30-03.39.58:395][  8]LogModuleManager: Shutting down and abandoning module WindowsNoEditorTargetPlatform (103)
[2018.08.30-03.39.58:395][  8]LogModuleManager: Shutting down and abandoning module WindowsClientTargetPlatform (101)
[2018.08.30-03.39.58:395][  8]LogModuleManager: Shutting down and abandoning module MacTargetPlatform (99)
[2018.08.30-03.39.58:395][  8]LogModuleManager: Shutting down and abandoning module MacServerTargetPlatform (97)
[2018.08.30-03.39.58:395][  8]LogModuleManager: Shutting down and abandoning module MacNoEditorTargetPlatform (95)
[2018.08.30-03.39.58:395][  8]LogModuleManager: Shutting down and abandoning module MacClientTargetPlatform (93)
[2018.08.30-03.39.58:395][  8]LogModuleManager: Shutting down and abandoning module AllDesktopTargetPlatform (91)
[2018.08.30-03.39.58:395][  8]LogModuleManager: Shutting down and abandoning module InputCore (88)
[2018.08.30-03.39.58:395][  8]LogModuleManager: Shutting down and abandoning module Settings (86)
[2018.08.30-03.39.58:395][  8]LogModuleManager: Shutting down and abandoning module PhysXCooking (84)
[2018.08.30-03.39.58:395][  8]LogModuleManager: Shutting down and abandoning module SteamVR (82)
[2018.08.30-03.39.58:395][  8]LogModuleManager: Shutting down and abandoning module OculusHMD (80)
[2018.08.30-03.39.58:395][  8]LogModuleManager: Shutting down and abandoning module ExampleDeviceProfileSelector (78)
[2018.08.30-03.39.58:395][  8]LogModuleManager: Shutting down and abandoning module LauncherChunkInstaller (76)
[2018.08.30-03.39.58:395][  8]LogModuleManager: Shutting down and abandoning module OnlineBlueprintSupport (74)
[2018.08.30-03.39.58:395][  8]LogModuleManager: Shutting down and abandoning module OnlineSubsystem (70)
[2018.08.30-03.39.58:396][  8]LogModuleManager: Shutting down and abandoning module XMPP (65)
[2018.08.30-03.39.58:396][  8]LogModuleManager: Shutting down and abandoning module WebSockets (64)
[2018.08.30-03.39.58:412][  8]LogModuleManager: Shutting down and abandoning module HTTP (61)
[2018.08.30-03.39.58:412][  8]LogHttp: Display: Http module shutting down, but needs to wait on 1 outstanding Http requests:
[2018.08.30-03.39.58:412][  8]LogHttp: Display: 	verb=[POST] url=[https://datarouter.ol.epicgames.com/datarouter/api/v1/public/data?SessionID=%7B055617BC-4818-1EF1-B439-B7BA7D71652E%7D&AppID=UEEditor.Rocket.Release&AppVersion=4.20.2-4302132%2B%2B%2BUE4%2BRelease-4.20&UserID=af83421a4cf81d0254d1f08dc6b8cca5%7C46864163cb7749dd9797fd8e3c818371%7C12056b22-780a-4945-8c7c-253687a831c1&AppEnvironment=datacollector-binary&UploadType=eteventstream] status=Processing
[2018.08.30-03.39.58:428][  8]LogModuleManager: Shutting down and abandoning module SSL (60)
[2018.08.30-03.39.58:429][  8]LogModuleManager: Shutting down and abandoning module MagicLeapEmulator (56)
[2018.08.30-03.39.58:429][  8]LogModuleManager: Shutting down and abandoning module MagicLeapPrivileges (54)
[2018.08.30-03.39.58:429][  8]LogModuleManager: Shutting down and abandoning module MagicLeapIdentity (52)
[2018.08.30-03.39.58:429][  8]LogModuleManager: Shutting down and abandoning module MagicLeapHelperVulkan (50)
[2018.08.30-03.39.58:429][  8]LogModuleManager: Shutting down and abandoning module MagicLeapHelperOpenGL (48)
[2018.08.30-03.39.58:429][  8]LogModuleManager: Shutting down and abandoning module MagicLeapSecureStorage (46)
[2018.08.30-03.39.58:429][  8]LogModuleManager: Shutting down and abandoning module MagicLeapGestures (44)
[2018.08.30-03.39.58:429][  8]LogModuleManager: Shutting down and abandoning module MagicLeapEyeTracker (42)
[2018.08.30-03.39.58:429][  8]LogModuleManager: Shutting down and abandoning module MagicLeapController (40)
[2018.08.30-03.39.58:429][  8]LogSlate: Slate User Destroyed.  User Index 0, Is Virtual User: 0
[2018.08.30-03.39.58:429][  8]LogModuleManager: Shutting down and abandoning module MagicLeap (38)
[2018.08.30-03.39.58:429][  8]LogModuleManager: Shutting down and abandoning module AnimationModifiers (36)
[2018.08.30-03.39.58:429][  8]LogModuleManager: Shutting down and abandoning module PropertyEditor (35)
[2018.08.30-03.39.58:429][  8]LogModuleManager: Shutting down and abandoning module AudioEditor (32)
[2018.08.30-03.39.58:429][  8]LogModuleManager: Shutting down and abandoning module TextureCompressor (30)
[2018.08.30-03.39.58:430][  8]LogModuleManager: Shutting down and abandoning module ShaderCore (28)
[2018.08.30-03.39.58:430][  8]LogModuleManager: Shutting down and abandoning module Landscape (26)
[2018.08.30-03.39.58:430][  8]LogModuleManager: Shutting down and abandoning module SlateRHIRenderer (24)
[2018.08.30-03.39.58:430][  8]LogModuleManager: Shutting down and abandoning module OpenGLDrv (22)
[2018.08.30-03.39.58:430][  8]LogModuleManager: Shutting down and abandoning module D3D11RHI (20)
[2018.08.30-03.39.58:430][  8]LogModuleManager: Shutting down and abandoning module AnimGraphRuntime (18)
[2018.08.30-03.39.58:430][  8]LogModuleManager: Shutting down and abandoning module Renderer (16)
[2018.08.30-03.39.58:430][  8]LogModuleManager: Shutting down and abandoning module Engine (14)
[2018.08.30-03.39.58:430][  8]LogModuleManager: Shutting down and abandoning module CoreUObject (12)
[2018.08.30-03.39.58:430][  8]LogModuleManager: Shutting down and abandoning module NetworkFile (10)
[2018.08.30-03.39.58:430][  8]LogModuleManager: Shutting down and abandoning module CookedIterativeFile (8)
[2018.08.30-03.39.58:430][  8]LogModuleManager: Shutting down and abandoning module StreamingFile (6)
[2018.08.30-03.39.58:430][  8]LogModuleManager: Shutting down and abandoning module SandboxFile (4)
[2018.08.30-03.39.58:430][  8]LogModuleManager: Shutting down and abandoning module PakFile (2)
[2018.08.30-03.39.58:436][  8]LogExit: Exiting.
[2018.08.30-03.39.58:456][  8]Log file closed, 08/29/18 23:39:58
