Log file open, 09/10/18 21:21:57
LogWindows: Failed to load 'aqProf.dll' (GetLastError=126)
LogWindows: File 'aqProf.dll' does not exist
LogWindows: Failed to load 'VSPerf140.dll' (GetLastError=126)
LogWindows: File 'VSPerf140.dll' does not exist
LogWindows: Failed to load 'VtuneApi.dll' (GetLastError=126)
LogWindows: File 'VtuneApi.dll' does not exist
LogWindows: Failed to load 'VtuneApi32e.dll' (GetLastError=126)
LogWindows: File 'VtuneApi32e.dll' does not exist
LogInit: Display: Running engine for game: MyProject
LogPlatformFile: Not using cached read wrapper
LogTaskGraph: Started task graph with 5 named threads and 23 total threads with 3 sets of task threads.
LogStats: Stats thread started at 0.304163
LogD3D11RHI: Loaded GFSDK_Aftermath_Lib.x64.dll
LogICUInternationalization: Display: ICU TimeZone Detection - Raw Offset: -5:00, Platform Override: ''
LogPluginManager: Mounting plugin Paper2D
LogPluginManager: Mounting plugin AISupport
LogPluginManager: Mounting plugin LightPropagationVolume
LogPluginManager: Mounting plugin CLionSourceCodeAccess
LogPluginManager: Mounting plugin CodeLiteSourceCodeAccess
LogPluginManager: Mounting plugin GitSourceControl
LogPluginManager: Mounting plugin KDevelopSourceCodeAccess
LogPluginManager: Mounting plugin NullSourceCodeAccess
LogPluginManager: Mounting plugin PerforceSourceControl
LogPluginManager: Mounting plugin SubversionSourceControl
LogPluginManager: Mounting plugin UObjectPlugin
LogPluginManager: Mounting plugin VisualStudioCodeSourceCodeAccess
LogPluginManager: Mounting plugin VisualStudioSourceCodeAccess
LogPluginManager: Mounting plugin XCodeSourceCodeAccess
LogPluginManager: Mounting plugin AssetManagerEditor
LogPluginManager: Mounting plugin CryptoKeys
LogPluginManager: Mounting plugin DataValidation
LogPluginManager: Mounting plugin FacialAnimation
LogPluginManager: Mounting plugin GameplayTagsEditor
LogPluginManager: Mounting plugin MacGraphicsSwitching
LogPluginManager: Mounting plugin MeshEditor
LogPluginManager: Mounting plugin MobileLauncherProfileWizard
LogPluginManager: Mounting plugin PluginBrowser
LogPluginManager: Mounting plugin SpeedTreeImporter
LogPluginManager: Mounting plugin DatasmithContent
LogPluginManager: Mounting plugin AlembicImporter
LogPluginManager: Mounting plugin AppleImageUtils
LogPluginManager: Mounting plugin AppleVision
LogPluginManager: Mounting plugin BackChannel
LogPluginManager: Mounting plugin CharacterAI
LogPluginManager: Mounting plugin GeometryCache
LogPluginManager: Mounting plugin HTML5Networking
LogPluginManager: Mounting plugin ProxyLODPlugin
LogPluginManager: Mounting plugin MagicLeap
LogPluginManager: Mounting plugin MagicLeapEmulator
LogPluginManager: Mounting plugin MagicLeapMedia
LogPluginManager: Mounting plugin AndroidMedia
LogPluginManager: Mounting plugin AvfMedia
LogPluginManager: Mounting plugin ImgMedia
LogPluginManager: Mounting plugin LinearTimecode
LogPluginManager: Mounting plugin MediaCompositing
LogPluginManager: Mounting plugin MediaPlayerEditor
LogPluginManager: Mounting plugin WmfMedia
LogPluginManager: Mounting plugin TcpMessaging
LogPluginManager: Mounting plugin UdpMessaging
LogPluginManager: Mounting plugin ActorSequence
LogPluginManager: Mounting plugin LevelSequenceEditor
LogPluginManager: Mounting plugin MatineeToLevelSequence
LogPluginManager: Mounting plugin NetcodeUnitTest
LogPluginManager: Mounting plugin NUTUnrealEngine4
LogPluginManager: Mounting plugin OnlineSubsystemGooglePlay
LogPluginManager: Mounting plugin OnlineSubsystemIOS
LogPluginManager: Mounting plugin OnlineSubsystem
LogPluginManager: Mounting plugin OnlineSubsystemNull
LogPluginManager: Mounting plugin OnlineSubsystemUtils
LogPluginManager: Mounting plugin LauncherChunkInstaller
LogPluginManager: Mounting plugin AndroidDeviceProfileSelector
LogPluginManager: Mounting plugin AndroidMoviePlayer
LogPluginManager: Mounting plugin AndroidPermission
LogPluginManager: Mounting plugin AppleMoviePlayer
LogPluginManager: Mounting plugin ArchVisCharacter
LogPluginManager: Mounting plugin AudioCapture
LogPluginManager: Mounting plugin CableComponent
LogPluginManager: Mounting plugin CustomMeshComponent
LogPluginManager: Mounting plugin EditableMesh
LogPluginManager: Mounting plugin ExampleDeviceProfileSelector
LogPluginManager: Mounting plugin GoogleCloudMessaging
LogPluginManager: Mounting plugin ImmediatePhysics
LogPluginManager: Mounting plugin IOSDeviceProfileSelector
LogPluginManager: Mounting plugin LinuxDeviceProfileSelector
LogPluginManager: Mounting plugin LocationServicesBPLibrary
LogPluginManager: Mounting plugin MobilePatchingUtils
LogPluginManager: Mounting plugin OculusVR
LogPluginManager: Plugin shader directory ../../../Engine/Plugins/Runtime/Oculus/OculusVR/Shaders found
LogPluginManager: Mapping shader source directory ../../../Engine/Plugins/Runtime/Oculus/OculusVR/Shaders to virtual directory /Plugin/OculusVR
LogPluginManager: Mounting plugin PhysXVehicles
LogPluginManager: Mounting plugin ProceduralMeshComponent
LogPluginManager: Mounting plugin RuntimePhysXCooking
LogPluginManager: Mounting plugin SteamVR
LogPluginManager: Mounting plugin WindowsMoviePlayer
LogStreaming: Display: Took  0.136s to configure plugins.
LogInit: Using libcurl 7.55.1-DEV
LogInit:  - built for x86_64-pc-win32
LogInit:  - supports SSL with OpenSSL/1.0.2h
LogInit:  - supports HTTP deflate (compression) using libz 1.2.8
LogInit:  - other features:
LogInit:      CURL_VERSION_SSL
LogInit:      CURL_VERSION_LIBZ
LogInit:      CURL_VERSION_IPV6
LogInit:      CURL_VERSION_ASYNCHDNS
LogInit:      CURL_VERSION_LARGEFILE
LogInit:      CURL_VERSION_IDN
LogInit:  CurlRequestOptions (configurable via config and command line):
LogInit:  - bVerifyPeer = false  - Libcurl will NOT verify peer certificate
LogInit:  - bUseHttpProxy = false  - Libcurl will NOT use HTTP proxy
LogInit:  - bDontReuseConnections = false  - Libcurl will reuse connections
LogInit:  - CertBundlePath = nullptr  - Libcurl will use whatever was configured at build time.
LogInit:  - MaxHostConnections = 16  - Libcurl will limit the number of connections to a host
LogInit:  - LocalHostAddr = Default
LogInit:  - BufferSize = 65536
LogInit: WinSock: version 1.1 (2.2), MaxSocks=32767, MaxUdp=65467
LogInit: Build: ++UE4+Release-4.20-CL-4302132
LogInit: Engine Version: 4.20.2-4302132+++UE4+Release-4.20
LogInit: Compatible Engine Version: 4.20.0-4212847+++UE4+Release-4.20
LogInit: Net CL: 4212847
LogInit: OS: Windows 10 (), CPU: Intel(R) Core(TM) i5-8300H CPU @ 2.30GHz, GPU: Intel(R) UHD Graphics 630
LogInit: Compiled (64-bit): Aug 21 2018 02:06:06
LogInit: Compiled with Visual C++: 19.13.26129.00
LogInit: Build Configuration: Development
LogInit: Branch Name: ++UE4+Release-4.20
LogInit: Command Line: 
LogInit: Base Directory: C:/Program Files/Epic Games/UE_4.20/Engine/Binaries/Win64/
LogInit: Installed Engine Build: 1
LogDevObjectVersion: Number of dev versions registered: 20
LogDevObjectVersion:   Dev-Blueprints (B0D832E4-1F89-4F0D-ACCF-7EB736FD4AA2): 10
LogDevObjectVersion:   Dev-Build (E1C64328-A22C-4D53-A36C-8E866417BD8C): 0
LogDevObjectVersion:   Dev-Core (375EC13C-06E4-48FB-B500-84F0262A717E): 2
LogDevObjectVersion:   Dev-Editor (E4B068ED-F494-42E9-A231-DA0B2E46BB41): 24
LogDevObjectVersion:   Dev-Framework (CFFC743F-43B0-4480-9391-14DF171D2073): 34
LogDevObjectVersion:   Dev-Mobile (B02B49B5-BB20-44E9-A304-32B752E40360): 2
LogDevObjectVersion:   Dev-Networking (A4E4105C-59A1-49B5-A7C5-40C4547EDFEE): 0
LogDevObjectVersion:   Dev-Online (39C831C9-5AE6-47DC-9A44-9C173E1C8E7C): 0
LogDevObjectVersion:   Dev-Physics (78F01B33-EBEA-4F98-B9B4-84EACCB95AA2): 0
LogDevObjectVersion:   Dev-Platform (6631380F-2D4D-43E0-8009-CF276956A95A): 0
LogDevObjectVersion:   Dev-Rendering (12F88B9F-8875-4AFC-A67C-D90C383ABD29): 26
LogDevObjectVersion:   Dev-Sequencer (7B5AE74C-D270-4C10-A958-57980B212A5A): 9
LogDevObjectVersion:   Dev-VR (D7296918-1DD6-4BDD-9DE2-64A83CC13884): 2
LogDevObjectVersion:   Dev-LoadTimes (C2A15278-BFE7-4AFE-6C17-90FF531DF755): 1
LogDevObjectVersion:   Private-Geometry (6EACA3D4-40EC-4CC1-B786-8BED09428FC5): 3
LogDevObjectVersion:   Dev-AnimPhys (29E575DD-E0A3-4627-9D10-D276232CDCEA): 17
LogDevObjectVersion:   Dev-ReflectionCapture (6B266CEC-1EC7-4B8F-A30B-E4D90942FC07): 1
LogDevObjectVersion:   Dev-Automation (0DF73D61-A23F-47EA-B727-89E90C41499A): 1
LogDevObjectVersion:   FortniteMain (601D1886-AC64-4F84-AA16-D3DE0DEAC7D6): 12
LogDevObjectVersion:   Dev-Enterprise (9DFFBCD6-494F-0158-E221-12823C92A888): 1
LogStreaming: Display: Took  0.002s to delete old logs.
LogInit: Presizing for max 8388607 objects, including 0 objects not considered by GC, pre-allocating 0 bytes for permanent pool.
LogInit: Object subsystem initialized
[2018.09.11-01.21.57:928][  0]LogInit: Selected Device Profile: [Windows]
[2018.09.11-01.21.57:928][  0]LogInit: Applying CVar settings loaded from the selected device profile: [Windows]
[2018.09.11-01.21.57:949][  0]LogHAL: Display: Platform has ~ 8 GB [8461172736 / 8589934592 / 8], which maps to Default [LargestMinGB=32, LargerMinGB=12, DefaultMinGB=8, SmallerMinGB=6, SmallestMinGB=0)
[2018.09.11-01.21.57:949][  0]LogInit: Setting Device Profile CVar: [[r.Vulkan.UseRealUBs:1]]
[2018.09.11-01.21.57:949][  0]LogInit: Going up to parent DeviceProfile []
[2018.09.11-01.21.57:950][  0]LogInit: Computer: MSI-VINCENT
[2018.09.11-01.21.57:950][  0]LogInit: User: Vincent
[2018.09.11-01.21.57:950][  0]LogInit: CPU Page size=4096, Cores=4
[2018.09.11-01.21.57:950][  0]LogInit: High frequency timer resolution =2.250000 MHz
[2018.09.11-01.21.57:950][  0]LogMemory: Memory total: Physical=7.9GB (8GB approx)
[2018.09.11-01.21.57:950][  0]LogMemory: Platform Memory Stats for Windows
[2018.09.11-01.21.57:950][  0]LogMemory: Process Physical Memory: 99.93 MB used, 99.93 MB peak
[2018.09.11-01.21.57:950][  0]LogMemory: Process Virtual Memory: 91.12 MB used, 91.12 MB peak
[2018.09.11-01.21.57:950][  0]LogMemory: Physical Memory: 5402.44 MB used,  2666.77 MB free, 8069.20 MB total
[2018.09.11-01.21.57:950][  0]LogMemory: Virtual Memory: 4640.12 MB used,  2666.77 MB free, 134217728.00 MB total
[2018.09.11-01.21.57:970][  0]LogInit: Using OS detected language (fr-FR).
[2018.09.11-01.21.57:970][  0]LogInit: Using OS detected locale (fr-FR).
[2018.09.11-01.21.57:971][  0]LogTextLocalizationManager: No specific localization for 'fr-FR' exists, so the 'fr' localization will be used.
[2018.09.11-01.21.57:973][  0]LogStreaming: Display: Took  0.003s to InitEngineTextLocalization.
[2018.09.11-01.21.58:015][  0]LogSlate: New Slate User Created.  User Index 0, Is Virtual User: 0
[2018.09.11-01.21.58:015][  0]LogSlate: Slate User Registered.  User Index 0, Is Virtual User: 0
[2018.09.11-01.21.58:273][  0]LogHMD: Failed to initialize OpenVR with code 110
[2018.09.11-01.21.58:273][  0]LogD3D11RHI: D3D11 adapters:
[2018.09.11-01.21.58:344][  0]LogD3D11RHI:    0. 'NVIDIA GeForce GTX 1060' (Feature Level 11_0)
[2018.09.11-01.21.58:344][  0]LogD3D11RHI:       6052/0/4034 MB DedicatedVideo/DedicatedSystem/SharedSystem, Outputs:2, VendorId:0x10de
[2018.09.11-01.21.58:353][  0]LogD3D11RHI:    1. 'Intel(R) UHD Graphics 630' (Feature Level 11_0)
[2018.09.11-01.21.58:353][  0]LogD3D11RHI:       128/0/4034 MB DedicatedVideo/DedicatedSystem/SharedSystem, Outputs:0, VendorId:0x8086
[2018.09.11-01.21.58:355][  0]LogD3D11RHI:    2. 'Microsoft Basic Render Driver' (Feature Level 11_0)
[2018.09.11-01.21.58:355][  0]LogD3D11RHI:       0/0/4034 MB DedicatedVideo/DedicatedSystem/SharedSystem, Outputs:0, VendorId:0x1414
[2018.09.11-01.21.58:355][  0]LogD3D11RHI: Chosen D3D11 Adapter: 0
[2018.09.11-01.21.58:385][  0]LogD3D11RHI: Creating new Direct3DDevice
[2018.09.11-01.21.58:385][  0]LogD3D11RHI:     GPU DeviceId: 0x1c20 (for the marketing name, search the web for "GPU Device Id")
[2018.09.11-01.21.58:385][  0]LogWindows: EnumDisplayDevices:
[2018.09.11-01.21.58:385][  0]LogWindows:    0. 'Intel(R) UHD Graphics 630' (P:1 D:1)
[2018.09.11-01.21.58:385][  0]LogWindows:    1. 'Intel(R) UHD Graphics 630' (P:0 D:0)
[2018.09.11-01.21.58:386][  0]LogWindows:    2. 'Intel(R) UHD Graphics 630' (P:0 D:0)
[2018.09.11-01.21.58:386][  0]LogWindows:    3. 'NVIDIA GeForce GTX 1060' (P:0 D:1)
[2018.09.11-01.21.58:386][  0]LogWindows:    4. 'NVIDIA GeForce GTX 1060' (P:0 D:0)
[2018.09.11-01.21.58:386][  0]LogWindows:    5. 'NVIDIA GeForce GTX 1060' (P:0 D:0)
[2018.09.11-01.21.58:387][  0]LogWindows:    6. 'NVIDIA GeForce GTX 1060' (P:0 D:0)
[2018.09.11-01.21.58:387][  0]LogWindows: DebugString: PrimaryIsNotTheChoosenAdapter PrimaryIsNotTheChoosenAdapter PrimaryIsNotTheChoosenAdapter FoundDriverCount:4 
[2018.09.11-01.21.58:387][  0]LogD3D11RHI:     Adapter Name: NVIDIA GeForce GTX 1060
[2018.09.11-01.21.58:387][  0]LogD3D11RHI:   Driver Version: 399.07 (internal:24.21.13.9907, unified:399.07)
[2018.09.11-01.21.58:387][  0]LogD3D11RHI:      Driver Date: 8-21-2018
[2018.09.11-01.21.58:387][  0]LogRHI: Texture pool is 4236 MB (70% of 6052 MB)
[2018.09.11-01.21.58:438][  0]LogD3D11RHI: Async texture creation enabled
[2018.09.11-01.21.58:455][  0]LogD3D11RHI: GPU Timing Frequency: 1000.000000 (Debug: 2 2)
[2018.09.11-01.21.58:506][  0]LogShaderCompilers: Guid format shader working directory is -41 characters bigger than the processId version (../../../../../../Users/Vincent/Desktop/Cours/Mondes virtuels/projet-unreal-2018-VinSey1/Intermediate/Shaders/WorkingDirectory/22028/).
[2018.09.11-01.21.58:506][  0]LogShaderCompilers: Cleaned the shader compiler working directory 'C:/Users/Vincent/AppData/Local/Temp/UnrealShaderWorkingDir/72274DC640F1204EAA43DBBB425370E9/'.
[2018.09.11-01.21.58:805][  0]LogTemp: Display: Loaded TP AllDesktopTargetPlatform
[2018.09.11-01.21.58:822][  0]LogTemp: Display: Loaded TP MacClientTargetPlatform
[2018.09.11-01.21.58:839][  0]LogTemp: Display: Loaded TP MacNoEditorTargetPlatform
[2018.09.11-01.21.58:855][  0]LogTemp: Display: Loaded TP MacServerTargetPlatform
[2018.09.11-01.21.58:872][  0]LogTemp: Display: Loaded TP MacTargetPlatform
[2018.09.11-01.21.58:887][  0]LogTemp: Display: Loaded TP WindowsClientTargetPlatform
[2018.09.11-01.21.58:903][  0]LogTemp: Display: Loaded TP WindowsNoEditorTargetPlatform
[2018.09.11-01.21.58:919][  0]LogTemp: Display: Loaded TP WindowsServerTargetPlatform
[2018.09.11-01.21.58:927][  0]LogTemp: Display: Loaded TP WindowsTargetPlatform
[2018.09.11-01.21.59:027][  0]LogTemp: Display: Loaded TP AndroidTargetPlatform
[2018.09.11-01.21.59:027][  0]LogTemp: Display: Loaded TP AndroidTargetPlatform
[2018.09.11-01.21.59:027][  0]LogTemp: Display: Loaded TP AndroidTargetPlatform
[2018.09.11-01.21.59:027][  0]LogTemp: Display: Loaded TP AndroidTargetPlatform
[2018.09.11-01.21.59:027][  0]LogTemp: Display: Loaded TP AndroidTargetPlatform
[2018.09.11-01.21.59:027][  0]LogTemp: Display: Loaded TP AndroidTargetPlatform
[2018.09.11-01.21.59:027][  0]LogTemp: Display: Loaded TP AndroidTargetPlatform
[2018.09.11-01.21.59:027][  0]LogTemp: Display: Loaded TP AndroidTargetPlatform
[2018.09.11-01.21.59:027][  0]LogTemp: Display: Loaded TP AndroidTargetPlatform
[2018.09.11-01.21.59:027][  0]LogTemp: Display: Loaded TP AndroidTargetPlatform
[2018.09.11-01.21.59:027][  0]LogTemp: Display: Loaded TP AndroidTargetPlatform
[2018.09.11-01.21.59:027][  0]LogTemp: Display: Loaded TP AndroidTargetPlatform
[2018.09.11-01.21.59:027][  0]LogTemp: Display: Loaded TP AndroidTargetPlatform
[2018.09.11-01.21.59:027][  0]LogTemp: Display: Loaded TP AndroidTargetPlatform
[2018.09.11-01.21.59:027][  0]LogTemp: Display: Loaded TP AndroidTargetPlatform
[2018.09.11-01.21.59:027][  0]LogTemp: Display: Loaded TP AndroidTargetPlatform
[2018.09.11-01.21.59:027][  0]LogTemp: Display: Loaded TP AndroidTargetPlatform
[2018.09.11-01.21.59:027][  0]LogTemp: Display: Loaded TP AndroidTargetPlatform
[2018.09.11-01.21.59:028][  0]LogTemp: Display: Loaded TP HTML5TargetPlatform
[2018.09.11-01.21.59:096][  0]LogTemp: Display: Loaded TP IOSTargetPlatform
[2018.09.11-01.21.59:096][  0]LogTemp: Display: Loaded TP IOSTargetPlatform
[2018.09.11-01.21.59:124][  0]LogTemp: Display: Loaded TP TVOSTargetPlatform
[2018.09.11-01.21.59:124][  0]LogTemp: Display: Loaded TP TVOSTargetPlatform
[2018.09.11-01.21.59:139][  0]LogTemp: Display: Loaded TP LinuxClientTargetPlatform
[2018.09.11-01.21.59:153][  0]LogTemp: Display: Loaded TP LinuxNoEditorTargetPlatform
[2018.09.11-01.21.59:167][  0]LogTemp: Display: Loaded TP LinuxServerTargetPlatform
[2018.09.11-01.21.59:183][  0]LogTemp: Display: Loaded TP LinuxTargetPlatform
[2018.09.11-01.21.59:194][  0]LogTemp: Display: Loaded TP LuminTargetPlatform
[2018.09.11-01.21.59:194][  0]LogTargetPlatformManager: Display: Building Assets For Windows
[2018.09.11-01.21.59:260][  0]LogXGEController: Cannot use XGE Controller as Incredibuild is not installed on this machine.
[2018.09.11-01.21.59:260][  0]LogShaderCompilers: Cannot use XGE Shader Compiler as Incredibuild is not installed on this machine.
[2018.09.11-01.21.59:260][  0]LogShaderCompilers: Display: Using Local Shader Compiler.
[2018.09.11-01.22.00:062][  0]LogDerivedDataCache: Display: Max Cache Size: 512 MB
[2018.09.11-01.22.00:125][  0]LogDerivedDataCache: Loaded boot cache 0.06s 71MB C:/Users/Vincent/AppData/Local/UnrealEngine/4.20/DerivedDataCache/Boot.ddc.
[2018.09.11-01.22.00:125][  0]LogDerivedDataCache: Display: Loaded Boot cache: C:/Users/Vincent/AppData/Local/UnrealEngine/4.20/DerivedDataCache/Boot.ddc
[2018.09.11-01.22.00:125][  0]LogDerivedDataCache: FDerivedDataBackendGraph:  Pak pak cache file ../../../../../../Users/Vincent/Desktop/Cours/Mondes virtuels/projet-unreal-2018-VinSey1/DerivedDataCache/DDC.ddp not found, will not use a pak cache.
[2018.09.11-01.22.00:125][  0]LogDerivedDataCache: Unable to find inner node Pak for hierarchical cache Hierarchy.
[2018.09.11-01.22.00:125][  0]LogDerivedDataCache: FDerivedDataBackendGraph:  CompressedPak pak cache file ../../../../../../Users/Vincent/Desktop/Cours/Mondes virtuels/projet-unreal-2018-VinSey1/DerivedDataCache/Compressed.ddp not found, will not use a pak cache.
[2018.09.11-01.22.00:125][  0]LogDerivedDataCache: Unable to find inner node CompressedPak for hierarchical cache Hierarchy.
[2018.09.11-01.22.00:138][  0]LogDerivedDataCache: Display: Pak cache opened for reading ../../../Engine/DerivedDataCache/Compressed.ddp.
[2018.09.11-01.22.00:150][  0]LogDerivedDataCache: Using Local data cache path C:/Users/Vincent/AppData/Local/UnrealEngine/Common/DerivedDataCache: Writable
[2018.09.11-01.22.00:150][  0]LogDerivedDataCache: Shared data cache path not found in *engine.ini, will not use an Shared cache.
[2018.09.11-01.22.00:150][  0]LogDerivedDataCache: Unable to find inner node Shared for hierarchical cache Hierarchy.
[2018.09.11-01.22.00:170][  0]LogMaterial: Verifying Global Shaders for PCD3D_SM5
[2018.09.11-01.22.00:171][  0]LogSlate: Using FreeType 2.6.0
[2018.09.11-01.22.00:172][  0]LogSlate: SlateFontServices - WITH_FREETYPE: 1, WITH_HARFBUZZ: 1
[2018.09.11-01.22.00:249][  0]LogAssetRegistry: FAssetRegistry took 0.0272 seconds to start up
[2018.09.11-01.22.00:617][  0]LogInit: Selected Device Profile: [Windows]
[2018.09.11-01.22.00:753][  0]LogSimplygon: Simplygon DLL not present - disabling.
[2018.09.11-01.22.00:756][  0]LogMeshReduction: Using SimplygonSwarm for distributed automatic mesh merging
[2018.09.11-01.22.00:756][  0]LogMeshReduction: Using ProxyLODMeshReduction for automatic mesh merging
[2018.09.11-01.22.00:756][  0]LogMeshReduction: Using QuadricMeshReduction for automatic static mesh reduction
[2018.09.11-01.22.00:756][  0]LogMeshReduction: No automatic skeletal mesh reduction module available
[2018.09.11-01.22.00:771][  0]LogNetVersion: MyProject 1.0.0, NetCL: 4212847, EngineNetVer: 5, GameNetVer: 0 (Checksum: 1110078900)
[2018.09.11-01.22.01:342][  0]LogPackageLocalizationCache: Processed 11 localized package path(s) for 2 prioritized culture(s) in 0.147842 seconds
[2018.09.11-01.22.01:350][  0]LogUObjectArray: 38425 objects as part of root set at end of initial load.
[2018.09.11-01.22.01:350][  0]LogUObjectAllocator: 6690872 out of 0 bytes used by permanent object pool.
[2018.09.11-01.22.01:350][  0]LogUObjectArray: CloseDisregardForGC: 0/0 objects in disregard for GC pool
[2018.09.11-01.22.02:177][  0]LogTcpMessaging: Initializing TcpMessaging bridge
[2018.09.11-01.22.02:190][  0]LogUdpMessaging: Initializing bridge on interface 0.0.0.0:0 to multicast group 230.0.0.1:6666.
[2018.09.11-01.22.02:191][  0]FUdpSocketBuilder: Failed to subscribe UdpMessageMulticastSocket to multicast group 230.0.0.1
[2018.09.11-01.22.02:191][  0]FUdpSocketBuilder: Failed to create and initialize socket UdpMessageMulticastSocket (last error: 0)
[2018.09.11-01.22.02:191][  0]LogUdpMessaging: Warning: StartTransport failed to create multicast socket on 0.0.0.0:0, joined to 230.0.0.1:6666 with TTL 1
[2018.09.11-01.22.02:312][  0]SourceControl: Source control is disabled
[2018.09.11-01.22.02:312][  0]SourceControl: Source control is disabled
[2018.09.11-01.22.02:313][  0]SourceControl: Source control is disabled
[2018.09.11-01.22.02:313][  0]SourceControl: Source control is disabled
[2018.09.11-01.22.02:467][  0]LogAndroidPermission: UAndroidPermissionCallbackProxy::GetInstance
[2018.09.11-01.22.02:524][  0]LogOcInput: OculusInput pre-init called
[2018.09.11-01.22.02:578][  0]LogEngine: Initializing Engine...
[2018.09.11-01.22.02:579][  0]LogHMD: Failed to initialize OpenVR with code 110
[2018.09.11-01.22.02:580][  0]LogStats: UGameplayTagsManager::ConstructGameplayTagTree: ImportINI prefixes -  0.000 s
[2018.09.11-01.22.02:580][  0]LogStats: UGameplayTagsManager::ConstructGameplayTagTree: Construct from data asset -  0.000 s
[2018.09.11-01.22.02:580][  0]LogStats: UGameplayTagsManager::ConstructGameplayTagTree: ImportINI -  0.000 s
[2018.09.11-01.22.02:580][  0]LogStats: UGameplayTagsManager::ConstructGameplayTagTree: GameplayTagTreeChangedEvent.Broadcast -  0.000 s
[2018.09.11-01.22.02:808][  0]LogInit: Initializing FReadOnlyCVARCache
[2018.09.11-01.22.02:822][  0]LogAIModule: Creating AISystem for world Untitled
[2018.09.11-01.22.02:878][  0]LogInit: XAudio2 using 'Casque pour téléphone (HyperX 7.1 Audio)' : 2 channels at 48 kHz using 16 bits per sample (channel mask 0x3)
[2018.09.11-01.22.02:892][  0]LogInit: FAudioDevice initialized.
[2018.09.11-01.22.02:892][  0]LogNetVersion: Set ProjectVersion to 1.0.0.0. Version Checksum will be recalculated on next use.
[2018.09.11-01.22.02:983][  0]LogDerivedDataCache: Saved boot cache 0.09s 71MB C:/Users/Vincent/AppData/Local/UnrealEngine/4.20/DerivedDataCache/Boot.ddc.
[2018.09.11-01.22.02:995][  0]LogInit: Texture streaming: Enabled
[2018.09.11-01.22.03:011][  0]LogEngineSessionManager: EngineSessionManager initialized
[2018.09.11-01.22.03:026][  0]LogInit: Transaction tracking system initialized
[2018.09.11-01.22.03:048][  0]BlueprintLog: New page: Editor Load
[2018.09.11-01.22.03:138][  0]LocalizationService: Localization service is disabled
[2018.09.11-01.22.03:378][  0]LogCook: Display: Max memory allowance for cook 16384mb min free memory 0mb
[2018.09.11-01.22.03:378][  0]LogCook: Display: Mobile HDR setting 1
[2018.09.11-01.22.03:378][  0]LogGameplayTags: Display: UGameplayTagsManager::DoneAddingNativeTags. DelegateIsBound: 0
[2018.09.11-01.22.03:378][  0]LogStats: UGameplayTagsManager::ConstructGameplayTagTree: ImportINI prefixes -  0.000 s
[2018.09.11-01.22.03:378][  0]LogStats: UGameplayTagsManager::ConstructGameplayTagTree: Construct from data asset -  0.000 s
[2018.09.11-01.22.03:378][  0]LogStats: UGameplayTagsManager::ConstructGameplayTagTree: ImportINI -  0.000 s
[2018.09.11-01.22.03:378][  0]LogStats: UGameplayTagsManager::ConstructGameplayTagTree: GameplayTagTreeChangedEvent.Broadcast -  0.000 s
[2018.09.11-01.22.03:481][  0]LogFileCache: Scanning file cache for directory 'C:/Users/Vincent/Desktop/Cours/Mondes virtuels/projet-unreal-2018-VinSey1/Content/' took 0.02s
[2018.09.11-01.22.03:481][  0]SourceControl: Source control is disabled
[2018.09.11-01.22.03:481][  0]Cmd: MAP LOAD FILE="../../../../../../Users/Vincent/Desktop/Cours/Mondes virtuels/projet-unreal-2018-VinSey1/Content/FirstPersonBP/Maps/FirstPersonExampleMap.umap" TEMPLATE=0 SHOWPROGRESS=1 FEATURELEVEL=3
[2018.09.11-01.22.03:488][  0]LightingResults: New page: Lighting Build
[2018.09.11-01.22.03:491][  0]MapCheck: New page: Map Check
[2018.09.11-01.22.03:491][  0]LightingResults: New page: Lighting Build
[2018.09.11-01.22.04:483][  0]LogMaterial: Display: Missing cached shader map for material Material_010, compiling. 
[2018.09.11-01.22.04:484][  0]LogMaterial: Warning: C:\Users\Vincent\Desktop\Cours\Mondes virtuels\projet-unreal-2018-VinSey1\Content\Salle\Material_010.uasset: Failed to compile Material for platform PCD3D_SM5, Default Material will be used in game.
[2018.09.11-01.22.04:484][  0]LogMaterial: 	(Node TextureSample) Texture Sample> Missing input texture
[2018.09.11-01.22.04:775][  0]LogAIModule: Creating AISystem for world FirstPersonExampleMap
[2018.09.11-01.22.04:792][  0]LogEditorServer: Finished looking for orphan Actors (0.000 secs)
[2018.09.11-01.22.04:817][  0]Cmd: MAP CHECKDEP NOCLEARLOG
[2018.09.11-01.22.04:904][  0]MapCheck: Map check complete: 0 Error(s), 0 Warning(s), took 87,115ms to complete.
[2018.09.11-01.22.04:905][  0]LogFileHelpers: Loading map 'FirstPersonExampleMap' took 1.423
[2018.09.11-01.22.05:088][  0]LogSlate: Updating window title bar state: overlay mode, drag disabled, window buttons hidden, title bar hidden
[2018.09.11-01.22.05:098][  0]LogSlate: Updating window title bar state: overlay mode, drag disabled, window buttons hidden, title bar hidden
[2018.09.11-01.22.05:106][  0]LogSlate: Updating window title bar state: overlay mode, drag disabled, window buttons hidden, title bar hidden
[2018.09.11-01.22.05:115][  0]LogSlate: Updating window title bar state: overlay mode, drag disabled, window buttons hidden, title bar hidden
[2018.09.11-01.22.05:132][  0]LogCollectionManager: Loaded 0 collections in 0.002394 seconds
[2018.09.11-01.22.05:177][  0]LogFileCache: Scanning file cache for directory 'C:/Users/Vincent/Desktop/Cours/Mondes virtuels/projet-unreal-2018-VinSey1/Saved/Collections/' took 0.01s
[2018.09.11-01.22.05:177][  0]LogFileCache: Scanning file cache for directory 'C:/Users/Vincent/Desktop/Cours/Mondes virtuels/projet-unreal-2018-VinSey1/Content/Developers/Vincent/Collections/' took 0.00s
[2018.09.11-01.22.05:177][  0]LogFileCache: Scanning file cache for directory 'C:/Users/Vincent/Desktop/Cours/Mondes virtuels/projet-unreal-2018-VinSey1/Content/Collections/' took 0.01s
[2018.09.11-01.22.05:177][  0]LogCollectionManager: Rebuilt the GUID cache for 0 collections in 0.000000 seconds
[2018.09.11-01.22.05:190][  0]LogContentBrowser: Native class hierarchy populated in 0.0116 seconds. Added 2572 classes and 603 folders.
[2018.09.11-01.22.05:203][  0]LogContentBrowser: Native class hierarchy updated for 'WidgetCarousel' in 0.0002 seconds. Added 0 classes and 0 folders.
[2018.09.11-01.22.05:643][  0]LogContentBrowser: Native class hierarchy updated for 'AddContentDialog' in 0.0002 seconds. Added 0 classes and 0 folders.
[2018.09.11-01.22.05:654][  0]LogContentBrowser: Native class hierarchy updated for 'SceneOutliner' in 0.0003 seconds. Added 1 classes and 2 folders.
[2018.09.11-01.22.05:702][  0]LogSlate: Took 0.000299 seconds to synchronously load lazily loaded font '../../../Engine/Content/Slate/Fonts/Roboto-Regular.ttf' (155K)
[2018.09.11-01.22.05:706][  0]LogSlate: Took 0.000370 seconds to synchronously load lazily loaded font '../../../Engine/Content/Slate/Fonts/Roboto-Bold.ttf' (160K)
[2018.09.11-01.22.05:723][  0]LogSlate: Took 0.006161 seconds to synchronously load lazily loaded font '../../../Engine/Content/Editor/Slate/Fonts/FontAwesome.ttf' (139K)
[2018.09.11-01.22.05:871][  0]LogRenderer: Reallocating scene render targets to support 964x436 Format 10 NumSamples 1 (Frame:1).
[2018.09.11-01.22.05:961][  0]LogSlate: Took 0.007041 seconds to synchronously load lazily loaded font '../../../Engine/Content/Slate/Fonts/Roboto-Light.ttf' (167K)
[2018.09.11-01.22.06:101][  0]LogContentBrowser: Native class hierarchy updated for 'HierarchicalLODOutliner' in 0.0002 seconds. Added 0 classes and 0 folders.
[2018.09.11-01.22.06:101][  0]LogLoad: (Engine Initialization) Total time: 10.04 seconds
[2018.09.11-01.22.06:101][  0]LogLoad: (Engine Initialization) Total Blueprint compile time: 0.00 seconds
[2018.09.11-01.22.06:120][  0]LogWindowsTextInputMethodSystem: Display: IME system now deactivated.
[2018.09.11-01.22.06:160][  0]LogContentStreaming: Texture pool size now 1000 MB
[2018.09.11-01.22.06:228][  1]LogAssetRegistry: Asset discovery search completed in 6.0010 seconds
[2018.09.11-01.22.06:231][  1]LogCollectionManager: Rebuilt the object cache for 0 collections in 0.000000 seconds (found 0 objects)
[2018.09.11-01.22.06:231][  1]LogCollectionManager: Fixed up redirectors for 0 collections in 0.000076 seconds (updated 0 objects)
[2018.09.11-01.22.24:067][ 67]LogSlate: FSceneViewport::OnFocusLost() reason 0
[2018.09.11-01.22.32:301][548]LogTemp: Repeating last play command: Selected Viewport
[2018.09.11-01.22.32:333][548]LogBlueprintUserMessages: Early PlayInEditor Detection: Level '/Game/FirstPersonBP/Maps/FirstPersonExampleMap.FirstPersonExampleMap:PersistentLevel' has LevelScriptBlueprint '/Game/FirstPersonBP/Maps/FirstPersonExampleMap.FirstPersonExampleMap:PersistentLevel.FirstPersonExampleMap' with GeneratedClass '/Game/FirstPersonBP/Maps/FirstPersonExampleMap.FirstPersonExampleMap_C' with ClassGeneratedBy '/Game/FirstPersonBP/Maps/FirstPersonExampleMap.FirstPersonExampleMap:PersistentLevel.FirstPersonExampleMap'
[2018.09.11-01.22.32:333][548]LogPlayLevel: PlayLevel: No blueprints needed recompiling
[2018.09.11-01.22.32:350][548]PIE: New page: PIE session: FirstPersonExampleMap (10 sept. 2018 17:22:32)
[2018.09.11-01.22.32:350][548]LogPlayLevel: Creating play world package: /Game/FirstPersonBP/Maps/UEDPIE_0_FirstPersonExampleMap
[2018.09.11-01.22.32:386][548]LogPlayLevel: PIE: StaticDuplicateObject took: (0.036369s)
[2018.09.11-01.22.32:387][548]LogAIModule: Creating AISystem for world FirstPersonExampleMap
[2018.09.11-01.22.32:387][548]LogPlayLevel: PIE: World Init took: (0.001002s)
[2018.09.11-01.22.32:387][548]LogPlayLevel: PIE: Created PIE world by copying editor world from /Game/FirstPersonBP/Maps/FirstPersonExampleMap.FirstPersonExampleMap to /Game/FirstPersonBP/Maps/UEDPIE_0_FirstPersonExampleMap.FirstPersonExampleMap (0.037518s)
[2018.09.11-01.22.32:428][548]LogInit: XAudio2 using 'Casque pour téléphone (HyperX 7.1 Audio)' : 2 channels at 48 kHz using 16 bits per sample (channel mask 0x3)
[2018.09.11-01.22.32:438][548]LogInit: FAudioDevice initialized.
[2018.09.11-01.22.32:490][548]LogLoad: Game class is 'FirstPersonGameMode_C'
[2018.09.11-01.22.32:496][548]LogWorld: Bringing World /Game/FirstPersonBP/Maps/UEDPIE_0_FirstPersonExampleMap.FirstPersonExampleMap up for play (max tick rate 60) at 2018.09.10-21.22.32
[2018.09.11-01.22.32:498][548]LogWorld: Bringing up level for play took: 0.004290
[2018.09.11-01.22.32:521][548]LogContentBrowser: Native class hierarchy updated for 'MovieSceneCapture' in 0.0003 seconds. Added 10 classes and 0 folders.
[2018.09.11-01.22.32:523][548]PIE: Play in editor start time for /Game/FirstPersonBP/Maps/UEDPIE_0_FirstPersonExampleMap -0,03
[2018.09.11-01.22.32:523][548]LogBlueprintUserMessages: Late PlayInEditor Detection: Level '/Game/FirstPersonBP/Maps/FirstPersonExampleMap.FirstPersonExampleMap:PersistentLevel' has LevelScriptBlueprint '/Game/FirstPersonBP/Maps/FirstPersonExampleMap.FirstPersonExampleMap:PersistentLevel.FirstPersonExampleMap' with GeneratedClass '/Game/FirstPersonBP/Maps/FirstPersonExampleMap.FirstPersonExampleMap_C' with ClassGeneratedBy '/Game/FirstPersonBP/Maps/FirstPersonExampleMap.FirstPersonExampleMap:PersistentLevel.FirstPersonExampleMap'
[2018.09.11-01.22.35:051][697]LogBlueprintUserMessages: Early EndPlayMap Detection: Level '/Game/FirstPersonBP/Maps/FirstPersonExampleMap.FirstPersonExampleMap:PersistentLevel' has LevelScriptBlueprint '/Game/FirstPersonBP/Maps/FirstPersonExampleMap.FirstPersonExampleMap:PersistentLevel.FirstPersonExampleMap' with GeneratedClass '/Game/FirstPersonBP/Maps/FirstPersonExampleMap.FirstPersonExampleMap_C' with ClassGeneratedBy '/Game/FirstPersonBP/Maps/FirstPersonExampleMap.FirstPersonExampleMap:PersistentLevel.FirstPersonExampleMap'
[2018.09.11-01.22.35:052][697]LogSlate: Updating window title bar state: overlay mode, drag disabled, window buttons hidden, title bar hidden
[2018.09.11-01.22.35:084][697]LogPlayLevel: Display: Shutting down PIE online subsystems
[2018.09.11-01.22.35:084][697]LogBlueprintUserMessages: Late EndPlayMap Detection: Level '/Game/FirstPersonBP/Maps/FirstPersonExampleMap.FirstPersonExampleMap:PersistentLevel' has LevelScriptBlueprint '/Game/FirstPersonBP/Maps/FirstPersonExampleMap.FirstPersonExampleMap:PersistentLevel.FirstPersonExampleMap' with GeneratedClass '/Game/FirstPersonBP/Maps/FirstPersonExampleMap.FirstPersonExampleMap_C' with ClassGeneratedBy '/Game/FirstPersonBP/Maps/FirstPersonExampleMap.FirstPersonExampleMap:PersistentLevel.FirstPersonExampleMap'
[2018.09.11-01.22.35:108][697]LogSlate: Updating window title bar state: overlay mode, drag disabled, window buttons hidden, title bar hidden
[2018.09.11-01.22.35:164][700]LogPlayLevel: Display: Destroying online subsystem :Context_4
[2018.09.11-01.22.37:400][834]LogSlate: FSceneViewport::OnFocusLost() reason 0
[2018.09.11-01.22.54:418][852]LogTemp: Repeating last play command: Selected Viewport
[2018.09.11-01.22.54:435][852]LogBlueprintUserMessages: Early PlayInEditor Detection: Level '/Game/FirstPersonBP/Maps/FirstPersonExampleMap.FirstPersonExampleMap:PersistentLevel' has LevelScriptBlueprint '/Game/FirstPersonBP/Maps/FirstPersonExampleMap.FirstPersonExampleMap:PersistentLevel.FirstPersonExampleMap' with GeneratedClass '/Game/FirstPersonBP/Maps/FirstPersonExampleMap.FirstPersonExampleMap_C' with ClassGeneratedBy '/Game/FirstPersonBP/Maps/FirstPersonExampleMap.FirstPersonExampleMap:PersistentLevel.FirstPersonExampleMap'
[2018.09.11-01.22.54:435][852]LogPlayLevel: PlayLevel: No blueprints needed recompiling
[2018.09.11-01.22.54:435][852]PIE: New page: PIE session: FirstPersonExampleMap (10 sept. 2018 17:22:54)
[2018.09.11-01.22.54:435][852]LogPlayLevel: Creating play world package: /Game/FirstPersonBP/Maps/UEDPIE_0_FirstPersonExampleMap
[2018.09.11-01.22.54:447][852]LogPlayLevel: PIE: StaticDuplicateObject took: (0.011874s)
[2018.09.11-01.22.54:448][852]LogAIModule: Creating AISystem for world FirstPersonExampleMap
[2018.09.11-01.22.54:448][852]LogPlayLevel: PIE: World Init took: (0.000768s)
[2018.09.11-01.22.54:448][852]LogPlayLevel: PIE: Created PIE world by copying editor world from /Game/FirstPersonBP/Maps/FirstPersonExampleMap.FirstPersonExampleMap to /Game/FirstPersonBP/Maps/UEDPIE_0_FirstPersonExampleMap.FirstPersonExampleMap (0.012784s)
[2018.09.11-01.22.54:480][852]LogInit: XAudio2 using 'Casque pour téléphone (HyperX 7.1 Audio)' : 2 channels at 48 kHz using 16 bits per sample (channel mask 0x3)
[2018.09.11-01.22.54:489][852]LogInit: FAudioDevice initialized.
[2018.09.11-01.22.54:520][852]LogLoad: Game class is 'FirstPersonGameMode_C'
[2018.09.11-01.22.54:522][852]LogWorld: Bringing World /Game/FirstPersonBP/Maps/UEDPIE_0_FirstPersonExampleMap.FirstPersonExampleMap up for play (max tick rate 60) at 2018.09.10-21.22.54
[2018.09.11-01.22.54:522][852]LogWorld: Bringing up level for play took: 0.001373
[2018.09.11-01.22.54:535][852]PIE: Play in editor start time for /Game/FirstPersonBP/Maps/UEDPIE_0_FirstPersonExampleMap -0,018
[2018.09.11-01.22.54:535][852]LogBlueprintUserMessages: Late PlayInEditor Detection: Level '/Game/FirstPersonBP/Maps/FirstPersonExampleMap.FirstPersonExampleMap:PersistentLevel' has LevelScriptBlueprint '/Game/FirstPersonBP/Maps/FirstPersonExampleMap.FirstPersonExampleMap:PersistentLevel.FirstPersonExampleMap' with GeneratedClass '/Game/FirstPersonBP/Maps/FirstPersonExampleMap.FirstPersonExampleMap_C' with ClassGeneratedBy '/Game/FirstPersonBP/Maps/FirstPersonExampleMap.FirstPersonExampleMap:PersistentLevel.FirstPersonExampleMap'
[2018.09.11-01.23.02:082][304]LogBlueprintUserMessages: Early EndPlayMap Detection: Level '/Game/FirstPersonBP/Maps/FirstPersonExampleMap.FirstPersonExampleMap:PersistentLevel' has LevelScriptBlueprint '/Game/FirstPersonBP/Maps/FirstPersonExampleMap.FirstPersonExampleMap:PersistentLevel.FirstPersonExampleMap' with GeneratedClass '/Game/FirstPersonBP/Maps/FirstPersonExampleMap.FirstPersonExampleMap_C' with ClassGeneratedBy '/Game/FirstPersonBP/Maps/FirstPersonExampleMap.FirstPersonExampleMap:PersistentLevel.FirstPersonExampleMap'
[2018.09.11-01.23.02:082][304]LogSlate: Updating window title bar state: overlay mode, drag disabled, window buttons hidden, title bar hidden
[2018.09.11-01.23.02:118][304]LogPlayLevel: Display: Shutting down PIE online subsystems
[2018.09.11-01.23.02:119][304]LogBlueprintUserMessages: Late EndPlayMap Detection: Level '/Game/FirstPersonBP/Maps/FirstPersonExampleMap.FirstPersonExampleMap:PersistentLevel' has LevelScriptBlueprint '/Game/FirstPersonBP/Maps/FirstPersonExampleMap.FirstPersonExampleMap:PersistentLevel.FirstPersonExampleMap' with GeneratedClass '/Game/FirstPersonBP/Maps/FirstPersonExampleMap.FirstPersonExampleMap_C' with ClassGeneratedBy '/Game/FirstPersonBP/Maps/FirstPersonExampleMap.FirstPersonExampleMap:PersistentLevel.FirstPersonExampleMap'
[2018.09.11-01.23.02:138][304]LogSlate: Updating window title bar state: overlay mode, drag disabled, window buttons hidden, title bar hidden
[2018.09.11-01.23.02:190][307]LogPlayLevel: Display: Destroying online subsystem :Context_5
[2018.09.11-01.23.13:271][971]LogEditorViewport: Clicking on Actor (LMB): StaticMeshActor (EmptyRoom_FBX__Cube_004)
[2018.09.11-01.23.16:123][138]LogSlate: FSceneViewport::OnFocusLost() reason 0
[2018.09.11-01.23.19:842][357]LogSlate: Took 0.000181 seconds to synchronously load lazily loaded font '../../../Engine/Content/Slate/Fonts/Roboto-Light.ttf' (167K)
[2018.09.11-01.23.29:389][920]Cmd: TRANSACTION UNDO
[2018.09.11-01.23.29:389][920]LogEditorTransaction: Undo Replace component used material
[2018.09.11-01.26.29:698][248]LogFactory: FactoryCreateFile: Texture with ReimportTextureFactory (0 0 ../../../../../../Users/Vincent/Downloads/sewerbrick10-UE/sewerbrick10_basecolor.png)
[2018.09.11-01.26.29:844][248]LogTexture: Display: Building textures: sewerbrick10_basecolor (AutoDXT, 2048X2048)
[2018.09.11-01.26.37:850][641]LogMaterial: Display: Missing cached shader map for material sewerbrick10_basecolor_Mat, compiling. 
[2018.09.11-01.26.37:914][642]LogShaderCompilers: Display: Shaders left to compile 22
[2018.09.11-01.26.37:914][642]LogShaderCompilers: Display: Shaders left to compile 12
[2018.09.11-01.26.37:914][642]LogShaderCompilers: Display: Shaders left to compile 2
[2018.09.11-01.26.43:593][875]LogSlate: Window 'Delete Assets' being destroyed
[2018.09.11-01.27.11:874][166]LogSlate: Window 'Save Asset As' being destroyed
[2018.09.11-01.27.33:162][415]Cmd: TRANSACTION UNDO
[2018.09.11-01.27.33:162][415]LogEditorTransaction: Undo Clicking on Actors
[2018.09.11-01.27.33:509][434]Cmd: TRANSACTION UNDO
[2018.09.11-01.27.33:509][434]LogEditorTransaction: Undo Clicking on Actors
[2018.09.11-01.27.48:979][299]LogSlate: Window 'Delete Assets' being destroyed
[2018.09.11-01.28.04:138][137]LogSlate: Window 'Delete Assets' being destroyed
[2018.09.11-01.28.25:661][345]LogSlate: Window 'Delete Assets' being destroyed
[2018.09.11-01.28.29:441][512]LogSlate: Window 'Delete Assets' being destroyed
[2018.09.11-01.30.32:910][467]LogMaterial: Display: Missing cached shader map for material sewerbrick10_basecolor_Mat, compiling. 
[2018.09.11-01.30.32:935][468]LogShaderCompilers: Display: Shaders left to compile 22
[2018.09.11-01.30.32:935][468]LogShaderCompilers: Display: Shaders left to compile 12
[2018.09.11-01.30.32:935][468]LogShaderCompilers: Display: Shaders left to compile 2
[2018.09.11-01.30.45:803][231]LogSlate: FSceneViewport::OnFocusLost() reason 0
[2018.09.11-01.30.49:104][429]LogSlate: FSceneViewport::OnFocusLost() reason 0
[2018.09.11-01.30.49:171][433]LogTemp: Repeating last play command: Selected Viewport
[2018.09.11-01.30.49:186][433]LogBlueprintUserMessages: Early PlayInEditor Detection: Level '/Game/FirstPersonBP/Maps/FirstPersonExampleMap.FirstPersonExampleMap:PersistentLevel' has LevelScriptBlueprint '/Game/FirstPersonBP/Maps/FirstPersonExampleMap.FirstPersonExampleMap:PersistentLevel.FirstPersonExampleMap' with GeneratedClass '/Game/FirstPersonBP/Maps/FirstPersonExampleMap.FirstPersonExampleMap_C' with ClassGeneratedBy '/Game/FirstPersonBP/Maps/FirstPersonExampleMap.FirstPersonExampleMap:PersistentLevel.FirstPersonExampleMap'
[2018.09.11-01.30.49:186][433]LogPlayLevel: PlayLevel: No blueprints needed recompiling
[2018.09.11-01.30.49:186][433]PIE: New page: PIE session: FirstPersonExampleMap (10 sept. 2018 17:30:49)
[2018.09.11-01.30.49:187][433]LogPlayLevel: Creating play world package: /Game/FirstPersonBP/Maps/UEDPIE_0_FirstPersonExampleMap
[2018.09.11-01.30.49:198][433]LogPlayLevel: PIE: StaticDuplicateObject took: (0.011223s)
[2018.09.11-01.30.49:199][433]LogAIModule: Creating AISystem for world FirstPersonExampleMap
[2018.09.11-01.30.49:199][433]LogPlayLevel: PIE: World Init took: (0.000885s)
[2018.09.11-01.30.49:199][433]LogPlayLevel: PIE: Created PIE world by copying editor world from /Game/FirstPersonBP/Maps/FirstPersonExampleMap.FirstPersonExampleMap to /Game/FirstPersonBP/Maps/UEDPIE_0_FirstPersonExampleMap.FirstPersonExampleMap (0.012270s)
[2018.09.11-01.30.49:230][433]LogInit: XAudio2 using 'Casque pour téléphone (HyperX 7.1 Audio)' : 2 channels at 48 kHz using 16 bits per sample (channel mask 0x3)
[2018.09.11-01.30.49:247][433]LogInit: FAudioDevice initialized.
[2018.09.11-01.30.49:277][433]LogLoad: Game class is 'FirstPersonGameMode_C'
[2018.09.11-01.30.49:279][433]LogWorld: Bringing World /Game/FirstPersonBP/Maps/UEDPIE_0_FirstPersonExampleMap.FirstPersonExampleMap up for play (max tick rate 60) at 2018.09.10-21.30.49
[2018.09.11-01.30.49:279][433]LogWorld: Bringing up level for play took: 0.001471
[2018.09.11-01.30.49:292][433]PIE: Play in editor start time for /Game/FirstPersonBP/Maps/UEDPIE_0_FirstPersonExampleMap 0,739
[2018.09.11-01.30.49:292][433]LogBlueprintUserMessages: Late PlayInEditor Detection: Level '/Game/FirstPersonBP/Maps/FirstPersonExampleMap.FirstPersonExampleMap:PersistentLevel' has LevelScriptBlueprint '/Game/FirstPersonBP/Maps/FirstPersonExampleMap.FirstPersonExampleMap:PersistentLevel.FirstPersonExampleMap' with GeneratedClass '/Game/FirstPersonBP/Maps/FirstPersonExampleMap.FirstPersonExampleMap_C' with ClassGeneratedBy '/Game/FirstPersonBP/Maps/FirstPersonExampleMap.FirstPersonExampleMap:PersistentLevel.FirstPersonExampleMap'
[2018.09.11-01.30.54:789][762]LogBlueprintUserMessages: Early EndPlayMap Detection: Level '/Game/FirstPersonBP/Maps/FirstPersonExampleMap.FirstPersonExampleMap:PersistentLevel' has LevelScriptBlueprint '/Game/FirstPersonBP/Maps/FirstPersonExampleMap.FirstPersonExampleMap:PersistentLevel.FirstPersonExampleMap' with GeneratedClass '/Game/FirstPersonBP/Maps/FirstPersonExampleMap.FirstPersonExampleMap_C' with ClassGeneratedBy '/Game/FirstPersonBP/Maps/FirstPersonExampleMap.FirstPersonExampleMap:PersistentLevel.FirstPersonExampleMap'
[2018.09.11-01.30.54:789][762]LogSlate: Updating window title bar state: overlay mode, drag disabled, window buttons hidden, title bar hidden
[2018.09.11-01.30.54:821][762]LogPlayLevel: Display: Shutting down PIE online subsystems
[2018.09.11-01.30.54:821][762]LogBlueprintUserMessages: Late EndPlayMap Detection: Level '/Game/FirstPersonBP/Maps/FirstPersonExampleMap.FirstPersonExampleMap:PersistentLevel' has LevelScriptBlueprint '/Game/FirstPersonBP/Maps/FirstPersonExampleMap.FirstPersonExampleMap:PersistentLevel.FirstPersonExampleMap' with GeneratedClass '/Game/FirstPersonBP/Maps/FirstPersonExampleMap.FirstPersonExampleMap_C' with ClassGeneratedBy '/Game/FirstPersonBP/Maps/FirstPersonExampleMap.FirstPersonExampleMap:PersistentLevel.FirstPersonExampleMap'
[2018.09.11-01.30.54:841][762]LogSlate: Updating window title bar state: overlay mode, drag disabled, window buttons hidden, title bar hidden
[2018.09.11-01.30.54:890][765]LogPlayLevel: Display: Destroying online subsystem :Context_8
[2018.09.11-01.30.56:174][842]LogSlate: FSceneViewport::OnFocusLost() reason 0
[2018.09.11-01.31.18:376][934]LogTemp: Repeating last play command: Selected Viewport
[2018.09.11-01.31.18:392][934]LogBlueprintUserMessages: Early PlayInEditor Detection: Level '/Game/FirstPersonBP/Maps/FirstPersonExampleMap.FirstPersonExampleMap:PersistentLevel' has LevelScriptBlueprint '/Game/FirstPersonBP/Maps/FirstPersonExampleMap.FirstPersonExampleMap:PersistentLevel.FirstPersonExampleMap' with GeneratedClass '/Game/FirstPersonBP/Maps/FirstPersonExampleMap.FirstPersonExampleMap_C' with ClassGeneratedBy '/Game/FirstPersonBP/Maps/FirstPersonExampleMap.FirstPersonExampleMap:PersistentLevel.FirstPersonExampleMap'
[2018.09.11-01.31.18:392][934]LogPlayLevel: PlayLevel: No blueprints needed recompiling
[2018.09.11-01.31.18:393][934]PIE: New page: PIE session: FirstPersonExampleMap (10 sept. 2018 17:31:18)
[2018.09.11-01.31.18:393][934]LogPlayLevel: Creating play world package: /Game/FirstPersonBP/Maps/UEDPIE_0_FirstPersonExampleMap
[2018.09.11-01.31.18:404][934]LogPlayLevel: PIE: StaticDuplicateObject took: (0.010855s)
[2018.09.11-01.31.18:404][934]LogAIModule: Creating AISystem for world FirstPersonExampleMap
[2018.09.11-01.31.18:404][934]LogPlayLevel: PIE: World Init took: (0.000672s)
[2018.09.11-01.31.18:405][934]LogPlayLevel: PIE: Created PIE world by copying editor world from /Game/FirstPersonBP/Maps/FirstPersonExampleMap.FirstPersonExampleMap to /Game/FirstPersonBP/Maps/UEDPIE_0_FirstPersonExampleMap.FirstPersonExampleMap (0.011772s)
[2018.09.11-01.31.18:435][934]LogInit: XAudio2 using 'Casque pour téléphone (HyperX 7.1 Audio)' : 2 channels at 48 kHz using 16 bits per sample (channel mask 0x3)
[2018.09.11-01.31.18:446][934]LogInit: FAudioDevice initialized.
[2018.09.11-01.31.18:481][934]LogLoad: Game class is 'FirstPersonGameMode_C'
[2018.09.11-01.31.18:483][934]LogWorld: Bringing World /Game/FirstPersonBP/Maps/UEDPIE_0_FirstPersonExampleMap.FirstPersonExampleMap up for play (max tick rate 60) at 2018.09.10-21.31.18
[2018.09.11-01.31.18:483][934]LogWorld: Bringing up level for play took: 0.001308
[2018.09.11-01.31.18:496][934]PIE: Play in editor start time for /Game/FirstPersonBP/Maps/UEDPIE_0_FirstPersonExampleMap -0,057
[2018.09.11-01.31.18:496][934]LogBlueprintUserMessages: Late PlayInEditor Detection: Level '/Game/FirstPersonBP/Maps/FirstPersonExampleMap.FirstPersonExampleMap:PersistentLevel' has LevelScriptBlueprint '/Game/FirstPersonBP/Maps/FirstPersonExampleMap.FirstPersonExampleMap:PersistentLevel.FirstPersonExampleMap' with GeneratedClass '/Game/FirstPersonBP/Maps/FirstPersonExampleMap.FirstPersonExampleMap_C' with ClassGeneratedBy '/Game/FirstPersonBP/Maps/FirstPersonExampleMap.FirstPersonExampleMap:PersistentLevel.FirstPersonExampleMap'
[2018.09.11-01.31.26:477][412]LogBlueprintUserMessages: Early EndPlayMap Detection: Level '/Game/FirstPersonBP/Maps/FirstPersonExampleMap.FirstPersonExampleMap:PersistentLevel' has LevelScriptBlueprint '/Game/FirstPersonBP/Maps/FirstPersonExampleMap.FirstPersonExampleMap:PersistentLevel.FirstPersonExampleMap' with GeneratedClass '/Game/FirstPersonBP/Maps/FirstPersonExampleMap.FirstPersonExampleMap_C' with ClassGeneratedBy '/Game/FirstPersonBP/Maps/FirstPersonExampleMap.FirstPersonExampleMap:PersistentLevel.FirstPersonExampleMap'
[2018.09.11-01.31.26:478][412]LogSlate: Updating window title bar state: overlay mode, drag disabled, window buttons hidden, title bar hidden
[2018.09.11-01.31.26:510][412]LogPlayLevel: Display: Shutting down PIE online subsystems
[2018.09.11-01.31.26:510][412]LogBlueprintUserMessages: Late EndPlayMap Detection: Level '/Game/FirstPersonBP/Maps/FirstPersonExampleMap.FirstPersonExampleMap:PersistentLevel' has LevelScriptBlueprint '/Game/FirstPersonBP/Maps/FirstPersonExampleMap.FirstPersonExampleMap:PersistentLevel.FirstPersonExampleMap' with GeneratedClass '/Game/FirstPersonBP/Maps/FirstPersonExampleMap.FirstPersonExampleMap_C' with ClassGeneratedBy '/Game/FirstPersonBP/Maps/FirstPersonExampleMap.FirstPersonExampleMap:PersistentLevel.FirstPersonExampleMap'
[2018.09.11-01.31.26:529][412]LogSlate: Updating window title bar state: overlay mode, drag disabled, window buttons hidden, title bar hidden
[2018.09.11-01.31.26:592][416]LogPlayLevel: Display: Destroying online subsystem :Context_9
[2018.09.11-01.31.41:654][319]LogSlate: FSceneViewport::OnFocusLost() reason 0
[2018.09.11-01.31.41:748][324]LogActorFactory: Actor Factory created Cube
[2018.09.11-01.31.42:392][361]LogActorFactory: Actor Factory created Cube
[2018.09.11-01.31.44:766][501]LogSlate: FSceneViewport::OnFocusLost() reason 0
[2018.09.11-01.31.46:424][600]LogEditorViewport: Clicking on Actor (LMB): BP_Sky_Sphere_C (SkySphereBlueprint)
[2018.09.11-01.31.48:820][741]LogEditorViewport: Clicking on Actor (LMB): StaticMeshActor (Cube)
[2018.09.11-01.31.54:192][ 61]LogSlate: FSceneViewport::OnFocusLost() reason 0
[2018.09.11-01.31.58:317][308]Cmd: TRANSACTION UNDO
[2018.09.11-01.31.58:317][308]LogEditorTransaction: Undo Scale Actors
[2018.09.11-01.31.59:373][369]Cmd: TRANSACTION UNDO
[2018.09.11-01.31.59:373][369]LogEditorTransaction: Undo Clicking on Actors
[2018.09.11-01.32.00:369][427]Cmd: TRANSACTION UNDO
[2018.09.11-01.32.00:369][427]LogEditorTransaction: Undo Clicking on Actors
[2018.09.11-01.32.00:945][460]Cmd: TRANSACTION UNDO
[2018.09.11-01.32.00:945][460]LogEditorTransaction: Undo Replace component used material
[2018.09.11-01.32.04:966][699]LogSlate: FSceneViewport::OnFocusLost() reason 0
[2018.09.11-01.32.15:187][306]LogSlate: FSceneViewport::OnFocusLost() reason 0
[2018.09.11-01.32.21:387][674]LogSlate: FSceneViewport::OnFocusLost() reason 0
[2018.09.11-01.32.30:911][240]LogSlate: FSceneViewport::OnFocusLost() reason 0
[2018.09.11-01.32.43:174][971]LogSlate: FSceneViewport::OnFocusLost() reason 0
[2018.09.11-01.32.57:912][854]LogSlate: FSceneViewport::OnFocusLost() reason 0
[2018.09.11-01.33.08:463][482]LogSlate: FSceneViewport::OnFocusLost() reason 0
[2018.09.11-01.33.31:946][888]LogSlate: FSceneViewport::OnFocusLost() reason 0
[2018.09.11-01.33.39:625][348]LogEditorViewport: Clicking on Actor (LMB): StaticMeshActor (EmptyRoom_FBX__Cube_001)
[2018.09.11-01.33.40:956][426]Cmd: DELETE
[2018.09.11-01.33.40:956][426]Cmd: ACTOR DELETE
[2018.09.11-01.33.40:973][426]LogEditorActor: Deleted Actor: StaticMeshActor
[2018.09.11-01.33.40:993][426]LogEditorActor: Deleted 1 Actors (0.027 secs)
[2018.09.11-01.33.41:571][461]LogEditorViewport: Clicking on Actor (LMB): StaticMeshActor (EmptyRoom_FBX__Cube2)
[2018.09.11-01.33.41:651][464]Cmd: DELETE
[2018.09.11-01.33.41:651][464]Cmd: ACTOR DELETE
[2018.09.11-01.33.41:653][464]LogEditorActor: Deleted Actor: StaticMeshActor
[2018.09.11-01.33.41:673][464]LogEditorActor: Deleted 1 Actors (0.022 secs)
[2018.09.11-01.33.42:278][501]LogEditorViewport: Clicking on Actor (LMB): StaticMeshActor (EmptyRoom_FBX__Cube_003)
[2018.09.11-01.33.42:475][511]Cmd: DELETE
[2018.09.11-01.33.42:475][511]Cmd: ACTOR DELETE
[2018.09.11-01.33.42:477][511]LogEditorActor: Deleted Actor: StaticMeshActor
[2018.09.11-01.33.42:495][511]LogEditorActor: Deleted 1 Actors (0.020 secs)
[2018.09.11-01.33.44:085][607]LogEditorViewport: Clicking on Actor (LMB): StaticMeshActor (EmptyRoom_FBX__Cube_002)
[2018.09.11-01.33.45:428][686]Cmd: DELETE
[2018.09.11-01.33.45:428][686]Cmd: ACTOR DELETE
[2018.09.11-01.33.45:430][686]LogEditorActor: Deleted Actor: StaticMeshActor
[2018.09.11-01.33.45:452][686]LogEditorActor: Deleted 1 Actors (0.024 secs)
[2018.09.11-01.33.45:816][708]LogEditorViewport: Clicking on Actor (LMB): StaticMeshActor (EmptyRoom_FBX__Cube_004)
[2018.09.11-01.33.45:892][711]Cmd: DELETE
[2018.09.11-01.33.45:892][711]Cmd: ACTOR DELETE
[2018.09.11-01.33.45:894][711]LogEditorActor: Deleted Actor: StaticMeshActor
[2018.09.11-01.33.45:913][711]LogEditorActor: Deleted 1 Actors (0.021 secs)
[2018.09.11-01.33.47:453][804]LogEditorViewport: Clicking on Actor (LMB): StaticMeshActor (EmptyRoom_FBX__Cube)
[2018.09.11-01.33.51:429][ 41]LogEditorViewport: Clicking on Actor (LMB): StaticMeshActor (Cube)
[2018.09.11-01.33.52:609][110]LogSlate: FSceneViewport::OnFocusLost() reason 0
[2018.09.11-01.34.17:833][621]Cmd: EDIT COPY
[2018.09.11-01.34.18:330][650]Cmd: EDIT PASTE
[2018.09.11-01.34.26:966][164]Cmd: EDIT PASTE
[2018.09.11-01.34.31:113][411]LogEditorViewport: Clicking on Actor (LMB): BP_Sky_Sphere_C (SkySphereBlueprint)
[2018.09.11-01.34.31:757][448]LogSlate: FSceneViewport::OnFocusLost() reason 0
[2018.09.11-01.34.32:073][467]LogTemp: Repeating last play command: Selected Viewport
[2018.09.11-01.34.32:091][467]LogBlueprintUserMessages: Early PlayInEditor Detection: Level '/Game/FirstPersonBP/Maps/FirstPersonExampleMap.FirstPersonExampleMap:PersistentLevel' has LevelScriptBlueprint '/Game/FirstPersonBP/Maps/FirstPersonExampleMap.FirstPersonExampleMap:PersistentLevel.FirstPersonExampleMap' with GeneratedClass '/Game/FirstPersonBP/Maps/FirstPersonExampleMap.FirstPersonExampleMap_C' with ClassGeneratedBy '/Game/FirstPersonBP/Maps/FirstPersonExampleMap.FirstPersonExampleMap:PersistentLevel.FirstPersonExampleMap'
[2018.09.11-01.34.32:091][467]LogPlayLevel: PlayLevel: No blueprints needed recompiling
[2018.09.11-01.34.32:091][467]PIE: New page: PIE session: FirstPersonExampleMap (10 sept. 2018 17:34:32)
[2018.09.11-01.34.32:091][467]LogPlayLevel: Creating play world package: /Game/FirstPersonBP/Maps/UEDPIE_0_FirstPersonExampleMap
[2018.09.11-01.34.32:101][467]LogPlayLevel: PIE: StaticDuplicateObject took: (0.010520s)
[2018.09.11-01.34.32:102][467]LogAIModule: Creating AISystem for world FirstPersonExampleMap
[2018.09.11-01.34.32:102][467]LogPlayLevel: PIE: World Init took: (0.000864s)
[2018.09.11-01.34.32:102][467]LogPlayLevel: PIE: Created PIE world by copying editor world from /Game/FirstPersonBP/Maps/FirstPersonExampleMap.FirstPersonExampleMap to /Game/FirstPersonBP/Maps/UEDPIE_0_FirstPersonExampleMap.FirstPersonExampleMap (0.011517s)
[2018.09.11-01.34.32:130][467]LogInit: XAudio2 using 'Casque pour téléphone (HyperX 7.1 Audio)' : 2 channels at 48 kHz using 16 bits per sample (channel mask 0x3)
[2018.09.11-01.34.32:142][467]LogInit: FAudioDevice initialized.
[2018.09.11-01.34.32:180][467]LogLoad: Game class is 'FirstPersonGameMode_C'
[2018.09.11-01.34.32:182][467]LogWorld: Bringing World /Game/FirstPersonBP/Maps/UEDPIE_0_FirstPersonExampleMap.FirstPersonExampleMap up for play (max tick rate 60) at 2018.09.10-21.34.32
[2018.09.11-01.34.32:182][467]LogWorld: Bringing up level for play took: 0.001452
[2018.09.11-01.34.32:195][467]PIE: Play in editor start time for /Game/FirstPersonBP/Maps/UEDPIE_0_FirstPersonExampleMap -0,358
[2018.09.11-01.34.32:195][467]LogBlueprintUserMessages: Late PlayInEditor Detection: Level '/Game/FirstPersonBP/Maps/FirstPersonExampleMap.FirstPersonExampleMap:PersistentLevel' has LevelScriptBlueprint '/Game/FirstPersonBP/Maps/FirstPersonExampleMap.FirstPersonExampleMap:PersistentLevel.FirstPersonExampleMap' with GeneratedClass '/Game/FirstPersonBP/Maps/FirstPersonExampleMap.FirstPersonExampleMap_C' with ClassGeneratedBy '/Game/FirstPersonBP/Maps/FirstPersonExampleMap.FirstPersonExampleMap:PersistentLevel.FirstPersonExampleMap'
[2018.09.11-01.34.41:376][ 16]LogBlueprintUserMessages: Early EndPlayMap Detection: Level '/Game/FirstPersonBP/Maps/FirstPersonExampleMap.FirstPersonExampleMap:PersistentLevel' has LevelScriptBlueprint '/Game/FirstPersonBP/Maps/FirstPersonExampleMap.FirstPersonExampleMap:PersistentLevel.FirstPersonExampleMap' with GeneratedClass '/Game/FirstPersonBP/Maps/FirstPersonExampleMap.FirstPersonExampleMap_C' with ClassGeneratedBy '/Game/FirstPersonBP/Maps/FirstPersonExampleMap.FirstPersonExampleMap:PersistentLevel.FirstPersonExampleMap'
[2018.09.11-01.34.41:377][ 16]LogSlate: Updating window title bar state: overlay mode, drag disabled, window buttons hidden, title bar hidden
[2018.09.11-01.34.41:408][ 16]LogPlayLevel: Display: Shutting down PIE online subsystems
[2018.09.11-01.34.41:409][ 16]LogBlueprintUserMessages: Late EndPlayMap Detection: Level '/Game/FirstPersonBP/Maps/FirstPersonExampleMap.FirstPersonExampleMap:PersistentLevel' has LevelScriptBlueprint '/Game/FirstPersonBP/Maps/FirstPersonExampleMap.FirstPersonExampleMap:PersistentLevel.FirstPersonExampleMap' with GeneratedClass '/Game/FirstPersonBP/Maps/FirstPersonExampleMap.FirstPersonExampleMap_C' with ClassGeneratedBy '/Game/FirstPersonBP/Maps/FirstPersonExampleMap.FirstPersonExampleMap:PersistentLevel.FirstPersonExampleMap'
[2018.09.11-01.34.41:429][ 16]LogSlate: Updating window title bar state: overlay mode, drag disabled, window buttons hidden, title bar hidden
[2018.09.11-01.34.41:477][ 19]LogPlayLevel: Display: Destroying online subsystem :Context_10
[2018.09.11-01.34.44:027][172]LogEditorViewport: Clicking on Actor (LMB): BP_Sky_Sphere_C (SkySphereBlueprint)
[2018.09.11-01.34.45:017][230]LogEditorViewport: Clicking on Actor (LMB): BP_Sky_Sphere_C (SkySphereBlueprint)
[2018.09.11-01.34.45:524][260]LogEditorViewport: Clicking on Actor (LMB): BP_Sky_Sphere_C (SkySphereBlueprint)
[2018.09.11-01.34.48:316][427]LogEditorViewport: Clicking on Actor (LMB): BP_Sky_Sphere_C (SkySphereBlueprint)
[2018.09.11-01.34.49:323][487]Cmd: SELECT NONE
[2018.09.11-01.34.50:373][550]LogEditorViewport: Clicking on Actor (LMB): BP_Sky_Sphere_C (SkySphereBlueprint)
[2018.09.11-01.34.52:589][681]Cmd: SELECT NONE
[2018.09.11-01.34.53:488][735]LogEditorViewport: Clicking on Actor (LMB): BP_Sky_Sphere_C (SkySphereBlueprint)
[2018.09.11-01.34.58:415][ 29]Cmd: SELECT NONE
[2018.09.11-01.35.00:165][134]LogEditorViewport: Clicking on Actor (LMB): Porte_blueprint_Blueprint1_C (Porte_blueprint)
[2018.09.11-01.35.13:619][936]LogEditorViewport: Clicking on Actor (LMB): StaticMeshActor (Cube)
[2018.09.11-01.35.15:809][ 65]LogEditorViewport: Clicking on Actor (context menu): BP_Sky_Sphere_C (SkySphereBlueprint)
[2018.09.11-01.35.15:848][ 65]LogSlate: FSceneViewport::OnFocusLost() reason 2
[2018.09.11-01.35.22:631][467]LogEditorViewport: Clicking on Actor (LMB): StaticMeshActor (Cube)
[2018.09.11-01.35.23:399][511]LogEditorViewport: Clicking on Actor (LMB): StaticMeshActor (Cube2)
[2018.09.11-01.35.24:627][583]Cmd: DELETE
[2018.09.11-01.35.24:628][583]Cmd: ACTOR DELETE
[2018.09.11-01.35.24:630][583]LogEditorActor: Deleted Actor: StaticMeshActor
[2018.09.11-01.35.24:649][583]LogEditorActor: Deleted 1 Actors (0.021 secs)
[2018.09.11-01.35.25:006][605]LogEditorViewport: Clicking on Actor (LMB): StaticMeshActor (Cube3)
[2018.09.11-01.35.25:052][606]Cmd: DELETE
[2018.09.11-01.35.25:052][606]Cmd: ACTOR DELETE
[2018.09.11-01.35.25:055][606]LogEditorActor: Deleted Actor: StaticMeshActor
[2018.09.11-01.35.25:075][606]LogEditorActor: Deleted 1 Actors (0.023 secs)
[2018.09.11-01.35.28:723][825]LogEditorViewport: Clicking on Actor (LMB): StaticMeshActor (Cube)
[2018.09.11-01.35.30:772][946]LogSlate: FSceneViewport::OnFocusLost() reason 0
[2018.09.11-01.35.36:111][266]LogSlate: FSceneViewport::OnFocusLost() reason 0
[2018.09.11-01.35.37:628][357]Cmd: DELETE
[2018.09.11-01.35.37:628][357]Cmd: ACTOR DELETE
[2018.09.11-01.35.37:631][357]LogEditorActor: Deleted Actor: StaticMeshActor
[2018.09.11-01.35.37:650][357]LogEditorActor: Deleted 1 Actors (0.022 secs)
[2018.09.11-01.35.39:107][445]Cmd: TRANSACTION UNDO
[2018.09.11-01.35.39:107][445]LogEditorTransaction: Undo Delete Actors
[2018.09.11-01.35.54:824][377]LogEditorViewport: Clicking on Actor (LMB): BP_Sky_Sphere_C (SkySphereBlueprint)
[2018.09.11-01.35.55:942][443]LogEditorViewport: Clicking on Actor (LMB): BP_Sky_Sphere_C (SkySphereBlueprint)
[2018.09.11-01.36.12:643][766]LogSlate: FSceneViewport::OnFocusLost() reason 0
[2018.09.11-01.36.37:479][844]LogSavePackage: Moving '../../../../../../Users/Vincent/Desktop/Cours/Mondes virtuels/projet-unreal-2018-VinSey1/Saved/FirstPersonExampleMap_Auto10E254C9248286137157D288E4DCE2D75.tmp' to '../../../../../../Users/Vincent/Desktop/Cours/Mondes virtuels/projet-unreal-2018-VinSey1/Saved/Autosaves/Game/FirstPersonBP/Maps/FirstPersonExampleMap_Auto1.umap'
[2018.09.11-01.36.37:484][844]LogFileHelpers: Editor autosave (incl. sublevels) for '/Game/FirstPersonBP/Maps/FirstPersonExampleMap' took 0.227
[2018.09.11-01.36.37:484][844]LogFileHelpers: Editor autosave (incl. sublevels) for all levels took 0.227
[2018.09.11-01.36.37:489][844]OBJ SavePackage: Generating thumbnails for [1] asset(s) in package [/Game/sewerbrick10_basecolor] ([1] browsable assets)...
[2018.09.11-01.36.37:500][844]OBJ SavePackage:     Rendered thumbnail for [Texture2D /Game/sewerbrick10_basecolor.sewerbrick10_basecolor]
[2018.09.11-01.36.37:500][844]OBJ SavePackage: Finished generating thumbnails for package [/Game/sewerbrick10_basecolor]
[2018.09.11-01.36.37:529][844]LogSavePackage: Moving '../../../../../../Users/Vincent/Desktop/Cours/Mondes virtuels/projet-unreal-2018-VinSey1/Saved/sewerbrick10_basecolor_Auto1868F09A3482FADA1CC2A11B9D490FF0A.tmp' to '../../../../../../Users/Vincent/Desktop/Cours/Mondes virtuels/projet-unreal-2018-VinSey1/Saved/Autosaves/Game/sewerbrick10_basecolor_Auto1.uasset'
[2018.09.11-01.36.37:530][844]OBJ SavePackage: Generating thumbnails for [1] asset(s) in package [/Game/sewerbrick10_basecolor_Mat] ([1] browsable assets)...
[2018.09.11-01.36.37:543][844]OBJ SavePackage:     Rendered thumbnail for [Material /Game/sewerbrick10_basecolor_Mat.sewerbrick10_basecolor_Mat]
[2018.09.11-01.36.37:543][844]OBJ SavePackage: Finished generating thumbnails for package [/Game/sewerbrick10_basecolor_Mat]
[2018.09.11-01.36.37:564][844]LogSavePackage: Moving '../../../../../../Users/Vincent/Desktop/Cours/Mondes virtuels/projet-unreal-2018-VinSey1/Saved/sewerbrick10_basecolor_Mat_Auto12F5D72C74CA44B83CEBF2C951153D795.tmp' to '../../../../../../Users/Vincent/Desktop/Cours/Mondes virtuels/projet-unreal-2018-VinSey1/Saved/Autosaves/Game/sewerbrick10_basecolor_Mat_Auto1.uasset'
[2018.09.11-01.36.37:565][844]LogFileHelpers: Auto-saving content packages took 0.077
[2018.09.11-01.37.49:276][793]LogSavePackage: Moving '../../../../../../Users/Vincent/Desktop/Cours/Mondes virtuels/projet-unreal-2018-VinSey1/Saved/FirstPersonExampleMapF8DD4F3448BEF8F22111F9A426FB23A5.tmp' to '../../../../../../Users/Vincent/Desktop/Cours/Mondes virtuels/projet-unreal-2018-VinSey1/Content/FirstPersonBP/Maps/FirstPersonExampleMap.umap'
[2018.09.11-01.37.50:724][793]LogSavePackage: Moving '../../../../../../Users/Vincent/Desktop/Cours/Mondes virtuels/projet-unreal-2018-VinSey1/Saved/FirstPersonExampleMap_BuiltData819AE80E445C80F8BD9E6C9DBA144979.tmp' to '../../../../../../Users/Vincent/Desktop/Cours/Mondes virtuels/projet-unreal-2018-VinSey1/Content/FirstPersonBP/Maps/FirstPersonExampleMap_BuiltData.uasset'
[2018.09.11-01.37.56:097][862]LogSlate: Window 'Save Content' being destroyed
[2018.09.11-01.37.56:749][862]LogSavePackage: Moving '../../../../../../Users/Vincent/Desktop/Cours/Mondes virtuels/projet-unreal-2018-VinSey1/Saved/sewerbrick10_basecolor72ED6A254FC4A6179363609C448C0A02.tmp' to '../../../../../../Users/Vincent/Desktop/Cours/Mondes virtuels/projet-unreal-2018-VinSey1/Content/sewerbrick10_basecolor.uasset'
[2018.09.11-01.37.56:770][862]LogSavePackage: Moving '../../../../../../Users/Vincent/Desktop/Cours/Mondes virtuels/projet-unreal-2018-VinSey1/Saved/sewerbrick10_basecolor_Mat87F339244B88EF07C90006AB50F287F4.tmp' to '../../../../../../Users/Vincent/Desktop/Cours/Mondes virtuels/projet-unreal-2018-VinSey1/Content/sewerbrick10_basecolor_Mat.uasset'
[2018.09.11-01.37.56:886][862]LogSlate: Window 'MyProject - Unreal Editor' being destroyed
[2018.09.11-01.37.56:887][862]LogWindowsTextInputMethodSystem: Display: IME system now deactivated.
[2018.09.11-01.37.57:140][863]Cmd: QUIT_EDITOR
[2018.09.11-01.37.57:354][863]LogExit: Preparing to exit.
