Log file open, 09/10/18 22:55:05
LogWindows: Failed to load 'aqProf.dll' (GetLastError=126)
LogWindows: File 'aqProf.dll' does not exist
LogWindows: Failed to load 'VSPerf140.dll' (GetLastError=126)
LogWindows: File 'VSPerf140.dll' does not exist
LogWindows: Failed to load 'VtuneApi.dll' (GetLastError=126)
LogWindows: File 'VtuneApi.dll' does not exist
LogWindows: Failed to load 'VtuneApi32e.dll' (GetLastError=126)
LogWindows: File 'VtuneApi32e.dll' does not exist
LogInit: Display: Running engine for game: MyProject
LogPlatformFile: Not using cached read wrapper
LogTaskGraph: Started task graph with 5 named threads and 23 total threads with 3 sets of task threads.
LogStats: Stats thread started at 0.327725
LogD3D11RHI: Loaded GFSDK_Aftermath_Lib.x64.dll
LogICUInternationalization: Display: ICU TimeZone Detection - Raw Offset: -5:00, Platform Override: ''
LogPluginManager: Mounting plugin Paper2D
LogPluginManager: Mounting plugin AISupport
LogPluginManager: Mounting plugin LightPropagationVolume
LogPluginManager: Mounting plugin CLionSourceCodeAccess
LogPluginManager: Mounting plugin CodeLiteSourceCodeAccess
LogPluginManager: Mounting plugin GitSourceControl
LogPluginManager: Mounting plugin KDevelopSourceCodeAccess
LogPluginManager: Mounting plugin NullSourceCodeAccess
LogPluginManager: Mounting plugin PerforceSourceControl
LogPluginManager: Mounting plugin SubversionSourceControl
LogPluginManager: Mounting plugin UObjectPlugin
LogPluginManager: Mounting plugin VisualStudioCodeSourceCodeAccess
LogPluginManager: Mounting plugin VisualStudioSourceCodeAccess
LogPluginManager: Mounting plugin XCodeSourceCodeAccess
LogPluginManager: Mounting plugin AssetManagerEditor
LogPluginManager: Mounting plugin CryptoKeys
LogPluginManager: Mounting plugin DataValidation
LogPluginManager: Mounting plugin FacialAnimation
LogPluginManager: Mounting plugin GameplayTagsEditor
LogPluginManager: Mounting plugin MacGraphicsSwitching
LogPluginManager: Mounting plugin MeshEditor
LogPluginManager: Mounting plugin MobileLauncherProfileWizard
LogPluginManager: Mounting plugin PluginBrowser
LogPluginManager: Mounting plugin SpeedTreeImporter
LogPluginManager: Mounting plugin DatasmithContent
LogPluginManager: Mounting plugin AlembicImporter
LogPluginManager: Mounting plugin AppleImageUtils
LogPluginManager: Mounting plugin AppleVision
LogPluginManager: Mounting plugin BackChannel
LogPluginManager: Mounting plugin CharacterAI
LogPluginManager: Mounting plugin GeometryCache
LogPluginManager: Mounting plugin HTML5Networking
LogPluginManager: Mounting plugin ProxyLODPlugin
LogPluginManager: Mounting plugin MagicLeap
LogPluginManager: Mounting plugin MagicLeapEmulator
LogPluginManager: Mounting plugin MagicLeapMedia
LogPluginManager: Mounting plugin AndroidMedia
LogPluginManager: Mounting plugin AvfMedia
LogPluginManager: Mounting plugin ImgMedia
LogPluginManager: Mounting plugin LinearTimecode
LogPluginManager: Mounting plugin MediaCompositing
LogPluginManager: Mounting plugin MediaPlayerEditor
LogPluginManager: Mounting plugin WmfMedia
LogPluginManager: Mounting plugin TcpMessaging
LogPluginManager: Mounting plugin UdpMessaging
LogPluginManager: Mounting plugin ActorSequence
LogPluginManager: Mounting plugin LevelSequenceEditor
LogPluginManager: Mounting plugin MatineeToLevelSequence
LogPluginManager: Mounting plugin NetcodeUnitTest
LogPluginManager: Mounting plugin NUTUnrealEngine4
LogPluginManager: Mounting plugin OnlineSubsystemGooglePlay
LogPluginManager: Mounting plugin OnlineSubsystemIOS
LogPluginManager: Mounting plugin OnlineSubsystem
LogPluginManager: Mounting plugin OnlineSubsystemNull
LogPluginManager: Mounting plugin OnlineSubsystemUtils
LogPluginManager: Mounting plugin LauncherChunkInstaller
LogPluginManager: Mounting plugin AndroidDeviceProfileSelector
LogPluginManager: Mounting plugin AndroidMoviePlayer
LogPluginManager: Mounting plugin AndroidPermission
LogPluginManager: Mounting plugin AppleMoviePlayer
LogPluginManager: Mounting plugin ArchVisCharacter
LogPluginManager: Mounting plugin AudioCapture
LogPluginManager: Mounting plugin CableComponent
LogPluginManager: Mounting plugin CustomMeshComponent
LogPluginManager: Mounting plugin EditableMesh
LogPluginManager: Mounting plugin ExampleDeviceProfileSelector
LogPluginManager: Mounting plugin GoogleCloudMessaging
LogPluginManager: Mounting plugin ImmediatePhysics
LogPluginManager: Mounting plugin IOSDeviceProfileSelector
LogPluginManager: Mounting plugin LinuxDeviceProfileSelector
LogPluginManager: Mounting plugin LocationServicesBPLibrary
LogPluginManager: Mounting plugin MobilePatchingUtils
LogPluginManager: Mounting plugin OculusVR
LogPluginManager: Plugin shader directory ../../../Engine/Plugins/Runtime/Oculus/OculusVR/Shaders found
LogPluginManager: Mapping shader source directory ../../../Engine/Plugins/Runtime/Oculus/OculusVR/Shaders to virtual directory /Plugin/OculusVR
LogPluginManager: Mounting plugin PhysXVehicles
LogPluginManager: Mounting plugin ProceduralMeshComponent
LogPluginManager: Mounting plugin RuntimePhysXCooking
LogPluginManager: Mounting plugin SteamVR
LogPluginManager: Mounting plugin WindowsMoviePlayer
LogStreaming: Display: Took  0.111s to configure plugins.
LogInit: Using libcurl 7.55.1-DEV
LogInit:  - built for x86_64-pc-win32
LogInit:  - supports SSL with OpenSSL/1.0.2h
LogInit:  - supports HTTP deflate (compression) using libz 1.2.8
LogInit:  - other features:
LogInit:      CURL_VERSION_SSL
LogInit:      CURL_VERSION_LIBZ
LogInit:      CURL_VERSION_IPV6
LogInit:      CURL_VERSION_ASYNCHDNS
LogInit:      CURL_VERSION_LARGEFILE
LogInit:      CURL_VERSION_IDN
LogInit:  CurlRequestOptions (configurable via config and command line):
LogInit:  - bVerifyPeer = false  - Libcurl will NOT verify peer certificate
LogInit:  - bUseHttpProxy = false  - Libcurl will NOT use HTTP proxy
LogInit:  - bDontReuseConnections = false  - Libcurl will reuse connections
LogInit:  - CertBundlePath = nullptr  - Libcurl will use whatever was configured at build time.
LogInit:  - MaxHostConnections = 16  - Libcurl will limit the number of connections to a host
LogInit:  - LocalHostAddr = Default
LogInit:  - BufferSize = 65536
LogInit: WinSock: version 1.1 (2.2), MaxSocks=32767, MaxUdp=65467
LogInit: Build: ++UE4+Release-4.20-CL-4302132
LogInit: Engine Version: 4.20.2-4302132+++UE4+Release-4.20
LogInit: Compatible Engine Version: 4.20.0-4212847+++UE4+Release-4.20
LogInit: Net CL: 4212847
LogInit: OS: Windows 10 (), CPU: Intel(R) Core(TM) i5-8300H CPU @ 2.30GHz, GPU: Intel(R) UHD Graphics 630
LogInit: Compiled (64-bit): Aug 21 2018 02:06:06
LogInit: Compiled with Visual C++: 19.13.26129.00
LogInit: Build Configuration: Development
LogInit: Branch Name: ++UE4+Release-4.20
LogInit: Command Line: -EpicPortal 
LogInit: Base Directory: C:/Program Files/Epic Games/UE_4.20/Engine/Binaries/Win64/
LogInit: Installed Engine Build: 1
LogDevObjectVersion: Number of dev versions registered: 20
LogDevObjectVersion:   Dev-Blueprints (B0D832E4-1F89-4F0D-ACCF-7EB736FD4AA2): 10
LogDevObjectVersion:   Dev-Build (E1C64328-A22C-4D53-A36C-8E866417BD8C): 0
LogDevObjectVersion:   Dev-Core (375EC13C-06E4-48FB-B500-84F0262A717E): 2
LogDevObjectVersion:   Dev-Editor (E4B068ED-F494-42E9-A231-DA0B2E46BB41): 24
LogDevObjectVersion:   Dev-Framework (CFFC743F-43B0-4480-9391-14DF171D2073): 34
LogDevObjectVersion:   Dev-Mobile (B02B49B5-BB20-44E9-A304-32B752E40360): 2
LogDevObjectVersion:   Dev-Networking (A4E4105C-59A1-49B5-A7C5-40C4547EDFEE): 0
LogDevObjectVersion:   Dev-Online (39C831C9-5AE6-47DC-9A44-9C173E1C8E7C): 0
LogDevObjectVersion:   Dev-Physics (78F01B33-EBEA-4F98-B9B4-84EACCB95AA2): 0
LogDevObjectVersion:   Dev-Platform (6631380F-2D4D-43E0-8009-CF276956A95A): 0
LogDevObjectVersion:   Dev-Rendering (12F88B9F-8875-4AFC-A67C-D90C383ABD29): 26
LogDevObjectVersion:   Dev-Sequencer (7B5AE74C-D270-4C10-A958-57980B212A5A): 9
LogDevObjectVersion:   Dev-VR (D7296918-1DD6-4BDD-9DE2-64A83CC13884): 2
LogDevObjectVersion:   Dev-LoadTimes (C2A15278-BFE7-4AFE-6C17-90FF531DF755): 1
LogDevObjectVersion:   Private-Geometry (6EACA3D4-40EC-4CC1-B786-8BED09428FC5): 3
LogDevObjectVersion:   Dev-AnimPhys (29E575DD-E0A3-4627-9D10-D276232CDCEA): 17
LogDevObjectVersion:   Dev-ReflectionCapture (6B266CEC-1EC7-4B8F-A30B-E4D90942FC07): 1
LogDevObjectVersion:   Dev-Automation (0DF73D61-A23F-47EA-B727-89E90C41499A): 1
LogDevObjectVersion:   FortniteMain (601D1886-AC64-4F84-AA16-D3DE0DEAC7D6): 12
LogDevObjectVersion:   Dev-Enterprise (9DFFBCD6-494F-0158-E221-12823C92A888): 1
LogStreaming: Display: Took  0.001s to delete old logs.
LogInit: Presizing for max 8388607 objects, including 0 objects not considered by GC, pre-allocating 0 bytes for permanent pool.
LogInit: Object subsystem initialized
[2018.09.11-02.55.05:498][  0]LogInit: Selected Device Profile: [Windows]
[2018.09.11-02.55.05:498][  0]LogInit: Applying CVar settings loaded from the selected device profile: [Windows]
[2018.09.11-02.55.05:514][  0]LogHAL: Display: Platform has ~ 8 GB [8461172736 / 8589934592 / 8], which maps to Default [LargestMinGB=32, LargerMinGB=12, DefaultMinGB=8, SmallerMinGB=6, SmallestMinGB=0)
[2018.09.11-02.55.05:514][  0]LogInit: Setting Device Profile CVar: [[r.Vulkan.UseRealUBs:1]]
[2018.09.11-02.55.05:514][  0]LogInit: Going up to parent DeviceProfile []
[2018.09.11-02.55.05:515][  0]LogInit: Computer: MSI-VINCENT
[2018.09.11-02.55.05:515][  0]LogInit: User: Vincent
[2018.09.11-02.55.05:515][  0]LogInit: CPU Page size=4096, Cores=4
[2018.09.11-02.55.05:515][  0]LogInit: High frequency timer resolution =2.250000 MHz
[2018.09.11-02.55.05:515][  0]LogMemory: Memory total: Physical=7.9GB (8GB approx)
[2018.09.11-02.55.05:515][  0]LogMemory: Platform Memory Stats for Windows
[2018.09.11-02.55.05:515][  0]LogMemory: Process Physical Memory: 99.98 MB used, 99.98 MB peak
[2018.09.11-02.55.05:515][  0]LogMemory: Process Virtual Memory: 91.00 MB used, 91.00 MB peak
[2018.09.11-02.55.05:515][  0]LogMemory: Physical Memory: 6211.69 MB used,  1857.51 MB free, 8069.20 MB total
[2018.09.11-02.55.05:515][  0]LogMemory: Virtual Memory: 4640.12 MB used,  1857.51 MB free, 134217728.00 MB total
[2018.09.11-02.55.05:533][  0]LogInit: Using OS detected language (fr-FR).
[2018.09.11-02.55.05:534][  0]LogInit: Using OS detected locale (fr-FR).
[2018.09.11-02.55.05:535][  0]LogTextLocalizationManager: No specific localization for 'fr-FR' exists, so the 'fr' localization will be used.
[2018.09.11-02.55.05:536][  0]LogStreaming: Display: Took  0.003s to InitEngineTextLocalization.
[2018.09.11-02.55.05:575][  0]LogSlate: New Slate User Created.  User Index 0, Is Virtual User: 0
[2018.09.11-02.55.05:576][  0]LogSlate: Slate User Registered.  User Index 0, Is Virtual User: 0
[2018.09.11-02.55.05:851][  0]LogHMD: Failed to initialize OpenVR with code 110
[2018.09.11-02.55.05:851][  0]LogD3D11RHI: D3D11 adapters:
[2018.09.11-02.55.05:926][  0]LogD3D11RHI:    0. 'NVIDIA GeForce GTX 1060' (Feature Level 11_0)
[2018.09.11-02.55.05:926][  0]LogD3D11RHI:       6052/0/4034 MB DedicatedVideo/DedicatedSystem/SharedSystem, Outputs:2, VendorId:0x10de
[2018.09.11-02.55.05:936][  0]LogD3D11RHI:    1. 'Intel(R) UHD Graphics 630' (Feature Level 11_0)
[2018.09.11-02.55.05:936][  0]LogD3D11RHI:       128/0/4034 MB DedicatedVideo/DedicatedSystem/SharedSystem, Outputs:0, VendorId:0x8086
[2018.09.11-02.55.05:938][  0]LogD3D11RHI:    2. 'Microsoft Basic Render Driver' (Feature Level 11_0)
[2018.09.11-02.55.05:938][  0]LogD3D11RHI:       0/0/4034 MB DedicatedVideo/DedicatedSystem/SharedSystem, Outputs:0, VendorId:0x1414
[2018.09.11-02.55.05:938][  0]LogD3D11RHI: Chosen D3D11 Adapter: 0
[2018.09.11-02.55.05:970][  0]LogD3D11RHI: Creating new Direct3DDevice
[2018.09.11-02.55.05:970][  0]LogD3D11RHI:     GPU DeviceId: 0x1c20 (for the marketing name, search the web for "GPU Device Id")
[2018.09.11-02.55.05:971][  0]LogWindows: EnumDisplayDevices:
[2018.09.11-02.55.05:971][  0]LogWindows:    0. 'Intel(R) UHD Graphics 630' (P:1 D:1)
[2018.09.11-02.55.05:971][  0]LogWindows:    1. 'Intel(R) UHD Graphics 630' (P:0 D:0)
[2018.09.11-02.55.05:971][  0]LogWindows:    2. 'Intel(R) UHD Graphics 630' (P:0 D:0)
[2018.09.11-02.55.05:971][  0]LogWindows:    3. 'NVIDIA GeForce GTX 1060' (P:0 D:1)
[2018.09.11-02.55.05:972][  0]LogWindows:    4. 'NVIDIA GeForce GTX 1060' (P:0 D:0)
[2018.09.11-02.55.05:972][  0]LogWindows:    5. 'NVIDIA GeForce GTX 1060' (P:0 D:0)
[2018.09.11-02.55.05:972][  0]LogWindows:    6. 'NVIDIA GeForce GTX 1060' (P:0 D:0)
[2018.09.11-02.55.05:972][  0]LogWindows: DebugString: PrimaryIsNotTheChoosenAdapter PrimaryIsNotTheChoosenAdapter PrimaryIsNotTheChoosenAdapter FoundDriverCount:4 
[2018.09.11-02.55.05:972][  0]LogD3D11RHI:     Adapter Name: NVIDIA GeForce GTX 1060
[2018.09.11-02.55.05:972][  0]LogD3D11RHI:   Driver Version: 399.07 (internal:24.21.13.9907, unified:399.07)
[2018.09.11-02.55.05:972][  0]LogD3D11RHI:      Driver Date: 8-21-2018
[2018.09.11-02.55.05:972][  0]LogRHI: Texture pool is 4236 MB (70% of 6052 MB)
[2018.09.11-02.55.06:027][  0]LogD3D11RHI: Async texture creation enabled
[2018.09.11-02.55.06:045][  0]LogD3D11RHI: GPU Timing Frequency: 1000.000000 (Debug: 2 2)
[2018.09.11-02.55.06:095][  0]LogShaderCompilers: Guid format shader working directory is -41 characters bigger than the processId version (../../../../../../Users/Vincent/Desktop/Cours/Mondes virtuels/projet-unreal-2018-VinSey1/Intermediate/Shaders/WorkingDirectory/14092/).
[2018.09.11-02.55.06:095][  0]LogShaderCompilers: Cleaned the shader compiler working directory 'C:/Users/Vincent/AppData/Local/Temp/UnrealShaderWorkingDir/7B8A21DE422043D5FC8D5FB069F45180/'.
[2018.09.11-02.55.06:425][  0]LogTemp: Display: Loaded TP AllDesktopTargetPlatform
[2018.09.11-02.55.06:442][  0]LogTemp: Display: Loaded TP MacClientTargetPlatform
[2018.09.11-02.55.06:459][  0]LogTemp: Display: Loaded TP MacNoEditorTargetPlatform
[2018.09.11-02.55.06:475][  0]LogTemp: Display: Loaded TP MacServerTargetPlatform
[2018.09.11-02.55.06:492][  0]LogTemp: Display: Loaded TP MacTargetPlatform
[2018.09.11-02.55.06:509][  0]LogTemp: Display: Loaded TP WindowsClientTargetPlatform
[2018.09.11-02.55.06:527][  0]LogTemp: Display: Loaded TP WindowsNoEditorTargetPlatform
[2018.09.11-02.55.06:544][  0]LogTemp: Display: Loaded TP WindowsServerTargetPlatform
[2018.09.11-02.55.06:553][  0]LogTemp: Display: Loaded TP WindowsTargetPlatform
[2018.09.11-02.55.06:655][  0]LogTemp: Display: Loaded TP AndroidTargetPlatform
[2018.09.11-02.55.06:655][  0]LogTemp: Display: Loaded TP AndroidTargetPlatform
[2018.09.11-02.55.06:655][  0]LogTemp: Display: Loaded TP AndroidTargetPlatform
[2018.09.11-02.55.06:655][  0]LogTemp: Display: Loaded TP AndroidTargetPlatform
[2018.09.11-02.55.06:655][  0]LogTemp: Display: Loaded TP AndroidTargetPlatform
[2018.09.11-02.55.06:656][  0]LogTemp: Display: Loaded TP AndroidTargetPlatform
[2018.09.11-02.55.06:656][  0]LogTemp: Display: Loaded TP AndroidTargetPlatform
[2018.09.11-02.55.06:656][  0]LogTemp: Display: Loaded TP AndroidTargetPlatform
[2018.09.11-02.55.06:656][  0]LogTemp: Display: Loaded TP AndroidTargetPlatform
[2018.09.11-02.55.06:656][  0]LogTemp: Display: Loaded TP AndroidTargetPlatform
[2018.09.11-02.55.06:656][  0]LogTemp: Display: Loaded TP AndroidTargetPlatform
[2018.09.11-02.55.06:656][  0]LogTemp: Display: Loaded TP AndroidTargetPlatform
[2018.09.11-02.55.06:656][  0]LogTemp: Display: Loaded TP AndroidTargetPlatform
[2018.09.11-02.55.06:656][  0]LogTemp: Display: Loaded TP AndroidTargetPlatform
[2018.09.11-02.55.06:656][  0]LogTemp: Display: Loaded TP AndroidTargetPlatform
[2018.09.11-02.55.06:656][  0]LogTemp: Display: Loaded TP AndroidTargetPlatform
[2018.09.11-02.55.06:656][  0]LogTemp: Display: Loaded TP AndroidTargetPlatform
[2018.09.11-02.55.06:656][  0]LogTemp: Display: Loaded TP AndroidTargetPlatform
[2018.09.11-02.55.06:657][  0]LogTemp: Display: Loaded TP HTML5TargetPlatform
[2018.09.11-02.55.06:725][  0]LogTemp: Display: Loaded TP IOSTargetPlatform
[2018.09.11-02.55.06:725][  0]LogTemp: Display: Loaded TP IOSTargetPlatform
[2018.09.11-02.55.06:753][  0]LogTemp: Display: Loaded TP TVOSTargetPlatform
[2018.09.11-02.55.06:753][  0]LogTemp: Display: Loaded TP TVOSTargetPlatform
[2018.09.11-02.55.06:767][  0]LogTemp: Display: Loaded TP LinuxClientTargetPlatform
[2018.09.11-02.55.06:782][  0]LogTemp: Display: Loaded TP LinuxNoEditorTargetPlatform
[2018.09.11-02.55.06:797][  0]LogTemp: Display: Loaded TP LinuxServerTargetPlatform
[2018.09.11-02.55.06:812][  0]LogTemp: Display: Loaded TP LinuxTargetPlatform
[2018.09.11-02.55.06:823][  0]LogTemp: Display: Loaded TP LuminTargetPlatform
[2018.09.11-02.55.06:823][  0]LogTargetPlatformManager: Display: Building Assets For Windows
[2018.09.11-02.55.06:888][  0]LogXGEController: Cannot use XGE Controller as Incredibuild is not installed on this machine.
[2018.09.11-02.55.06:888][  0]LogShaderCompilers: Cannot use XGE Shader Compiler as Incredibuild is not installed on this machine.
[2018.09.11-02.55.06:888][  0]LogShaderCompilers: Display: Using Local Shader Compiler.
[2018.09.11-02.55.07:613][  0]LogDerivedDataCache: Display: Max Cache Size: 512 MB
[2018.09.11-02.55.07:683][  0]LogDerivedDataCache: Loaded boot cache 0.07s 71MB C:/Users/Vincent/AppData/Local/UnrealEngine/4.20/DerivedDataCache/Boot.ddc.
[2018.09.11-02.55.07:683][  0]LogDerivedDataCache: Display: Loaded Boot cache: C:/Users/Vincent/AppData/Local/UnrealEngine/4.20/DerivedDataCache/Boot.ddc
[2018.09.11-02.55.07:683][  0]LogDerivedDataCache: FDerivedDataBackendGraph:  Pak pak cache file ../../../../../../Users/Vincent/Desktop/Cours/Mondes virtuels/projet-unreal-2018-VinSey1/DerivedDataCache/DDC.ddp not found, will not use a pak cache.
[2018.09.11-02.55.07:683][  0]LogDerivedDataCache: Unable to find inner node Pak for hierarchical cache Hierarchy.
[2018.09.11-02.55.07:683][  0]LogDerivedDataCache: FDerivedDataBackendGraph:  CompressedPak pak cache file ../../../../../../Users/Vincent/Desktop/Cours/Mondes virtuels/projet-unreal-2018-VinSey1/DerivedDataCache/Compressed.ddp not found, will not use a pak cache.
[2018.09.11-02.55.07:683][  0]LogDerivedDataCache: Unable to find inner node CompressedPak for hierarchical cache Hierarchy.
[2018.09.11-02.55.07:697][  0]LogDerivedDataCache: Display: Pak cache opened for reading ../../../Engine/DerivedDataCache/Compressed.ddp.
[2018.09.11-02.55.07:711][  0]LogDerivedDataCache: Using Local data cache path C:/Users/Vincent/AppData/Local/UnrealEngine/Common/DerivedDataCache: Writable
[2018.09.11-02.55.07:711][  0]LogDerivedDataCache: Shared data cache path not found in *engine.ini, will not use an Shared cache.
[2018.09.11-02.55.07:711][  0]LogDerivedDataCache: Unable to find inner node Shared for hierarchical cache Hierarchy.
[2018.09.11-02.55.07:728][  0]LogMaterial: Verifying Global Shaders for PCD3D_SM5
[2018.09.11-02.55.07:729][  0]LogSlate: Using FreeType 2.6.0
[2018.09.11-02.55.07:730][  0]LogSlate: SlateFontServices - WITH_FREETYPE: 1, WITH_HARFBUZZ: 1
[2018.09.11-02.55.07:802][  0]LogAssetRegistry: FAssetRegistry took 0.0255 seconds to start up
[2018.09.11-02.55.07:817][  0]LogMemory: Warning: Freeing 33554432 bytes from backup pool to handle out of memory.
[2018.09.11-02.55.07:818][  0]LogMemory: Warning: MemoryStats:
	AvailablePhysical 1701093376
	 AvailableVirtual 140732064133120
	     UsedPhysical 342032384
	 PeakUsedPhysical 342032384
	      UsedVirtual 338132992
	  PeakUsedVirtual 342401024
[2018.09.11-02.55.07:818][  0]Allocator Stats for TBB: (not implemented)
[2018.09.11-02.55.07:818][  0]LogWindows: Windows GetLastError: L’opération a réussi. (0)
[2018.09.11-02.55.08:359][  0]LogWindows: Warning: SymLoadModuleExW. Error: -529697949
[2018.09.11-02.55.08:359][  0]LogWindows: Warning: SymLoadModuleExW. Error: -529697949
[2018.09.11-02.55.08:359][  0]LogWindows: Warning: SymLoadModuleExW. Error: -529697949
[2018.09.11-02.55.08:359][  0]LogWindows: Warning: SymLoadModuleExW. Error: -529697949
[2018.09.11-02.55.08:359][  0]LogWindows: Error: === Critical error: ===
[2018.09.11-02.55.08:359][  0]LogWindows: Error: 
[2018.09.11-02.55.08:359][  0]LogWindows: Error: Fatal error: [File:D:\Build\++UE4\Sync\Engine\Source\Runtime\Core\Private\GenericPlatform\GenericPlatformMemory.cpp] [Line: 193] 
[2018.09.11-02.55.08:359][  0]LogWindows: Error: Ran out of memory allocating 262144 bytes with alignment 0
[2018.09.11-02.55.08:360][  0]LogWindows: Error: 
[2018.09.11-02.55.08:360][  0]LogWindows: Error: 
[2018.09.11-02.55.08:360][  0]LogWindows: Error: [Callstack] 0x00007ffa1485a388 KERNELBASE.dll!UnknownFunction []
[2018.09.11-02.55.08:360][  0]LogWindows: Error: [Callstack] 0x00007ff9f9736850 UE4Editor-ApplicationCore.dll!UnknownFunction []
[2018.09.11-02.55.08:360][  0]LogWindows: Error: [Callstack] 0x00007ff9cdff62ec UE4Editor-Core.dll!UnknownFunction []
[2018.09.11-02.55.08:360][  0]LogWindows: Error: [Callstack] 0x00007ff9cdf851cb UE4Editor-Core.dll!UnknownFunction []
[2018.09.11-02.55.08:360][  0]LogWindows: Error: [Callstack] 0x00007ff9cde5f564 UE4Editor-Core.dll!UnknownFunction []
[2018.09.11-02.55.08:360][  0]LogWindows: Error: [Callstack] 0x00007ff9cded23f9 UE4Editor-Core.dll!UnknownFunction []
[2018.09.11-02.55.08:360][  0]LogWindows: Error: [Callstack] 0x00007ff9cded25f6 UE4Editor-Core.dll!UnknownFunction []
[2018.09.11-02.55.08:360][  0]LogWindows: Error: [Callstack] 0x00007ff9ce222d5e UE4Editor-Core.dll!UnknownFunction []
[2018.09.11-02.55.08:360][  0]LogWindows: Error: [Callstack] 0x00007ff9ce1ffeaa UE4Editor-Core.dll!UnknownFunction []
[2018.09.11-02.55.08:360][  0]LogWindows: Error: [Callstack] 0x00007ff9ce1ff2ab UE4Editor-Core.dll!UnknownFunction []
[2018.09.11-02.55.08:360][  0]LogWindows: Error: [Callstack] 0x00007ff9ce1fef6e UE4Editor-Core.dll!UnknownFunction []
[2018.09.11-02.55.08:360][  0]LogWindows: Error: [Callstack] 0x00007ff9ce201f18 UE4Editor-Core.dll!UnknownFunction []
[2018.09.11-02.55.08:360][  0]LogWindows: Error: [Callstack] 0x00007ff9ce238ae1 UE4Editor-Core.dll!UnknownFunction []
[2018.09.11-02.55.08:360][  0]LogWindows: Error: [Callstack] 0x00007ff9ce215016 UE4Editor-Core.dll!UnknownFunction []
[2018.09.11-02.55.08:360][  0]LogWindows: Error: [Callstack] 0x00007ff9ceb10e91 UE4Editor-CoreUObject.dll!UnknownFunction []
[2018.09.11-02.55.08:360][  0]LogWindows: Error: [Callstack] 0x00007ff9ab8725fa UE4Editor-Engine.dll!UnknownFunction []
[2018.09.11-02.55.08:360][  0]LogWindows: Error: [Callstack] 0x00007ff9ceb12feb UE4Editor-CoreUObject.dll!UnknownFunction []
[2018.09.11-02.55.08:360][  0]LogWindows: Error: [Callstack] 0x00007ff9ceb11232 UE4Editor-CoreUObject.dll!UnknownFunction []
[2018.09.11-02.55.08:360][  0]LogWindows: Error: [Callstack] 0x00007ff9ab8badf4 UE4Editor-Engine.dll!UnknownFunction []
[2018.09.11-02.55.08:360][  0]LogWindows: Error: [Callstack] 0x00007ff9ce87accb UE4Editor-CoreUObject.dll!UnknownFunction []
[2018.09.11-02.55.08:360][  0]LogWindows: Error: [Callstack] 0x00007ff9ceb10a32 UE4Editor-CoreUObject.dll!UnknownFunction []
[2018.09.11-02.55.08:360][  0]LogWindows: Error: [Callstack] 0x00007ff9ab8bad04 UE4Editor-Engine.dll!UnknownFunction []
[2018.09.11-02.55.08:360][  0]LogWindows: Error: [Callstack] 0x00007ff9ceb11035 UE4Editor-CoreUObject.dll!UnknownFunction []
[2018.09.11-02.55.08:360][  0]LogWindows: Error: [Callstack] 0x00007ff9ab8bad34 UE4Editor-Engine.dll!UnknownFunction []
[2018.09.11-02.55.08:360][  0]LogWindows: Error: [Callstack] 0x00007ff9ceb113a2 UE4Editor-CoreUObject.dll!UnknownFunction []
[2018.09.11-02.55.08:360][  0]LogWindows: Error: [Callstack] 0x00007ff9ab850ca4 UE4Editor-Engine.dll!UnknownFunction []
[2018.09.11-02.55.08:360][  0]LogWindows: Error: [Callstack] 0x00007ff9ceb10942 UE4Editor-CoreUObject.dll!UnknownFunction []
[2018.09.11-02.55.08:360][  0]LogWindows: Error: [Callstack] 0x00007ff9ab7a82f4 UE4Editor-Engine.dll!UnknownFunction []
[2018.09.11-02.55.08:360][  0]LogWindows: Error: [Callstack] 0x00007ff9ceb10942 UE4Editor-CoreUObject.dll!UnknownFunction []
[2018.09.11-02.55.08:360][  0]LogWindows: Error: [Callstack] 0x00007ff9d8530f44 UE4Editor-HeadMountedDisplay.dll!UnknownFunction []
[2018.09.11-02.55.08:360][  0]LogWindows: Error: [Callstack] 0x00007ff9ceb11035 UE4Editor-CoreUObject.dll!UnknownFunction []
[2018.09.11-02.55.08:360][  0]LogWindows: Error: [Callstack] 0x00007ff9d8531f54 UE4Editor-HeadMountedDisplay.dll!UnknownFunction []
[2018.09.11-02.55.08:360][  0]LogWindows: Error: [Callstack] 0x00007ff9ceb113a2 UE4Editor-CoreUObject.dll!UnknownFunction []
[2018.09.11-02.55.08:360][  0]LogWindows: Error: [Callstack] 0x00007ff9d8532c70 UE4Editor-HeadMountedDisplay.dll!UnknownFunction []
[2018.09.11-02.55.08:360][  0]LogWindows: Error: [Callstack] 0x00007ff9ceb5e42f UE4Editor-CoreUObject.dll!UnknownFunction []
[2018.09.11-02.55.08:360][  0]LogWindows: Error: [Callstack] 0x00007ff9ceb3da7a UE4Editor-CoreUObject.dll!UnknownFunction []
[2018.09.11-02.55.08:360][  0]LogWindows: Error: [Callstack] 0x00007ff7de9ed3eb UE4Editor.exe!UnknownFunction []
[2018.09.11-02.55.08:360][  0]LogWindows: Error: [Callstack] 0x00007ff7de9e5968 UE4Editor.exe!UnknownFunction []
[2018.09.11-02.55.08:360][  0]LogWindows: Error: [Callstack] 0x00007ff7de9e5bba UE4Editor.exe!UnknownFunction []
[2018.09.11-02.55.08:360][  0]LogWindows: Error: [Callstack] 0x00007ff7de9f3dac UE4Editor.exe!UnknownFunction []
[2018.09.11-02.55.08:360][  0]LogWindows: Error: [Callstack] 0x00007ff7de9f5aaa UE4Editor.exe!UnknownFunction []
[2018.09.11-02.55.08:360][  0]LogWindows: Error: [Callstack] 0x00007ffa179d3034 KERNEL32.DLL!UnknownFunction []
[2018.09.11-02.55.08:360][  0]LogWindows: Error: [Callstack] 0x00007ffa17c11431 ntdll.dll!UnknownFunction []
[2018.09.11-02.55.08:360][  0]LogWindows: Error: 
[2018.09.11-02.55.08:373][  0]LogExit: Executing StaticShutdownAfterError
