Log file open, 09/10/18 22:38:50
LogWindows: Failed to load 'aqProf.dll' (GetLastError=126)
LogWindows: File 'aqProf.dll' does not exist
LogWindows: Failed to load 'VSPerf140.dll' (GetLastError=126)
LogWindows: File 'VSPerf140.dll' does not exist
LogWindows: Failed to load 'VtuneApi.dll' (GetLastError=126)
LogWindows: File 'VtuneApi.dll' does not exist
LogWindows: Failed to load 'VtuneApi32e.dll' (GetLastError=126)
LogWindows: File 'VtuneApi32e.dll' does not exist
LogInit: Display: Running engine for game: MyProject
LogPlatformFile: Not using cached read wrapper
LogTaskGraph: Started task graph with 5 named threads and 23 total threads with 3 sets of task threads.
LogStats: Stats thread started at 0.299539
LogD3D11RHI: Loaded GFSDK_Aftermath_Lib.x64.dll
LogICUInternationalization: Display: ICU TimeZone Detection - Raw Offset: -5:00, Platform Override: ''
LogPluginManager: Mounting plugin Paper2D
LogPluginManager: Mounting plugin AISupport
LogPluginManager: Mounting plugin LightPropagationVolume
LogPluginManager: Mounting plugin CLionSourceCodeAccess
LogPluginManager: Mounting plugin CodeLiteSourceCodeAccess
LogPluginManager: Mounting plugin GitSourceControl
LogPluginManager: Mounting plugin KDevelopSourceCodeAccess
LogPluginManager: Mounting plugin NullSourceCodeAccess
LogPluginManager: Mounting plugin PerforceSourceControl
LogPluginManager: Mounting plugin SubversionSourceControl
LogPluginManager: Mounting plugin UObjectPlugin
LogPluginManager: Mounting plugin VisualStudioCodeSourceCodeAccess
LogPluginManager: Mounting plugin VisualStudioSourceCodeAccess
LogPluginManager: Mounting plugin XCodeSourceCodeAccess
LogPluginManager: Mounting plugin AssetManagerEditor
LogPluginManager: Mounting plugin CryptoKeys
LogPluginManager: Mounting plugin DataValidation
LogPluginManager: Mounting plugin FacialAnimation
LogPluginManager: Mounting plugin GameplayTagsEditor
LogPluginManager: Mounting plugin MacGraphicsSwitching
LogPluginManager: Mounting plugin MeshEditor
LogPluginManager: Mounting plugin MobileLauncherProfileWizard
LogPluginManager: Mounting plugin PluginBrowser
LogPluginManager: Mounting plugin SpeedTreeImporter
LogPluginManager: Mounting plugin DatasmithContent
LogPluginManager: Mounting plugin AlembicImporter
LogPluginManager: Mounting plugin AppleImageUtils
LogPluginManager: Mounting plugin AppleVision
LogPluginManager: Mounting plugin BackChannel
LogPluginManager: Mounting plugin CharacterAI
LogPluginManager: Mounting plugin GeometryCache
LogPluginManager: Mounting plugin HTML5Networking
LogPluginManager: Mounting plugin ProxyLODPlugin
LogPluginManager: Mounting plugin MagicLeap
LogPluginManager: Mounting plugin MagicLeapEmulator
LogPluginManager: Mounting plugin MagicLeapMedia
LogPluginManager: Mounting plugin AndroidMedia
LogPluginManager: Mounting plugin AvfMedia
LogPluginManager: Mounting plugin ImgMedia
LogPluginManager: Mounting plugin LinearTimecode
LogPluginManager: Mounting plugin MediaCompositing
LogPluginManager: Mounting plugin MediaPlayerEditor
LogPluginManager: Mounting plugin WmfMedia
LogPluginManager: Mounting plugin TcpMessaging
LogPluginManager: Mounting plugin UdpMessaging
LogPluginManager: Mounting plugin ActorSequence
LogPluginManager: Mounting plugin LevelSequenceEditor
LogPluginManager: Mounting plugin MatineeToLevelSequence
LogPluginManager: Mounting plugin NetcodeUnitTest
LogPluginManager: Mounting plugin NUTUnrealEngine4
LogPluginManager: Mounting plugin OnlineSubsystemGooglePlay
LogPluginManager: Mounting plugin OnlineSubsystemIOS
LogPluginManager: Mounting plugin OnlineSubsystem
LogPluginManager: Mounting plugin OnlineSubsystemNull
LogPluginManager: Mounting plugin OnlineSubsystemUtils
LogPluginManager: Mounting plugin LauncherChunkInstaller
LogPluginManager: Mounting plugin AndroidDeviceProfileSelector
LogPluginManager: Mounting plugin AndroidMoviePlayer
LogPluginManager: Mounting plugin AndroidPermission
LogPluginManager: Mounting plugin AppleMoviePlayer
LogPluginManager: Mounting plugin ArchVisCharacter
LogPluginManager: Mounting plugin AudioCapture
LogPluginManager: Mounting plugin CableComponent
LogPluginManager: Mounting plugin CustomMeshComponent
LogPluginManager: Mounting plugin EditableMesh
LogPluginManager: Mounting plugin ExampleDeviceProfileSelector
LogPluginManager: Mounting plugin GoogleCloudMessaging
LogPluginManager: Mounting plugin ImmediatePhysics
LogPluginManager: Mounting plugin IOSDeviceProfileSelector
LogPluginManager: Mounting plugin LinuxDeviceProfileSelector
LogPluginManager: Mounting plugin LocationServicesBPLibrary
LogPluginManager: Mounting plugin MobilePatchingUtils
LogPluginManager: Mounting plugin OculusVR
LogPluginManager: Plugin shader directory ../../../Engine/Plugins/Runtime/Oculus/OculusVR/Shaders found
LogPluginManager: Mapping shader source directory ../../../Engine/Plugins/Runtime/Oculus/OculusVR/Shaders to virtual directory /Plugin/OculusVR
LogPluginManager: Mounting plugin PhysXVehicles
LogPluginManager: Mounting plugin ProceduralMeshComponent
LogPluginManager: Mounting plugin RuntimePhysXCooking
LogPluginManager: Mounting plugin SteamVR
LogPluginManager: Mounting plugin WindowsMoviePlayer
LogStreaming: Display: Took  0.110s to configure plugins.
LogInit: Using libcurl 7.55.1-DEV
LogInit:  - built for x86_64-pc-win32
LogInit:  - supports SSL with OpenSSL/1.0.2h
LogInit:  - supports HTTP deflate (compression) using libz 1.2.8
LogInit:  - other features:
LogInit:      CURL_VERSION_SSL
LogInit:      CURL_VERSION_LIBZ
LogInit:      CURL_VERSION_IPV6
LogInit:      CURL_VERSION_ASYNCHDNS
LogInit:      CURL_VERSION_LARGEFILE
LogInit:      CURL_VERSION_IDN
LogInit:  CurlRequestOptions (configurable via config and command line):
LogInit:  - bVerifyPeer = false  - Libcurl will NOT verify peer certificate
LogInit:  - bUseHttpProxy = false  - Libcurl will NOT use HTTP proxy
LogInit:  - bDontReuseConnections = false  - Libcurl will reuse connections
LogInit:  - CertBundlePath = nullptr  - Libcurl will use whatever was configured at build time.
LogInit:  - MaxHostConnections = 16  - Libcurl will limit the number of connections to a host
LogInit:  - LocalHostAddr = Default
LogInit:  - BufferSize = 65536
LogInit: WinSock: version 1.1 (2.2), MaxSocks=32767, MaxUdp=65467
LogInit: Build: ++UE4+Release-4.20-CL-4302132
LogInit: Engine Version: 4.20.2-4302132+++UE4+Release-4.20
LogInit: Compatible Engine Version: 4.20.0-4212847+++UE4+Release-4.20
LogInit: Net CL: 4212847
LogInit: OS: Windows 10 (), CPU: Intel(R) Core(TM) i5-8300H CPU @ 2.30GHz, GPU: Intel(R) UHD Graphics 630
LogInit: Compiled (64-bit): Aug 21 2018 02:06:06
LogInit: Compiled with Visual C++: 19.13.26129.00
LogInit: Build Configuration: Development
LogInit: Branch Name: ++UE4+Release-4.20
LogInit: Command Line: -EpicPortal 
LogInit: Base Directory: C:/Program Files/Epic Games/UE_4.20/Engine/Binaries/Win64/
LogInit: Installed Engine Build: 1
LogDevObjectVersion: Number of dev versions registered: 20
LogDevObjectVersion:   Dev-Blueprints (B0D832E4-1F89-4F0D-ACCF-7EB736FD4AA2): 10
LogDevObjectVersion:   Dev-Build (E1C64328-A22C-4D53-A36C-8E866417BD8C): 0
LogDevObjectVersion:   Dev-Core (375EC13C-06E4-48FB-B500-84F0262A717E): 2
LogDevObjectVersion:   Dev-Editor (E4B068ED-F494-42E9-A231-DA0B2E46BB41): 24
LogDevObjectVersion:   Dev-Framework (CFFC743F-43B0-4480-9391-14DF171D2073): 34
LogDevObjectVersion:   Dev-Mobile (B02B49B5-BB20-44E9-A304-32B752E40360): 2
LogDevObjectVersion:   Dev-Networking (A4E4105C-59A1-49B5-A7C5-40C4547EDFEE): 0
LogDevObjectVersion:   Dev-Online (39C831C9-5AE6-47DC-9A44-9C173E1C8E7C): 0
LogDevObjectVersion:   Dev-Physics (78F01B33-EBEA-4F98-B9B4-84EACCB95AA2): 0
LogDevObjectVersion:   Dev-Platform (6631380F-2D4D-43E0-8009-CF276956A95A): 0
LogDevObjectVersion:   Dev-Rendering (12F88B9F-8875-4AFC-A67C-D90C383ABD29): 26
LogDevObjectVersion:   Dev-Sequencer (7B5AE74C-D270-4C10-A958-57980B212A5A): 9
LogDevObjectVersion:   Dev-VR (D7296918-1DD6-4BDD-9DE2-64A83CC13884): 2
LogDevObjectVersion:   Dev-LoadTimes (C2A15278-BFE7-4AFE-6C17-90FF531DF755): 1
LogDevObjectVersion:   Private-Geometry (6EACA3D4-40EC-4CC1-B786-8BED09428FC5): 3
LogDevObjectVersion:   Dev-AnimPhys (29E575DD-E0A3-4627-9D10-D276232CDCEA): 17
LogDevObjectVersion:   Dev-ReflectionCapture (6B266CEC-1EC7-4B8F-A30B-E4D90942FC07): 1
LogDevObjectVersion:   Dev-Automation (0DF73D61-A23F-47EA-B727-89E90C41499A): 1
LogDevObjectVersion:   FortniteMain (601D1886-AC64-4F84-AA16-D3DE0DEAC7D6): 12
LogDevObjectVersion:   Dev-Enterprise (9DFFBCD6-494F-0158-E221-12823C92A888): 1
LogStreaming: Display: Took  0.000s to delete old logs.
LogInit: Presizing for max 8388607 objects, including 0 objects not considered by GC, pre-allocating 0 bytes for permanent pool.
LogInit: Object subsystem initialized
[2018.09.11-02.38.50:608][  0]LogInit: Selected Device Profile: [Windows]
[2018.09.11-02.38.50:609][  0]LogInit: Applying CVar settings loaded from the selected device profile: [Windows]
[2018.09.11-02.38.50:623][  0]LogHAL: Display: Platform has ~ 8 GB [8461172736 / 8589934592 / 8], which maps to Default [LargestMinGB=32, LargerMinGB=12, DefaultMinGB=8, SmallerMinGB=6, SmallestMinGB=0)
[2018.09.11-02.38.50:623][  0]LogInit: Setting Device Profile CVar: [[r.Vulkan.UseRealUBs:1]]
[2018.09.11-02.38.50:624][  0]LogInit: Going up to parent DeviceProfile []
[2018.09.11-02.38.50:624][  0]LogInit: Computer: MSI-VINCENT
[2018.09.11-02.38.50:624][  0]LogInit: User: Vincent
[2018.09.11-02.38.50:624][  0]LogInit: CPU Page size=4096, Cores=4
[2018.09.11-02.38.50:624][  0]LogInit: High frequency timer resolution =2.250000 MHz
[2018.09.11-02.38.50:624][  0]LogMemory: Memory total: Physical=7.9GB (8GB approx)
[2018.09.11-02.38.50:624][  0]LogMemory: Platform Memory Stats for Windows
[2018.09.11-02.38.50:624][  0]LogMemory: Process Physical Memory: 100.06 MB used, 100.06 MB peak
[2018.09.11-02.38.50:624][  0]LogMemory: Process Virtual Memory: 91.04 MB used, 91.04 MB peak
[2018.09.11-02.38.50:624][  0]LogMemory: Physical Memory: 6537.60 MB used,  1531.60 MB free, 8069.20 MB total
[2018.09.11-02.38.50:624][  0]LogMemory: Virtual Memory: 4640.12 MB used,  1531.60 MB free, 134217728.00 MB total
[2018.09.11-02.38.50:644][  0]LogInit: Using OS detected language (fr-FR).
[2018.09.11-02.38.50:644][  0]LogInit: Using OS detected locale (fr-FR).
[2018.09.11-02.38.50:644][  0]LogTextLocalizationManager: No specific localization for 'fr-FR' exists, so the 'fr' localization will be used.
[2018.09.11-02.38.50:646][  0]LogStreaming: Display: Took  0.002s to InitEngineTextLocalization.
[2018.09.11-02.38.50:677][  0]LogSlate: New Slate User Created.  User Index 0, Is Virtual User: 0
[2018.09.11-02.38.50:677][  0]LogSlate: Slate User Registered.  User Index 0, Is Virtual User: 0
[2018.09.11-02.38.50:950][  0]LogHMD: Failed to initialize OpenVR with code 110
[2018.09.11-02.38.50:950][  0]LogD3D11RHI: D3D11 adapters:
[2018.09.11-02.38.51:027][  0]LogD3D11RHI:    0. 'NVIDIA GeForce GTX 1060' (Feature Level 11_0)
[2018.09.11-02.38.51:027][  0]LogD3D11RHI:       6052/0/4034 MB DedicatedVideo/DedicatedSystem/SharedSystem, Outputs:2, VendorId:0x10de
[2018.09.11-02.38.51:037][  0]LogD3D11RHI:    1. 'Intel(R) UHD Graphics 630' (Feature Level 11_0)
[2018.09.11-02.38.51:037][  0]LogD3D11RHI:       128/0/4034 MB DedicatedVideo/DedicatedSystem/SharedSystem, Outputs:0, VendorId:0x8086
[2018.09.11-02.38.51:039][  0]LogD3D11RHI:    2. 'Microsoft Basic Render Driver' (Feature Level 11_0)
[2018.09.11-02.38.51:039][  0]LogD3D11RHI:       0/0/4034 MB DedicatedVideo/DedicatedSystem/SharedSystem, Outputs:0, VendorId:0x1414
[2018.09.11-02.38.51:039][  0]LogD3D11RHI: Chosen D3D11 Adapter: 0
[2018.09.11-02.38.51:067][  0]LogD3D11RHI: Creating new Direct3DDevice
[2018.09.11-02.38.51:067][  0]LogD3D11RHI:     GPU DeviceId: 0x1c20 (for the marketing name, search the web for "GPU Device Id")
[2018.09.11-02.38.51:067][  0]LogWindows: EnumDisplayDevices:
[2018.09.11-02.38.51:067][  0]LogWindows:    0. 'Intel(R) UHD Graphics 630' (P:1 D:1)
[2018.09.11-02.38.51:068][  0]LogWindows:    1. 'Intel(R) UHD Graphics 630' (P:0 D:0)
[2018.09.11-02.38.51:068][  0]LogWindows:    2. 'Intel(R) UHD Graphics 630' (P:0 D:0)
[2018.09.11-02.38.51:068][  0]LogWindows:    3. 'NVIDIA GeForce GTX 1060' (P:0 D:1)
[2018.09.11-02.38.51:068][  0]LogWindows:    4. 'NVIDIA GeForce GTX 1060' (P:0 D:0)
[2018.09.11-02.38.51:069][  0]LogWindows:    5. 'NVIDIA GeForce GTX 1060' (P:0 D:0)
[2018.09.11-02.38.51:069][  0]LogWindows:    6. 'NVIDIA GeForce GTX 1060' (P:0 D:0)
[2018.09.11-02.38.51:069][  0]LogWindows: DebugString: PrimaryIsNotTheChoosenAdapter PrimaryIsNotTheChoosenAdapter PrimaryIsNotTheChoosenAdapter FoundDriverCount:4 
[2018.09.11-02.38.51:069][  0]LogD3D11RHI:     Adapter Name: NVIDIA GeForce GTX 1060
[2018.09.11-02.38.51:069][  0]LogD3D11RHI:   Driver Version: 399.07 (internal:24.21.13.9907, unified:399.07)
[2018.09.11-02.38.51:069][  0]LogD3D11RHI:      Driver Date: 8-21-2018
[2018.09.11-02.38.51:069][  0]LogRHI: Texture pool is 4236 MB (70% of 6052 MB)
[2018.09.11-02.38.51:124][  0]LogD3D11RHI: Async texture creation enabled
[2018.09.11-02.38.51:142][  0]LogD3D11RHI: GPU Timing Frequency: 1000.000000 (Debug: 2 2)
[2018.09.11-02.38.51:193][  0]LogShaderCompilers: Guid format shader working directory is -41 characters bigger than the processId version (../../../../../../Users/Vincent/Desktop/Cours/Mondes virtuels/projet-unreal-2018-VinSey1/Intermediate/Shaders/WorkingDirectory/16336/).
[2018.09.11-02.38.51:193][  0]LogShaderCompilers: Cleaned the shader compiler working directory 'C:/Users/Vincent/AppData/Local/Temp/UnrealShaderWorkingDir/9DDE832F43E3D01C313EA0858EF66CBC/'.
[2018.09.11-02.38.51:485][  0]LogTemp: Display: Loaded TP AllDesktopTargetPlatform
[2018.09.11-02.38.51:498][  0]LogTemp: Display: Loaded TP MacClientTargetPlatform
[2018.09.11-02.38.51:511][  0]LogTemp: Display: Loaded TP MacNoEditorTargetPlatform
[2018.09.11-02.38.51:524][  0]LogTemp: Display: Loaded TP MacServerTargetPlatform
[2018.09.11-02.38.51:536][  0]LogTemp: Display: Loaded TP MacTargetPlatform
[2018.09.11-02.38.51:549][  0]LogTemp: Display: Loaded TP WindowsClientTargetPlatform
[2018.09.11-02.38.51:562][  0]LogTemp: Display: Loaded TP WindowsNoEditorTargetPlatform
[2018.09.11-02.38.51:575][  0]LogTemp: Display: Loaded TP WindowsServerTargetPlatform
[2018.09.11-02.38.51:581][  0]LogTemp: Display: Loaded TP WindowsTargetPlatform
[2018.09.11-02.38.51:659][  0]LogTemp: Display: Loaded TP AndroidTargetPlatform
[2018.09.11-02.38.51:659][  0]LogTemp: Display: Loaded TP AndroidTargetPlatform
[2018.09.11-02.38.51:659][  0]LogTemp: Display: Loaded TP AndroidTargetPlatform
[2018.09.11-02.38.51:659][  0]LogTemp: Display: Loaded TP AndroidTargetPlatform
[2018.09.11-02.38.51:659][  0]LogTemp: Display: Loaded TP AndroidTargetPlatform
[2018.09.11-02.38.51:659][  0]LogTemp: Display: Loaded TP AndroidTargetPlatform
[2018.09.11-02.38.51:659][  0]LogTemp: Display: Loaded TP AndroidTargetPlatform
[2018.09.11-02.38.51:659][  0]LogTemp: Display: Loaded TP AndroidTargetPlatform
[2018.09.11-02.38.51:659][  0]LogTemp: Display: Loaded TP AndroidTargetPlatform
[2018.09.11-02.38.51:659][  0]LogTemp: Display: Loaded TP AndroidTargetPlatform
[2018.09.11-02.38.51:659][  0]LogTemp: Display: Loaded TP AndroidTargetPlatform
[2018.09.11-02.38.51:659][  0]LogTemp: Display: Loaded TP AndroidTargetPlatform
[2018.09.11-02.38.51:659][  0]LogTemp: Display: Loaded TP AndroidTargetPlatform
[2018.09.11-02.38.51:659][  0]LogTemp: Display: Loaded TP AndroidTargetPlatform
[2018.09.11-02.38.51:659][  0]LogTemp: Display: Loaded TP AndroidTargetPlatform
[2018.09.11-02.38.51:659][  0]LogTemp: Display: Loaded TP AndroidTargetPlatform
[2018.09.11-02.38.51:659][  0]LogTemp: Display: Loaded TP AndroidTargetPlatform
[2018.09.11-02.38.51:659][  0]LogTemp: Display: Loaded TP AndroidTargetPlatform
[2018.09.11-02.38.51:660][  0]LogTemp: Display: Loaded TP HTML5TargetPlatform
[2018.09.11-02.38.51:718][  0]LogTemp: Display: Loaded TP IOSTargetPlatform
[2018.09.11-02.38.51:718][  0]LogTemp: Display: Loaded TP IOSTargetPlatform
[2018.09.11-02.38.51:740][  0]LogTemp: Display: Loaded TP TVOSTargetPlatform
[2018.09.11-02.38.51:740][  0]LogTemp: Display: Loaded TP TVOSTargetPlatform
[2018.09.11-02.38.51:752][  0]LogTemp: Display: Loaded TP LinuxClientTargetPlatform
[2018.09.11-02.38.51:764][  0]LogTemp: Display: Loaded TP LinuxNoEditorTargetPlatform
[2018.09.11-02.38.51:774][  0]LogTemp: Display: Loaded TP LinuxServerTargetPlatform
[2018.09.11-02.38.51:786][  0]LogTemp: Display: Loaded TP LinuxTargetPlatform
[2018.09.11-02.38.51:794][  0]LogTemp: Display: Loaded TP LuminTargetPlatform
[2018.09.11-02.38.51:794][  0]LogTargetPlatformManager: Display: Building Assets For Windows
[2018.09.11-02.38.51:850][  0]LogXGEController: Cannot use XGE Controller as Incredibuild is not installed on this machine.
[2018.09.11-02.38.51:850][  0]LogShaderCompilers: Cannot use XGE Shader Compiler as Incredibuild is not installed on this machine.
[2018.09.11-02.38.51:850][  0]LogShaderCompilers: Display: Using Local Shader Compiler.
[2018.09.11-02.38.52:509][  0]LogDerivedDataCache: Display: Max Cache Size: 512 MB
[2018.09.11-02.38.52:569][  0]LogDerivedDataCache: Loaded boot cache 0.06s 71MB C:/Users/Vincent/AppData/Local/UnrealEngine/4.20/DerivedDataCache/Boot.ddc.
[2018.09.11-02.38.52:570][  0]LogDerivedDataCache: Display: Loaded Boot cache: C:/Users/Vincent/AppData/Local/UnrealEngine/4.20/DerivedDataCache/Boot.ddc
[2018.09.11-02.38.52:570][  0]LogDerivedDataCache: FDerivedDataBackendGraph:  Pak pak cache file ../../../../../../Users/Vincent/Desktop/Cours/Mondes virtuels/projet-unreal-2018-VinSey1/DerivedDataCache/DDC.ddp not found, will not use a pak cache.
[2018.09.11-02.38.52:570][  0]LogDerivedDataCache: Unable to find inner node Pak for hierarchical cache Hierarchy.
[2018.09.11-02.38.52:570][  0]LogDerivedDataCache: FDerivedDataBackendGraph:  CompressedPak pak cache file ../../../../../../Users/Vincent/Desktop/Cours/Mondes virtuels/projet-unreal-2018-VinSey1/DerivedDataCache/Compressed.ddp not found, will not use a pak cache.
[2018.09.11-02.38.52:570][  0]LogDerivedDataCache: Unable to find inner node CompressedPak for hierarchical cache Hierarchy.
[2018.09.11-02.38.52:582][  0]LogDerivedDataCache: Display: Pak cache opened for reading ../../../Engine/DerivedDataCache/Compressed.ddp.
[2018.09.11-02.38.52:595][  0]LogDerivedDataCache: Using Local data cache path C:/Users/Vincent/AppData/Local/UnrealEngine/Common/DerivedDataCache: Writable
[2018.09.11-02.38.52:595][  0]LogDerivedDataCache: Shared data cache path not found in *engine.ini, will not use an Shared cache.
[2018.09.11-02.38.52:595][  0]LogDerivedDataCache: Unable to find inner node Shared for hierarchical cache Hierarchy.
[2018.09.11-02.38.52:617][  0]LogMaterial: Verifying Global Shaders for PCD3D_SM5
[2018.09.11-02.38.52:618][  0]LogSlate: Using FreeType 2.6.0
[2018.09.11-02.38.52:619][  0]LogSlate: SlateFontServices - WITH_FREETYPE: 1, WITH_HARFBUZZ: 1
[2018.09.11-02.38.52:690][  0]LogAssetRegistry: FAssetRegistry took 0.0261 seconds to start up
[2018.09.11-02.38.52:979][  0]LogInit: Selected Device Profile: [Windows]
[2018.09.11-02.38.53:102][  0]LogSimplygon: Simplygon DLL not present - disabling.
[2018.09.11-02.38.53:105][  0]LogMeshReduction: Using SimplygonSwarm for distributed automatic mesh merging
[2018.09.11-02.38.53:105][  0]LogMeshReduction: Using ProxyLODMeshReduction for automatic mesh merging
[2018.09.11-02.38.53:105][  0]LogMeshReduction: Using QuadricMeshReduction for automatic static mesh reduction
[2018.09.11-02.38.53:105][  0]LogMeshReduction: No automatic skeletal mesh reduction module available
[2018.09.11-02.38.53:123][  0]LogNetVersion: MyProject 1.0.0, NetCL: 4212847, EngineNetVer: 5, GameNetVer: 0 (Checksum: 1110078900)
[2018.09.11-02.38.53:719][  0]LogPackageLocalizationCache: Processed 11 localized package path(s) for 2 prioritized culture(s) in 0.131888 seconds
[2018.09.11-02.38.53:726][  0]LogUObjectArray: 38425 objects as part of root set at end of initial load.
[2018.09.11-02.38.53:726][  0]LogUObjectAllocator: 6690864 out of 0 bytes used by permanent object pool.
[2018.09.11-02.38.53:726][  0]LogUObjectArray: CloseDisregardForGC: 0/0 objects in disregard for GC pool
[2018.09.11-02.38.54:646][  0]LogTcpMessaging: Initializing TcpMessaging bridge
[2018.09.11-02.38.54:660][  0]LogUdpMessaging: Initializing bridge on interface 0.0.0.0:0 to multicast group 230.0.0.1:6666.
[2018.09.11-02.38.54:661][  0]FUdpSocketBuilder: Failed to subscribe UdpMessageMulticastSocket to multicast group 230.0.0.1
[2018.09.11-02.38.54:661][  0]FUdpSocketBuilder: Failed to create and initialize socket UdpMessageMulticastSocket (last error: 0)
[2018.09.11-02.38.54:661][  0]LogUdpMessaging: Warning: StartTransport failed to create multicast socket on 0.0.0.0:0, joined to 230.0.0.1:6666 with TTL 1
[2018.09.11-02.38.54:795][  0]SourceControl: Source control is disabled
[2018.09.11-02.38.54:795][  0]SourceControl: Source control is disabled
[2018.09.11-02.38.54:796][  0]SourceControl: Source control is disabled
[2018.09.11-02.38.54:797][  0]SourceControl: Source control is disabled
[2018.09.11-02.38.54:966][  0]LogAndroidPermission: UAndroidPermissionCallbackProxy::GetInstance
[2018.09.11-02.38.55:029][  0]LogOcInput: OculusInput pre-init called
[2018.09.11-02.38.55:094][  0]LogEngine: Initializing Engine...
[2018.09.11-02.38.55:095][  0]LogHMD: Failed to initialize OpenVR with code 110
[2018.09.11-02.38.55:097][  0]LogStats: UGameplayTagsManager::ConstructGameplayTagTree: ImportINI prefixes -  0.000 s
[2018.09.11-02.38.55:097][  0]LogStats: UGameplayTagsManager::ConstructGameplayTagTree: Construct from data asset -  0.000 s
[2018.09.11-02.38.55:097][  0]LogStats: UGameplayTagsManager::ConstructGameplayTagTree: ImportINI -  0.000 s
[2018.09.11-02.38.55:097][  0]LogStats: UGameplayTagsManager::ConstructGameplayTagTree: GameplayTagTreeChangedEvent.Broadcast -  0.000 s
[2018.09.11-02.38.55:372][  0]LogInit: Initializing FReadOnlyCVARCache
[2018.09.11-02.38.55:385][  0]LogAIModule: Creating AISystem for world Untitled
[2018.09.11-02.38.55:399][  0]LogInit: XAudio2 using 'Casque pour téléphone (HyperX 7.1 Audio)' : 2 channels at 48 kHz using 16 bits per sample (channel mask 0x3)
[2018.09.11-02.38.55:415][  0]LogInit: FAudioDevice initialized.
[2018.09.11-02.38.55:415][  0]LogNetVersion: Set ProjectVersion to 1.0.0.0. Version Checksum will be recalculated on next use.
[2018.09.11-02.38.55:500][  0]LogDerivedDataCache: Saved boot cache 0.09s 71MB C:/Users/Vincent/AppData/Local/UnrealEngine/4.20/DerivedDataCache/Boot.ddc.
[2018.09.11-02.38.55:514][  0]LogInit: Texture streaming: Enabled
[2018.09.11-02.38.55:536][  0]LogEngineSessionManager: EngineSessionManager initialized
[2018.09.11-02.38.55:552][  0]LogInit: Transaction tracking system initialized
[2018.09.11-02.38.55:576][  0]BlueprintLog: New page: Editor Load
[2018.09.11-02.38.55:672][  0]LocalizationService: Localization service is disabled
[2018.09.11-02.38.55:930][  0]LogCook: Display: Max memory allowance for cook 16384mb min free memory 0mb
[2018.09.11-02.38.55:930][  0]LogCook: Display: Mobile HDR setting 1
[2018.09.11-02.38.55:930][  0]LogGameplayTags: Display: UGameplayTagsManager::DoneAddingNativeTags. DelegateIsBound: 0
[2018.09.11-02.38.55:930][  0]LogStats: UGameplayTagsManager::ConstructGameplayTagTree: ImportINI prefixes -  0.000 s
[2018.09.11-02.38.55:930][  0]LogStats: UGameplayTagsManager::ConstructGameplayTagTree: Construct from data asset -  0.000 s
[2018.09.11-02.38.55:931][  0]LogStats: UGameplayTagsManager::ConstructGameplayTagTree: ImportINI -  0.000 s
[2018.09.11-02.38.55:931][  0]LogStats: UGameplayTagsManager::ConstructGameplayTagTree: GameplayTagTreeChangedEvent.Broadcast -  0.000 s
[2018.09.11-02.38.56:068][  0]LogFileCache: Scanning file cache for directory 'C:/Users/Vincent/Desktop/Cours/Mondes virtuels/projet-unreal-2018-VinSey1/Content/' took 0.01s
[2018.09.11-02.38.56:068][  0]SourceControl: Source control is disabled
[2018.09.11-02.38.56:068][  0]Cmd: MAP LOAD FILE="../../../../../../Users/Vincent/Desktop/Cours/Mondes virtuels/projet-unreal-2018-VinSey1/Content/FirstPersonBP/Maps/FirstPersonExampleMap.umap" TEMPLATE=0 SHOWPROGRESS=1 FEATURELEVEL=3
[2018.09.11-02.38.56:068][  0]LightingResults: New page: Lighting Build
[2018.09.11-02.38.56:071][  0]MapCheck: New page: Map Check
[2018.09.11-02.38.56:071][  0]LightingResults: New page: Lighting Build
[2018.09.11-02.38.56:695][  0]LogAIModule: Creating AISystem for world FirstPersonExampleMap
[2018.09.11-02.38.56:707][  0]LogEditorServer: Finished looking for orphan Actors (0.001 secs)
[2018.09.11-02.38.56:731][  0]Cmd: MAP CHECKDEP NOCLEARLOG
[2018.09.11-02.38.56:821][  0]MapCheck: Map check complete: 0 Error(s), 0 Warning(s), took 90,419ms to complete.
[2018.09.11-02.38.56:821][  0]LogFileHelpers: Loading map 'FirstPersonExampleMap' took 0.753
[2018.09.11-02.38.56:938][  0]LogSlate: Updating window title bar state: overlay mode, drag disabled, window buttons hidden, title bar hidden
[2018.09.11-02.38.56:947][  0]LogSlate: Updating window title bar state: overlay mode, drag disabled, window buttons hidden, title bar hidden
[2018.09.11-02.38.56:955][  0]LogSlate: Updating window title bar state: overlay mode, drag disabled, window buttons hidden, title bar hidden
[2018.09.11-02.38.56:966][  0]LogSlate: Updating window title bar state: overlay mode, drag disabled, window buttons hidden, title bar hidden
[2018.09.11-02.38.56:975][  0]LogCollectionManager: Loaded 0 collections in 0.002987 seconds
[2018.09.11-02.38.57:019][  0]LogFileCache: Scanning file cache for directory 'C:/Users/Vincent/Desktop/Cours/Mondes virtuels/projet-unreal-2018-VinSey1/Saved/Collections/' took 0.01s
[2018.09.11-02.38.57:019][  0]LogFileCache: Scanning file cache for directory 'C:/Users/Vincent/Desktop/Cours/Mondes virtuels/projet-unreal-2018-VinSey1/Content/Developers/Vincent/Collections/' took 0.01s
[2018.09.11-02.38.57:020][  0]LogFileCache: Scanning file cache for directory 'C:/Users/Vincent/Desktop/Cours/Mondes virtuels/projet-unreal-2018-VinSey1/Content/Collections/' took 0.01s
[2018.09.11-02.38.57:020][  0]LogCollectionManager: Rebuilt the GUID cache for 0 collections in 0.000000 seconds
[2018.09.11-02.38.57:030][  0]LogContentBrowser: Native class hierarchy populated in 0.0107 seconds. Added 2572 classes and 603 folders.
[2018.09.11-02.38.57:039][  0]LogContentBrowser: Native class hierarchy updated for 'WidgetCarousel' in 0.0002 seconds. Added 0 classes and 0 folders.
[2018.09.11-02.38.57:086][  0]LogContentBrowser: Native class hierarchy updated for 'AddContentDialog' in 0.0003 seconds. Added 0 classes and 0 folders.
[2018.09.11-02.38.57:091][  0]LogContentBrowser: Native class hierarchy updated for 'SceneOutliner' in 0.0003 seconds. Added 1 classes and 2 folders.
[2018.09.11-02.38.57:108][  0]LogSlate: Took 0.000277 seconds to synchronously load lazily loaded font '../../../Engine/Content/Slate/Fonts/Roboto-Regular.ttf' (155K)
[2018.09.11-02.38.57:111][  0]LogSlate: Took 0.000232 seconds to synchronously load lazily loaded font '../../../Engine/Content/Slate/Fonts/Roboto-Bold.ttf' (160K)
[2018.09.11-02.38.57:119][  0]LogSlate: Took 0.000280 seconds to synchronously load lazily loaded font '../../../Engine/Content/Editor/Slate/Fonts/FontAwesome.ttf' (139K)
[2018.09.11-02.38.57:224][  0]LogRenderer: Reallocating scene render targets to support 964x436 Format 10 NumSamples 1 (Frame:1).
[2018.09.11-02.38.57:327][  0]LogSlate: Took 0.000308 seconds to synchronously load lazily loaded font '../../../Engine/Content/Slate/Fonts/Roboto-Light.ttf' (167K)
[2018.09.11-02.38.57:462][  0]LogContentBrowser: Native class hierarchy updated for 'HierarchicalLODOutliner' in 0.0003 seconds. Added 0 classes and 0 folders.
[2018.09.11-02.38.57:462][  0]LogLoad: (Engine Initialization) Total time: 8.57 seconds
[2018.09.11-02.38.57:462][  0]LogLoad: (Engine Initialization) Total Blueprint compile time: 0.00 seconds
[2018.09.11-02.38.57:482][  0]LogWindowsTextInputMethodSystem: Display: IME system now deactivated.
[2018.09.11-02.38.57:518][  0]LogContentStreaming: Texture pool size now 1000 MB
[2018.09.11-02.38.57:563][  1]LogAssetRegistry: Asset discovery search completed in 4.8958 seconds
[2018.09.11-02.38.57:569][  1]LogCollectionManager: Rebuilt the object cache for 0 collections in 0.000001 seconds (found 0 objects)
[2018.09.11-02.38.57:569][  1]LogCollectionManager: Fixed up redirectors for 0 collections in 0.000078 seconds (updated 0 objects)
[2018.09.11-02.39.00:251][157]LogEditorViewport: Clicking on Actor (LMB): StaticMeshActor (Cube)
[2018.09.11-02.39.08:713][656]LogEditorViewport: Clicking on Actor (LMB): BP_Sky_Sphere_C (SkySphereBlueprint)
[2018.09.11-02.39.16:657][129]LogEditorViewport: Clicking on Actor (LMB): StaticMeshActor (Cube)
[2018.09.11-02.39.18:875][258]LogSlate: FSceneViewport::OnFocusLost() reason 0
[2018.09.11-02.39.50:855][174]LogEditorViewport: Clicking on Actor (LMB): BP_Sky_Sphere_C (SkySphereBlueprint)
[2018.09.11-02.40.20:742][542]LogSlate: FSceneViewport::OnFocusLost() reason 0
[2018.09.11-02.40.29:130][542]LogSlate: Took 0.000252 seconds to synchronously load lazily loaded font '../../../Engine/Content/Slate/Fonts/Roboto-Light.ttf' (167K)
[2018.09.11-02.40.29:175][542]LogFactory: FactoryCreateFile: Texture with ReimportTextureFactory (0 0 ../../../../../../Users/Vincent/Downloads/sculptedfloorboards3_Unreal-Engine/sculptedfloorboards3_Unreal-Engine/sculptedfloorboards3_basecolor.png)
[2018.09.11-02.40.29:350][542]LogTexture: Display: Building textures: sculptedfloorboards3_basecolor (AutoDXT, 2048X2048)
[2018.09.11-02.40.34:697][749]LogMaterial: Display: Missing cached shader map for material sculptedfloorboards3_basecolor_Mat, compiling. 
[2018.09.11-02.40.34:749][750]LogShaderCompilers: Display: Shaders left to compile 22
[2018.09.11-02.40.34:749][750]LogShaderCompilers: Display: Shaders left to compile 12
[2018.09.11-02.40.34:749][750]LogShaderCompilers: Display: Shaders left to compile 2
[2018.09.11-02.40.36:652][864]LogEditorViewport: Clicking Background
[2018.09.11-02.40.36:856][876]LogShaderCompilers: Warning: Failed to compile Material /Game/sculptedfloorboards3_basecolor_Mat.sculptedfloorboards3_basecolor_Mat for platform PCD3D_SM5, Default Material will be used in game.
[2018.09.11-02.40.37:638][923]LogEditorViewport: Clicking on Actor (LMB): StaticMeshActor (EmptyRoom_FBX__Cube)
[2018.09.11-02.40.39:824][ 52]LogSlate: FSceneViewport::OnFocusLost() reason 0
[2018.09.11-02.40.47:354][503]LogSlate: FSceneViewport::OnFocusLost() reason 0
[2018.09.11-02.41.00:740][306]LogSlate: FSceneViewport::OnFocusLost() reason 0
[2018.09.11-02.41.11:184][932]LogSlate: FSceneViewport::OnFocusLost() reason 0
[2018.09.11-02.41.16:892][274]LogEditorViewport: Clicking on Actor (LMB): BP_Sky_Sphere_C (SkySphereBlueprint)
[2018.09.11-02.42.00:870][972]LogEditorViewport: Clicking on Actor (LMB): StaticMeshActor (EmptyRoom_FBX__Cube)
[2018.09.11-02.42.02:772][ 84]Cmd: TRANSACTION UNDO
[2018.09.11-02.42.02:772][ 84]LogEditorTransaction: Undo Clicking on Actors
[2018.09.11-02.42.03:795][144]LogEditorViewport: Clicking on Actor (LMB): StaticMeshActor (EmptyRoom_FBX__Cube)
[2018.09.11-02.42.04:888][206]LogSlate: FSceneViewport::OnFocusLost() reason 0
[2018.09.11-02.42.07:010][332]Cmd: DELETE
[2018.09.11-02.42.07:010][332]Cmd: ACTOR DELETE
[2018.09.11-02.42.07:017][332]LogEditorActor: Deleted Actor: StaticMeshActor
[2018.09.11-02.42.07:041][332]LogEditorActor: Deleted 1 Actors (0.029 secs)
[2018.09.11-02.42.08:650][429]Cmd: TRANSACTION UNDO
[2018.09.11-02.42.08:650][429]LogEditorTransaction: Undo Delete Actors
[2018.09.11-02.42.18:780][ 23]LogSlate: FSceneViewport::OnFocusLost() reason 2
[2018.09.11-02.42.21:678][195]LogEditorViewport: Clicking on Actor (LMB): BP_Sky_Sphere_C (SkySphereBlueprint)
[2018.09.11-02.42.22:466][241]LogSlate: FSceneViewport::OnFocusLost() reason 0
[2018.09.11-02.42.25:036][395]LogEditorViewport: Clicking on Actor (LMB): StaticMeshActor (EmptyRoom_FBX__Cube)
[2018.09.11-02.42.25:958][448]LogSlate: FSceneViewport::OnFocusLost() reason 0
[2018.09.11-02.42.29:483][659]LogTemp: Repeating last play command: Selected Viewport
[2018.09.11-02.42.29:500][659]LogBlueprintUserMessages: Early PlayInEditor Detection: Level '/Game/FirstPersonBP/Maps/FirstPersonExampleMap.FirstPersonExampleMap:PersistentLevel' has LevelScriptBlueprint '/Game/FirstPersonBP/Maps/FirstPersonExampleMap.FirstPersonExampleMap:PersistentLevel.FirstPersonExampleMap' with GeneratedClass '/Game/FirstPersonBP/Maps/FirstPersonExampleMap.FirstPersonExampleMap_C' with ClassGeneratedBy '/Game/FirstPersonBP/Maps/FirstPersonExampleMap.FirstPersonExampleMap:PersistentLevel.FirstPersonExampleMap'
[2018.09.11-02.42.29:502][659]LogPlayLevel: PlayLevel: No blueprints needed recompiling
[2018.09.11-02.42.29:522][659]PIE: New page: PIE session: FirstPersonExampleMap (10 sept. 2018 18:42:29)
[2018.09.11-02.42.29:522][659]LogPlayLevel: Creating play world package: /Game/FirstPersonBP/Maps/UEDPIE_0_FirstPersonExampleMap
[2018.09.11-02.42.29:546][659]LogPlayLevel: PIE: StaticDuplicateObject took: (0.023282s)
[2018.09.11-02.42.29:547][659]LogAIModule: Creating AISystem for world FirstPersonExampleMap
[2018.09.11-02.42.29:547][659]LogPlayLevel: PIE: World Init took: (0.001365s)
[2018.09.11-02.42.29:548][659]LogPlayLevel: PIE: Created PIE world by copying editor world from /Game/FirstPersonBP/Maps/FirstPersonExampleMap.FirstPersonExampleMap to /Game/FirstPersonBP/Maps/UEDPIE_0_FirstPersonExampleMap.FirstPersonExampleMap (0.025305s)
[2018.09.11-02.42.29:581][659]LogInit: XAudio2 using 'Casque pour téléphone (HyperX 7.1 Audio)' : 2 channels at 48 kHz using 16 bits per sample (channel mask 0x3)
[2018.09.11-02.42.29:591][659]LogInit: FAudioDevice initialized.
[2018.09.11-02.42.29:634][659]LogLoad: Game class is 'FirstPersonGameMode_C'
[2018.09.11-02.42.29:640][659]LogWorld: Bringing World /Game/FirstPersonBP/Maps/UEDPIE_0_FirstPersonExampleMap.FirstPersonExampleMap up for play (max tick rate 60) at 2018.09.10-22.42.29
[2018.09.11-02.42.29:643][659]LogWorld: Bringing up level for play took: 0.003910
[2018.09.11-02.42.29:665][659]LogContentBrowser: Native class hierarchy updated for 'MovieSceneCapture' in 0.0003 seconds. Added 10 classes and 0 folders.
[2018.09.11-02.42.29:668][659]PIE: Play in editor start time for /Game/FirstPersonBP/Maps/UEDPIE_0_FirstPersonExampleMap 1,116
[2018.09.11-02.42.29:668][659]LogBlueprintUserMessages: Late PlayInEditor Detection: Level '/Game/FirstPersonBP/Maps/FirstPersonExampleMap.FirstPersonExampleMap:PersistentLevel' has LevelScriptBlueprint '/Game/FirstPersonBP/Maps/FirstPersonExampleMap.FirstPersonExampleMap:PersistentLevel.FirstPersonExampleMap' with GeneratedClass '/Game/FirstPersonBP/Maps/FirstPersonExampleMap.FirstPersonExampleMap_C' with ClassGeneratedBy '/Game/FirstPersonBP/Maps/FirstPersonExampleMap.FirstPersonExampleMap:PersistentLevel.FirstPersonExampleMap'
[2018.09.11-02.42.34:762][962]LogBlueprintUserMessages: Early EndPlayMap Detection: Level '/Game/FirstPersonBP/Maps/FirstPersonExampleMap.FirstPersonExampleMap:PersistentLevel' has LevelScriptBlueprint '/Game/FirstPersonBP/Maps/FirstPersonExampleMap.FirstPersonExampleMap:PersistentLevel.FirstPersonExampleMap' with GeneratedClass '/Game/FirstPersonBP/Maps/FirstPersonExampleMap.FirstPersonExampleMap_C' with ClassGeneratedBy '/Game/FirstPersonBP/Maps/FirstPersonExampleMap.FirstPersonExampleMap:PersistentLevel.FirstPersonExampleMap'
[2018.09.11-02.42.34:763][962]LogSlate: Updating window title bar state: overlay mode, drag disabled, window buttons hidden, title bar hidden
[2018.09.11-02.42.34:798][962]LogPlayLevel: Display: Shutting down PIE online subsystems
[2018.09.11-02.42.34:798][962]LogBlueprintUserMessages: Late EndPlayMap Detection: Level '/Game/FirstPersonBP/Maps/FirstPersonExampleMap.FirstPersonExampleMap:PersistentLevel' has LevelScriptBlueprint '/Game/FirstPersonBP/Maps/FirstPersonExampleMap.FirstPersonExampleMap:PersistentLevel.FirstPersonExampleMap' with GeneratedClass '/Game/FirstPersonBP/Maps/FirstPersonExampleMap.FirstPersonExampleMap_C' with ClassGeneratedBy '/Game/FirstPersonBP/Maps/FirstPersonExampleMap.FirstPersonExampleMap:PersistentLevel.FirstPersonExampleMap'
[2018.09.11-02.42.34:821][962]LogSlate: Updating window title bar state: overlay mode, drag disabled, window buttons hidden, title bar hidden
[2018.09.11-02.42.34:871][965]LogPlayLevel: Display: Destroying online subsystem :Context_6
[2018.09.11-02.42.40:125][280]LogSlate: FSceneViewport::OnFocusLost() reason 0
[2018.09.11-02.42.40:183][283]LogActorFactory: Actor Factory created Cube
[2018.09.11-02.42.40:559][305]LogActorFactory: Actor Factory created Cube
[2018.09.11-02.42.43:396][472]LogSlate: FSceneViewport::OnFocusLost() reason 0
[2018.09.11-02.42.44:683][549]LogEditorViewport: Clicking on Actor (LMB): BP_Sky_Sphere_C (SkySphereBlueprint)
[2018.09.11-02.42.51:910][980]LogEditorViewport: Clicking on Actor (LMB): StaticMeshActor (Cube2)
[2018.09.11-02.42.54:204][115]LogSlate: FSceneViewport::OnFocusLost() reason 0
[2018.09.11-02.43.10:581][ 80]LogSlate: FSceneViewport::OnFocusLost() reason 0
[2018.09.11-02.43.15:619][382]Cmd: TRANSACTION UNDO
[2018.09.11-02.43.15:619][382]LogEditorTransaction: Undo Scale Actors
[2018.09.11-02.43.16:947][461]LogEditorViewport: Clicking on Actor (LMB): BP_Sky_Sphere_C (SkySphereBlueprint)
[2018.09.11-02.43.19:046][585]LogSlate: FSceneViewport::OnFocusLost() reason 0
[2018.09.11-02.43.19:513][613]LogEditorViewport: Clicking on Actor (LMB): StaticMeshActor (Cube2)
[2018.09.11-02.43.24:843][930]LogEditorViewport: Clicking on Actor (LMB): StaticMeshActor (EmptyRoom_FBX__Cube)
[2018.09.11-02.43.26:471][ 26]Cmd: DELETE
[2018.09.11-02.43.26:471][ 26]Cmd: ACTOR DELETE
[2018.09.11-02.43.26:478][ 26]LogEditorActor: Deleted Actor: StaticMeshActor
[2018.09.11-02.43.26:502][ 26]LogEditorActor: Deleted 1 Actors (0.032 secs)
[2018.09.11-02.43.26:818][ 45]LogEditorViewport: Clicking on Actor (LMB): StaticMeshActor (Cube2)
[2018.09.11-02.44.01:259][103]LogEditorViewport: Clicking on Actor (LMB): BP_Sky_Sphere_C (SkySphereBlueprint)
[2018.09.11-02.44.07:392][469]LogEditorViewport: Clicking on Actor (LMB): StaticMeshActor (Cube2)
[2018.09.11-02.44.12:670][783]LogSlate: FSceneViewport::OnFocusLost() reason 0
[2018.09.11-02.44.21:866][331]LogSlate: FSceneViewport::OnFocusLost() reason 2
[2018.09.11-02.44.22:048][331]LogSavePackage: Moving '../../../../../../Users/Vincent/Desktop/Cours/Mondes virtuels/projet-unreal-2018-VinSey1/Saved/FirstPersonExampleMap1E71B2074F58D84216196FB8A4569EF1.tmp' to '../../../../../../Users/Vincent/Desktop/Cours/Mondes virtuels/projet-unreal-2018-VinSey1/Content/FirstPersonBP/Maps/FirstPersonExampleMap.umap'
[2018.09.11-02.44.23:322][331]LogSavePackage: Moving '../../../../../../Users/Vincent/Desktop/Cours/Mondes virtuels/projet-unreal-2018-VinSey1/Saved/FirstPersonExampleMap_BuiltData6AB7B61442CCAFE38728648D23B04E24.tmp' to '../../../../../../Users/Vincent/Desktop/Cours/Mondes virtuels/projet-unreal-2018-VinSey1/Content/FirstPersonBP/Maps/FirstPersonExampleMap_BuiltData.uasset'
[2018.09.11-02.44.31:822][575]LogSlate: Window 'Delete Assets' being destroyed
[2018.09.11-02.44.32:460][575]LogMemory: Warning: Freeing 33554432 bytes from backup pool to handle out of memory.
[2018.09.11-02.44.32:460][575]LogMemory: Warning: MemoryStats:
	AvailablePhysical 987488256
	 AvailableVirtual 140729742884864
	     UsedPhysical 1297920000
	 PeakUsedPhysical 1324429312
	      UsedVirtual 2206703616
	  PeakUsedVirtual 2229141504
[2018.09.11-02.44.32:460][575]Allocator Stats for TBB: (not implemented)
[2018.09.11-02.44.32:460][575]LogWindows: Windows GetLastError: L’opération a réussi. (0)
[2018.09.11-02.44.34:777][575]LogThreadingWindows: Error: Runnable thread PoolThread 15 crashed.
[2018.09.11-02.44.34:777][575]LogWindows: Error: === Critical error: ===
[2018.09.11-02.44.34:777][575]LogWindows: Error: 
[2018.09.11-02.44.34:777][575]LogWindows: Error: Fatal error: [File:D:\Build\++UE4\Sync\Engine\Source\Runtime\Core\Private\GenericPlatform\GenericPlatformMemory.cpp] [Line: 193] 
[2018.09.11-02.44.34:777][575]LogWindows: Error: Ran out of memory allocating 15224028 bytes with alignment 0
[2018.09.11-02.44.34:777][575]LogWindows: Error: 
[2018.09.11-02.44.34:777][575]LogWindows: Error: 
[2018.09.11-02.44.34:777][575]LogWindows: Error: [Callstack] 0x00007ffa1485a388 KERNELBASE.dll!UnknownFunction []
[2018.09.11-02.44.34:777][575]LogWindows: Error: [Callstack] 0x00007ff9f9736850 UE4Editor-ApplicationCore.dll!UnknownFunction []
[2018.09.11-02.44.34:777][575]LogWindows: Error: [Callstack] 0x00007ff9cdff62ec UE4Editor-Core.dll!UnknownFunction []
[2018.09.11-02.44.34:777][575]LogWindows: Error: [Callstack] 0x00007ff9cdf851cb UE4Editor-Core.dll!UnknownFunction []
[2018.09.11-02.44.34:777][575]LogWindows: Error: [Callstack] 0x00007ff9cde5f564 UE4Editor-Core.dll!UnknownFunction []
[2018.09.11-02.44.34:777][575]LogWindows: Error: [Callstack] 0x00007ff9cded23f9 UE4Editor-Core.dll!UnknownFunction []
[2018.09.11-02.44.34:777][575]LogWindows: Error: [Callstack] 0x00007ff9cded25f6 UE4Editor-Core.dll!UnknownFunction []
[2018.09.11-02.44.34:777][575]LogWindows: Error: [Callstack] 0x00007ff9cde60136 UE4Editor-Core.dll!UnknownFunction []
[2018.09.11-02.44.34:777][575]LogWindows: Error: [Callstack] 0x00007ff9cde4496d UE4Editor-Core.dll!UnknownFunction []
[2018.09.11-02.44.34:777][575]LogWindows: Error: [Callstack] 0x00007ff9cde43a0e UE4Editor-Core.dll!UnknownFunction []
[2018.09.11-02.44.34:777][575]LogWindows: Error: [Callstack] 0x00007ff9cdee38a5 UE4Editor-Core.dll!UnknownFunction []
[2018.09.11-02.44.34:777][575]LogWindows: Error: [Callstack] 0x00007ff9ce256b6c UE4Editor-Core.dll!UnknownFunction []
[2018.09.11-02.44.34:777][575]LogWindows: Error: [Callstack] 0x00007ff9ce2517b7 UE4Editor-Core.dll!UnknownFunction []
[2018.09.11-02.44.34:777][575]LogWindows: Error: [Callstack] 0x00007ffa179d3034 KERNEL32.DLL!UnknownFunction []
[2018.09.11-02.44.34:777][575]LogWindows: Error: [Callstack] 0x00007ffa17c11431 ntdll.dll!UnknownFunction []
[2018.09.11-02.44.34:777][575]LogWindows: Error: 
[2018.09.11-02.44.34:778][575]LogWindows: Error: Crash in runnable thread PoolThread 15
[2018.09.11-02.44.34:790][575]LogExit: Executing StaticShutdownAfterError
[2018.09.11-02.44.34:790][575]LogWindows: FPlatformMisc::RequestExit(1)
[2018.09.11-02.44.34:792][575]Log file closed, 09/10/18 22:44:34
