Log file open, 09/10/18 22:37:01
LogWindows: Failed to load 'aqProf.dll' (GetLastError=126)
LogWindows: File 'aqProf.dll' does not exist
LogWindows: Failed to load 'VSPerf140.dll' (GetLastError=126)
LogWindows: File 'VSPerf140.dll' does not exist
LogWindows: Failed to load 'VtuneApi.dll' (GetLastError=126)
LogWindows: File 'VtuneApi.dll' does not exist
LogWindows: Failed to load 'VtuneApi32e.dll' (GetLastError=126)
LogWindows: File 'VtuneApi32e.dll' does not exist
LogInit: Display: Running engine for game: MyProject
LogPlatformFile: Not using cached read wrapper
LogTaskGraph: Started task graph with 5 named threads and 23 total threads with 3 sets of task threads.
LogStats: Stats thread started at 0.279827
LogD3D11RHI: Loaded GFSDK_Aftermath_Lib.x64.dll
LogICUInternationalization: Display: ICU TimeZone Detection - Raw Offset: -5:00, Platform Override: ''
LogPluginManager: Mounting plugin Paper2D
LogPluginManager: Mounting plugin AISupport
LogPluginManager: Mounting plugin LightPropagationVolume
LogPluginManager: Mounting plugin CLionSourceCodeAccess
LogPluginManager: Mounting plugin CodeLiteSourceCodeAccess
LogPluginManager: Mounting plugin GitSourceControl
LogPluginManager: Mounting plugin KDevelopSourceCodeAccess
LogPluginManager: Mounting plugin NullSourceCodeAccess
LogPluginManager: Mounting plugin PerforceSourceControl
LogPluginManager: Mounting plugin SubversionSourceControl
LogPluginManager: Mounting plugin UObjectPlugin
LogPluginManager: Mounting plugin VisualStudioCodeSourceCodeAccess
LogPluginManager: Mounting plugin VisualStudioSourceCodeAccess
LogPluginManager: Mounting plugin XCodeSourceCodeAccess
LogPluginManager: Mounting plugin AssetManagerEditor
LogPluginManager: Mounting plugin CryptoKeys
LogPluginManager: Mounting plugin DataValidation
LogPluginManager: Mounting plugin FacialAnimation
LogPluginManager: Mounting plugin GameplayTagsEditor
LogPluginManager: Mounting plugin MacGraphicsSwitching
LogPluginManager: Mounting plugin MeshEditor
LogPluginManager: Mounting plugin MobileLauncherProfileWizard
LogPluginManager: Mounting plugin PluginBrowser
LogPluginManager: Mounting plugin SpeedTreeImporter
LogPluginManager: Mounting plugin DatasmithContent
LogPluginManager: Mounting plugin AlembicImporter
LogPluginManager: Mounting plugin AppleImageUtils
LogPluginManager: Mounting plugin AppleVision
LogPluginManager: Mounting plugin BackChannel
LogPluginManager: Mounting plugin CharacterAI
LogPluginManager: Mounting plugin GeometryCache
LogPluginManager: Mounting plugin HTML5Networking
LogPluginManager: Mounting plugin ProxyLODPlugin
LogPluginManager: Mounting plugin MagicLeap
LogPluginManager: Mounting plugin MagicLeapEmulator
LogPluginManager: Mounting plugin MagicLeapMedia
LogPluginManager: Mounting plugin AndroidMedia
LogPluginManager: Mounting plugin AvfMedia
LogPluginManager: Mounting plugin ImgMedia
LogPluginManager: Mounting plugin LinearTimecode
LogPluginManager: Mounting plugin MediaCompositing
LogPluginManager: Mounting plugin MediaPlayerEditor
LogPluginManager: Mounting plugin WmfMedia
LogPluginManager: Mounting plugin TcpMessaging
LogPluginManager: Mounting plugin UdpMessaging
LogPluginManager: Mounting plugin ActorSequence
LogPluginManager: Mounting plugin LevelSequenceEditor
LogPluginManager: Mounting plugin MatineeToLevelSequence
LogPluginManager: Mounting plugin NetcodeUnitTest
LogPluginManager: Mounting plugin NUTUnrealEngine4
LogPluginManager: Mounting plugin OnlineSubsystemGooglePlay
LogPluginManager: Mounting plugin OnlineSubsystemIOS
LogPluginManager: Mounting plugin OnlineSubsystem
LogPluginManager: Mounting plugin OnlineSubsystemNull
LogPluginManager: Mounting plugin OnlineSubsystemUtils
LogPluginManager: Mounting plugin LauncherChunkInstaller
LogPluginManager: Mounting plugin AndroidDeviceProfileSelector
LogPluginManager: Mounting plugin AndroidMoviePlayer
LogPluginManager: Mounting plugin AndroidPermission
LogPluginManager: Mounting plugin AppleMoviePlayer
LogPluginManager: Mounting plugin ArchVisCharacter
LogPluginManager: Mounting plugin AudioCapture
LogPluginManager: Mounting plugin CableComponent
LogPluginManager: Mounting plugin CustomMeshComponent
LogPluginManager: Mounting plugin EditableMesh
LogPluginManager: Mounting plugin ExampleDeviceProfileSelector
LogPluginManager: Mounting plugin GoogleCloudMessaging
LogPluginManager: Mounting plugin ImmediatePhysics
LogPluginManager: Mounting plugin IOSDeviceProfileSelector
LogPluginManager: Mounting plugin LinuxDeviceProfileSelector
LogPluginManager: Mounting plugin LocationServicesBPLibrary
LogPluginManager: Mounting plugin MobilePatchingUtils
LogPluginManager: Mounting plugin OculusVR
LogPluginManager: Plugin shader directory ../../../Engine/Plugins/Runtime/Oculus/OculusVR/Shaders found
LogPluginManager: Mapping shader source directory ../../../Engine/Plugins/Runtime/Oculus/OculusVR/Shaders to virtual directory /Plugin/OculusVR
LogPluginManager: Mounting plugin PhysXVehicles
LogPluginManager: Mounting plugin ProceduralMeshComponent
LogPluginManager: Mounting plugin RuntimePhysXCooking
LogPluginManager: Mounting plugin SteamVR
LogPluginManager: Mounting plugin WindowsMoviePlayer
LogStreaming: Display: Took  0.184s to configure plugins.
LogInit: Using libcurl 7.55.1-DEV
LogInit:  - built for x86_64-pc-win32
LogInit:  - supports SSL with OpenSSL/1.0.2h
LogInit:  - supports HTTP deflate (compression) using libz 1.2.8
LogInit:  - other features:
LogInit:      CURL_VERSION_SSL
LogInit:      CURL_VERSION_LIBZ
LogInit:      CURL_VERSION_IPV6
LogInit:      CURL_VERSION_ASYNCHDNS
LogInit:      CURL_VERSION_LARGEFILE
LogInit:      CURL_VERSION_IDN
LogInit:  CurlRequestOptions (configurable via config and command line):
LogInit:  - bVerifyPeer = false  - Libcurl will NOT verify peer certificate
LogInit:  - bUseHttpProxy = false  - Libcurl will NOT use HTTP proxy
LogInit:  - bDontReuseConnections = false  - Libcurl will reuse connections
LogInit:  - CertBundlePath = nullptr  - Libcurl will use whatever was configured at build time.
LogInit:  - MaxHostConnections = 16  - Libcurl will limit the number of connections to a host
LogInit:  - LocalHostAddr = Default
LogInit:  - BufferSize = 65536
LogInit: WinSock: version 1.1 (2.2), MaxSocks=32767, MaxUdp=65467
LogInit: Build: ++UE4+Release-4.20-CL-4302132
LogInit: Engine Version: 4.20.2-4302132+++UE4+Release-4.20
LogInit: Compatible Engine Version: 4.20.0-4212847+++UE4+Release-4.20
LogInit: Net CL: 4212847
LogInit: OS: Windows 10 (), CPU: Intel(R) Core(TM) i5-8300H CPU @ 2.30GHz, GPU: Intel(R) UHD Graphics 630
LogInit: Compiled (64-bit): Aug 21 2018 02:06:06
LogInit: Compiled with Visual C++: 19.13.26129.00
LogInit: Build Configuration: Development
LogInit: Branch Name: ++UE4+Release-4.20
LogInit: Command Line: 
LogInit: Base Directory: C:/Program Files/Epic Games/UE_4.20/Engine/Binaries/Win64/
LogInit: Installed Engine Build: 1
LogDevObjectVersion: Number of dev versions registered: 20
LogDevObjectVersion:   Dev-Blueprints (B0D832E4-1F89-4F0D-ACCF-7EB736FD4AA2): 10
LogDevObjectVersion:   Dev-Build (E1C64328-A22C-4D53-A36C-8E866417BD8C): 0
LogDevObjectVersion:   Dev-Core (375EC13C-06E4-48FB-B500-84F0262A717E): 2
LogDevObjectVersion:   Dev-Editor (E4B068ED-F494-42E9-A231-DA0B2E46BB41): 24
LogDevObjectVersion:   Dev-Framework (CFFC743F-43B0-4480-9391-14DF171D2073): 34
LogDevObjectVersion:   Dev-Mobile (B02B49B5-BB20-44E9-A304-32B752E40360): 2
LogDevObjectVersion:   Dev-Networking (A4E4105C-59A1-49B5-A7C5-40C4547EDFEE): 0
LogDevObjectVersion:   Dev-Online (39C831C9-5AE6-47DC-9A44-9C173E1C8E7C): 0
LogDevObjectVersion:   Dev-Physics (78F01B33-EBEA-4F98-B9B4-84EACCB95AA2): 0
LogDevObjectVersion:   Dev-Platform (6631380F-2D4D-43E0-8009-CF276956A95A): 0
LogDevObjectVersion:   Dev-Rendering (12F88B9F-8875-4AFC-A67C-D90C383ABD29): 26
LogDevObjectVersion:   Dev-Sequencer (7B5AE74C-D270-4C10-A958-57980B212A5A): 9
LogDevObjectVersion:   Dev-VR (D7296918-1DD6-4BDD-9DE2-64A83CC13884): 2
LogDevObjectVersion:   Dev-LoadTimes (C2A15278-BFE7-4AFE-6C17-90FF531DF755): 1
LogDevObjectVersion:   Private-Geometry (6EACA3D4-40EC-4CC1-B786-8BED09428FC5): 3
LogDevObjectVersion:   Dev-AnimPhys (29E575DD-E0A3-4627-9D10-D276232CDCEA): 17
LogDevObjectVersion:   Dev-ReflectionCapture (6B266CEC-1EC7-4B8F-A30B-E4D90942FC07): 1
LogDevObjectVersion:   Dev-Automation (0DF73D61-A23F-47EA-B727-89E90C41499A): 1
LogDevObjectVersion:   FortniteMain (601D1886-AC64-4F84-AA16-D3DE0DEAC7D6): 12
LogDevObjectVersion:   Dev-Enterprise (9DFFBCD6-494F-0158-E221-12823C92A888): 1
LogStreaming: Display: Took  0.002s to delete old logs.
LogInit: Presizing for max 8388607 objects, including 0 objects not considered by GC, pre-allocating 0 bytes for permanent pool.
LogInit: Object subsystem initialized
[2018.09.11-02.37.01:546][  0]LogInit: Selected Device Profile: [Windows]
[2018.09.11-02.37.01:546][  0]LogInit: Applying CVar settings loaded from the selected device profile: [Windows]
[2018.09.11-02.37.01:573][  0]LogHAL: Display: Platform has ~ 8 GB [8461172736 / 8589934592 / 8], which maps to Default [LargestMinGB=32, LargerMinGB=12, DefaultMinGB=8, SmallerMinGB=6, SmallestMinGB=0)
[2018.09.11-02.37.01:573][  0]LogInit: Setting Device Profile CVar: [[r.Vulkan.UseRealUBs:1]]
[2018.09.11-02.37.01:574][  0]LogInit: Going up to parent DeviceProfile []
[2018.09.11-02.37.01:574][  0]LogInit: Computer: MSI-VINCENT
[2018.09.11-02.37.01:574][  0]LogInit: User: Vincent
[2018.09.11-02.37.01:574][  0]LogInit: CPU Page size=4096, Cores=4
[2018.09.11-02.37.01:575][  0]LogInit: High frequency timer resolution =2.250000 MHz
[2018.09.11-02.37.01:575][  0]LogMemory: Memory total: Physical=7.9GB (8GB approx)
[2018.09.11-02.37.01:575][  0]LogMemory: Platform Memory Stats for Windows
[2018.09.11-02.37.01:576][  0]LogMemory: Process Physical Memory: 99.84 MB used, 99.84 MB peak
[2018.09.11-02.37.01:576][  0]LogMemory: Process Virtual Memory: 90.98 MB used, 90.98 MB peak
[2018.09.11-02.37.01:576][  0]LogMemory: Physical Memory: 6321.77 MB used,  1747.44 MB free, 8069.20 MB total
[2018.09.11-02.37.01:576][  0]LogMemory: Virtual Memory: 4640.12 MB used,  1747.44 MB free, 134217728.00 MB total
[2018.09.11-02.37.01:616][  0]LogInit: Using OS detected language (fr-FR).
[2018.09.11-02.37.01:616][  0]LogInit: Using OS detected locale (fr-FR).
[2018.09.11-02.37.01:617][  0]LogTextLocalizationManager: No specific localization for 'fr-FR' exists, so the 'fr' localization will be used.
[2018.09.11-02.37.01:619][  0]LogStreaming: Display: Took  0.003s to InitEngineTextLocalization.
[2018.09.11-02.37.01:697][  0]LogSlate: New Slate User Created.  User Index 0, Is Virtual User: 0
[2018.09.11-02.37.01:697][  0]LogSlate: Slate User Registered.  User Index 0, Is Virtual User: 0
[2018.09.11-02.37.02:065][  0]LogHMD: Failed to initialize OpenVR with code 110
[2018.09.11-02.37.02:065][  0]LogD3D11RHI: D3D11 adapters:
[2018.09.11-02.37.02:190][  0]LogD3D11RHI:    0. 'NVIDIA GeForce GTX 1060' (Feature Level 11_0)
[2018.09.11-02.37.02:190][  0]LogD3D11RHI:       6052/0/4034 MB DedicatedVideo/DedicatedSystem/SharedSystem, Outputs:2, VendorId:0x10de
[2018.09.11-02.37.02:222][  0]LogD3D11RHI:    1. 'Intel(R) UHD Graphics 630' (Feature Level 11_0)
[2018.09.11-02.37.02:222][  0]LogD3D11RHI:       128/0/4034 MB DedicatedVideo/DedicatedSystem/SharedSystem, Outputs:0, VendorId:0x8086
[2018.09.11-02.37.02:226][  0]LogD3D11RHI:    2. 'Microsoft Basic Render Driver' (Feature Level 11_0)
[2018.09.11-02.37.02:226][  0]LogD3D11RHI:       0/0/4034 MB DedicatedVideo/DedicatedSystem/SharedSystem, Outputs:0, VendorId:0x1414
[2018.09.11-02.37.02:226][  0]LogD3D11RHI: Chosen D3D11 Adapter: 0
[2018.09.11-02.37.02:285][  0]LogD3D11RHI: Creating new Direct3DDevice
[2018.09.11-02.37.02:285][  0]LogD3D11RHI:     GPU DeviceId: 0x1c20 (for the marketing name, search the web for "GPU Device Id")
[2018.09.11-02.37.02:285][  0]LogWindows: EnumDisplayDevices:
[2018.09.11-02.37.02:285][  0]LogWindows:    0. 'Intel(R) UHD Graphics 630' (P:1 D:1)
[2018.09.11-02.37.02:286][  0]LogWindows:    1. 'Intel(R) UHD Graphics 630' (P:0 D:0)
[2018.09.11-02.37.02:286][  0]LogWindows:    2. 'Intel(R) UHD Graphics 630' (P:0 D:0)
[2018.09.11-02.37.02:287][  0]LogWindows:    3. 'NVIDIA GeForce GTX 1060' (P:0 D:1)
[2018.09.11-02.37.02:287][  0]LogWindows:    4. 'NVIDIA GeForce GTX 1060' (P:0 D:0)
[2018.09.11-02.37.02:288][  0]LogWindows:    5. 'NVIDIA GeForce GTX 1060' (P:0 D:0)
[2018.09.11-02.37.02:289][  0]LogWindows:    6. 'NVIDIA GeForce GTX 1060' (P:0 D:0)
[2018.09.11-02.37.02:290][  0]LogWindows: DebugString: PrimaryIsNotTheChoosenAdapter PrimaryIsNotTheChoosenAdapter PrimaryIsNotTheChoosenAdapter FoundDriverCount:4 
[2018.09.11-02.37.02:290][  0]LogD3D11RHI:     Adapter Name: NVIDIA GeForce GTX 1060
[2018.09.11-02.37.02:290][  0]LogD3D11RHI:   Driver Version: 399.07 (internal:24.21.13.9907, unified:399.07)
[2018.09.11-02.37.02:290][  0]LogD3D11RHI:      Driver Date: 8-21-2018
[2018.09.11-02.37.02:290][  0]LogRHI: Texture pool is 4236 MB (70% of 6052 MB)
[2018.09.11-02.37.02:387][  0]LogD3D11RHI: Async texture creation enabled
[2018.09.11-02.37.02:410][  0]LogD3D11RHI: GPU Timing Frequency: 1000.000000 (Debug: 2 2)
[2018.09.11-02.37.02:466][  0]LogShaderCompilers: Guid format shader working directory is -41 characters bigger than the processId version (../../../../../../Users/Vincent/Desktop/Cours/Mondes virtuels/projet-unreal-2018-VinSey1/Intermediate/Shaders/WorkingDirectory/19860/).
[2018.09.11-02.37.02:467][  0]LogShaderCompilers: Cleaned the shader compiler working directory 'C:/Users/Vincent/AppData/Local/Temp/UnrealShaderWorkingDir/A8477D33481235BC50754BA93E942D1B/'.
[2018.09.11-02.37.02:920][  0]LogTemp: Display: Loaded TP AllDesktopTargetPlatform
[2018.09.11-02.37.02:949][  0]LogTemp: Display: Loaded TP MacClientTargetPlatform
[2018.09.11-02.37.02:972][  0]LogTemp: Display: Loaded TP MacNoEditorTargetPlatform
[2018.09.11-02.37.02:998][  0]LogTemp: Display: Loaded TP MacServerTargetPlatform
[2018.09.11-02.37.03:022][  0]LogTemp: Display: Loaded TP MacTargetPlatform
[2018.09.11-02.37.03:049][  0]LogTemp: Display: Loaded TP WindowsClientTargetPlatform
[2018.09.11-02.37.03:072][  0]LogTemp: Display: Loaded TP WindowsNoEditorTargetPlatform
[2018.09.11-02.37.03:099][  0]LogTemp: Display: Loaded TP WindowsServerTargetPlatform
[2018.09.11-02.37.03:114][  0]LogTemp: Display: Loaded TP WindowsTargetPlatform
[2018.09.11-02.37.03:266][  0]LogTemp: Display: Loaded TP AndroidTargetPlatform
[2018.09.11-02.37.03:266][  0]LogTemp: Display: Loaded TP AndroidTargetPlatform
[2018.09.11-02.37.03:266][  0]LogTemp: Display: Loaded TP AndroidTargetPlatform
[2018.09.11-02.37.03:266][  0]LogTemp: Display: Loaded TP AndroidTargetPlatform
[2018.09.11-02.37.03:266][  0]LogTemp: Display: Loaded TP AndroidTargetPlatform
[2018.09.11-02.37.03:266][  0]LogTemp: Display: Loaded TP AndroidTargetPlatform
[2018.09.11-02.37.03:266][  0]LogTemp: Display: Loaded TP AndroidTargetPlatform
[2018.09.11-02.37.03:266][  0]LogTemp: Display: Loaded TP AndroidTargetPlatform
[2018.09.11-02.37.03:266][  0]LogTemp: Display: Loaded TP AndroidTargetPlatform
[2018.09.11-02.37.03:266][  0]LogTemp: Display: Loaded TP AndroidTargetPlatform
[2018.09.11-02.37.03:266][  0]LogTemp: Display: Loaded TP AndroidTargetPlatform
[2018.09.11-02.37.03:266][  0]LogTemp: Display: Loaded TP AndroidTargetPlatform
[2018.09.11-02.37.03:266][  0]LogTemp: Display: Loaded TP AndroidTargetPlatform
[2018.09.11-02.37.03:266][  0]LogTemp: Display: Loaded TP AndroidTargetPlatform
[2018.09.11-02.37.03:266][  0]LogTemp: Display: Loaded TP AndroidTargetPlatform
[2018.09.11-02.37.03:266][  0]LogTemp: Display: Loaded TP AndroidTargetPlatform
[2018.09.11-02.37.03:266][  0]LogTemp: Display: Loaded TP AndroidTargetPlatform
[2018.09.11-02.37.03:266][  0]LogTemp: Display: Loaded TP AndroidTargetPlatform
[2018.09.11-02.37.03:268][  0]LogTemp: Display: Loaded TP HTML5TargetPlatform
[2018.09.11-02.37.03:340][  0]LogTemp: Display: Loaded TP IOSTargetPlatform
[2018.09.11-02.37.03:340][  0]LogTemp: Display: Loaded TP IOSTargetPlatform
[2018.09.11-02.37.03:372][  0]LogTemp: Display: Loaded TP TVOSTargetPlatform
[2018.09.11-02.37.03:372][  0]LogTemp: Display: Loaded TP TVOSTargetPlatform
[2018.09.11-02.37.03:388][  0]LogTemp: Display: Loaded TP LinuxClientTargetPlatform
[2018.09.11-02.37.03:405][  0]LogTemp: Display: Loaded TP LinuxNoEditorTargetPlatform
[2018.09.11-02.37.03:421][  0]LogTemp: Display: Loaded TP LinuxServerTargetPlatform
[2018.09.11-02.37.03:439][  0]LogTemp: Display: Loaded TP LinuxTargetPlatform
[2018.09.11-02.37.03:453][  0]LogTemp: Display: Loaded TP LuminTargetPlatform
[2018.09.11-02.37.03:453][  0]LogTargetPlatformManager: Display: Building Assets For Windows
[2018.09.11-02.37.03:550][  0]LogXGEController: Cannot use XGE Controller as Incredibuild is not installed on this machine.
[2018.09.11-02.37.03:550][  0]LogShaderCompilers: Cannot use XGE Shader Compiler as Incredibuild is not installed on this machine.
[2018.09.11-02.37.03:550][  0]LogShaderCompilers: Display: Using Local Shader Compiler.
[2018.09.11-02.37.04:755][  0]LogDerivedDataCache: Display: Max Cache Size: 512 MB
[2018.09.11-02.37.04:870][  0]LogDerivedDataCache: Loaded boot cache 0.12s 71MB C:/Users/Vincent/AppData/Local/UnrealEngine/4.20/DerivedDataCache/Boot.ddc.
[2018.09.11-02.37.04:871][  0]LogDerivedDataCache: Display: Loaded Boot cache: C:/Users/Vincent/AppData/Local/UnrealEngine/4.20/DerivedDataCache/Boot.ddc
[2018.09.11-02.37.04:871][  0]LogDerivedDataCache: FDerivedDataBackendGraph:  Pak pak cache file ../../../../../../Users/Vincent/Desktop/Cours/Mondes virtuels/projet-unreal-2018-VinSey1/DerivedDataCache/DDC.ddp not found, will not use a pak cache.
[2018.09.11-02.37.04:871][  0]LogDerivedDataCache: Unable to find inner node Pak for hierarchical cache Hierarchy.
[2018.09.11-02.37.04:871][  0]LogDerivedDataCache: FDerivedDataBackendGraph:  CompressedPak pak cache file ../../../../../../Users/Vincent/Desktop/Cours/Mondes virtuels/projet-unreal-2018-VinSey1/DerivedDataCache/Compressed.ddp not found, will not use a pak cache.
[2018.09.11-02.37.04:871][  0]LogDerivedDataCache: Unable to find inner node CompressedPak for hierarchical cache Hierarchy.
[2018.09.11-02.37.04:887][  0]LogDerivedDataCache: Display: Pak cache opened for reading ../../../Engine/DerivedDataCache/Compressed.ddp.
[2018.09.11-02.37.04:900][  0]LogDerivedDataCache: Using Local data cache path C:/Users/Vincent/AppData/Local/UnrealEngine/Common/DerivedDataCache: Writable
[2018.09.11-02.37.04:900][  0]LogDerivedDataCache: Shared data cache path not found in *engine.ini, will not use an Shared cache.
[2018.09.11-02.37.04:900][  0]LogDerivedDataCache: Unable to find inner node Shared for hierarchical cache Hierarchy.
[2018.09.11-02.37.04:924][  0]LogMaterial: Verifying Global Shaders for PCD3D_SM5
[2018.09.11-02.37.04:926][  0]LogSlate: Using FreeType 2.6.0
[2018.09.11-02.37.04:928][  0]LogSlate: SlateFontServices - WITH_FREETYPE: 1, WITH_HARFBUZZ: 1
[2018.09.11-02.37.05:027][  0]LogAssetRegistry: FAssetRegistry took 0.0313 seconds to start up
[2018.09.11-02.37.05:552][  0]LogInit: Selected Device Profile: [Windows]
[2018.09.11-02.37.05:726][  0]LogSimplygon: Simplygon DLL not present - disabling.
[2018.09.11-02.37.05:733][  0]LogMeshReduction: Using SimplygonSwarm for distributed automatic mesh merging
[2018.09.11-02.37.05:733][  0]LogMeshReduction: Using ProxyLODMeshReduction for automatic mesh merging
[2018.09.11-02.37.05:733][  0]LogMeshReduction: Using QuadricMeshReduction for automatic static mesh reduction
[2018.09.11-02.37.05:733][  0]LogMeshReduction: No automatic skeletal mesh reduction module available
[2018.09.11-02.37.05:753][  0]LogNetVersion: MyProject 1.0.0, NetCL: 4212847, EngineNetVer: 5, GameNetVer: 0 (Checksum: 1110078900)
[2018.09.11-02.37.06:423][  0]LogPackageLocalizationCache: Processed 11 localized package path(s) for 2 prioritized culture(s) in 0.145436 seconds
[2018.09.11-02.37.06:431][  0]LogUObjectArray: 38425 objects as part of root set at end of initial load.
[2018.09.11-02.37.06:431][  0]LogUObjectAllocator: 6690864 out of 0 bytes used by permanent object pool.
[2018.09.11-02.37.06:431][  0]LogUObjectArray: CloseDisregardForGC: 0/0 objects in disregard for GC pool
[2018.09.11-02.37.07:337][  0]LogTcpMessaging: Initializing TcpMessaging bridge
[2018.09.11-02.37.07:351][  0]LogUdpMessaging: Initializing bridge on interface 0.0.0.0:0 to multicast group 230.0.0.1:6666.
[2018.09.11-02.37.07:351][  0]FUdpSocketBuilder: Failed to subscribe UdpMessageMulticastSocket to multicast group 230.0.0.1
[2018.09.11-02.37.07:351][  0]FUdpSocketBuilder: Failed to create and initialize socket UdpMessageMulticastSocket (last error: 0)
[2018.09.11-02.37.07:351][  0]LogUdpMessaging: Warning: StartTransport failed to create multicast socket on 0.0.0.0:0, joined to 230.0.0.1:6666 with TTL 1
[2018.09.11-02.37.07:490][  0]SourceControl: Source control is disabled
[2018.09.11-02.37.07:490][  0]SourceControl: Source control is disabled
[2018.09.11-02.37.07:491][  0]SourceControl: Source control is disabled
[2018.09.11-02.37.07:492][  0]SourceControl: Source control is disabled
[2018.09.11-02.37.07:656][  0]LogAndroidPermission: UAndroidPermissionCallbackProxy::GetInstance
[2018.09.11-02.37.07:750][  0]LogOcInput: OculusInput pre-init called
[2018.09.11-02.37.07:837][  0]LogEngine: Initializing Engine...
[2018.09.11-02.37.07:838][  0]LogHMD: Failed to initialize OpenVR with code 110
[2018.09.11-02.37.07:839][  0]LogStats: UGameplayTagsManager::ConstructGameplayTagTree: ImportINI prefixes -  0.000 s
[2018.09.11-02.37.07:839][  0]LogStats: UGameplayTagsManager::ConstructGameplayTagTree: Construct from data asset -  0.000 s
[2018.09.11-02.37.07:839][  0]LogStats: UGameplayTagsManager::ConstructGameplayTagTree: ImportINI -  0.000 s
[2018.09.11-02.37.07:839][  0]LogStats: UGameplayTagsManager::ConstructGameplayTagTree: GameplayTagTreeChangedEvent.Broadcast -  0.000 s
[2018.09.11-02.37.08:177][  0]LogInit: Initializing FReadOnlyCVARCache
[2018.09.11-02.37.08:193][  0]LogAIModule: Creating AISystem for world Untitled
[2018.09.11-02.37.08:253][  0]LogInit: XAudio2 using 'Casque pour téléphone (HyperX 7.1 Audio)' : 2 channels at 48 kHz using 16 bits per sample (channel mask 0x3)
[2018.09.11-02.37.08:266][  0]LogInit: FAudioDevice initialized.
[2018.09.11-02.37.08:266][  0]LogNetVersion: Set ProjectVersion to 1.0.0.0. Version Checksum will be recalculated on next use.
[2018.09.11-02.37.08:345][  0]LogDerivedDataCache: Saved boot cache 0.08s 71MB C:/Users/Vincent/AppData/Local/UnrealEngine/4.20/DerivedDataCache/Boot.ddc.
[2018.09.11-02.37.08:358][  0]LogInit: Texture streaming: Enabled
[2018.09.11-02.37.08:378][  0]LogEngineSessionManager: EngineSessionManager initialized
[2018.09.11-02.37.08:393][  0]LogInit: Transaction tracking system initialized
[2018.09.11-02.37.08:419][  0]BlueprintLog: New page: Editor Load
[2018.09.11-02.37.08:499][  0]LocalizationService: Localization service is disabled
[2018.09.11-02.37.08:764][  0]LogCook: Display: Max memory allowance for cook 16384mb min free memory 0mb
[2018.09.11-02.37.08:764][  0]LogCook: Display: Mobile HDR setting 1
[2018.09.11-02.37.08:764][  0]LogGameplayTags: Display: UGameplayTagsManager::DoneAddingNativeTags. DelegateIsBound: 0
[2018.09.11-02.37.08:764][  0]LogStats: UGameplayTagsManager::ConstructGameplayTagTree: ImportINI prefixes -  0.000 s
[2018.09.11-02.37.08:764][  0]LogStats: UGameplayTagsManager::ConstructGameplayTagTree: Construct from data asset -  0.000 s
[2018.09.11-02.37.08:764][  0]LogStats: UGameplayTagsManager::ConstructGameplayTagTree: ImportINI -  0.000 s
[2018.09.11-02.37.08:764][  0]LogStats: UGameplayTagsManager::ConstructGameplayTagTree: GameplayTagTreeChangedEvent.Broadcast -  0.000 s
[2018.09.11-02.37.09:019][  0]LogFileCache: Scanning file cache for directory 'C:/Users/Vincent/Desktop/Cours/Mondes virtuels/projet-unreal-2018-VinSey1/Content/' took 0.02s
[2018.09.11-02.37.09:019][  0]SourceControl: Source control is disabled
[2018.09.11-02.37.09:019][  0]Cmd: MAP LOAD FILE="../../../../../../Users/Vincent/Desktop/Cours/Mondes virtuels/projet-unreal-2018-VinSey1/Content/FirstPersonBP/Maps/FirstPersonExampleMap.umap" TEMPLATE=0 SHOWPROGRESS=1 FEATURELEVEL=3
[2018.09.11-02.37.09:019][  0]LightingResults: New page: Lighting Build
[2018.09.11-02.37.09:022][  0]MapCheck: New page: Map Check
[2018.09.11-02.37.09:022][  0]LightingResults: New page: Lighting Build
[2018.09.11-02.37.10:087][  0]LogAIModule: Creating AISystem for world FirstPersonExampleMap
[2018.09.11-02.37.10:137][  0]LogEditorServer: Finished looking for orphan Actors (0.000 secs)
[2018.09.11-02.37.10:172][  0]Cmd: MAP CHECKDEP NOCLEARLOG
[2018.09.11-02.37.10:276][  0]MapCheck: Map check complete: 0 Error(s), 0 Warning(s), took 104,717ms to complete.
[2018.09.11-02.37.10:276][  0]LogFileHelpers: Loading map 'FirstPersonExampleMap' took 1.258
[2018.09.11-02.37.10:510][  0]LogSlate: Updating window title bar state: overlay mode, drag disabled, window buttons hidden, title bar hidden
[2018.09.11-02.37.10:524][  0]LogSlate: Updating window title bar state: overlay mode, drag disabled, window buttons hidden, title bar hidden
[2018.09.11-02.37.10:536][  0]LogSlate: Updating window title bar state: overlay mode, drag disabled, window buttons hidden, title bar hidden
[2018.09.11-02.37.10:557][  0]LogSlate: Updating window title bar state: overlay mode, drag disabled, window buttons hidden, title bar hidden
[2018.09.11-02.37.10:580][  0]LogCollectionManager: Loaded 0 collections in 0.004586 seconds
[2018.09.11-02.37.10:642][  0]LogFileCache: Scanning file cache for directory 'C:/Users/Vincent/Desktop/Cours/Mondes virtuels/projet-unreal-2018-VinSey1/Saved/Collections/' took 0.01s
[2018.09.11-02.37.10:642][  0]LogFileCache: Scanning file cache for directory 'C:/Users/Vincent/Desktop/Cours/Mondes virtuels/projet-unreal-2018-VinSey1/Content/Developers/Vincent/Collections/' took 0.00s
[2018.09.11-02.37.10:642][  0]LogFileCache: Scanning file cache for directory 'C:/Users/Vincent/Desktop/Cours/Mondes virtuels/projet-unreal-2018-VinSey1/Content/Collections/' took 0.01s
[2018.09.11-02.37.10:642][  0]LogCollectionManager: Rebuilt the GUID cache for 0 collections in 0.000003 seconds
[2018.09.11-02.37.10:659][  0]LogContentBrowser: Native class hierarchy populated in 0.0153 seconds. Added 2572 classes and 603 folders.
[2018.09.11-02.37.10:684][  0]LogContentBrowser: Native class hierarchy updated for 'WidgetCarousel' in 0.0012 seconds. Added 0 classes and 0 folders.
[2018.09.11-02.37.11:271][  0]LogContentBrowser: Native class hierarchy updated for 'AddContentDialog' in 0.0004 seconds. Added 0 classes and 0 folders.
[2018.09.11-02.37.11:284][  0]LogContentBrowser: Native class hierarchy updated for 'SceneOutliner' in 0.0002 seconds. Added 1 classes and 2 folders.
[2018.09.11-02.37.11:355][  0]LogSlate: Took 0.000341 seconds to synchronously load lazily loaded font '../../../Engine/Content/Slate/Fonts/Roboto-Regular.ttf' (155K)
[2018.09.11-02.37.11:360][  0]LogSlate: Took 0.000349 seconds to synchronously load lazily loaded font '../../../Engine/Content/Slate/Fonts/Roboto-Bold.ttf' (160K)
[2018.09.11-02.37.11:373][  0]LogSlate: Took 0.005721 seconds to synchronously load lazily loaded font '../../../Engine/Content/Editor/Slate/Fonts/FontAwesome.ttf' (139K)
[2018.09.11-02.37.11:656][  0]LogRenderer: Reallocating scene render targets to support 964x436 Format 10 NumSamples 1 (Frame:1).
[2018.09.11-02.37.11:860][  0]LogSlate: Took 0.019349 seconds to synchronously load lazily loaded font '../../../Engine/Content/Slate/Fonts/Roboto-Light.ttf' (167K)
[2018.09.11-02.37.12:142][  0]LogContentBrowser: Native class hierarchy updated for 'HierarchicalLODOutliner' in 0.0003 seconds. Added 0 classes and 0 folders.
[2018.09.11-02.37.12:142][  0]LogLoad: (Engine Initialization) Total time: 12.49 seconds
[2018.09.11-02.37.12:142][  0]LogLoad: (Engine Initialization) Total Blueprint compile time: 0.00 seconds
[2018.09.11-02.37.12:161][  0]LogWindowsTextInputMethodSystem: Display: IME system now deactivated.
[2018.09.11-02.37.12:196][  0]LogContentStreaming: Texture pool size now 1000 MB
[2018.09.11-02.37.12:275][  1]LogAssetRegistry: Asset discovery search completed in 7.2712 seconds
[2018.09.11-02.37.12:279][  1]LogCollectionManager: Rebuilt the object cache for 0 collections in 0.000000 seconds (found 0 objects)
[2018.09.11-02.37.12:279][  1]LogCollectionManager: Fixed up redirectors for 0 collections in 0.000083 seconds (updated 0 objects)
[2018.09.11-02.37.12:945][  3]LogD3D11RHI: Error: Direct3DDevice->CreateTexture2D(TextureDesc,SubResourceData,OutTexture2D) failed 
 at D:\Build\++UE4\Sync\Engine\Source\Runtime\Windows\D3D11RHI\Private\D3D11Texture.cpp:471 
 with error E_OUTOFMEMORY, 
 Size=1024x1024x1 Format=DXGI_FORMAT_R32G32B32A32_FLOAT(0x00000002), NumMips=1, Flags=D3D11_BIND_RENDER_TARGET D3D11_BIND_SHADER_RESOURCE 
[2018.09.11-02.37.35:933][  3]LogConsoleResponse:     30 = 32768 KB (2D 4096x4096 PF_ShadowDepth) PreShadowCacheDepthZ
[2018.09.11-02.37.35:933][  3]LogConsoleResponse:     79 = 24576 KB (2D 6144x2048 PF_ShadowDepth) WholeSceneShadowmap unused(1)
[2018.09.11-02.37.35:933][  3]LogConsoleResponse:     78 = 24576 KB (2D 6144x2048 PF_ShadowDepth) WholeSceneShadowmap unused(1)
[2018.09.11-02.37.35:933][  3]LogConsoleResponse:     77 = 24576 KB (2D 6144x2048 PF_ShadowDepth) WholeSceneShadowmap unused(1)
[2018.09.11-02.37.35:933][  3]LogConsoleResponse:     31 = 8192 KB (2D 2048x2048 PF_ShadowDepth) ShadowDepthAtlas unused(2)
[2018.09.11-02.37.35:933][  3]LogConsoleResponse:     54 = 8192 KB (3D 256x128x32 PF_FloatRGBA RT) AtmosphereDeltaJ
[2018.09.11-02.37.35:933][  3]LogConsoleResponse:     53 = 8192 KB (3D 256x128x32 PF_FloatRGBA RT) AtmosphereDeltaSM
[2018.09.11-02.37.35:933][  3]LogConsoleResponse:     52 = 8192 KB (3D 256x128x32 PF_FloatRGBA RT) AtmosphereDeltaSR
[2018.09.11-02.37.35:933][  3]LogConsoleResponse:     51 = 8192 KB (3D 256x128x32 PF_FloatRGBA RT) AtmosphereInscatter
[2018.09.11-02.37.35:933][  3]LogConsoleResponse:     76 = 3284 KB (2D 964x436 PF_B8G8R8A8 RT 4xMSAA) EditorPrimitivesColor unused(2)
[2018.09.11-02.37.35:933][  3]LogConsoleResponse:     75 = 3284 KB (2D 964x436 PF_DepthStencil 4xMSAA) EditorPrimitivesDepth unused(2)
[2018.09.11-02.37.35:933][  3]LogConsoleResponse:     41 = 3284 KB (2D 964x436 PF_FloatRGBA RT UAV VRam) SceneColor VRamInKB(Start/Size):<NONE>
[2018.09.11-02.37.35:933][  3]LogConsoleResponse:     28 = 3284 KB (2D 964x436 PF_FloatRGBA RT UAV) LightAccumulation
[2018.09.11-02.37.35:933][  3]LogConsoleResponse:     56 = 3284 KB (2D 964x436 PF_FloatRGBA RT VRam) BokehDOFRecombine unused(2) VRamInKB(Start/Size):<NONE>
[2018.09.11-02.37.35:933][  3]LogConsoleResponse:     47 = 3284 KB (2D 964x436 PF_FloatRGBA RT) ScreenSpaceReflections unused(2)
[2018.09.11-02.37.35:933][  3]LogConsoleResponse:     55 = 3284 KB (2D 964x436 PF_FloatRGBA RT) SeparateTranslucency unused(2)
[2018.09.11-02.37.35:933][  3]LogConsoleResponse:     89 = 3284 KB (2D 964x436 PF_FloatRGBA RT) TemporalAA
[2018.09.11-02.37.35:933][  3]LogConsoleResponse:     57 = 3284 KB (2D 964x436 PF_FloatRGBA RT) TemporalAA
[2018.09.11-02.37.35:933][  3]LogConsoleResponse:     22 = 2048 KB (3D 64x64x64 PF_FloatRGBA RT UAV) TranslucentVolume0
[2018.09.11-02.37.35:934][  3]LogConsoleResponse:     24 = 2048 KB (3D 64x64x64 PF_FloatRGBA RT UAV) TranslucentVolume1
[2018.09.11-02.37.35:934][  3]LogConsoleResponse:     26 = 2048 KB (3D 64x64x64 PF_FloatRGBA RT UAV) TranslucentVolume2
[2018.09.11-02.37.35:934][  3]LogConsoleResponse:     23 = 2048 KB (3D 64x64x64 PF_FloatRGBA RT UAV) TranslucentVolumeDir0
[2018.09.11-02.37.35:934][  3]LogConsoleResponse:     25 = 2048 KB (3D 64x64x64 PF_FloatRGBA RT UAV) TranslucentVolumeDir1
[2018.09.11-02.37.35:934][  3]LogConsoleResponse:     27 = 2048 KB (3D 64x64x64 PF_FloatRGBA RT UAV) TranslucentVolumeDir2
[2018.09.11-02.37.35:934][  3]LogConsoleResponse:     32 = 2048 KB (3D 64x64x64 PF_FloatRGBA) IndirectLightingCache_0
[2018.09.11-02.37.35:934][  3]LogConsoleResponse:     33 = 2048 KB (3D 64x64x64 PF_FloatRGBA) IndirectLightingCache_1
[2018.09.11-02.37.35:934][  3]LogConsoleResponse:     34 = 2048 KB (3D 64x64x64 PF_FloatRGBA) IndirectLightingCache_2
[2018.09.11-02.37.35:934][  3]LogConsoleResponse:     88 = 2048 KB (Cube[2] 128 PF_FloatRGBA) ReflectionEnvs
[2018.09.11-02.37.35:934][  3]LogConsoleResponse:     35 = 1642 KB (2D 964x436 PF_A2B10G10R10 RT) GBufferA unused(1)
[2018.09.11-02.37.35:934][  3]LogConsoleResponse:     37 = 1642 KB (2D 964x436 PF_B8G8R8A8 RT sRGB) GBufferC unused(1)
[2018.09.11-02.37.35:934][  3]LogConsoleResponse:     46 = 1642 KB (2D 964x436 PF_B8G8R8A8 RT VRam) ScreenShadowMaskTexture unused(1) VRamInKB(Start/Size):<NONE>
[2018.09.11-02.37.35:935][  3]LogConsoleResponse:     36 = 1642 KB (2D 964x436 PF_B8G8R8A8 RT VRam) Tonemap unused(1) VRamInKB(Start/Size):<NONE>
[2018.09.11-02.37.35:935][  3]LogConsoleResponse:     38 = 1642 KB (2D 964x436 PF_B8G8R8A8 RT) GBufferD unused(1)
[2018.09.11-02.37.35:935][  3]LogConsoleResponse:     39 = 1642 KB (2D 964x436 PF_B8G8R8A8 RT) GBufferE unused(1)
[2018.09.11-02.37.35:935][  3]LogConsoleResponse:     19 = 1642 KB (2D 964x436 PF_DepthStencil VRam) SceneDepthZ VRamInKB(Start/Size):<NONE>
[2018.09.11-02.37.35:935][  3]LogConsoleResponse:     43 = 1642 KB (2D 964x436 PF_G16R16 RT) Velocity unused(2)
[2018.09.11-02.37.35:935][  3]LogConsoleResponse:     81 = 1024 KB (Cube 128 PF_FloatRGBA RT) ReflectionColorScratchCubemap0
[2018.09.11-02.37.35:935][  3]LogConsoleResponse:     82 = 1024 KB (Cube 128 PF_FloatRGBA RT) ReflectionColorScratchCubemap1
[2018.09.11-02.37.35:935][  3]LogConsoleResponse:     20 = 821 KB (2D 482x218 PF_DepthStencil) SmallDepthZ
[2018.09.11-02.37.35:935][  3]LogConsoleResponse:     44 = 821 KB (2D 482x218 PF_FloatRGBA RT VRam) AmbientOcclusionSetup unused(2) VRamInKB(Start/Size):<NONE>
[2018.09.11-02.37.35:935][  3]LogConsoleResponse:     29 = 821 KB (2D 964x218 PF_R32_UINT RT UAV) QuadOverdrawBuffer
[2018.09.11-02.37.35:935][  3]LogConsoleResponse:     45 = 411 KB (2D 482x218 PF_B8G8R8A8 RT VRam) AmbientOcclusion unused(2) VRamInKB(Start/Size):<NONE>
[2018.09.11-02.37.35:935][  3]LogConsoleResponse:     58 = 411 KB (2D 482x218 PF_FloatRGB RT VRam) BloomBlurY unused(1) VRamInKB(Start/Size):<NONE>
[2018.09.11-02.37.35:935][  3]LogConsoleResponse:     73 = 411 KB (2D 482x218 PF_FloatRGB RT) BloomBlurX unused(1)
[2018.09.11-02.37.35:935][  3]LogConsoleResponse:     21 = 411 KB (2D 964x436 PF_G8 RT UAV) ScreenSpaceAO
[2018.09.11-02.37.35:935][  3]LogConsoleResponse:     40 = 342 KB (2D 512x256 PF_R16F RT VRam) HZB unused(2) VRamInKB(Start/Size):<NONE>
[2018.09.11-02.37.35:936][  3]LogConsoleResponse:      2 = 256 KB (2D 256x256 PF_B8G8R8A8) HZBResultsCPU
[2018.09.11-02.37.35:936][  3]LogConsoleResponse:      1 = 256 KB (2D 256x256 PF_B8G8R8A8) HZBResultsCPU
[2018.09.11-02.37.35:936][  3]LogConsoleResponse:      4 = 256 KB (2D 256x256 PF_B8G8R8A8) HZBResultsCPU
[2018.09.11-02.37.35:936][  3]LogConsoleResponse:      3 = 256 KB (2D 256x256 PF_B8G8R8A8) HZBResultsCPU
[2018.09.11-02.37.35:936][  3]LogConsoleResponse:     48 = 128 KB (2D 256x64 PF_FloatRGBA RT) AtmosphereTransmittance
[2018.09.11-02.37.35:936][  3]LogConsoleResponse:     80 = 128 KB (3D 32x32x32 PF_A2B10G10R10 RT VRam) CombineLUTs unused(1) VRamInKB(Start/Size):<NONE>
[2018.09.11-02.37.35:936][  3]LogConsoleResponse:     74 = 128 KB (3D 32x32x32 PF_A2B10G10R10 RT) CombineLUTs
[2018.09.11-02.37.35:936][  3]LogConsoleResponse:     63 = 103 KB (2D 241x109 PF_FloatRGB RT VRam) BloomBlurY unused(1) VRamInKB(Start/Size):<NONE>
[2018.09.11-02.37.35:936][  3]LogConsoleResponse:     72 = 103 KB (2D 241x109 PF_FloatRGB RT) BloomBlurX unused(1)
[2018.09.11-02.37.35:936][  3]LogConsoleResponse:     10 = 64 KB (2D 128x128 PF_B8G8R8A8) PerlinNoiseGradient
[2018.09.11-02.37.35:936][  3]LogConsoleResponse:     83 = 64 KB (Cube 32 PF_FloatRGBA RT) DiffuseIrradianceScratchCubemap0
[2018.09.11-02.37.35:936][  3]LogConsoleResponse:     84 = 64 KB (Cube 32 PF_FloatRGBA RT) DiffuseIrradianceScratchCubemap1
[2018.09.11-02.37.35:936][  3]LogConsoleResponse:     42 = 32 KB (2D 64x64 PF_A16B16G16R16) SSProfiles
[2018.09.11-02.37.35:936][  3]LogConsoleResponse:     17 = 32 KB (2D 64x64 PF_FloatRGBA VRam) LTCMat VRamInKB(Start/Size):<NONE>
[2018.09.11-02.37.35:936][  3]LogConsoleResponse:     64 = 26 KB (2D 121x55 PF_FloatRGB RT VRam) BloomBlurY unused(1) VRamInKB(Start/Size):<NONE>
[2018.09.11-02.37.35:936][  3]LogConsoleResponse:     71 = 26 KB (2D 121x55 PF_FloatRGB RT) BloomBlurX unused(1)
[2018.09.11-02.37.35:936][  3]LogConsoleResponse:     16 = 16 KB (2D 128x32 PF_G16R16) PreintegratedGF
[2018.09.11-02.37.35:937][  3]LogConsoleResponse:     18 = 16 KB (2D 64x64 PF_G16R16F VRam) LTCAmp VRamInKB(Start/Size):<NONE>
[2018.09.11-02.37.35:937][  3]LogConsoleResponse:     14 = 16 KB (3D 16x16x16 PF_B8G8R8A8) PerlinNoise3D
[2018.09.11-02.37.35:937][  3]LogConsoleResponse:     87 = 11 KB (2D 64x64 PF_R16F RT VRam) HZB unused(2) VRamInKB(Start/Size):<NONE>
[2018.09.11-02.37.35:937][  3]LogConsoleResponse:     50 = 8 KB (2D 64x16 PF_FloatRGBA RT) AtmosphereDeltaE
[2018.09.11-02.37.35:937][  3]LogConsoleResponse:     49 = 8 KB (2D 64x16 PF_FloatRGBA RT) AtmosphereIrradiance
[2018.09.11-02.37.35:937][  3]LogConsoleResponse:     15 = 8 KB (2D 64x64 PF_R8G8) SSAORandomization
[2018.09.11-02.37.35:937][  3]LogConsoleResponse:     59 = 7 KB (2D 16x56 PF_FloatRGBA RT UAV VRam) Histogram unused(2) VRamInKB(Start/Size):<NONE>
[2018.09.11-02.37.35:937][  3]LogConsoleResponse:     65 = 7 KB (2D 61x28 PF_FloatRGB RT VRam) BloomBlurY unused(1) VRamInKB(Start/Size):<NONE>
[2018.09.11-02.37.35:937][  3]LogConsoleResponse:     70 = 7 KB (2D 61x28 PF_FloatRGB RT) BloomBlurX unused(1)
[2018.09.11-02.37.35:937][  3]LogConsoleResponse:     66 = 2 KB (2D 31x14 PF_FloatRGB RT VRam) BloomBlurY unused(1) VRamInKB(Start/Size):<NONE>
[2018.09.11-02.37.35:937][  3]LogConsoleResponse:     69 = 2 KB (2D 31x14 PF_FloatRGB RT) BloomBlurX unused(1)
[2018.09.11-02.37.35:937][  3]LogConsoleResponse:     60 = 1 KB (2D 16x2 PF_A32B32G32R32F RT VRam) HistogramReduce unused(2) VRamInKB(Start/Size):<NONE>
[2018.09.11-02.37.35:937][  3]LogConsoleResponse:     67 = 1 KB (2D 16x7 PF_FloatRGB RT VRam) BloomBlurY unused(1) VRamInKB(Start/Size):<NONE>
[2018.09.11-02.37.35:937][  3]LogConsoleResponse:     68 = 1 KB (2D 16x7 PF_FloatRGB RT) BloomBlurX unused(1)
[2018.09.11-02.37.35:937][  3]LogConsoleResponse:      7 = 1 KB (2D 1x1 PF_B8G8R8A8 RT) BlackAlphaOneDummy
[2018.09.11-02.37.35:937][  3]LogConsoleResponse:      6 = 1 KB (2D 1x1 PF_B8G8R8A8 RT) BlackDummy
[2018.09.11-02.37.35:937][  3]LogConsoleResponse:      9 = 1 KB (2D 1x1 PF_B8G8R8A8 RT) DefaultNormal8Bit
[2018.09.11-02.37.35:937][  3]LogConsoleResponse:      8 = 1 KB (2D 1x1 PF_B8G8R8A8 RT) GreenDummy
[2018.09.11-02.37.35:937][  3]LogConsoleResponse:      5 = 1 KB (2D 1x1 PF_B8G8R8A8 RT) WhiteDummy
[2018.09.11-02.37.35:937][  3]LogConsoleResponse:     13 = 1 KB (2D 1x1 PF_DepthStencil) DepthDummy
[2018.09.11-02.37.35:937][  3]LogConsoleResponse:     12 = 1 KB (2D 1x1 PF_FloatRGBA RT) MaxFP16Depth
[2018.09.11-02.37.35:937][  3]LogConsoleResponse:     86 = 1 KB (2D 1x1 PF_FloatRGBA RT) ReflectionBrightness unused(2)
[2018.09.11-02.37.35:937][  3]LogConsoleResponse:     61 = 1 KB (2D 1x1 PF_G32R32F RT UAV) EyeAdaptation
[2018.09.11-02.37.35:938][  3]LogConsoleResponse:     62 = 1 KB (2D 1x1 PF_G32R32F RT UAV) EyeAdaptation
[2018.09.11-02.37.35:938][  3]LogConsoleResponse:     11 = 1 KB (2D 32x16 PF_R16_UINT) SobolSampling
[2018.09.11-02.37.35:938][  3]LogConsoleResponse:     85 = 1 KB (2D 9x1 PF_FloatRGBA RT) SkySHIrradianceMap
[2018.09.11-02.37.35:938][  3]LogConsoleResponse: 
[2018.09.11-02.37.35:938][  3]LogConsoleResponse: Pool: 105/215 MB (referenced/allocated)
[2018.09.11-02.37.35:938][  3]Cmd: rhi.DumpMemory
[2018.09.11-02.37.35:947][  3]RHI resource memory (not tracked by our allocator)
[2018.09.11-02.37.35:947][  3]         2228160  -  Render target memory Cube - STAT_RenderTargetMemoryCube - STATGROUP_RHI - STATCAT_Advanced
[2018.09.11-02.37.35:947][  3]        46399488  -  Render target memory 3D - STAT_RenderTargetMemory3D - STATGROUP_RHI - STATCAT_Advanced
[2018.09.11-02.37.35:947][  3]         1072336  -  Uniform buffer memory - STAT_UniformBufferMemory - STATGROUP_RHI - STATCAT_Advanced
[2018.09.11-02.37.35:947][  3]        14696712  -  Texture memory 3D - STAT_TextureMemory3D - STATGROUP_RHI - STATCAT_Advanced
[2018.09.11-02.37.35:947][  3]        74010024  -  Texture memory 2D - STAT_TextureMemory2D - STATGROUP_RHI - STATCAT_Advanced
[2018.09.11-02.37.35:947][  3]        21037140  -  Texture memory Cube - STAT_TextureMemoryCube - STATGROUP_RHI - STATCAT_Advanced
[2018.09.11-02.37.35:947][  3]       299803148  -  Render target memory 2D - STAT_RenderTargetMemory2D - STATGROUP_RHI - STATCAT_Advanced
[2018.09.11-02.37.35:947][  3]        42790900  -  Vertex buffer memory - STAT_VertexBufferMemory - STATGROUP_RHI - STATCAT_Advanced
[2018.09.11-02.37.35:947][  3]         6181972  -  Index buffer memory - STAT_IndexBufferMemory - STATGROUP_RHI - STATCAT_Advanced
[2018.09.11-02.37.35:948][  3]484.676MB total
[2018.09.11-02.37.35:949][  3]LogWindows: FPlatformMisc::RequestExit(1)
[2018.09.11-02.37.35:951][  3]Log file closed, 09/10/18 22:37:35
