Log file open, 09/10/18 22:38:01
LogWindows: Failed to load 'aqProf.dll' (GetLastError=126)
LogWindows: File 'aqProf.dll' does not exist
LogWindows: Failed to load 'VSPerf140.dll' (GetLastError=126)
LogWindows: File 'VSPerf140.dll' does not exist
LogWindows: Failed to load 'VtuneApi.dll' (GetLastError=126)
LogWindows: File 'VtuneApi.dll' does not exist
LogWindows: Failed to load 'VtuneApi32e.dll' (GetLastError=126)
LogWindows: File 'VtuneApi32e.dll' does not exist
LogInit: Display: Running engine for game: MyProject
LogPlatformFile: Not using cached read wrapper
LogTaskGraph: Started task graph with 5 named threads and 23 total threads with 3 sets of task threads.
LogStats: Stats thread started at 0.362890
LogD3D11RHI: Loaded GFSDK_Aftermath_Lib.x64.dll
LogICUInternationalization: Display: ICU TimeZone Detection - Raw Offset: -5:00, Platform Override: ''
LogPluginManager: Mounting plugin Paper2D
LogPluginManager: Mounting plugin AISupport
LogPluginManager: Mounting plugin LightPropagationVolume
LogPluginManager: Mounting plugin CLionSourceCodeAccess
LogPluginManager: Mounting plugin CodeLiteSourceCodeAccess
LogPluginManager: Mounting plugin GitSourceControl
LogPluginManager: Mounting plugin KDevelopSourceCodeAccess
LogPluginManager: Mounting plugin NullSourceCodeAccess
LogPluginManager: Mounting plugin PerforceSourceControl
LogPluginManager: Mounting plugin SubversionSourceControl
LogPluginManager: Mounting plugin UObjectPlugin
LogPluginManager: Mounting plugin VisualStudioCodeSourceCodeAccess
LogPluginManager: Mounting plugin VisualStudioSourceCodeAccess
LogPluginManager: Mounting plugin XCodeSourceCodeAccess
LogPluginManager: Mounting plugin AssetManagerEditor
LogPluginManager: Mounting plugin CryptoKeys
LogPluginManager: Mounting plugin DataValidation
LogPluginManager: Mounting plugin FacialAnimation
LogPluginManager: Mounting plugin GameplayTagsEditor
LogPluginManager: Mounting plugin MacGraphicsSwitching
LogPluginManager: Mounting plugin MeshEditor
LogPluginManager: Mounting plugin MobileLauncherProfileWizard
LogPluginManager: Mounting plugin PluginBrowser
LogPluginManager: Mounting plugin SpeedTreeImporter
LogPluginManager: Mounting plugin DatasmithContent
LogPluginManager: Mounting plugin AlembicImporter
LogPluginManager: Mounting plugin AppleImageUtils
LogPluginManager: Mounting plugin AppleVision
LogPluginManager: Mounting plugin BackChannel
LogPluginManager: Mounting plugin CharacterAI
LogPluginManager: Mounting plugin GeometryCache
LogPluginManager: Mounting plugin HTML5Networking
LogPluginManager: Mounting plugin ProxyLODPlugin
LogPluginManager: Mounting plugin MagicLeap
LogPluginManager: Mounting plugin MagicLeapEmulator
LogPluginManager: Mounting plugin MagicLeapMedia
LogPluginManager: Mounting plugin AndroidMedia
LogPluginManager: Mounting plugin AvfMedia
LogPluginManager: Mounting plugin ImgMedia
LogPluginManager: Mounting plugin LinearTimecode
LogPluginManager: Mounting plugin MediaCompositing
LogPluginManager: Mounting plugin MediaPlayerEditor
LogPluginManager: Mounting plugin WmfMedia
LogPluginManager: Mounting plugin TcpMessaging
LogPluginManager: Mounting plugin UdpMessaging
LogPluginManager: Mounting plugin ActorSequence
LogPluginManager: Mounting plugin LevelSequenceEditor
LogPluginManager: Mounting plugin MatineeToLevelSequence
LogPluginManager: Mounting plugin NetcodeUnitTest
LogPluginManager: Mounting plugin NUTUnrealEngine4
LogPluginManager: Mounting plugin OnlineSubsystemGooglePlay
LogPluginManager: Mounting plugin OnlineSubsystemIOS
LogPluginManager: Mounting plugin OnlineSubsystem
LogPluginManager: Mounting plugin OnlineSubsystemNull
LogPluginManager: Mounting plugin OnlineSubsystemUtils
LogPluginManager: Mounting plugin LauncherChunkInstaller
LogPluginManager: Mounting plugin AndroidDeviceProfileSelector
LogPluginManager: Mounting plugin AndroidMoviePlayer
LogPluginManager: Mounting plugin AndroidPermission
LogPluginManager: Mounting plugin AppleMoviePlayer
LogPluginManager: Mounting plugin ArchVisCharacter
LogPluginManager: Mounting plugin AudioCapture
LogPluginManager: Mounting plugin CableComponent
LogPluginManager: Mounting plugin CustomMeshComponent
LogPluginManager: Mounting plugin EditableMesh
LogPluginManager: Mounting plugin ExampleDeviceProfileSelector
LogPluginManager: Mounting plugin GoogleCloudMessaging
LogPluginManager: Mounting plugin ImmediatePhysics
LogPluginManager: Mounting plugin IOSDeviceProfileSelector
LogPluginManager: Mounting plugin LinuxDeviceProfileSelector
LogPluginManager: Mounting plugin LocationServicesBPLibrary
LogPluginManager: Mounting plugin MobilePatchingUtils
LogPluginManager: Mounting plugin OculusVR
LogPluginManager: Plugin shader directory ../../../Engine/Plugins/Runtime/Oculus/OculusVR/Shaders found
LogPluginManager: Mapping shader source directory ../../../Engine/Plugins/Runtime/Oculus/OculusVR/Shaders to virtual directory /Plugin/OculusVR
LogPluginManager: Mounting plugin PhysXVehicles
LogPluginManager: Mounting plugin ProceduralMeshComponent
LogPluginManager: Mounting plugin RuntimePhysXCooking
LogPluginManager: Mounting plugin SteamVR
LogPluginManager: Mounting plugin WindowsMoviePlayer
LogStreaming: Display: Took  0.128s to configure plugins.
LogInit: Using libcurl 7.55.1-DEV
LogInit:  - built for x86_64-pc-win32
LogInit:  - supports SSL with OpenSSL/1.0.2h
LogInit:  - supports HTTP deflate (compression) using libz 1.2.8
LogInit:  - other features:
LogInit:      CURL_VERSION_SSL
LogInit:      CURL_VERSION_LIBZ
LogInit:      CURL_VERSION_IPV6
LogInit:      CURL_VERSION_ASYNCHDNS
LogInit:      CURL_VERSION_LARGEFILE
LogInit:      CURL_VERSION_IDN
LogInit:  CurlRequestOptions (configurable via config and command line):
LogInit:  - bVerifyPeer = false  - Libcurl will NOT verify peer certificate
LogInit:  - bUseHttpProxy = false  - Libcurl will NOT use HTTP proxy
LogInit:  - bDontReuseConnections = false  - Libcurl will reuse connections
LogInit:  - CertBundlePath = nullptr  - Libcurl will use whatever was configured at build time.
LogInit:  - MaxHostConnections = 16  - Libcurl will limit the number of connections to a host
LogInit:  - LocalHostAddr = Default
LogInit:  - BufferSize = 65536
LogInit: WinSock: version 1.1 (2.2), MaxSocks=32767, MaxUdp=65467
LogInit: Build: ++UE4+Release-4.20-CL-4302132
LogInit: Engine Version: 4.20.2-4302132+++UE4+Release-4.20
LogInit: Compatible Engine Version: 4.20.0-4212847+++UE4+Release-4.20
LogInit: Net CL: 4212847
LogInit: OS: Windows 10 (), CPU: Intel(R) Core(TM) i5-8300H CPU @ 2.30GHz, GPU: Intel(R) UHD Graphics 630
LogInit: Compiled (64-bit): Aug 21 2018 02:06:06
LogInit: Compiled with Visual C++: 19.13.26129.00
LogInit: Build Configuration: Development
LogInit: Branch Name: ++UE4+Release-4.20
LogInit: Command Line: 
LogInit: Base Directory: C:/Program Files/Epic Games/UE_4.20/Engine/Binaries/Win64/
LogInit: Installed Engine Build: 1
LogDevObjectVersion: Number of dev versions registered: 20
LogDevObjectVersion:   Dev-Blueprints (B0D832E4-1F89-4F0D-ACCF-7EB736FD4AA2): 10
LogDevObjectVersion:   Dev-Build (E1C64328-A22C-4D53-A36C-8E866417BD8C): 0
LogDevObjectVersion:   Dev-Core (375EC13C-06E4-48FB-B500-84F0262A717E): 2
LogDevObjectVersion:   Dev-Editor (E4B068ED-F494-42E9-A231-DA0B2E46BB41): 24
LogDevObjectVersion:   Dev-Framework (CFFC743F-43B0-4480-9391-14DF171D2073): 34
LogDevObjectVersion:   Dev-Mobile (B02B49B5-BB20-44E9-A304-32B752E40360): 2
LogDevObjectVersion:   Dev-Networking (A4E4105C-59A1-49B5-A7C5-40C4547EDFEE): 0
LogDevObjectVersion:   Dev-Online (39C831C9-5AE6-47DC-9A44-9C173E1C8E7C): 0
LogDevObjectVersion:   Dev-Physics (78F01B33-EBEA-4F98-B9B4-84EACCB95AA2): 0
LogDevObjectVersion:   Dev-Platform (6631380F-2D4D-43E0-8009-CF276956A95A): 0
LogDevObjectVersion:   Dev-Rendering (12F88B9F-8875-4AFC-A67C-D90C383ABD29): 26
LogDevObjectVersion:   Dev-Sequencer (7B5AE74C-D270-4C10-A958-57980B212A5A): 9
LogDevObjectVersion:   Dev-VR (D7296918-1DD6-4BDD-9DE2-64A83CC13884): 2
LogDevObjectVersion:   Dev-LoadTimes (C2A15278-BFE7-4AFE-6C17-90FF531DF755): 1
LogDevObjectVersion:   Private-Geometry (6EACA3D4-40EC-4CC1-B786-8BED09428FC5): 3
LogDevObjectVersion:   Dev-AnimPhys (29E575DD-E0A3-4627-9D10-D276232CDCEA): 17
LogDevObjectVersion:   Dev-ReflectionCapture (6B266CEC-1EC7-4B8F-A30B-E4D90942FC07): 1
LogDevObjectVersion:   Dev-Automation (0DF73D61-A23F-47EA-B727-89E90C41499A): 1
LogDevObjectVersion:   FortniteMain (601D1886-AC64-4F84-AA16-D3DE0DEAC7D6): 12
LogDevObjectVersion:   Dev-Enterprise (9DFFBCD6-494F-0158-E221-12823C92A888): 1
LogStreaming: Display: Took  0.000s to delete old logs.
LogInit: Presizing for max 8388607 objects, including 0 objects not considered by GC, pre-allocating 0 bytes for permanent pool.
LogInit: Object subsystem initialized
[2018.09.11-02.38.01:905][  0]LogInit: Selected Device Profile: [Windows]
[2018.09.11-02.38.01:905][  0]LogInit: Applying CVar settings loaded from the selected device profile: [Windows]
[2018.09.11-02.38.01:922][  0]LogHAL: Display: Platform has ~ 8 GB [8461172736 / 8589934592 / 8], which maps to Default [LargestMinGB=32, LargerMinGB=12, DefaultMinGB=8, SmallerMinGB=6, SmallestMinGB=0)
[2018.09.11-02.38.01:922][  0]LogInit: Setting Device Profile CVar: [[r.Vulkan.UseRealUBs:1]]
[2018.09.11-02.38.01:923][  0]LogInit: Going up to parent DeviceProfile []
[2018.09.11-02.38.01:923][  0]LogInit: Computer: MSI-VINCENT
[2018.09.11-02.38.01:923][  0]LogInit: User: Vincent
[2018.09.11-02.38.01:923][  0]LogInit: CPU Page size=4096, Cores=4
[2018.09.11-02.38.01:923][  0]LogInit: High frequency timer resolution =2.250000 MHz
[2018.09.11-02.38.01:923][  0]LogMemory: Memory total: Physical=7.9GB (8GB approx)
[2018.09.11-02.38.01:923][  0]LogMemory: Platform Memory Stats for Windows
[2018.09.11-02.38.01:923][  0]LogMemory: Process Physical Memory: 100.16 MB used, 100.16 MB peak
[2018.09.11-02.38.01:923][  0]LogMemory: Process Virtual Memory: 91.45 MB used, 91.45 MB peak
[2018.09.11-02.38.01:923][  0]LogMemory: Physical Memory: 6789.75 MB used,  1279.45 MB free, 8069.20 MB total
[2018.09.11-02.38.01:923][  0]LogMemory: Virtual Memory: 4640.12 MB used,  1279.45 MB free, 134217728.00 MB total
[2018.09.11-02.38.01:947][  0]LogInit: Using OS detected language (fr-FR).
[2018.09.11-02.38.01:947][  0]LogInit: Using OS detected locale (fr-FR).
[2018.09.11-02.38.01:948][  0]LogTextLocalizationManager: No specific localization for 'fr-FR' exists, so the 'fr' localization will be used.
[2018.09.11-02.38.01:952][  0]LogStreaming: Display: Took  0.004s to InitEngineTextLocalization.
[2018.09.11-02.38.01:988][  0]LogSlate: New Slate User Created.  User Index 0, Is Virtual User: 0
[2018.09.11-02.38.01:988][  0]LogSlate: Slate User Registered.  User Index 0, Is Virtual User: 0
[2018.09.11-02.38.02:327][  0]LogHMD: Failed to initialize OpenVR with code 110
[2018.09.11-02.38.02:327][  0]LogD3D11RHI: D3D11 adapters:
[2018.09.11-02.38.02:435][  0]LogD3D11RHI:    0. 'NVIDIA GeForce GTX 1060' (Feature Level 11_0)
[2018.09.11-02.38.02:435][  0]LogD3D11RHI:       6052/0/4034 MB DedicatedVideo/DedicatedSystem/SharedSystem, Outputs:2, VendorId:0x10de
[2018.09.11-02.38.02:448][  0]LogD3D11RHI:    1. 'Intel(R) UHD Graphics 630' (Feature Level 11_0)
[2018.09.11-02.38.02:448][  0]LogD3D11RHI:       128/0/4034 MB DedicatedVideo/DedicatedSystem/SharedSystem, Outputs:0, VendorId:0x8086
[2018.09.11-02.38.02:453][  0]LogD3D11RHI:    2. 'Microsoft Basic Render Driver' (Feature Level 11_0)
[2018.09.11-02.38.02:453][  0]LogD3D11RHI:       0/0/4034 MB DedicatedVideo/DedicatedSystem/SharedSystem, Outputs:0, VendorId:0x1414
[2018.09.11-02.38.02:453][  0]LogD3D11RHI: Chosen D3D11 Adapter: 0
[2018.09.11-02.38.02:492][  0]LogD3D11RHI: Creating new Direct3DDevice
[2018.09.11-02.38.02:493][  0]LogD3D11RHI:     GPU DeviceId: 0x1c20 (for the marketing name, search the web for "GPU Device Id")
[2018.09.11-02.38.02:493][  0]LogWindows: EnumDisplayDevices:
[2018.09.11-02.38.02:493][  0]LogWindows:    0. 'Intel(R) UHD Graphics 630' (P:1 D:1)
[2018.09.11-02.38.02:493][  0]LogWindows:    1. 'Intel(R) UHD Graphics 630' (P:0 D:0)
[2018.09.11-02.38.02:493][  0]LogWindows:    2. 'Intel(R) UHD Graphics 630' (P:0 D:0)
[2018.09.11-02.38.02:494][  0]LogWindows:    3. 'NVIDIA GeForce GTX 1060' (P:0 D:1)
[2018.09.11-02.38.02:494][  0]LogWindows:    4. 'NVIDIA GeForce GTX 1060' (P:0 D:0)
[2018.09.11-02.38.02:495][  0]LogWindows:    5. 'NVIDIA GeForce GTX 1060' (P:0 D:0)
[2018.09.11-02.38.02:495][  0]LogWindows:    6. 'NVIDIA GeForce GTX 1060' (P:0 D:0)
[2018.09.11-02.38.02:496][  0]LogWindows: DebugString: PrimaryIsNotTheChoosenAdapter PrimaryIsNotTheChoosenAdapter PrimaryIsNotTheChoosenAdapter FoundDriverCount:4 
[2018.09.11-02.38.02:496][  0]LogD3D11RHI:     Adapter Name: NVIDIA GeForce GTX 1060
[2018.09.11-02.38.02:496][  0]LogD3D11RHI:   Driver Version: 399.07 (internal:24.21.13.9907, unified:399.07)
[2018.09.11-02.38.02:496][  0]LogD3D11RHI:      Driver Date: 8-21-2018
[2018.09.11-02.38.02:496][  0]LogRHI: Texture pool is 4236 MB (70% of 6052 MB)
[2018.09.11-02.38.02:572][  0]LogD3D11RHI: Async texture creation enabled
[2018.09.11-02.38.02:600][  0]LogD3D11RHI: GPU Timing Frequency: 1000.000000 (Debug: 2 2)
[2018.09.11-02.38.02:655][  0]LogShaderCompilers: Guid format shader working directory is -41 characters bigger than the processId version (../../../../../../Users/Vincent/Desktop/Cours/Mondes virtuels/projet-unreal-2018-VinSey1/Intermediate/Shaders/WorkingDirectory/19244/).
[2018.09.11-02.38.02:655][  0]LogShaderCompilers: Cleaned the shader compiler working directory 'C:/Users/Vincent/AppData/Local/Temp/UnrealShaderWorkingDir/627D8DB4490812B30DD2C3BCF5E53565/'.
[2018.09.11-02.38.02:985][  0]LogTemp: Display: Loaded TP AllDesktopTargetPlatform
[2018.09.11-02.38.03:006][  0]LogTemp: Display: Loaded TP MacClientTargetPlatform
[2018.09.11-02.38.03:024][  0]LogTemp: Display: Loaded TP MacNoEditorTargetPlatform
[2018.09.11-02.38.03:042][  0]LogTemp: Display: Loaded TP MacServerTargetPlatform
[2018.09.11-02.38.03:063][  0]LogTemp: Display: Loaded TP MacTargetPlatform
[2018.09.11-02.38.03:084][  0]LogTemp: Display: Loaded TP WindowsClientTargetPlatform
[2018.09.11-02.38.03:102][  0]LogTemp: Display: Loaded TP WindowsNoEditorTargetPlatform
[2018.09.11-02.38.03:121][  0]LogTemp: Display: Loaded TP WindowsServerTargetPlatform
[2018.09.11-02.38.03:129][  0]LogTemp: Display: Loaded TP WindowsTargetPlatform
[2018.09.11-02.38.03:249][  0]LogTemp: Display: Loaded TP AndroidTargetPlatform
[2018.09.11-02.38.03:249][  0]LogTemp: Display: Loaded TP AndroidTargetPlatform
[2018.09.11-02.38.03:249][  0]LogTemp: Display: Loaded TP AndroidTargetPlatform
[2018.09.11-02.38.03:249][  0]LogTemp: Display: Loaded TP AndroidTargetPlatform
[2018.09.11-02.38.03:249][  0]LogTemp: Display: Loaded TP AndroidTargetPlatform
[2018.09.11-02.38.03:249][  0]LogTemp: Display: Loaded TP AndroidTargetPlatform
[2018.09.11-02.38.03:249][  0]LogTemp: Display: Loaded TP AndroidTargetPlatform
[2018.09.11-02.38.03:249][  0]LogTemp: Display: Loaded TP AndroidTargetPlatform
[2018.09.11-02.38.03:249][  0]LogTemp: Display: Loaded TP AndroidTargetPlatform
[2018.09.11-02.38.03:249][  0]LogTemp: Display: Loaded TP AndroidTargetPlatform
[2018.09.11-02.38.03:249][  0]LogTemp: Display: Loaded TP AndroidTargetPlatform
[2018.09.11-02.38.03:249][  0]LogTemp: Display: Loaded TP AndroidTargetPlatform
[2018.09.11-02.38.03:249][  0]LogTemp: Display: Loaded TP AndroidTargetPlatform
[2018.09.11-02.38.03:249][  0]LogTemp: Display: Loaded TP AndroidTargetPlatform
[2018.09.11-02.38.03:249][  0]LogTemp: Display: Loaded TP AndroidTargetPlatform
[2018.09.11-02.38.03:249][  0]LogTemp: Display: Loaded TP AndroidTargetPlatform
[2018.09.11-02.38.03:249][  0]LogTemp: Display: Loaded TP AndroidTargetPlatform
[2018.09.11-02.38.03:249][  0]LogTemp: Display: Loaded TP AndroidTargetPlatform
[2018.09.11-02.38.03:251][  0]LogTemp: Display: Loaded TP HTML5TargetPlatform
[2018.09.11-02.38.03:320][  0]LogTemp: Display: Loaded TP IOSTargetPlatform
[2018.09.11-02.38.03:320][  0]LogTemp: Display: Loaded TP IOSTargetPlatform
[2018.09.11-02.38.03:352][  0]LogTemp: Display: Loaded TP TVOSTargetPlatform
[2018.09.11-02.38.03:352][  0]LogTemp: Display: Loaded TP TVOSTargetPlatform
[2018.09.11-02.38.03:369][  0]LogTemp: Display: Loaded TP LinuxClientTargetPlatform
[2018.09.11-02.38.03:385][  0]LogTemp: Display: Loaded TP LinuxNoEditorTargetPlatform
[2018.09.11-02.38.03:402][  0]LogTemp: Display: Loaded TP LinuxServerTargetPlatform
[2018.09.11-02.38.03:420][  0]LogTemp: Display: Loaded TP LinuxTargetPlatform
[2018.09.11-02.38.03:434][  0]LogTemp: Display: Loaded TP LuminTargetPlatform
[2018.09.11-02.38.03:434][  0]LogTargetPlatformManager: Display: Building Assets For Windows
[2018.09.11-02.38.03:518][  0]LogXGEController: Cannot use XGE Controller as Incredibuild is not installed on this machine.
[2018.09.11-02.38.03:518][  0]LogShaderCompilers: Cannot use XGE Shader Compiler as Incredibuild is not installed on this machine.
[2018.09.11-02.38.03:518][  0]LogShaderCompilers: Display: Using Local Shader Compiler.
[2018.09.11-02.38.04:508][  0]LogDerivedDataCache: Display: Max Cache Size: 512 MB
[2018.09.11-02.38.04:602][  0]LogDerivedDataCache: Loaded boot cache 0.09s 71MB C:/Users/Vincent/AppData/Local/UnrealEngine/4.20/DerivedDataCache/Boot.ddc.
[2018.09.11-02.38.04:603][  0]LogDerivedDataCache: Display: Loaded Boot cache: C:/Users/Vincent/AppData/Local/UnrealEngine/4.20/DerivedDataCache/Boot.ddc
[2018.09.11-02.38.04:603][  0]LogDerivedDataCache: FDerivedDataBackendGraph:  Pak pak cache file ../../../../../../Users/Vincent/Desktop/Cours/Mondes virtuels/projet-unreal-2018-VinSey1/DerivedDataCache/DDC.ddp not found, will not use a pak cache.
[2018.09.11-02.38.04:603][  0]LogDerivedDataCache: Unable to find inner node Pak for hierarchical cache Hierarchy.
[2018.09.11-02.38.04:603][  0]LogDerivedDataCache: FDerivedDataBackendGraph:  CompressedPak pak cache file ../../../../../../Users/Vincent/Desktop/Cours/Mondes virtuels/projet-unreal-2018-VinSey1/DerivedDataCache/Compressed.ddp not found, will not use a pak cache.
[2018.09.11-02.38.04:603][  0]LogDerivedDataCache: Unable to find inner node CompressedPak for hierarchical cache Hierarchy.
[2018.09.11-02.38.04:621][  0]LogDerivedDataCache: Display: Pak cache opened for reading ../../../Engine/DerivedDataCache/Compressed.ddp.
[2018.09.11-02.38.04:633][  0]LogDerivedDataCache: Using Local data cache path C:/Users/Vincent/AppData/Local/UnrealEngine/Common/DerivedDataCache: Writable
[2018.09.11-02.38.04:633][  0]LogDerivedDataCache: Shared data cache path not found in *engine.ini, will not use an Shared cache.
[2018.09.11-02.38.04:633][  0]LogDerivedDataCache: Unable to find inner node Shared for hierarchical cache Hierarchy.
[2018.09.11-02.38.04:656][  0]LogMaterial: Verifying Global Shaders for PCD3D_SM5
[2018.09.11-02.38.04:658][  0]LogSlate: Using FreeType 2.6.0
[2018.09.11-02.38.04:659][  0]LogSlate: SlateFontServices - WITH_FREETYPE: 1, WITH_HARFBUZZ: 1
[2018.09.11-02.38.04:758][  0]LogAssetRegistry: FAssetRegistry took 0.0284 seconds to start up
[2018.09.11-02.38.05:214][  0]LogInit: Selected Device Profile: [Windows]
[2018.09.11-02.38.05:394][  0]LogSimplygon: Simplygon DLL not present - disabling.
[2018.09.11-02.38.05:398][  0]LogMeshReduction: Using SimplygonSwarm for distributed automatic mesh merging
[2018.09.11-02.38.05:398][  0]LogMeshReduction: Using ProxyLODMeshReduction for automatic mesh merging
[2018.09.11-02.38.05:398][  0]LogMeshReduction: Using QuadricMeshReduction for automatic static mesh reduction
[2018.09.11-02.38.05:398][  0]LogMeshReduction: No automatic skeletal mesh reduction module available
[2018.09.11-02.38.05:419][  0]LogNetVersion: MyProject 1.0.0, NetCL: 4212847, EngineNetVer: 5, GameNetVer: 0 (Checksum: 1110078900)
[2018.09.11-02.38.06:154][  0]LogPackageLocalizationCache: Processed 11 localized package path(s) for 2 prioritized culture(s) in 0.166118 seconds
[2018.09.11-02.38.06:164][  0]LogUObjectArray: 38425 objects as part of root set at end of initial load.
[2018.09.11-02.38.06:164][  0]LogUObjectAllocator: 6690864 out of 0 bytes used by permanent object pool.
[2018.09.11-02.38.06:164][  0]LogUObjectArray: CloseDisregardForGC: 0/0 objects in disregard for GC pool
[2018.09.11-02.38.07:209][  0]LogTcpMessaging: Initializing TcpMessaging bridge
[2018.09.11-02.38.07:222][  0]LogUdpMessaging: Initializing bridge on interface 0.0.0.0:0 to multicast group 230.0.0.1:6666.
[2018.09.11-02.38.07:222][  0]FUdpSocketBuilder: Failed to subscribe UdpMessageMulticastSocket to multicast group 230.0.0.1
[2018.09.11-02.38.07:222][  0]FUdpSocketBuilder: Failed to create and initialize socket UdpMessageMulticastSocket (last error: 0)
[2018.09.11-02.38.07:223][  0]LogUdpMessaging: Warning: StartTransport failed to create multicast socket on 0.0.0.0:0, joined to 230.0.0.1:6666 with TTL 1
[2018.09.11-02.38.07:374][  0]SourceControl: Source control is disabled
[2018.09.11-02.38.07:374][  0]SourceControl: Source control is disabled
[2018.09.11-02.38.07:376][  0]SourceControl: Source control is disabled
[2018.09.11-02.38.07:377][  0]SourceControl: Source control is disabled
[2018.09.11-02.38.07:559][  0]LogAndroidPermission: UAndroidPermissionCallbackProxy::GetInstance
[2018.09.11-02.38.07:632][  0]LogOcInput: OculusInput pre-init called
[2018.09.11-02.38.07:696][  0]LogEngine: Initializing Engine...
[2018.09.11-02.38.07:696][  0]LogHMD: Failed to initialize OpenVR with code 110
[2018.09.11-02.38.07:697][  0]LogStats: UGameplayTagsManager::ConstructGameplayTagTree: ImportINI prefixes -  0.000 s
[2018.09.11-02.38.07:697][  0]LogStats: UGameplayTagsManager::ConstructGameplayTagTree: Construct from data asset -  0.000 s
[2018.09.11-02.38.07:698][  0]LogStats: UGameplayTagsManager::ConstructGameplayTagTree: ImportINI -  0.000 s
[2018.09.11-02.38.07:698][  0]LogStats: UGameplayTagsManager::ConstructGameplayTagTree: GameplayTagTreeChangedEvent.Broadcast -  0.000 s
[2018.09.11-02.38.07:984][  0]LogInit: Initializing FReadOnlyCVARCache
[2018.09.11-02.38.08:010][  0]LogAIModule: Creating AISystem for world Untitled
[2018.09.11-02.38.08:113][  0]LogInit: XAudio2 using 'Casque pour téléphone (HyperX 7.1 Audio)' : 2 channels at 48 kHz using 16 bits per sample (channel mask 0x3)
[2018.09.11-02.38.08:131][  0]LogInit: FAudioDevice initialized.
[2018.09.11-02.38.08:131][  0]LogNetVersion: Set ProjectVersion to 1.0.0.0. Version Checksum will be recalculated on next use.
[2018.09.11-02.38.08:258][  0]LogDerivedDataCache: Saved boot cache 0.13s 71MB C:/Users/Vincent/AppData/Local/UnrealEngine/4.20/DerivedDataCache/Boot.ddc.
[2018.09.11-02.38.08:271][  0]LogInit: Texture streaming: Enabled
[2018.09.11-02.38.08:293][  0]LogEngineSessionManager: EngineSessionManager initialized
[2018.09.11-02.38.08:312][  0]LogInit: Transaction tracking system initialized
[2018.09.11-02.38.08:339][  0]BlueprintLog: New page: Editor Load
[2018.09.11-02.38.08:454][  0]LocalizationService: Localization service is disabled
[2018.09.11-02.38.08:757][  0]LogCook: Display: Max memory allowance for cook 16384mb min free memory 0mb
[2018.09.11-02.38.08:758][  0]LogCook: Display: Mobile HDR setting 1
[2018.09.11-02.38.08:758][  0]LogGameplayTags: Display: UGameplayTagsManager::DoneAddingNativeTags. DelegateIsBound: 0
[2018.09.11-02.38.08:759][  0]LogStats: UGameplayTagsManager::ConstructGameplayTagTree: ImportINI prefixes -  0.000 s
[2018.09.11-02.38.08:759][  0]LogStats: UGameplayTagsManager::ConstructGameplayTagTree: Construct from data asset -  0.000 s
[2018.09.11-02.38.08:759][  0]LogStats: UGameplayTagsManager::ConstructGameplayTagTree: ImportINI -  0.000 s
[2018.09.11-02.38.08:759][  0]LogStats: UGameplayTagsManager::ConstructGameplayTagTree: GameplayTagTreeChangedEvent.Broadcast -  0.000 s
[2018.09.11-02.38.08:907][  0]LogFileCache: Scanning file cache for directory 'C:/Users/Vincent/Desktop/Cours/Mondes virtuels/projet-unreal-2018-VinSey1/Content/' took 0.01s
[2018.09.11-02.38.08:907][  0]SourceControl: Source control is disabled
[2018.09.11-02.38.08:907][  0]Cmd: MAP LOAD FILE="../../../../../../Users/Vincent/Desktop/Cours/Mondes virtuels/projet-unreal-2018-VinSey1/Content/FirstPersonBP/Maps/FirstPersonExampleMap.umap" TEMPLATE=0 SHOWPROGRESS=1 FEATURELEVEL=3
[2018.09.11-02.38.08:908][  0]LightingResults: New page: Lighting Build
[2018.09.11-02.38.08:911][  0]MapCheck: New page: Map Check
[2018.09.11-02.38.08:911][  0]LightingResults: New page: Lighting Build
[2018.09.11-02.38.09:568][  0]LogAIModule: Creating AISystem for world FirstPersonExampleMap
[2018.09.11-02.38.09:629][  0]LogEditorServer: Finished looking for orphan Actors (0.000 secs)
[2018.09.11-02.38.09:654][  0]Cmd: MAP CHECKDEP NOCLEARLOG
[2018.09.11-02.38.09:747][  0]MapCheck: Map check complete: 0 Error(s), 0 Warning(s), took 91,953ms to complete.
[2018.09.11-02.38.09:747][  0]LogFileHelpers: Loading map 'FirstPersonExampleMap' took 0.839
[2018.09.11-02.38.09:889][  0]LogSlate: Updating window title bar state: overlay mode, drag disabled, window buttons hidden, title bar hidden
[2018.09.11-02.38.09:897][  0]LogSlate: Updating window title bar state: overlay mode, drag disabled, window buttons hidden, title bar hidden
[2018.09.11-02.38.09:909][  0]LogSlate: Updating window title bar state: overlay mode, drag disabled, window buttons hidden, title bar hidden
[2018.09.11-02.38.09:921][  0]LogSlate: Updating window title bar state: overlay mode, drag disabled, window buttons hidden, title bar hidden
[2018.09.11-02.38.09:929][  0]LogCollectionManager: Loaded 0 collections in 0.001502 seconds
[2018.09.11-02.38.09:979][  0]LogFileCache: Scanning file cache for directory 'C:/Users/Vincent/Desktop/Cours/Mondes virtuels/projet-unreal-2018-VinSey1/Saved/Collections/' took 0.01s
[2018.09.11-02.38.09:979][  0]LogFileCache: Scanning file cache for directory 'C:/Users/Vincent/Desktop/Cours/Mondes virtuels/projet-unreal-2018-VinSey1/Content/Developers/Vincent/Collections/' took 0.01s
[2018.09.11-02.38.09:979][  0]LogFileCache: Scanning file cache for directory 'C:/Users/Vincent/Desktop/Cours/Mondes virtuels/projet-unreal-2018-VinSey1/Content/Collections/' took 0.01s
[2018.09.11-02.38.09:979][  0]LogCollectionManager: Rebuilt the GUID cache for 0 collections in 0.000000 seconds
[2018.09.11-02.38.09:990][  0]LogContentBrowser: Native class hierarchy populated in 0.0108 seconds. Added 2572 classes and 603 folders.
[2018.09.11-02.38.10:001][  0]LogContentBrowser: Native class hierarchy updated for 'WidgetCarousel' in 0.0004 seconds. Added 0 classes and 0 folders.
[2018.09.11-02.38.10:056][  0]LogContentBrowser: Native class hierarchy updated for 'AddContentDialog' in 0.0003 seconds. Added 0 classes and 0 folders.
[2018.09.11-02.38.10:060][  0]LogContentBrowser: Native class hierarchy updated for 'SceneOutliner' in 0.0002 seconds. Added 1 classes and 2 folders.
[2018.09.11-02.38.10:078][  0]LogSlate: Took 0.000422 seconds to synchronously load lazily loaded font '../../../Engine/Content/Slate/Fonts/Roboto-Regular.ttf' (155K)
[2018.09.11-02.38.10:081][  0]LogSlate: Took 0.000363 seconds to synchronously load lazily loaded font '../../../Engine/Content/Slate/Fonts/Roboto-Bold.ttf' (160K)
[2018.09.11-02.38.10:096][  0]LogSlate: Took 0.002687 seconds to synchronously load lazily loaded font '../../../Engine/Content/Editor/Slate/Fonts/FontAwesome.ttf' (139K)
[2018.09.11-02.38.10:181][  0]LogRenderer: Reallocating scene render targets to support 964x436 Format 10 NumSamples 1 (Frame:1).
[2018.09.11-02.38.10:205][  0]LogD3D11RHI: Error: Direct3DDevice->CreateTexture2D(TextureDesc,SubResourceData,OutTexture2D) failed 
 at D:\Build\++UE4\Sync\Engine\Source\Runtime\Windows\D3D11RHI\Private\D3D11Texture.cpp:471 
 with error E_OUTOFMEMORY, 
 Size=964x436x1 Format=DXGI_FORMAT_R10G10B10A2_UNORM(0x00000018), NumMips=1, Flags=D3D11_BIND_RENDER_TARGET D3D11_BIND_SHADER_RESOURCE 
[2018.09.11-02.38.10:210][  0]LogWindowsTextInputMethodSystem: Display: IME system now deactivated.
[2018.09.11-02.38.16:783][  0]LogConsoleResponse:     30 = 32768 KB (2D 4096x4096 PF_ShadowDepth) PreShadowCacheDepthZ
[2018.09.11-02.38.16:783][  0]LogConsoleResponse:     31 = 8192 KB (2D 2048x2048 PF_ShadowDepth) ShadowDepthAtlas
[2018.09.11-02.38.16:783][  0]LogConsoleResponse:     28 = 3284 KB (2D 964x436 PF_FloatRGBA RT UAV) LightAccumulation
[2018.09.11-02.38.16:783][  0]LogConsoleResponse:     22 = 2048 KB (3D 64x64x64 PF_FloatRGBA RT UAV) TranslucentVolume0
[2018.09.11-02.38.16:783][  0]LogConsoleResponse:     24 = 2048 KB (3D 64x64x64 PF_FloatRGBA RT UAV) TranslucentVolume1
[2018.09.11-02.38.16:783][  0]LogConsoleResponse:     26 = 2048 KB (3D 64x64x64 PF_FloatRGBA RT UAV) TranslucentVolume2
[2018.09.11-02.38.16:783][  0]LogConsoleResponse:     23 = 2048 KB (3D 64x64x64 PF_FloatRGBA RT UAV) TranslucentVolumeDir0
[2018.09.11-02.38.16:783][  0]LogConsoleResponse:     25 = 2048 KB (3D 64x64x64 PF_FloatRGBA RT UAV) TranslucentVolumeDir1
[2018.09.11-02.38.16:783][  0]LogConsoleResponse:     27 = 2048 KB (3D 64x64x64 PF_FloatRGBA RT UAV) TranslucentVolumeDir2
[2018.09.11-02.38.16:783][  0]LogConsoleResponse:     32 = 2048 KB (3D 64x64x64 PF_FloatRGBA) IndirectLightingCache_0
[2018.09.11-02.38.16:783][  0]LogConsoleResponse:     33 = 2048 KB (3D 64x64x64 PF_FloatRGBA) IndirectLightingCache_1
[2018.09.11-02.38.16:783][  0]LogConsoleResponse:     34 = 2048 KB (3D 64x64x64 PF_FloatRGBA) IndirectLightingCache_2
[2018.09.11-02.38.16:783][  0]LogConsoleResponse:     19 = 1642 KB (2D 964x436 PF_DepthStencil VRam) SceneDepthZ VRamInKB(Start/Size):<NONE>
[2018.09.11-02.38.16:783][  0]LogConsoleResponse:     20 = 821 KB (2D 482x218 PF_DepthStencil) SmallDepthZ
[2018.09.11-02.38.16:783][  0]LogConsoleResponse:     29 = 821 KB (2D 964x218 PF_R32_UINT RT UAV) QuadOverdrawBuffer
[2018.09.11-02.38.16:783][  0]LogConsoleResponse:     21 = 411 KB (2D 964x436 PF_G8 RT UAV) ScreenSpaceAO
[2018.09.11-02.38.16:783][  0]LogConsoleResponse:      3 = 256 KB (2D 256x256 PF_B8G8R8A8) HZBResultsCPU
[2018.09.11-02.38.16:783][  0]LogConsoleResponse:      1 = 256 KB (2D 256x256 PF_B8G8R8A8) HZBResultsCPU
[2018.09.11-02.38.16:783][  0]LogConsoleResponse:      4 = 256 KB (2D 256x256 PF_B8G8R8A8) HZBResultsCPU
[2018.09.11-02.38.16:783][  0]LogConsoleResponse:      2 = 256 KB (2D 256x256 PF_B8G8R8A8) HZBResultsCPU
[2018.09.11-02.38.16:783][  0]LogConsoleResponse:     10 = 64 KB (2D 128x128 PF_B8G8R8A8) PerlinNoiseGradient
[2018.09.11-02.38.16:783][  0]LogConsoleResponse:     17 = 32 KB (2D 64x64 PF_FloatRGBA VRam) LTCMat VRamInKB(Start/Size):<NONE>
[2018.09.11-02.38.16:783][  0]LogConsoleResponse:     16 = 16 KB (2D 128x32 PF_G16R16) PreintegratedGF
[2018.09.11-02.38.16:783][  0]LogConsoleResponse:     18 = 16 KB (2D 64x64 PF_G16R16F VRam) LTCAmp VRamInKB(Start/Size):<NONE>
[2018.09.11-02.38.16:783][  0]LogConsoleResponse:     14 = 16 KB (3D 16x16x16 PF_B8G8R8A8) PerlinNoise3D
[2018.09.11-02.38.16:783][  0]LogConsoleResponse:     15 = 8 KB (2D 64x64 PF_R8G8) SSAORandomization
[2018.09.11-02.38.16:783][  0]LogConsoleResponse:      7 = 1 KB (2D 1x1 PF_B8G8R8A8 RT) BlackAlphaOneDummy
[2018.09.11-02.38.16:783][  0]LogConsoleResponse:      6 = 1 KB (2D 1x1 PF_B8G8R8A8 RT) BlackDummy
[2018.09.11-02.38.16:784][  0]LogConsoleResponse:      9 = 1 KB (2D 1x1 PF_B8G8R8A8 RT) DefaultNormal8Bit
[2018.09.11-02.38.16:784][  0]LogConsoleResponse:      8 = 1 KB (2D 1x1 PF_B8G8R8A8 RT) GreenDummy
[2018.09.11-02.38.16:784][  0]LogConsoleResponse:      5 = 1 KB (2D 1x1 PF_B8G8R8A8 RT) WhiteDummy
[2018.09.11-02.38.16:784][  0]LogConsoleResponse:     13 = 1 KB (2D 1x1 PF_DepthStencil) DepthDummy
[2018.09.11-02.38.16:784][  0]LogConsoleResponse:     12 = 1 KB (2D 1x1 PF_FloatRGBA RT) MaxFP16Depth
[2018.09.11-02.38.16:784][  0]LogConsoleResponse:     11 = 1 KB (2D 32x16 PF_R16_UINT) SobolSampling
[2018.09.11-02.38.16:784][  0]LogConsoleResponse:     35 = 0 KB (2D 964x436 PF_A2B10G10R10 RT) UnknownTexture2D
[2018.09.11-02.38.16:784][  0]LogConsoleResponse: 
[2018.09.11-02.38.16:784][  0]LogConsoleResponse: Pool: 66/66 MB (referenced/allocated)
[2018.09.11-02.38.16:784][  0]Cmd: rhi.DumpMemory
[2018.09.11-02.38.16:788][  0]RHI resource memory (not tracked by our allocator)
[2018.09.11-02.38.16:789][  0]               0  -  Uniform buffer memory - STAT_UniformBufferMemory - STATGROUP_RHI - STATCAT_Advanced
[2018.09.11-02.38.16:789][  0]               0  -  Texture memory 3D - STAT_TextureMemory3D - STATGROUP_RHI - STATCAT_Advanced
[2018.09.11-02.38.16:789][  0]               0  -  Texture memory 2D - STAT_TextureMemory2D - STATGROUP_RHI - STATCAT_Advanced
[2018.09.11-02.38.16:789][  0]               0  -  Texture memory Cube - STAT_TextureMemoryCube - STATGROUP_RHI - STATCAT_Advanced
[2018.09.11-02.38.16:789][  0]               0  -  Render target memory 2D - STAT_RenderTargetMemory2D - STATGROUP_RHI - STATCAT_Advanced
[2018.09.11-02.38.16:789][  0]               0  -  Vertex buffer memory - STAT_VertexBufferMemory - STATGROUP_RHI - STATCAT_Advanced
[2018.09.11-02.38.16:789][  0]               0  -  Index buffer memory - STAT_IndexBufferMemory - STATGROUP_RHI - STATCAT_Advanced
[2018.09.11-02.38.16:789][  0]0.000MB total
[2018.09.11-02.38.16:789][  0]LogWindows: FPlatformMisc::RequestExit(1)
[2018.09.11-02.38.16:796][  0]Log file closed, 09/10/18 22:38:16
