Log file open, 09/12/18 10:27:17
LogWindows: Failed to load 'aqProf.dll' (GetLastError=126)
LogWindows: File 'aqProf.dll' does not exist
LogWindows: Failed to load 'VSPerf140.dll' (GetLastError=126)
LogWindows: File 'VSPerf140.dll' does not exist
LogWindows: Failed to load 'VtuneApi.dll' (GetLastError=126)
LogWindows: File 'VtuneApi.dll' does not exist
LogWindows: Failed to load 'VtuneApi32e.dll' (GetLastError=126)
LogWindows: File 'VtuneApi32e.dll' does not exist
LogInit: Display: Running engine for game: ProjetBlueprint
LogPlatformFile: Not using cached read wrapper
LogTaskGraph: Started task graph with 5 named threads and 23 total threads with 3 sets of task threads.
LogStats: Stats thread started at 0.270745
LogD3D11RHI: Loaded GFSDK_Aftermath_Lib.x64.dll
LogICUInternationalization: Display: ICU TimeZone Detection - Raw Offset: -5:00, Platform Override: ''
LogPluginManager: Mounting plugin Paper2D
LogPluginManager: Mounting plugin AISupport
LogPluginManager: Mounting plugin LightPropagationVolume
LogPluginManager: Mounting plugin CLionSourceCodeAccess
LogPluginManager: Mounting plugin CodeLiteSourceCodeAccess
LogPluginManager: Mounting plugin GitSourceControl
LogPluginManager: Mounting plugin KDevelopSourceCodeAccess
LogPluginManager: Mounting plugin NullSourceCodeAccess
LogPluginManager: Mounting plugin PerforceSourceControl
LogPluginManager: Mounting plugin SubversionSourceControl
LogPluginManager: Mounting plugin UObjectPlugin
LogPluginManager: Mounting plugin VisualStudioCodeSourceCodeAccess
LogPluginManager: Mounting plugin VisualStudioSourceCodeAccess
LogPluginManager: Mounting plugin XCodeSourceCodeAccess
LogPluginManager: Mounting plugin AssetManagerEditor
LogPluginManager: Mounting plugin CryptoKeys
LogPluginManager: Mounting plugin DataValidation
LogPluginManager: Mounting plugin FacialAnimation
LogPluginManager: Mounting plugin GameplayTagsEditor
LogPluginManager: Mounting plugin MacGraphicsSwitching
LogPluginManager: Mounting plugin MeshEditor
LogPluginManager: Mounting plugin MobileLauncherProfileWizard
LogPluginManager: Mounting plugin PluginBrowser
LogPluginManager: Mounting plugin SpeedTreeImporter
LogPluginManager: Mounting plugin DatasmithContent
LogPluginManager: Mounting plugin AlembicImporter
LogPluginManager: Mounting plugin AppleImageUtils
LogPluginManager: Mounting plugin AppleVision
LogPluginManager: Mounting plugin BackChannel
LogPluginManager: Mounting plugin CharacterAI
LogPluginManager: Mounting plugin GeometryCache
LogPluginManager: Mounting plugin HTML5Networking
LogPluginManager: Mounting plugin ProxyLODPlugin
LogPluginManager: Mounting plugin MagicLeap
LogPluginManager: Mounting plugin MagicLeapEmulator
LogPluginManager: Mounting plugin MagicLeapMedia
LogPluginManager: Mounting plugin AndroidMedia
LogPluginManager: Mounting plugin AvfMedia
LogPluginManager: Mounting plugin ImgMedia
LogPluginManager: Mounting plugin LinearTimecode
LogPluginManager: Mounting plugin MediaCompositing
LogPluginManager: Mounting plugin MediaPlayerEditor
LogPluginManager: Mounting plugin WmfMedia
LogPluginManager: Mounting plugin TcpMessaging
LogPluginManager: Mounting plugin UdpMessaging
LogPluginManager: Mounting plugin ActorSequence
LogPluginManager: Mounting plugin LevelSequenceEditor
LogPluginManager: Mounting plugin MatineeToLevelSequence
LogPluginManager: Mounting plugin NetcodeUnitTest
LogPluginManager: Mounting plugin NUTUnrealEngine4
LogPluginManager: Mounting plugin OnlineSubsystemGooglePlay
LogPluginManager: Mounting plugin OnlineSubsystemIOS
LogPluginManager: Mounting plugin OnlineSubsystem
LogPluginManager: Mounting plugin OnlineSubsystemNull
LogPluginManager: Mounting plugin OnlineSubsystemUtils
LogPluginManager: Mounting plugin LauncherChunkInstaller
LogPluginManager: Mounting plugin AndroidDeviceProfileSelector
LogPluginManager: Mounting plugin AndroidMoviePlayer
LogPluginManager: Mounting plugin AndroidPermission
LogPluginManager: Mounting plugin AppleMoviePlayer
LogPluginManager: Mounting plugin ArchVisCharacter
LogPluginManager: Mounting plugin AudioCapture
LogPluginManager: Mounting plugin CableComponent
LogPluginManager: Mounting plugin CustomMeshComponent
LogPluginManager: Mounting plugin EditableMesh
LogPluginManager: Mounting plugin ExampleDeviceProfileSelector
LogPluginManager: Mounting plugin GoogleCloudMessaging
LogPluginManager: Mounting plugin ImmediatePhysics
LogPluginManager: Mounting plugin IOSDeviceProfileSelector
LogPluginManager: Mounting plugin LinuxDeviceProfileSelector
LogPluginManager: Mounting plugin LocationServicesBPLibrary
LogPluginManager: Mounting plugin MobilePatchingUtils
LogPluginManager: Mounting plugin OculusVR
LogPluginManager: Plugin shader directory ../../../Engine/Plugins/Runtime/Oculus/OculusVR/Shaders found
LogPluginManager: Mapping shader source directory ../../../Engine/Plugins/Runtime/Oculus/OculusVR/Shaders to virtual directory /Plugin/OculusVR
LogPluginManager: Mounting plugin PhysXVehicles
LogPluginManager: Mounting plugin ProceduralMeshComponent
LogPluginManager: Mounting plugin RuntimePhysXCooking
LogPluginManager: Mounting plugin SteamVR
LogPluginManager: Mounting plugin WindowsMoviePlayer
LogStreaming: Display: Took  0.103s to configure plugins.
LogInit: Using libcurl 7.55.1-DEV
LogInit:  - built for x86_64-pc-win32
LogInit:  - supports SSL with OpenSSL/1.0.2h
LogInit:  - supports HTTP deflate (compression) using libz 1.2.8
LogInit:  - other features:
LogInit:      CURL_VERSION_SSL
LogInit:      CURL_VERSION_LIBZ
LogInit:      CURL_VERSION_IPV6
LogInit:      CURL_VERSION_ASYNCHDNS
LogInit:      CURL_VERSION_LARGEFILE
LogInit:      CURL_VERSION_IDN
LogInit:  CurlRequestOptions (configurable via config and command line):
LogInit:  - bVerifyPeer = false  - Libcurl will NOT verify peer certificate
LogInit:  - bUseHttpProxy = false  - Libcurl will NOT use HTTP proxy
LogInit:  - bDontReuseConnections = false  - Libcurl will reuse connections
LogInit:  - CertBundlePath = nullptr  - Libcurl will use whatever was configured at build time.
LogInit:  - MaxHostConnections = 16  - Libcurl will limit the number of connections to a host
LogInit:  - LocalHostAddr = Default
LogInit:  - BufferSize = 65536
LogInit: WinSock: version 1.1 (2.2), MaxSocks=32767, MaxUdp=65467
LogInit: Build: ++UE4+Release-4.20-CL-4302132
LogInit: Engine Version: 4.20.2-4302132+++UE4+Release-4.20
LogInit: Compatible Engine Version: 4.20.0-4212847+++UE4+Release-4.20
LogInit: Net CL: 4212847
LogInit: OS: Windows 10 (), CPU: Intel(R) Core(TM) i5-8300H CPU @ 2.30GHz, GPU: Intel(R) UHD Graphics 630
LogInit: Compiled (64-bit): Aug 21 2018 02:06:06
LogInit: Compiled with Visual C++: 19.13.26129.00
LogInit: Build Configuration: Development
LogInit: Branch Name: ++UE4+Release-4.20
LogInit: Command Line: 
LogInit: Base Directory: C:/Program Files/Epic Games/UE_4.20/Engine/Binaries/Win64/
LogInit: Installed Engine Build: 1
LogDevObjectVersion: Number of dev versions registered: 20
LogDevObjectVersion:   Dev-Blueprints (B0D832E4-1F89-4F0D-ACCF-7EB736FD4AA2): 10
LogDevObjectVersion:   Dev-Build (E1C64328-A22C-4D53-A36C-8E866417BD8C): 0
LogDevObjectVersion:   Dev-Core (375EC13C-06E4-48FB-B500-84F0262A717E): 2
LogDevObjectVersion:   Dev-Editor (E4B068ED-F494-42E9-A231-DA0B2E46BB41): 24
LogDevObjectVersion:   Dev-Framework (CFFC743F-43B0-4480-9391-14DF171D2073): 34
LogDevObjectVersion:   Dev-Mobile (B02B49B5-BB20-44E9-A304-32B752E40360): 2
LogDevObjectVersion:   Dev-Networking (A4E4105C-59A1-49B5-A7C5-40C4547EDFEE): 0
LogDevObjectVersion:   Dev-Online (39C831C9-5AE6-47DC-9A44-9C173E1C8E7C): 0
LogDevObjectVersion:   Dev-Physics (78F01B33-EBEA-4F98-B9B4-84EACCB95AA2): 0
LogDevObjectVersion:   Dev-Platform (6631380F-2D4D-43E0-8009-CF276956A95A): 0
LogDevObjectVersion:   Dev-Rendering (12F88B9F-8875-4AFC-A67C-D90C383ABD29): 26
LogDevObjectVersion:   Dev-Sequencer (7B5AE74C-D270-4C10-A958-57980B212A5A): 9
LogDevObjectVersion:   Dev-VR (D7296918-1DD6-4BDD-9DE2-64A83CC13884): 2
LogDevObjectVersion:   Dev-LoadTimes (C2A15278-BFE7-4AFE-6C17-90FF531DF755): 1
LogDevObjectVersion:   Private-Geometry (6EACA3D4-40EC-4CC1-B786-8BED09428FC5): 3
LogDevObjectVersion:   Dev-AnimPhys (29E575DD-E0A3-4627-9D10-D276232CDCEA): 17
LogDevObjectVersion:   Dev-ReflectionCapture (6B266CEC-1EC7-4B8F-A30B-E4D90942FC07): 1
LogDevObjectVersion:   Dev-Automation (0DF73D61-A23F-47EA-B727-89E90C41499A): 1
LogDevObjectVersion:   FortniteMain (601D1886-AC64-4F84-AA16-D3DE0DEAC7D6): 12
LogDevObjectVersion:   Dev-Enterprise (9DFFBCD6-494F-0158-E221-12823C92A888): 1
LogStreaming: Display: Took  0.002s to delete old logs.
LogInit: Presizing for max 8388607 objects, including 0 objects not considered by GC, pre-allocating 0 bytes for permanent pool.
LogInit: Object subsystem initialized
[2018.09.12-14.27.17:453][  0]LogInit: Selected Device Profile: [Windows]
[2018.09.12-14.27.17:453][  0]LogInit: Applying CVar settings loaded from the selected device profile: [Windows]
[2018.09.12-14.27.17:467][  0]LogHAL: Display: Platform has ~ 8 GB [8461172736 / 8589934592 / 8], which maps to Default [LargestMinGB=32, LargerMinGB=12, DefaultMinGB=8, SmallerMinGB=6, SmallestMinGB=0)
[2018.09.12-14.27.17:467][  0]LogInit: Setting Device Profile CVar: [[r.Vulkan.UseRealUBs:1]]
[2018.09.12-14.27.17:467][  0]LogInit: Going up to parent DeviceProfile []
[2018.09.12-14.27.17:468][  0]LogInit: Computer: MSI-VINCENT
[2018.09.12-14.27.17:468][  0]LogInit: User: Vincent
[2018.09.12-14.27.17:468][  0]LogInit: CPU Page size=4096, Cores=4
[2018.09.12-14.27.17:468][  0]LogInit: High frequency timer resolution =2.250004 MHz
[2018.09.12-14.27.17:468][  0]LogMemory: Memory total: Physical=7.9GB (8GB approx)
[2018.09.12-14.27.17:468][  0]LogMemory: Platform Memory Stats for Windows
[2018.09.12-14.27.17:468][  0]LogMemory: Process Physical Memory: 99.86 MB used, 99.86 MB peak
[2018.09.12-14.27.17:468][  0]LogMemory: Process Virtual Memory: 90.93 MB used, 90.93 MB peak
[2018.09.12-14.27.17:468][  0]LogMemory: Physical Memory: 4315.94 MB used,  3753.26 MB free, 8069.20 MB total
[2018.09.12-14.27.17:468][  0]LogMemory: Virtual Memory: 4640.12 MB used,  3753.26 MB free, 134217728.00 MB total
[2018.09.12-14.27.17:484][  0]LogInit: Using OS detected language (fr-FR).
[2018.09.12-14.27.17:484][  0]LogInit: Using OS detected locale (fr-FR).
[2018.09.12-14.27.17:485][  0]LogTextLocalizationManager: No specific localization for 'fr-FR' exists, so the 'fr' localization will be used.
[2018.09.12-14.27.17:486][  0]LogStreaming: Display: Took  0.002s to InitEngineTextLocalization.
[2018.09.12-14.27.17:517][  0]LogSlate: New Slate User Created.  User Index 0, Is Virtual User: 0
[2018.09.12-14.27.17:517][  0]LogSlate: Slate User Registered.  User Index 0, Is Virtual User: 0
[2018.09.12-14.27.17:704][  0]LogHMD: Failed to initialize OpenVR with code 110
[2018.09.12-14.27.17:704][  0]LogD3D11RHI: D3D11 adapters:
[2018.09.12-14.27.17:766][  0]LogD3D11RHI:    0. 'NVIDIA GeForce GTX 1060' (Feature Level 11_0)
[2018.09.12-14.27.17:766][  0]LogD3D11RHI:       6052/0/4034 MB DedicatedVideo/DedicatedSystem/SharedSystem, Outputs:1, VendorId:0x10de
[2018.09.12-14.27.17:776][  0]LogD3D11RHI:    1. 'Intel(R) UHD Graphics 630' (Feature Level 11_0)
[2018.09.12-14.27.17:776][  0]LogD3D11RHI:       128/0/4034 MB DedicatedVideo/DedicatedSystem/SharedSystem, Outputs:0, VendorId:0x8086
[2018.09.12-14.27.17:778][  0]LogD3D11RHI:    2. 'Microsoft Basic Render Driver' (Feature Level 11_0)
[2018.09.12-14.27.17:778][  0]LogD3D11RHI:       0/0/4034 MB DedicatedVideo/DedicatedSystem/SharedSystem, Outputs:0, VendorId:0x1414
[2018.09.12-14.27.17:778][  0]LogD3D11RHI: Chosen D3D11 Adapter: 0
[2018.09.12-14.27.17:801][  0]LogD3D11RHI: Creating new Direct3DDevice
[2018.09.12-14.27.17:801][  0]LogD3D11RHI:     GPU DeviceId: 0x1c20 (for the marketing name, search the web for "GPU Device Id")
[2018.09.12-14.27.17:801][  0]LogWindows: EnumDisplayDevices:
[2018.09.12-14.27.17:801][  0]LogWindows:    0. 'Intel(R) UHD Graphics 630' (P:1 D:1)
[2018.09.12-14.27.17:801][  0]LogWindows:    1. 'Intel(R) UHD Graphics 630' (P:0 D:0)
[2018.09.12-14.27.17:802][  0]LogWindows:    2. 'Intel(R) UHD Graphics 630' (P:0 D:0)
[2018.09.12-14.27.17:802][  0]LogWindows:    3. 'NVIDIA GeForce GTX 1060' (P:0 D:0)
[2018.09.12-14.27.17:802][  0]LogWindows:    4. 'NVIDIA GeForce GTX 1060' (P:0 D:0)
[2018.09.12-14.27.17:802][  0]LogWindows:    5. 'NVIDIA GeForce GTX 1060' (P:0 D:0)
[2018.09.12-14.27.17:802][  0]LogWindows:    6. 'NVIDIA GeForce GTX 1060' (P:0 D:0)
[2018.09.12-14.27.17:802][  0]LogWindows: DebugString: PrimaryIsNotTheChoosenAdapter PrimaryIsNotTheChoosenAdapter PrimaryIsNotTheChoosenAdapter FoundDriverCount:4 
[2018.09.12-14.27.17:802][  0]LogD3D11RHI:     Adapter Name: NVIDIA GeForce GTX 1060
[2018.09.12-14.27.17:802][  0]LogD3D11RHI:   Driver Version: 399.24 (internal:24.21.13.9924, unified:399.24)
[2018.09.12-14.27.17:802][  0]LogD3D11RHI:      Driver Date: 9-5-2018
[2018.09.12-14.27.17:802][  0]LogRHI: Texture pool is 4236 MB (70% of 6052 MB)
[2018.09.12-14.27.17:836][  0]LogD3D11RHI: Async texture creation enabled
[2018.09.12-14.27.17:853][  0]LogD3D11RHI: GPU Timing Frequency: 1000.000000 (Debug: 2 2)
[2018.09.12-14.27.17:854][  0]LogShaderCompilers: Guid format shader working directory is -40 characters bigger than the processId version (../../../../../../Users/Vincent/Desktop/Cours/Mondes virtuels/projet-unreal-2018-VinSey1/Intermediate/Shaders/WorkingDirectory/3984/).
[2018.09.12-14.27.17:854][  0]LogShaderCompilers: Cleaned the shader compiler working directory 'C:/Users/Vincent/AppData/Local/Temp/UnrealShaderWorkingDir/2AF3379442E96D14BA10EA80C156EEEF/'.
[2018.09.12-14.27.18:080][  0]LogTemp: Display: Loaded TP AllDesktopTargetPlatform
[2018.09.12-14.27.18:091][  0]LogTemp: Display: Loaded TP MacClientTargetPlatform
[2018.09.12-14.27.18:103][  0]LogTemp: Display: Loaded TP MacNoEditorTargetPlatform
[2018.09.12-14.27.18:115][  0]LogTemp: Display: Loaded TP MacServerTargetPlatform
[2018.09.12-14.27.18:129][  0]LogTemp: Display: Loaded TP MacTargetPlatform
[2018.09.12-14.27.18:142][  0]LogTemp: Display: Loaded TP WindowsClientTargetPlatform
[2018.09.12-14.27.18:154][  0]LogTemp: Display: Loaded TP WindowsNoEditorTargetPlatform
[2018.09.12-14.27.18:165][  0]LogTemp: Display: Loaded TP WindowsServerTargetPlatform
[2018.09.12-14.27.18:171][  0]LogTemp: Display: Loaded TP WindowsTargetPlatform
[2018.09.12-14.27.18:239][  0]LogTemp: Display: Loaded TP AndroidTargetPlatform
[2018.09.12-14.27.18:239][  0]LogTemp: Display: Loaded TP AndroidTargetPlatform
[2018.09.12-14.27.18:239][  0]LogTemp: Display: Loaded TP AndroidTargetPlatform
[2018.09.12-14.27.18:239][  0]LogTemp: Display: Loaded TP AndroidTargetPlatform
[2018.09.12-14.27.18:239][  0]LogTemp: Display: Loaded TP AndroidTargetPlatform
[2018.09.12-14.27.18:239][  0]LogTemp: Display: Loaded TP AndroidTargetPlatform
[2018.09.12-14.27.18:239][  0]LogTemp: Display: Loaded TP AndroidTargetPlatform
[2018.09.12-14.27.18:239][  0]LogTemp: Display: Loaded TP AndroidTargetPlatform
[2018.09.12-14.27.18:239][  0]LogTemp: Display: Loaded TP AndroidTargetPlatform
[2018.09.12-14.27.18:239][  0]LogTemp: Display: Loaded TP AndroidTargetPlatform
[2018.09.12-14.27.18:239][  0]LogTemp: Display: Loaded TP AndroidTargetPlatform
[2018.09.12-14.27.18:239][  0]LogTemp: Display: Loaded TP AndroidTargetPlatform
[2018.09.12-14.27.18:239][  0]LogTemp: Display: Loaded TP AndroidTargetPlatform
[2018.09.12-14.27.18:239][  0]LogTemp: Display: Loaded TP AndroidTargetPlatform
[2018.09.12-14.27.18:239][  0]LogTemp: Display: Loaded TP AndroidTargetPlatform
[2018.09.12-14.27.18:239][  0]LogTemp: Display: Loaded TP AndroidTargetPlatform
[2018.09.12-14.27.18:239][  0]LogTemp: Display: Loaded TP AndroidTargetPlatform
[2018.09.12-14.27.18:239][  0]LogTemp: Display: Loaded TP AndroidTargetPlatform
[2018.09.12-14.27.18:240][  0]LogTemp: Display: Loaded TP HTML5TargetPlatform
[2018.09.12-14.27.18:296][  0]LogTemp: Display: Loaded TP IOSTargetPlatform
[2018.09.12-14.27.18:296][  0]LogTemp: Display: Loaded TP IOSTargetPlatform
[2018.09.12-14.27.18:315][  0]LogTemp: Display: Loaded TP TVOSTargetPlatform
[2018.09.12-14.27.18:315][  0]LogTemp: Display: Loaded TP TVOSTargetPlatform
[2018.09.12-14.27.18:325][  0]LogTemp: Display: Loaded TP LinuxClientTargetPlatform
[2018.09.12-14.27.18:335][  0]LogTemp: Display: Loaded TP LinuxNoEditorTargetPlatform
[2018.09.12-14.27.18:345][  0]LogTemp: Display: Loaded TP LinuxServerTargetPlatform
[2018.09.12-14.27.18:356][  0]LogTemp: Display: Loaded TP LinuxTargetPlatform
[2018.09.12-14.27.18:363][  0]LogTemp: Display: Loaded TP LuminTargetPlatform
[2018.09.12-14.27.18:363][  0]LogTargetPlatformManager: Display: Building Assets For Windows
[2018.09.12-14.27.18:409][  0]LogXGEController: Cannot use XGE Controller as Incredibuild is not installed on this machine.
[2018.09.12-14.27.18:409][  0]LogShaderCompilers: Cannot use XGE Shader Compiler as Incredibuild is not installed on this machine.
[2018.09.12-14.27.18:409][  0]LogShaderCompilers: Display: Using Local Shader Compiler.
[2018.09.12-14.27.19:006][  0]LogDerivedDataCache: Display: Max Cache Size: 512 MB
[2018.09.12-14.27.19:059][  0]LogDerivedDataCache: Loaded boot cache 0.05s 71MB C:/Users/Vincent/AppData/Local/UnrealEngine/4.20/DerivedDataCache/Boot.ddc.
[2018.09.12-14.27.19:059][  0]LogDerivedDataCache: Display: Loaded Boot cache: C:/Users/Vincent/AppData/Local/UnrealEngine/4.20/DerivedDataCache/Boot.ddc
[2018.09.12-14.27.19:059][  0]LogDerivedDataCache: FDerivedDataBackendGraph:  Pak pak cache file ../../../../../../Users/Vincent/Desktop/Cours/Mondes virtuels/projet-unreal-2018-VinSey1/DerivedDataCache/DDC.ddp not found, will not use a pak cache.
[2018.09.12-14.27.19:059][  0]LogDerivedDataCache: Unable to find inner node Pak for hierarchical cache Hierarchy.
[2018.09.12-14.27.19:059][  0]LogDerivedDataCache: FDerivedDataBackendGraph:  CompressedPak pak cache file ../../../../../../Users/Vincent/Desktop/Cours/Mondes virtuels/projet-unreal-2018-VinSey1/DerivedDataCache/Compressed.ddp not found, will not use a pak cache.
[2018.09.12-14.27.19:059][  0]LogDerivedDataCache: Unable to find inner node CompressedPak for hierarchical cache Hierarchy.
[2018.09.12-14.27.19:071][  0]LogDerivedDataCache: Display: Pak cache opened for reading ../../../Engine/DerivedDataCache/Compressed.ddp.
[2018.09.12-14.27.19:083][  0]LogDerivedDataCache: Using Local data cache path C:/Users/Vincent/AppData/Local/UnrealEngine/Common/DerivedDataCache: Writable
[2018.09.12-14.27.19:083][  0]LogDerivedDataCache: Shared data cache path not found in *engine.ini, will not use an Shared cache.
[2018.09.12-14.27.19:083][  0]LogDerivedDataCache: Unable to find inner node Shared for hierarchical cache Hierarchy.
[2018.09.12-14.27.19:098][  0]LogMaterial: Verifying Global Shaders for PCD3D_SM5
[2018.09.12-14.27.19:099][  0]LogSlate: Using FreeType 2.6.0
[2018.09.12-14.27.19:099][  0]LogSlate: SlateFontServices - WITH_FREETYPE: 1, WITH_HARFBUZZ: 1
[2018.09.12-14.27.19:164][  0]LogAssetRegistry: FAssetRegistry took 0.0258 seconds to start up
[2018.09.12-14.27.19:417][  0]LogInit: Selected Device Profile: [Windows]
[2018.09.12-14.27.19:523][  0]LogSimplygon: Simplygon DLL not present - disabling.
[2018.09.12-14.27.19:526][  0]LogMeshReduction: Using SimplygonSwarm for distributed automatic mesh merging
[2018.09.12-14.27.19:526][  0]LogMeshReduction: Using ProxyLODMeshReduction for automatic mesh merging
[2018.09.12-14.27.19:526][  0]LogMeshReduction: Using QuadricMeshReduction for automatic static mesh reduction
[2018.09.12-14.27.19:526][  0]LogMeshReduction: No automatic skeletal mesh reduction module available
[2018.09.12-14.27.19:537][  0]LogNetVersion: ProjetBlueprint 1.0.0, NetCL: 4212847, EngineNetVer: 5, GameNetVer: 0 (Checksum: 1720499231)
[2018.09.12-14.27.19:962][  0]LogPackageLocalizationCache: Processed 11 localized package path(s) for 2 prioritized culture(s) in 0.094284 seconds
[2018.09.12-14.27.19:967][  0]LogUObjectArray: 38425 objects as part of root set at end of initial load.
[2018.09.12-14.27.19:967][  0]LogUObjectAllocator: 6690872 out of 0 bytes used by permanent object pool.
[2018.09.12-14.27.19:967][  0]LogUObjectArray: CloseDisregardForGC: 0/0 objects in disregard for GC pool
[2018.09.12-14.27.20:706][  0]LogTcpMessaging: Initializing TcpMessaging bridge
[2018.09.12-14.27.20:718][  0]LogUdpMessaging: Initializing bridge on interface 0.0.0.0:0 to multicast group 230.0.0.1:6666.
[2018.09.12-14.27.20:852][  0]SourceControl: Source control is disabled
[2018.09.12-14.27.20:852][  0]SourceControl: Source control is disabled
[2018.09.12-14.27.20:853][  0]SourceControl: Source control is disabled
[2018.09.12-14.27.20:854][  0]SourceControl: Source control is disabled
[2018.09.12-14.27.21:011][  0]LogAndroidPermission: UAndroidPermissionCallbackProxy::GetInstance
[2018.09.12-14.27.21:053][  0]LogOcInput: OculusInput pre-init called
[2018.09.12-14.27.21:112][  0]LogEngine: Initializing Engine...
[2018.09.12-14.27.21:112][  0]LogHMD: Failed to initialize OpenVR with code 110
[2018.09.12-14.27.21:114][  0]LogStats: UGameplayTagsManager::ConstructGameplayTagTree: ImportINI prefixes -  0.000 s
[2018.09.12-14.27.21:114][  0]LogStats: UGameplayTagsManager::ConstructGameplayTagTree: Construct from data asset -  0.000 s
[2018.09.12-14.27.21:114][  0]LogStats: UGameplayTagsManager::ConstructGameplayTagTree: ImportINI -  0.000 s
[2018.09.12-14.27.21:114][  0]LogStats: UGameplayTagsManager::ConstructGameplayTagTree: GameplayTagTreeChangedEvent.Broadcast -  0.000 s
[2018.09.12-14.27.21:305][  0]LogInit: Initializing FReadOnlyCVARCache
[2018.09.12-14.27.21:326][  0]LogAIModule: Creating AISystem for world Untitled
[2018.09.12-14.27.21:332][  0]LogInit: XAudio2 using 'Haut-parleurs (Realtek(R) Audio)' : 2 channels at 48 kHz using 32 bits per sample (channel mask 0x3)
[2018.09.12-14.27.21:428][  0]LogInit: FAudioDevice initialized.
[2018.09.12-14.27.21:428][  0]LogNetVersion: Set ProjectVersion to 1.0.0.0. Version Checksum will be recalculated on next use.
[2018.09.12-14.27.21:523][  0]LogDerivedDataCache: Saved boot cache 0.09s 71MB C:/Users/Vincent/AppData/Local/UnrealEngine/4.20/DerivedDataCache/Boot.ddc.
[2018.09.12-14.27.21:534][  0]LogInit: Texture streaming: Enabled
[2018.09.12-14.27.21:551][  0]LogEngineSessionManager: EngineSessionManager initialized
[2018.09.12-14.27.21:564][  0]LogInit: Transaction tracking system initialized
[2018.09.12-14.27.21:585][  0]BlueprintLog: New page: Editor Load
[2018.09.12-14.27.21:658][  0]LocalizationService: Localization service is disabled
[2018.09.12-14.27.21:893][  0]LogCook: Display: Max memory allowance for cook 16384mb min free memory 0mb
[2018.09.12-14.27.21:893][  0]LogCook: Display: Mobile HDR setting 1
[2018.09.12-14.27.21:893][  0]LogGameplayTags: Display: UGameplayTagsManager::DoneAddingNativeTags. DelegateIsBound: 0
[2018.09.12-14.27.21:893][  0]LogStats: UGameplayTagsManager::ConstructGameplayTagTree: ImportINI prefixes -  0.000 s
[2018.09.12-14.27.21:893][  0]LogStats: UGameplayTagsManager::ConstructGameplayTagTree: Construct from data asset -  0.000 s
[2018.09.12-14.27.21:893][  0]LogStats: UGameplayTagsManager::ConstructGameplayTagTree: ImportINI -  0.000 s
[2018.09.12-14.27.21:893][  0]LogStats: UGameplayTagsManager::ConstructGameplayTagTree: GameplayTagTreeChangedEvent.Broadcast -  0.000 s
[2018.09.12-14.27.22:004][  0]LogFileCache: Scanning file cache for directory 'C:/Users/Vincent/Desktop/Cours/Mondes virtuels/projet-unreal-2018-VinSey1/Content/' took 0.02s
[2018.09.12-14.27.22:004][  0]SourceControl: Source control is disabled
[2018.09.12-14.27.22:004][  0]Cmd: MAP LOAD FILE="../../../../../../Users/Vincent/Desktop/Cours/Mondes virtuels/projet-unreal-2018-VinSey1/Content/FirstPersonBP/Maps/FirstPersonExampleMap.umap" TEMPLATE=0 SHOWPROGRESS=1 FEATURELEVEL=3
[2018.09.12-14.27.22:011][  0]LightingResults: New page: Lighting Build
[2018.09.12-14.27.22:013][  0]MapCheck: New page: Map Check
[2018.09.12-14.27.22:014][  0]LightingResults: New page: Lighting Build
[2018.09.12-14.27.24:973][  0]LogAIModule: Creating AISystem for world FirstPersonExampleMap
[2018.09.12-14.27.24:996][  0]LogEditorServer: Finished looking for orphan Actors (0.000 secs)
[2018.09.12-14.27.25:018][  0]Cmd: MAP CHECKDEP NOCLEARLOG
[2018.09.12-14.27.25:112][  0]MapCheck: Map check complete: 0 Error(s), 0 Warning(s), took 94,804ms to complete.
[2018.09.12-14.27.25:112][  0]LogFileHelpers: Loading map 'FirstPersonExampleMap' took 3.109
[2018.09.12-14.27.25:250][  0]LogSlate: Updating window title bar state: overlay mode, drag disabled, window buttons hidden, title bar hidden
[2018.09.12-14.27.25:259][  0]LogSlate: Updating window title bar state: overlay mode, drag disabled, window buttons hidden, title bar hidden
[2018.09.12-14.27.25:267][  0]LogSlate: Updating window title bar state: overlay mode, drag disabled, window buttons hidden, title bar hidden
[2018.09.12-14.27.25:275][  0]LogSlate: Updating window title bar state: overlay mode, drag disabled, window buttons hidden, title bar hidden
[2018.09.12-14.27.25:287][  0]LogCollectionManager: Loaded 0 collections in 0.001850 seconds
[2018.09.12-14.27.25:333][  0]LogFileCache: Scanning file cache for directory 'C:/Users/Vincent/Desktop/Cours/Mondes virtuels/projet-unreal-2018-VinSey1/Saved/Collections/' took 0.01s
[2018.09.12-14.27.25:333][  0]LogFileCache: Scanning file cache for directory 'C:/Users/Vincent/Desktop/Cours/Mondes virtuels/projet-unreal-2018-VinSey1/Content/Developers/Vincent/Collections/' took 0.01s
[2018.09.12-14.27.25:333][  0]LogFileCache: Scanning file cache for directory 'C:/Users/Vincent/Desktop/Cours/Mondes virtuels/projet-unreal-2018-VinSey1/Content/Collections/' took 0.01s
[2018.09.12-14.27.25:333][  0]LogCollectionManager: Rebuilt the GUID cache for 0 collections in 0.000000 seconds
[2018.09.12-14.27.25:343][  0]LogContentBrowser: Native class hierarchy populated in 0.0099 seconds. Added 2572 classes and 603 folders.
[2018.09.12-14.27.25:351][  0]LogContentBrowser: Native class hierarchy updated for 'WidgetCarousel' in 0.0003 seconds. Added 0 classes and 0 folders.
[2018.09.12-14.27.25:776][  0]LogContentBrowser: Native class hierarchy updated for 'AddContentDialog' in 0.0002 seconds. Added 0 classes and 0 folders.
[2018.09.12-14.27.25:796][  0]LogContentBrowser: Native class hierarchy updated for 'SceneOutliner' in 0.0002 seconds. Added 1 classes and 2 folders.
[2018.09.12-14.27.25:837][  0]LogSlate: Took 0.000207 seconds to synchronously load lazily loaded font '../../../Engine/Content/Slate/Fonts/Roboto-Regular.ttf' (155K)
[2018.09.12-14.27.25:840][  0]LogSlate: Took 0.000186 seconds to synchronously load lazily loaded font '../../../Engine/Content/Slate/Fonts/Roboto-Bold.ttf' (160K)
[2018.09.12-14.27.25:853][  0]LogSlate: Took 0.005898 seconds to synchronously load lazily loaded font '../../../Engine/Content/Editor/Slate/Fonts/FontAwesome.ttf' (139K)
[2018.09.12-14.27.26:017][  0]LogRenderer: Reallocating scene render targets to support 964x436 Format 10 NumSamples 1 (Frame:1).
[2018.09.12-14.27.26:297][  0]LogContentBrowser: Native class hierarchy updated for 'HierarchicalLODOutliner' in 0.0002 seconds. Added 0 classes and 0 folders.
[2018.09.12-14.27.26:297][  0]LogLoad: (Engine Initialization) Total time: 10.31 seconds
[2018.09.12-14.27.26:298][  0]LogLoad: (Engine Initialization) Total Blueprint compile time: 0.00 seconds
[2018.09.12-14.27.26:309][  0]LogWindowsTextInputMethodSystem: Display: IME system now deactivated.
[2018.09.12-14.27.26:328][  0]LogContentStreaming: Texture pool size now 1000 MB
[2018.09.12-14.27.26:352][  0]LogSlate: Took 0.006865 seconds to synchronously load lazily loaded font '../../../Engine/Content/Slate/Fonts/Roboto-Light.ttf' (167K)
[2018.09.12-14.27.26:408][  1]LogAssetRegistry: Asset discovery search completed in 7.2662 seconds
[2018.09.12-14.27.26:410][  1]LogCollectionManager: Rebuilt the object cache for 0 collections in 0.000000 seconds (found 0 objects)
[2018.09.12-14.27.26:410][  1]LogCollectionManager: Fixed up redirectors for 0 collections in 0.000058 seconds (updated 0 objects)
[2018.09.12-14.27.46:971][275]LogEditorViewport: Clicking on Actor (LMB): Obstacle_Blueprint_C (Obstacle_Blueprint)
[2018.09.12-14.27.49:440][515]LogSlate: FSceneViewport::OnFocusLost() reason 2
[2018.09.12-14.27.50:282][613]LogSlate: Took 0.000185 seconds to synchronously load lazily loaded font '../../../Engine/Content/Slate/Fonts/Roboto-Light.ttf' (167K)
[2018.09.12-14.27.50:283][613]LogSlate: FSceneViewport::OnFocusLost() reason 2
[2018.09.12-14.27.50:288][613]LogAssetEditorManager: Opening Asset editor for Blueprint /Game/FirstPersonBP/Obstacle_Blueprint.Obstacle_Blueprint
[2018.09.12-14.27.50:880][613]LogContentBrowser: Native class hierarchy updated for 'BlueprintGraph' in 0.0006 seconds. Added 116 classes and 0 folders.
[2018.09.12-14.27.51:632][613]LogSlate: Took 0.003965 seconds to synchronously load lazily loaded font '../../../Engine/Content/Slate/Fonts/Roboto-BoldCondensed.ttf' (158K)
[2018.09.12-14.27.51:734][614]LogSlate: Took 0.004412 seconds to synchronously load lazily loaded font '../../../Engine/Content/Slate/Fonts/Roboto-Italic.ttf' (157K)
[2018.09.12-14.31.09:129][927]LogSlate: Window 'Obstacle_Blueprint' being destroyed
[2018.09.12-14.31.09:140][927]LogSlate: Window 'Obstacle_Blueprint' being destroyed
[2018.09.12-14.31.10:941][120]LogSlate: FSceneViewport::OnFocusLost() reason 0
[2018.09.12-14.31.11:005][127]LogTemp: Repeating last play command: Selected Viewport
[2018.09.12-14.31.11:026][127]LogBlueprintUserMessages: Early PlayInEditor Detection: Level '/Game/FirstPersonBP/Maps/FirstPersonExampleMap.FirstPersonExampleMap:PersistentLevel' has LevelScriptBlueprint '/Game/FirstPersonBP/Maps/FirstPersonExampleMap.FirstPersonExampleMap:PersistentLevel.FirstPersonExampleMap' with GeneratedClass '/Game/FirstPersonBP/Maps/FirstPersonExampleMap.FirstPersonExampleMap_C' with ClassGeneratedBy '/Game/FirstPersonBP/Maps/FirstPersonExampleMap.FirstPersonExampleMap:PersistentLevel.FirstPersonExampleMap'
[2018.09.12-14.31.11:026][127]LogPlayLevel: PlayLevel: No blueprints needed recompiling
[2018.09.12-14.31.11:041][127]PIE: New page: PIE session: FirstPersonExampleMap (12 sept. 2018 06:31:11)
[2018.09.12-14.31.11:041][127]LogPlayLevel: Creating play world package: /Game/FirstPersonBP/Maps/UEDPIE_0_FirstPersonExampleMap
[2018.09.12-14.31.11:062][127]LogPlayLevel: PIE: StaticDuplicateObject took: (0.022284s)
[2018.09.12-14.31.11:063][127]LogAIModule: Creating AISystem for world FirstPersonExampleMap
[2018.09.12-14.31.11:064][127]LogPlayLevel: PIE: World Init took: (0.001018s)
[2018.09.12-14.31.11:064][127]LogPlayLevel: PIE: Created PIE world by copying editor world from /Game/FirstPersonBP/Maps/FirstPersonExampleMap.FirstPersonExampleMap to /Game/FirstPersonBP/Maps/UEDPIE_0_FirstPersonExampleMap.FirstPersonExampleMap (0.023604s)
[2018.09.12-14.31.11:094][127]LogInit: XAudio2 using 'Haut-parleurs (Realtek(R) Audio)' : 2 channels at 48 kHz using 32 bits per sample (channel mask 0x3)
[2018.09.12-14.31.11:124][127]LogInit: FAudioDevice initialized.
[2018.09.12-14.31.11:166][127]LogLoad: Game class is 'FirstPersonGameMode_C'
[2018.09.12-14.31.11:171][127]LogWorld: Bringing World /Game/FirstPersonBP/Maps/UEDPIE_0_FirstPersonExampleMap.FirstPersonExampleMap up for play (max tick rate 0) at 2018.09.12-10.31.11
[2018.09.12-14.31.11:172][127]LogWorld: Bringing up level for play took: 0.003663
[2018.09.12-14.31.11:187][127]LogGameMode: FindPlayerStart: PATHS NOT DEFINED or NO PLAYERSTART with positive rating
[2018.09.12-14.31.11:194][127]LogContentBrowser: Native class hierarchy updated for 'MovieSceneCapture' in 0.0003 seconds. Added 10 classes and 0 folders.
[2018.09.12-14.31.11:194][127]PIE: Play in editor start time for /Game/FirstPersonBP/Maps/UEDPIE_0_FirstPersonExampleMap -0,695
[2018.09.12-14.31.11:194][127]LogBlueprintUserMessages: Late PlayInEditor Detection: Level '/Game/FirstPersonBP/Maps/FirstPersonExampleMap.FirstPersonExampleMap:PersistentLevel' has LevelScriptBlueprint '/Game/FirstPersonBP/Maps/FirstPersonExampleMap.FirstPersonExampleMap:PersistentLevel.FirstPersonExampleMap' with GeneratedClass '/Game/FirstPersonBP/Maps/FirstPersonExampleMap.FirstPersonExampleMap_C' with ClassGeneratedBy '/Game/FirstPersonBP/Maps/FirstPersonExampleMap.FirstPersonExampleMap:PersistentLevel.FirstPersonExampleMap'
[2018.09.12-14.32.09:429][798]LogBlueprintUserMessages: Early EndPlayMap Detection: Level '/Game/FirstPersonBP/Maps/FirstPersonExampleMap.FirstPersonExampleMap:PersistentLevel' has LevelScriptBlueprint '/Game/FirstPersonBP/Maps/FirstPersonExampleMap.FirstPersonExampleMap:PersistentLevel.FirstPersonExampleMap' with GeneratedClass '/Game/FirstPersonBP/Maps/FirstPersonExampleMap.FirstPersonExampleMap_C' with ClassGeneratedBy '/Game/FirstPersonBP/Maps/FirstPersonExampleMap.FirstPersonExampleMap:PersistentLevel.FirstPersonExampleMap'
[2018.09.12-14.32.09:429][798]LogSlate: Updating window title bar state: overlay mode, drag disabled, window buttons hidden, title bar hidden
[2018.09.12-14.32.09:468][798]LogPlayLevel: Display: Shutting down PIE online subsystems
[2018.09.12-14.32.09:469][798]LogBlueprintUserMessages: Late EndPlayMap Detection: Level '/Game/FirstPersonBP/Maps/FirstPersonExampleMap.FirstPersonExampleMap:PersistentLevel' has LevelScriptBlueprint '/Game/FirstPersonBP/Maps/FirstPersonExampleMap.FirstPersonExampleMap:PersistentLevel.FirstPersonExampleMap' with GeneratedClass '/Game/FirstPersonBP/Maps/FirstPersonExampleMap.FirstPersonExampleMap_C' with ClassGeneratedBy '/Game/FirstPersonBP/Maps/FirstPersonExampleMap.FirstPersonExampleMap:PersistentLevel.FirstPersonExampleMap'
[2018.09.12-14.32.09:492][798]LogSlate: Updating window title bar state: overlay mode, drag disabled, window buttons hidden, title bar hidden
[2018.09.12-14.32.09:529][800]LogPlayLevel: Display: Destroying online subsystem :Context_4
[2018.09.12-14.32.11:435][ 18]LogEditorViewport: Clicking on Actor (LMB): StaticMeshActor (Mur2)
[2018.09.12-14.32.12:570][145]LogSlate: FSceneViewport::OnFocusLost() reason 0
[2018.09.12-14.32.27:817][622]Cmd: TRANSACTION UNDO
[2018.09.12-14.32.27:817][622]LogEditorTransaction: Undo Replace component used material
[2018.09.12-14.32.31:770][995]LogEditorViewport: Clicking on Actor (LMB): StaticMeshActor (Mur1)
[2018.09.12-14.32.32:627][ 87]LogEditorViewport: Clicking on Actor (LMB): StaticMeshActor (Mur1)
[2018.09.12-14.32.33:159][147]LogEditorViewport: Clicking on Actor (LMB): StaticMeshActor (Mur1)
[2018.09.12-14.32.36:917][560]LogSlate: FSceneViewport::OnFocusLost() reason 0
[2018.09.12-14.33.52:107][251]LogSlate: FSceneViewport::OnFocusLost() reason 0
[2018.09.12-14.34.02:700][353]LogEditorViewport: Clicking on Actor (LMB): BP_Sky_Sphere_C (SkySphereBlueprint)
[2018.09.12-14.34.05:465][656]LogEditorViewport: Clicking on Actor (LMB): StaticMeshActor (Mur1)
[2018.09.12-14.34.07:091][842]LogEditorViewport: Clicking on Actor (LMB): StaticMeshActor (Mur2)
[2018.09.12-14.34.12:716][479]LogEditorViewport: Clicking on Actor (LMB): StaticMeshActor (Mur1)
[2018.09.12-14.34.14:816][718]LogEditorViewport: Clicking on Actor (LMB): StaticMeshActor (Mur2)
[2018.09.12-14.34.15:688][810]LogSlate: FSceneViewport::OnFocusLost() reason 0
[2018.09.12-14.34.25:643][998]LogEditorViewport: Clicking on Actor (LMB): StaticMeshActor (Mur4)
[2018.09.12-14.34.26:736][119]LogEditorViewport: Clicking on Actor (LMB): StaticMeshActor (Mur1)
[2018.09.12-14.34.30:280][536]LogEditorViewport: Clicking on Actor (LMB): StaticMeshActor (Mur2)
[2018.09.12-14.34.31:231][640]LogEditorViewport: Clicking on Actor (LMB): StaticMeshActor (Mur1)
[2018.09.12-14.34.32:677][804]LogEditorViewport: Clicking on Actor (LMB): StaticMeshActor (Mur2)
[2018.09.12-14.34.34:783][ 38]LogEditorViewport: Clicking on Actor (LMB): StaticMeshActor (Mur1)
[2018.09.12-14.34.35:724][144]LogEditorViewport: Clicking on Actor (LMB): StaticMeshActor (Mur2)
[2018.09.12-14.34.36:485][215]LogSlate: FSceneViewport::OnFocusLost() reason 0
[2018.09.12-14.34.46:058][270]LogEditorViewport: Clicking on Actor (LMB): StaticMeshActor (Mur1)
[2018.09.12-14.34.47:723][462]LogEditorViewport: Clicking on Actor (LMB): StaticMeshActor (Mur2)
[2018.09.12-14.34.48:819][587]Cmd: TRANSACTION UNDO
[2018.09.12-14.34.48:819][587]LogEditorTransaction: Undo Clicking on Actors
[2018.09.12-14.34.50:714][789]LogEditorViewport: Clicking on Actor (LMB): StaticMeshActor (Mur2)
[2018.09.12-14.34.56:915][416]LogEditorViewport: Clicking on Actor (LMB): StaticMeshActor (Mur1)
[2018.09.12-14.34.58:340][580]LogEditorViewport: Clicking on Actor (LMB): StaticMeshActor (Mur2)
[2018.09.12-14.35.00:615][839]LogEditorViewport: Clicking on Actor (LMB): StaticMeshActor (Mur1)
[2018.09.12-14.35.01:782][971]LogEditorViewport: Clicking on Actor (LMB): StaticMeshActor (Mur2)
[2018.09.12-14.35.03:040][105]LogSlate: FSceneViewport::OnFocusLost() reason 0
[2018.09.12-14.35.06:166][469]LogEditorViewport: Clicking on Actor (LMB): BP_Sky_Sphere_C (SkySphereBlueprint)
[2018.09.12-14.35.22:671][ 90]LogEditorViewport: Clicking on Actor (LMB): BP_Sky_Sphere_C (SkySphereBlueprint)
[2018.09.12-14.35.27:457][556]LogEditorViewport: Clicking on Actor (LMB): StaticMeshActor (Plafond1)
[2018.09.12-14.35.29:247][731]LogSlate: FSceneViewport::OnFocusLost() reason 0
[2018.09.12-14.35.30:133][755]LogRenderer: Reallocating scene render targets to support 964x440 Format 10 NumSamples 1 (Frame:4666).
[2018.09.12-14.35.30:179][756]LogRenderer: Reallocating scene render targets to support 964x448 Format 10 NumSamples 1 (Frame:4668).
[2018.09.12-14.35.30:229][757]LogRenderer: Reallocating scene render targets to support 964x456 Format 10 NumSamples 1 (Frame:4670).
[2018.09.12-14.35.30:278][758]LogRenderer: Reallocating scene render targets to support 964x468 Format 10 NumSamples 1 (Frame:4672).
[2018.09.12-14.35.30:328][759]LogRenderer: Reallocating scene render targets to support 964x480 Format 10 NumSamples 1 (Frame:4674).
[2018.09.12-14.35.30:379][760]LogRenderer: Reallocating scene render targets to support 964x484 Format 10 NumSamples 1 (Frame:4676).
[2018.09.12-14.35.37:240][513]LogSlate: FSceneViewport::OnFocusLost() reason 0
[2018.09.12-14.35.42:128][ 36]LogEditorViewport: Clicking on Actor (LMB): BP_Sky_Sphere_C (SkySphereBlueprint)
[2018.09.12-14.35.43:053][141]LogEditorViewport: Clicking on Actor (LMB): StaticMeshActor (Sol1)
[2018.09.12-14.35.44:964][361]LogEditorViewport: Clicking on Actor (LMB): StaticMeshActor (Plafond1)
[2018.09.12-14.35.47:384][645]LogEditorViewport: Clicking on Actor (LMB): StaticMeshActor (Sol1)
[2018.09.12-14.35.48:545][767]LogSlate: FSceneViewport::OnFocusLost() reason 0
[2018.09.12-14.35.50:713][ 22]LogEditorViewport: Clicking on Actor (LMB): BP_Sky_Sphere_C (SkySphereBlueprint)
[2018.09.12-14.35.51:258][ 78]LogSlate: FSceneViewport::OnFocusLost() reason 0
[2018.09.12-14.35.51:328][ 86]LogTemp: Repeating last play command: Selected Viewport
[2018.09.12-14.35.51:343][ 86]LogBlueprintUserMessages: Early PlayInEditor Detection: Level '/Game/FirstPersonBP/Maps/FirstPersonExampleMap.FirstPersonExampleMap:PersistentLevel' has LevelScriptBlueprint '/Game/FirstPersonBP/Maps/FirstPersonExampleMap.FirstPersonExampleMap:PersistentLevel.FirstPersonExampleMap' with GeneratedClass '/Game/FirstPersonBP/Maps/FirstPersonExampleMap.FirstPersonExampleMap_C' with ClassGeneratedBy '/Game/FirstPersonBP/Maps/FirstPersonExampleMap.FirstPersonExampleMap:PersistentLevel.FirstPersonExampleMap'
[2018.09.12-14.35.51:343][ 86]LogPlayLevel: PlayLevel: No blueprints needed recompiling
[2018.09.12-14.35.51:343][ 86]PIE: New page: PIE session: FirstPersonExampleMap (12 sept. 2018 06:35:51)
[2018.09.12-14.35.51:344][ 86]LogPlayLevel: Creating play world package: /Game/FirstPersonBP/Maps/UEDPIE_0_FirstPersonExampleMap
[2018.09.12-14.35.51:358][ 86]LogPlayLevel: PIE: StaticDuplicateObject took: (0.014188s)
[2018.09.12-14.35.51:358][ 86]LogAIModule: Creating AISystem for world FirstPersonExampleMap
[2018.09.12-14.35.51:359][ 86]LogPlayLevel: PIE: World Init took: (0.000723s)
[2018.09.12-14.35.51:359][ 86]LogPlayLevel: PIE: Created PIE world by copying editor world from /Game/FirstPersonBP/Maps/FirstPersonExampleMap.FirstPersonExampleMap to /Game/FirstPersonBP/Maps/UEDPIE_0_FirstPersonExampleMap.FirstPersonExampleMap (0.015044s)
[2018.09.12-14.35.51:384][ 86]LogInit: XAudio2 using 'Haut-parleurs (Realtek(R) Audio)' : 2 channels at 48 kHz using 32 bits per sample (channel mask 0x3)
[2018.09.12-14.35.51:415][ 86]LogInit: FAudioDevice initialized.
[2018.09.12-14.35.51:444][ 86]LogLoad: Game class is 'FirstPersonGameMode_C'
[2018.09.12-14.35.51:447][ 86]LogWorld: Bringing World /Game/FirstPersonBP/Maps/UEDPIE_0_FirstPersonExampleMap.FirstPersonExampleMap up for play (max tick rate 0) at 2018.09.12-10.35.51
[2018.09.12-14.35.51:448][ 86]LogWorld: Bringing up level for play took: 0.002602
[2018.09.12-14.35.51:460][ 86]LogGameMode: FindPlayerStart: PATHS NOT DEFINED or NO PLAYERSTART with positive rating
[2018.09.12-14.35.51:460][ 86]PIE: Play in editor start time for /Game/FirstPersonBP/Maps/UEDPIE_0_FirstPersonExampleMap -0,429
[2018.09.12-14.35.51:460][ 86]LogBlueprintUserMessages: Late PlayInEditor Detection: Level '/Game/FirstPersonBP/Maps/FirstPersonExampleMap.FirstPersonExampleMap:PersistentLevel' has LevelScriptBlueprint '/Game/FirstPersonBP/Maps/FirstPersonExampleMap.FirstPersonExampleMap:PersistentLevel.FirstPersonExampleMap' with GeneratedClass '/Game/FirstPersonBP/Maps/FirstPersonExampleMap.FirstPersonExampleMap_C' with ClassGeneratedBy '/Game/FirstPersonBP/Maps/FirstPersonExampleMap.FirstPersonExampleMap:PersistentLevel.FirstPersonExampleMap'
[2018.09.12-14.35.57:113][678]LogBlueprintUserMessages: Early EndPlayMap Detection: Level '/Game/FirstPersonBP/Maps/FirstPersonExampleMap.FirstPersonExampleMap:PersistentLevel' has LevelScriptBlueprint '/Game/FirstPersonBP/Maps/FirstPersonExampleMap.FirstPersonExampleMap:PersistentLevel.FirstPersonExampleMap' with GeneratedClass '/Game/FirstPersonBP/Maps/FirstPersonExampleMap.FirstPersonExampleMap_C' with ClassGeneratedBy '/Game/FirstPersonBP/Maps/FirstPersonExampleMap.FirstPersonExampleMap:PersistentLevel.FirstPersonExampleMap'
[2018.09.12-14.35.57:114][678]LogSlate: Updating window title bar state: overlay mode, drag disabled, window buttons hidden, title bar hidden
[2018.09.12-14.35.57:155][678]LogPlayLevel: Display: Shutting down PIE online subsystems
[2018.09.12-14.35.57:155][678]LogBlueprintUserMessages: Late EndPlayMap Detection: Level '/Game/FirstPersonBP/Maps/FirstPersonExampleMap.FirstPersonExampleMap:PersistentLevel' has LevelScriptBlueprint '/Game/FirstPersonBP/Maps/FirstPersonExampleMap.FirstPersonExampleMap:PersistentLevel.FirstPersonExampleMap' with GeneratedClass '/Game/FirstPersonBP/Maps/FirstPersonExampleMap.FirstPersonExampleMap_C' with ClassGeneratedBy '/Game/FirstPersonBP/Maps/FirstPersonExampleMap.FirstPersonExampleMap:PersistentLevel.FirstPersonExampleMap'
[2018.09.12-14.35.57:176][678]LogSlate: Updating window title bar state: overlay mode, drag disabled, window buttons hidden, title bar hidden
[2018.09.12-14.35.57:220][680]LogPlayLevel: Display: Destroying online subsystem :Context_5
[2018.09.12-14.36.04:019][401]LogEditorViewport: Clicking on Actor (LMB): StaticMeshActor (Plafond1)
[2018.09.12-14.36.10:812][118]LogSlate: FSceneViewport::OnFocusLost() reason 0
[2018.09.12-14.36.12:968][313]LogRenderer: Reallocating scene render targets to support 972x484 Format 10 NumSamples 1 (Frame:5766).
[2018.09.12-14.36.13:024][314]LogRenderer: Reallocating scene render targets to support 988x484 Format 10 NumSamples 1 (Frame:5768).
[2018.09.12-14.36.13:078][315]LogRenderer: Reallocating scene render targets to support 996x484 Format 10 NumSamples 1 (Frame:5770).
[2018.09.12-14.36.17:508][735]LogSlate: FSceneViewport::OnFocusLost() reason 0
[2018.09.12-14.36.23:739][407]LogEditorViewport: Clicking on Actor (LMB): StaticMeshActor (Sol1)
[2018.09.12-14.36.25:021][547]LogSlate: FSceneViewport::OnFocusLost() reason 0
[2018.09.12-14.36.27:638][849]LogTemp: Repeating last play command: Selected Viewport
[2018.09.12-14.36.27:653][849]LogBlueprintUserMessages: Early PlayInEditor Detection: Level '/Game/FirstPersonBP/Maps/FirstPersonExampleMap.FirstPersonExampleMap:PersistentLevel' has LevelScriptBlueprint '/Game/FirstPersonBP/Maps/FirstPersonExampleMap.FirstPersonExampleMap:PersistentLevel.FirstPersonExampleMap' with GeneratedClass '/Game/FirstPersonBP/Maps/FirstPersonExampleMap.FirstPersonExampleMap_C' with ClassGeneratedBy '/Game/FirstPersonBP/Maps/FirstPersonExampleMap.FirstPersonExampleMap:PersistentLevel.FirstPersonExampleMap'
[2018.09.12-14.36.27:653][849]LogPlayLevel: PlayLevel: No blueprints needed recompiling
[2018.09.12-14.36.27:654][849]PIE: New page: PIE session: FirstPersonExampleMap (12 sept. 2018 06:36:27)
[2018.09.12-14.36.27:654][849]LogPlayLevel: Creating play world package: /Game/FirstPersonBP/Maps/UEDPIE_0_FirstPersonExampleMap
[2018.09.12-14.36.27:667][849]LogPlayLevel: PIE: StaticDuplicateObject took: (0.013578s)
[2018.09.12-14.36.27:668][849]LogAIModule: Creating AISystem for world FirstPersonExampleMap
[2018.09.12-14.36.27:668][849]LogPlayLevel: PIE: World Init took: (0.000740s)
[2018.09.12-14.36.27:668][849]LogPlayLevel: PIE: Created PIE world by copying editor world from /Game/FirstPersonBP/Maps/FirstPersonExampleMap.FirstPersonExampleMap to /Game/FirstPersonBP/Maps/UEDPIE_0_FirstPersonExampleMap.FirstPersonExampleMap (0.014453s)
[2018.09.12-14.36.27:693][849]LogInit: XAudio2 using 'Haut-parleurs (Realtek(R) Audio)' : 2 channels at 48 kHz using 32 bits per sample (channel mask 0x3)
[2018.09.12-14.36.27:723][849]LogInit: FAudioDevice initialized.
[2018.09.12-14.36.27:754][849]LogLoad: Game class is 'FirstPersonGameMode_C'
[2018.09.12-14.36.27:757][849]LogWorld: Bringing World /Game/FirstPersonBP/Maps/UEDPIE_0_FirstPersonExampleMap.FirstPersonExampleMap up for play (max tick rate 0) at 2018.09.12-10.36.27
[2018.09.12-14.36.27:757][849]LogWorld: Bringing up level for play took: 0.002542
[2018.09.12-14.36.27:769][849]LogGameMode: FindPlayerStart: PATHS NOT DEFINED or NO PLAYERSTART with positive rating
[2018.09.12-14.36.27:770][849]PIE: Play in editor start time for /Game/FirstPersonBP/Maps/UEDPIE_0_FirstPersonExampleMap -0,12
[2018.09.12-14.36.27:770][849]LogBlueprintUserMessages: Late PlayInEditor Detection: Level '/Game/FirstPersonBP/Maps/FirstPersonExampleMap.FirstPersonExampleMap:PersistentLevel' has LevelScriptBlueprint '/Game/FirstPersonBP/Maps/FirstPersonExampleMap.FirstPersonExampleMap:PersistentLevel.FirstPersonExampleMap' with GeneratedClass '/Game/FirstPersonBP/Maps/FirstPersonExampleMap.FirstPersonExampleMap_C' with ClassGeneratedBy '/Game/FirstPersonBP/Maps/FirstPersonExampleMap.FirstPersonExampleMap:PersistentLevel.FirstPersonExampleMap'
[2018.09.12-14.36.32:348][334]LogBlueprintUserMessages: Early EndPlayMap Detection: Level '/Game/FirstPersonBP/Maps/FirstPersonExampleMap.FirstPersonExampleMap:PersistentLevel' has LevelScriptBlueprint '/Game/FirstPersonBP/Maps/FirstPersonExampleMap.FirstPersonExampleMap:PersistentLevel.FirstPersonExampleMap' with GeneratedClass '/Game/FirstPersonBP/Maps/FirstPersonExampleMap.FirstPersonExampleMap_C' with ClassGeneratedBy '/Game/FirstPersonBP/Maps/FirstPersonExampleMap.FirstPersonExampleMap:PersistentLevel.FirstPersonExampleMap'
[2018.09.12-14.36.32:348][334]LogSlate: Updating window title bar state: overlay mode, drag disabled, window buttons hidden, title bar hidden
[2018.09.12-14.36.32:387][334]LogPlayLevel: Display: Shutting down PIE online subsystems
[2018.09.12-14.36.32:387][334]LogBlueprintUserMessages: Late EndPlayMap Detection: Level '/Game/FirstPersonBP/Maps/FirstPersonExampleMap.FirstPersonExampleMap:PersistentLevel' has LevelScriptBlueprint '/Game/FirstPersonBP/Maps/FirstPersonExampleMap.FirstPersonExampleMap:PersistentLevel.FirstPersonExampleMap' with GeneratedClass '/Game/FirstPersonBP/Maps/FirstPersonExampleMap.FirstPersonExampleMap_C' with ClassGeneratedBy '/Game/FirstPersonBP/Maps/FirstPersonExampleMap.FirstPersonExampleMap:PersistentLevel.FirstPersonExampleMap'
[2018.09.12-14.36.32:411][334]LogSlate: Updating window title bar state: overlay mode, drag disabled, window buttons hidden, title bar hidden
[2018.09.12-14.36.32:451][336]LogPlayLevel: Display: Destroying online subsystem :Context_6
[2018.09.12-14.36.44:140][534]LogEditorViewport: Clicking on Actor (LMB): StaticMeshActor (Plafond1)
[2018.09.12-14.36.45:973][737]LogSlate: FSceneViewport::OnFocusLost() reason 0
[2018.09.12-14.36.49:818][180]LogEditorViewport: Clicking on Actor (LMB): BP_Sky_Sphere_C (SkySphereBlueprint)
[2018.09.12-14.36.50:785][286]LogSlate: FSceneViewport::OnFocusLost() reason 0
[2018.09.12-14.36.50:863][295]LogTemp: Repeating last play command: Selected Viewport
[2018.09.12-14.36.50:879][295]LogBlueprintUserMessages: Early PlayInEditor Detection: Level '/Game/FirstPersonBP/Maps/FirstPersonExampleMap.FirstPersonExampleMap:PersistentLevel' has LevelScriptBlueprint '/Game/FirstPersonBP/Maps/FirstPersonExampleMap.FirstPersonExampleMap:PersistentLevel.FirstPersonExampleMap' with GeneratedClass '/Game/FirstPersonBP/Maps/FirstPersonExampleMap.FirstPersonExampleMap_C' with ClassGeneratedBy '/Game/FirstPersonBP/Maps/FirstPersonExampleMap.FirstPersonExampleMap:PersistentLevel.FirstPersonExampleMap'
[2018.09.12-14.36.50:879][295]LogPlayLevel: PlayLevel: No blueprints needed recompiling
[2018.09.12-14.36.50:879][295]PIE: New page: PIE session: FirstPersonExampleMap (12 sept. 2018 06:36:50)
[2018.09.12-14.36.50:879][295]LogPlayLevel: Creating play world package: /Game/FirstPersonBP/Maps/UEDPIE_0_FirstPersonExampleMap
[2018.09.12-14.36.50:893][295]LogPlayLevel: PIE: StaticDuplicateObject took: (0.014190s)
[2018.09.12-14.36.50:894][295]LogAIModule: Creating AISystem for world FirstPersonExampleMap
[2018.09.12-14.36.50:894][295]LogPlayLevel: PIE: World Init took: (0.000732s)
[2018.09.12-14.36.50:894][295]LogPlayLevel: PIE: Created PIE world by copying editor world from /Game/FirstPersonBP/Maps/FirstPersonExampleMap.FirstPersonExampleMap to /Game/FirstPersonBP/Maps/UEDPIE_0_FirstPersonExampleMap.FirstPersonExampleMap (0.015122s)
[2018.09.12-14.36.50:919][295]LogInit: XAudio2 using 'Haut-parleurs (Realtek(R) Audio)' : 2 channels at 48 kHz using 32 bits per sample (channel mask 0x3)
[2018.09.12-14.36.50:949][295]LogInit: FAudioDevice initialized.
[2018.09.12-14.36.50:981][295]LogLoad: Game class is 'FirstPersonGameMode_C'
[2018.09.12-14.36.50:984][295]LogWorld: Bringing World /Game/FirstPersonBP/Maps/UEDPIE_0_FirstPersonExampleMap.FirstPersonExampleMap up for play (max tick rate 0) at 2018.09.12-10.36.50
[2018.09.12-14.36.50:984][295]LogWorld: Bringing up level for play took: 0.002439
[2018.09.12-14.36.50:997][295]LogGameMode: FindPlayerStart: PATHS NOT DEFINED or NO PLAYERSTART with positive rating
[2018.09.12-14.36.50:997][295]PIE: Play in editor start time for /Game/FirstPersonBP/Maps/UEDPIE_0_FirstPersonExampleMap 1,108
[2018.09.12-14.36.50:997][295]LogBlueprintUserMessages: Late PlayInEditor Detection: Level '/Game/FirstPersonBP/Maps/FirstPersonExampleMap.FirstPersonExampleMap:PersistentLevel' has LevelScriptBlueprint '/Game/FirstPersonBP/Maps/FirstPersonExampleMap.FirstPersonExampleMap:PersistentLevel.FirstPersonExampleMap' with GeneratedClass '/Game/FirstPersonBP/Maps/FirstPersonExampleMap.FirstPersonExampleMap_C' with ClassGeneratedBy '/Game/FirstPersonBP/Maps/FirstPersonExampleMap.FirstPersonExampleMap:PersistentLevel.FirstPersonExampleMap'
[2018.09.12-14.36.53:595][567]LogBlueprintUserMessages: Early EndPlayMap Detection: Level '/Game/FirstPersonBP/Maps/FirstPersonExampleMap.FirstPersonExampleMap:PersistentLevel' has LevelScriptBlueprint '/Game/FirstPersonBP/Maps/FirstPersonExampleMap.FirstPersonExampleMap:PersistentLevel.FirstPersonExampleMap' with GeneratedClass '/Game/FirstPersonBP/Maps/FirstPersonExampleMap.FirstPersonExampleMap_C' with ClassGeneratedBy '/Game/FirstPersonBP/Maps/FirstPersonExampleMap.FirstPersonExampleMap:PersistentLevel.FirstPersonExampleMap'
[2018.09.12-14.36.53:595][567]LogSlate: Updating window title bar state: overlay mode, drag disabled, window buttons hidden, title bar hidden
[2018.09.12-14.36.53:630][567]LogPlayLevel: Display: Shutting down PIE online subsystems
[2018.09.12-14.36.53:631][567]LogBlueprintUserMessages: Late EndPlayMap Detection: Level '/Game/FirstPersonBP/Maps/FirstPersonExampleMap.FirstPersonExampleMap:PersistentLevel' has LevelScriptBlueprint '/Game/FirstPersonBP/Maps/FirstPersonExampleMap.FirstPersonExampleMap:PersistentLevel.FirstPersonExampleMap' with GeneratedClass '/Game/FirstPersonBP/Maps/FirstPersonExampleMap.FirstPersonExampleMap_C' with ClassGeneratedBy '/Game/FirstPersonBP/Maps/FirstPersonExampleMap.FirstPersonExampleMap:PersistentLevel.FirstPersonExampleMap'
[2018.09.12-14.36.53:655][567]LogSlate: Updating window title bar state: overlay mode, drag disabled, window buttons hidden, title bar hidden
[2018.09.12-14.36.53:696][569]LogPlayLevel: Display: Destroying online subsystem :Context_7
[2018.09.12-14.36.56:750][896]Cmd: TRANSACTION UNDO
[2018.09.12-14.36.56:750][896]LogEditorTransaction: Undo Clicking on Actors
[2018.09.12-14.36.57:359][951]Cmd: TRANSACTION UNDO
[2018.09.12-14.36.57:359][951]LogEditorTransaction: Undo Move Actors
[2018.09.12-14.37.14:890][960]LogEditorViewport: Clicking on Actor (LMB): StaticMeshActor (Mur1)
[2018.09.12-14.37.20:034][463]LogEditorViewport: Clicking on Actor (LMB): StaticMeshActor (Mur2)
[2018.09.12-14.37.23:562][825]LogEditorViewport: Clicking on Actor (LMB): StaticMeshActor (Mur1)
[2018.09.12-14.37.28:630][311]LogEditorViewport: Clicking on Actor (LMB): StaticMeshActor (Mur4)
[2018.09.12-14.37.31:395][571]LogEditorViewport: Clicking on Actor (LMB): BP_Sky_Sphere_C (SkySphereBlueprint)
[2018.09.12-14.37.35:195][989]LogEditorViewport: Clicking on Actor (LMB): StaticMeshActor (Mur4)
[2018.09.12-14.37.41:567][682]LogSlate: FSceneViewport::OnFocusLost() reason 0
[2018.09.12-14.37.44:666][  7]Cmd: TRANSACTION UNDO
[2018.09.12-14.37.44:666][  7]LogEditorTransaction: Undo Scale Actors
[2018.09.12-14.37.48:546][353]LogSlate: FSceneViewport::OnFocusLost() reason 0
[2018.09.12-14.38.01:993][742]LogSlate: FSceneViewport::OnFocusLost() reason 0
[2018.09.12-14.38.13:933][954]LogSlate: FSceneViewport::OnFocusLost() reason 0
[2018.09.12-14.38.18:813][524]LogEditorViewport: Clicking on Actor (LMB): BP_Sky_Sphere_C (SkySphereBlueprint)
[2018.09.12-14.38.32:405][776]LogEditorViewport: Clicking on Actor (LMB): StaticMeshActor (Sol1)
[2018.09.12-14.38.37:865][365]LogEditorViewport: Clicking on Actor (LMB): BP_Sky_Sphere_C (SkySphereBlueprint)
[2018.09.12-14.38.38:154][394]LogEditorViewport: Clicking on Component (LMB): StaticMeshComponent (Sky Sphere mesh)
[2018.09.12-14.38.40:552][622]LogEditorViewport: Clicking on Actor (LMB): StaticMeshActor (Mur2)
[2018.09.12-14.38.41:767][759]LogSlate: FSceneViewport::OnFocusLost() reason 0
[2018.09.12-14.38.48:891][561]LogSlate: FSceneViewport::OnFocusLost() reason 0
[2018.09.12-14.38.59:851][581]LogSlate: FSceneViewport::OnFocusLost() reason 0
[2018.09.12-14.39.02:926][932]LogEditorViewport: Clicking on Actor (LMB): StaticMeshActor (Mur4)
[2018.09.12-14.39.07:462][458]LogSlate: FSceneViewport::OnFocusLost() reason 0
[2018.09.12-14.39.33:159][290]LogSlate: FSceneViewport::OnFocusLost() reason 0
[2018.09.12-14.39.42:020][206]LogSlate: FSceneViewport::OnFocusLost() reason 0
[2018.09.12-14.40.09:549][310]LogEditorViewport: Clicking on Actor (LMB): BP_Sky_Sphere_C (SkySphereBlueprint)
[2018.09.12-14.40.23:594][913]LogSlate: FSceneViewport::OnFocusLost() reason 2
[2018.09.12-14.40.23:836][913]LogSavePackage: Moving '../../../../../../Users/Vincent/Desktop/Cours/Mondes virtuels/projet-unreal-2018-VinSey1/Saved/FirstPersonExampleMapAB199CA04E4F7706A82D8898C13BCC42.tmp' to '../../../../../../Users/Vincent/Desktop/Cours/Mondes virtuels/projet-unreal-2018-VinSey1/Content/FirstPersonBP/Maps/FirstPersonExampleMap.umap'
[2018.09.12-14.40.24:063][913]LogSavePackage: Moving '../../../../../../Users/Vincent/Desktop/Cours/Mondes virtuels/projet-unreal-2018-VinSey1/Saved/FirstPersonExampleMap_BuiltData8D810D6A4437973C8925EFB807CE1415.tmp' to '../../../../../../Users/Vincent/Desktop/Cours/Mondes virtuels/projet-unreal-2018-VinSey1/Content/FirstPersonBP/Maps/FirstPersonExampleMap_BuiltData.uasset'
